[ 2016-07-14T18:12:02+08:00 ] ::1 /ct/
INFO: [ app_init ] --START--
INFO: Run Behavior\BuildLiteBehavior [ RunTime:0.000039s ]
INFO: [ app_init ] --END-- [ RunTime:0.038975s ]
INFO: [ app_begin ] --START--
INFO: Run Behavior\ReadHtmlCacheBehavior [ RunTime:0.005773s ]
INFO: [ app_begin ] --END-- [ RunTime:0.005942s ]
SQL: SHOW COLUMNS FROM `case` [ RunTime:0.1853s ]
SQL: SELECT * FROM `case` ORDER BY time DESC LIMIT 4   [ RunTime:0.0156s ]
SQL: SHOW COLUMNS FROM `images` [ RunTime:0.0336s ]
SQL: SELECT * FROM `images`  [ RunTime:0.0003s ]
SQL: SHOW COLUMNS FROM `active` [ RunTime:0.0382s ]
SQL: SELECT * FROM `active` ORDER BY time DESC LIMIT 7   [ RunTime:0.0003s ]
SQL: SHOW COLUMNS FROM `project` [ RunTime:0.1436s ]
SQL: SELECT * FROM `project` WHERE ( status='否' ) ORDER BY time DESC LIMIT 6   [ RunTime:0.1583s ]
SQL: SHOW COLUMNS FROM `pro_images` [ RunTime:0.0461s ]
SQL: SELECT * FROM `pro_images`  [ RunTime:0.0003s ]
SQL: SELECT * FROM `project` WHERE ( status='是' ) ORDER BY time DESC LIMIT 1   [ RunTime:0.0003s ]
INFO: [ view_parse ] --START--
INFO: [ template_filter ] --START--
INFO: Run Behavior\ContentReplaceBehavior [ RunTime:0.064791s ]
INFO: [ template_filter ] --END-- [ RunTime:0.064946s ]
SQL: SHOW COLUMNS FROM `category` [ RunTime:0.5706s ]
SQL: SELECT * FROM `category` LIMIT 4   [ RunTime:0.0003s ]
INFO: Run Behavior\ParseTemplateBehavior [ RunTime:0.812462s ]
INFO: [ view_parse ] --END-- [ RunTime:0.812632s ]
INFO: [ view_filter ] --START--
INFO: Run Behavior\WriteHtmlCacheBehavior [ RunTime:0.184417s ]
INFO: [ view_filter ] --END-- [ RunTime:0.184845s ]
INFO: [ app_end ] --START--
INFO: Run Behavior\ShowPageTraceBehavior [ RunTime:0.232008s ]
INFO: [ app_end ] --END-- [ RunTime:0.232382s ]

[ 2016-07-14T18:12:45+08:00 ] ::1 /ct/index.php/Home/Index/img/id/16.html
INFO: [ app_init ] --START--
INFO: Run Behavior\BuildLiteBehavior [ RunTime:0.000066s ]
INFO: [ app_init ] --END-- [ RunTime:0.000921s ]
INFO: [ app_begin ] --START--
INFO: Run Behavior\ReadHtmlCacheBehavior [ RunTime:0.000910s ]
INFO: [ app_begin ] --END-- [ RunTime:0.001194s ]
SQL: SHOW COLUMNS FROM `project` [ RunTime:0.0064s ]
SQL: SELECT * FROM `project` WHERE `id` = 16 LIMIT 1   [ RunTime:0.0003s ]
SQL: SHOW COLUMNS FROM `pro_images` [ RunTime:0.0027s ]
SQL: SELECT * FROM `pro_images` WHERE ( pro_id=16 )  [ RunTime:0.0003s ]
INFO: [ view_parse ] --START--
INFO: [ template_filter ] --START--
INFO: Run Behavior\ContentReplaceBehavior [ RunTime:0.008767s ]
INFO: [ template_filter ] --END-- [ RunTime:0.008950s ]
SQL: SELECT * FROM `project` WHERE ( id>16 ) ORDER BY id ASC LIMIT 1   [ RunTime:0.0059s ]
SQL: SELECT * FROM `project` WHERE ( id<16 ) ORDER BY id DESC LIMIT 1   [ RunTime:0.0005s ]
SQL: SHOW COLUMNS FROM `category` [ RunTime:0.0044s ]
SQL: SELECT * FROM `category` LIMIT 4   [ RunTime:0.0003s ]
INFO: Run Behavior\ParseTemplateBehavior [ RunTime:0.145196s ]
INFO: [ view_parse ] --END-- [ RunTime:0.145337s ]
INFO: [ view_filter ] --START--
INFO: Run Behavior\WriteHtmlCacheBehavior [ RunTime:0.000404s ]
INFO: [ view_filter ] --END-- [ RunTime:0.000538s ]
INFO: [ app_end ] --START--
INFO: Run Behavior\ShowPageTraceBehavior [ RunTime:0.000886s ]
INFO: [ app_end ] --END-- [ RunTime:0.001039s ]

[ 2016-07-14T18:12:46+08:00 ] ::1 /ct/index.php/Home/Index/img/id/Js/jquery-1.4.2.min.js
INFO: [ app_init ] --START--
INFO: Run Behavior\BuildLiteBehavior [ RunTime:0.000036s ]
INFO: [ app_init ] --END-- [ RunTime:0.000499s ]
INFO: [ app_begin ] --START--
INFO: Run Behavior\ReadHtmlCacheBehavior [ RunTime:0.000576s ]
INFO: [ app_begin ] --END-- [ RunTime:0.000714s ]
SQL: SHOW COLUMNS FROM `project` [ RunTime:0.0026s ]
SQL: SELECT * FROM `project` WHERE `id` = 0 LIMIT 1   [ RunTime:0.0003s ]
SQL: SHOW COLUMNS FROM `pro_images` [ RunTime:0.0041s ]
ERR: 1054:Unknown column 'Js' in 'where clause'
 [ SQL语句 ] : SELECT * FROM `pro_images` WHERE ( pro_id=Js ) 
ERR: 1054:Unknown column 'Js' in 'where clause'
 [ SQL语句 ] : SELECT * FROM `pro_images` WHERE ( pro_id=Js ) 

[ 2016-07-14T18:12:50+08:00 ] ::1 /ct/index.php/Home/Index/comCas/id/60.html
INFO: [ app_init ] --START--
INFO: Run Behavior\BuildLiteBehavior [ RunTime:0.000026s ]
INFO: [ app_init ] --END-- [ RunTime:0.000490s ]
INFO: [ app_begin ] --START--
INFO: Run Behavior\ReadHtmlCacheBehavior [ RunTime:0.000367s ]
INFO: [ app_begin ] --END-- [ RunTime:0.000464s ]
SQL: SHOW COLUMNS FROM `case` [ RunTime:0.0057s ]
SQL: SELECT * FROM `case` WHERE `id` = 60 LIMIT 1   [ RunTime:0.0003s ]
SQL: SHOW COLUMNS FROM `images` [ RunTime:0.0028s ]
SQL: SELECT * FROM `images` WHERE ( case_id=60 )  [ RunTime:0.0003s ]
SQL: SHOW COLUMNS FROM `category` [ RunTime:0.0044s ]
SQL: SELECT * FROM `category`  [ RunTime:0.0002s ]
INFO: [ view_parse ] --START--
INFO: [ template_filter ] --START--
INFO: Run Behavior\ContentReplaceBehavior [ RunTime:0.000163s ]
INFO: [ template_filter ] --END-- [ RunTime:0.000297s ]
SQL: SELECT * FROM `category` LIMIT 4   [ RunTime:0.0003s ]
INFO: Run Behavior\ParseTemplateBehavior [ RunTime:0.028343s ]
INFO: [ view_parse ] --END-- [ RunTime:0.028475s ]
INFO: [ view_filter ] --START--
INFO: Run Behavior\WriteHtmlCacheBehavior [ RunTime:0.000438s ]
INFO: [ view_filter ] --END-- [ RunTime:0.000537s ]
INFO: [ app_end ] --START--
INFO: Run Behavior\ShowPageTraceBehavior [ RunTime:0.000564s ]
INFO: [ app_end ] --END-- [ RunTime:0.000669s ]

[ 2016-07-14T18:12:54+08:00 ] ::1 /ct/index.php/Home/Index/cas/un/6.html
INFO: [ app_init ] --START--
INFO: Run Behavior\BuildLiteBehavior [ RunTime:0.000024s ]
INFO: [ app_init ] --END-- [ RunTime:0.000402s ]
INFO: [ app_begin ] --START--
INFO: Run Behavior\ReadHtmlCacheBehavior [ RunTime:0.000355s ]
INFO: [ app_begin ] --END-- [ RunTime:0.000448s ]
SQL: SHOW COLUMNS FROM `category` [ RunTime:0.0024s ]
SQL: SELECT * FROM `category`  [ RunTime:0.0002s ]
SQL: SELECT * FROM `category` WHERE `id` = 6 LIMIT 1   [ RunTime:0.0002s ]
SQL: SHOW COLUMNS FROM `case` [ RunTime:0.0035s ]
SQL: SELECT * FROM `case` WHERE ( cat_id=6 ) ORDER BY time DESC  [ RunTime:0.0005s ]
SQL: SHOW COLUMNS FROM `images` [ RunTime:0.0061s ]
SQL: SELECT * FROM `images`  [ RunTime:0.0003s ]
INFO: [ view_parse ] --START--
INFO: [ template_filter ] --START--
INFO: Run Behavior\ContentReplaceBehavior [ RunTime:0.000112s ]
INFO: [ template_filter ] --END-- [ RunTime:0.000226s ]
SQL: SELECT * FROM `category` LIMIT 4   [ RunTime:0.0003s ]
INFO: Run Behavior\ParseTemplateBehavior [ RunTime:0.017886s ]
INFO: [ view_parse ] --END-- [ RunTime:0.018023s ]
INFO: [ view_filter ] --START--
INFO: Run Behavior\WriteHtmlCacheBehavior [ RunTime:0.000353s ]
INFO: [ view_filter ] --END-- [ RunTime:0.000453s ]
INFO: [ app_end ] --START--
INFO: Run Behavior\ShowPageTraceBehavior [ RunTime:0.000589s ]
INFO: [ app_end ] --END-- [ RunTime:0.000711s ]

[ 2016-07-14T18:12:56+08:00 ] ::1 /ct/index.php/Home/Index/cas/un/5.html
INFO: [ app_init ] --START--
INFO: Run Behavior\BuildLiteBehavior [ RunTime:0.000021s ]
INFO: [ app_init ] --END-- [ RunTime:0.000341s ]
INFO: [ app_begin ] --START--
INFO: Run Behavior\ReadHtmlCacheBehavior [ RunTime:0.000338s ]
INFO: [ app_begin ] --END-- [ RunTime:0.000442s ]
SQL: SHOW COLUMNS FROM `category` [ RunTime:0.0594s ]
SQL: SELECT * FROM `category`  [ RunTime:0.0003s ]
SQL: SELECT * FROM `category` WHERE `id` = 5 LIMIT 1   [ RunTime:0.0003s ]
SQL: SHOW COLUMNS FROM `case` [ RunTime:0.0341s ]
SQL: SELECT * FROM `case` WHERE ( cat_id=5 ) ORDER BY time DESC  [ RunTime:0.0004s ]
SQL: SHOW COLUMNS FROM `images` [ RunTime:0.1022s ]
SQL: SELECT * FROM `images`  [ RunTime:0.0003s ]
INFO: [ view_parse ] --START--
INFO: [ template_filter ] --START--
INFO: Run Behavior\ContentReplaceBehavior [ RunTime:0.000111s ]
INFO: [ template_filter ] --END-- [ RunTime:0.000221s ]
SQL: SELECT * FROM `category` LIMIT 4   [ RunTime:0.0003s ]
INFO: Run Behavior\ParseTemplateBehavior [ RunTime:0.011943s ]
INFO: [ view_parse ] --END-- [ RunTime:0.012060s ]
INFO: [ view_filter ] --START--
INFO: Run Behavior\WriteHtmlCacheBehavior [ RunTime:0.000416s ]
INFO: [ view_filter ] --END-- [ RunTime:0.000519s ]
INFO: [ app_end ] --START--
INFO: Run Behavior\ShowPageTraceBehavior [ RunTime:0.000878s ]
INFO: [ app_end ] --END-- [ RunTime:0.001071s ]

[ 2016-07-14T18:12:56+08:00 ] ::1 /ct/index.php/Home/Index/cas/un/8.html
INFO: [ app_init ] --START--
INFO: Run Behavior\BuildLiteBehavior [ RunTime:0.000047s ]
INFO: [ app_init ] --END-- [ RunTime:0.000868s ]
INFO: [ app_begin ] --START--
INFO: Run Behavior\ReadHtmlCacheBehavior [ RunTime:0.000804s ]
INFO: [ app_begin ] --END-- [ RunTime:0.001061s ]
SQL: SHOW COLUMNS FROM `category` [ RunTime:0.0049s ]
SQL: SELECT * FROM `category`  [ RunTime:0.0006s ]
SQL: SELECT * FROM `category` WHERE `id` = 8 LIMIT 1   [ RunTime:0.0004s ]
SQL: SHOW COLUMNS FROM `case` [ RunTime:0.0040s ]
SQL: SELECT * FROM `case` WHERE ( cat_id=8 ) ORDER BY time DESC  [ RunTime:0.0005s ]
SQL: SHOW COLUMNS FROM `images` [ RunTime:0.0044s ]
SQL: SELECT * FROM `images`  [ RunTime:0.0008s ]
INFO: [ view_parse ] --START--
INFO: [ template_filter ] --START--
INFO: Run Behavior\ContentReplaceBehavior [ RunTime:0.000243s ]
INFO: [ template_filter ] --END-- [ RunTime:0.000477s ]
SQL: SELECT * FROM `category` LIMIT 4   [ RunTime:0.0005s ]
INFO: Run Behavior\ParseTemplateBehavior [ RunTime:0.028672s ]
INFO: [ view_parse ] --END-- [ RunTime:0.029086s ]
INFO: [ view_filter ] --START--
INFO: Run Behavior\WriteHtmlCacheBehavior [ RunTime:0.000686s ]
INFO: [ view_filter ] --END-- [ RunTime:0.000861s ]
INFO: [ app_end ] --START--
INFO: Run Behavior\ShowPageTraceBehavior [ RunTime:0.000954s ]
INFO: [ app_end ] --END-- [ RunTime:0.001166s ]

[ 2016-07-14T18:12:57+08:00 ] ::1 /ct/index.php/Home/Index/cas/un/7.html
INFO: [ app_init ] --START--
INFO: Run Behavior\BuildLiteBehavior [ RunTime:0.000023s ]
INFO: [ app_init ] --END-- [ RunTime:0.000351s ]
INFO: [ app_begin ] --START--
INFO: Run Behavior\ReadHtmlCacheBehavior [ RunTime:0.000349s ]
INFO: [ app_begin ] --END-- [ RunTime:0.000455s ]
SQL: SHOW COLUMNS FROM `category` [ RunTime:0.0036s ]
SQL: SELECT * FROM `category`  [ RunTime:0.0002s ]
SQL: SELECT * FROM `category` WHERE `id` = 7 LIMIT 1   [ RunTime:0.0001s ]
SQL: SHOW COLUMNS FROM `case` [ RunTime:0.0029s ]
SQL: SELECT * FROM `case` WHERE ( cat_id=7 ) ORDER BY time DESC  [ RunTime:0.0003s ]
SQL: SHOW COLUMNS FROM `images` [ RunTime:0.0029s ]
SQL: SELECT * FROM `images`  [ RunTime:0.0009s ]
INFO: [ view_parse ] --START--
INFO: [ template_filter ] --START--
INFO: Run Behavior\ContentReplaceBehavior [ RunTime:0.000114s ]
INFO: [ template_filter ] --END-- [ RunTime:0.000233s ]
SQL: SELECT * FROM `category` LIMIT 4   [ RunTime:0.0002s ]
INFO: Run Behavior\ParseTemplateBehavior [ RunTime:0.013424s ]
INFO: [ view_parse ] --END-- [ RunTime:0.013661s ]
INFO: [ view_filter ] --START--
INFO: Run Behavior\WriteHtmlCacheBehavior [ RunTime:0.000440s ]
INFO: [ view_filter ] --END-- [ RunTime:0.000581s ]
INFO: [ app_end ] --START--
INFO: Run Behavior\ShowPageTraceBehavior [ RunTime:0.000785s ]
INFO: [ app_end ] --END-- [ RunTime:0.000968s ]

[ 2016-07-14T18:12:58+08:00 ] ::1 /ct/index.php/Home/Index/caseShow/id/60
INFO: [ app_init ] --START--
INFO: Run Behavior\BuildLiteBehavior [ RunTime:0.000087s ]
INFO: [ app_init ] --END-- [ RunTime:0.001593s ]
INFO: [ app_begin ] --START--
INFO: Run Behavior\ReadHtmlCacheBehavior [ RunTime:0.000714s ]
INFO: [ app_begin ] --END-- [ RunTime:0.000898s ]
SQL: SHOW COLUMNS FROM `case` [ RunTime:0.0097s ]
SQL: SELECT * FROM `case` WHERE `id` = 60 LIMIT 1   [ RunTime:0.0003s ]
SQL: SHOW COLUMNS FROM `images` [ RunTime:0.0060s ]
SQL: SELECT * FROM `images` WHERE ( case_id=60 )  [ RunTime:0.0006s ]

[ 2016-07-14T18:12:59+08:00 ] ::1 /ct/index.php/Home/Index/cas.html
INFO: [ app_init ] --START--
INFO: Run Behavior\BuildLiteBehavior [ RunTime:0.000048s ]
INFO: [ app_init ] --END-- [ RunTime:0.000887s ]
INFO: [ app_begin ] --START--
INFO: Run Behavior\ReadHtmlCacheBehavior [ RunTime:0.000704s ]
INFO: [ app_begin ] --END-- [ RunTime:0.000865s ]
SQL: SHOW COLUMNS FROM `category` [ RunTime:0.0025s ]
SQL: SELECT * FROM `category`  [ RunTime:0.0005s ]
SQL: SHOW COLUMNS FROM `case` [ RunTime:0.0028s ]
NOTIC: [2] Invalid argument supplied for foreach() E:\wamp\wamp\www\ct\ThinkPHP\Library\Think\Db\Driver.class.php 第 504 行.
SQL: SELECT * FROM `case` ORDER BY time DESC  [ RunTime:0.0003s ]
SQL: SHOW COLUMNS FROM `images` [ RunTime:0.0046s ]
SQL: SELECT * FROM `images`  [ RunTime:0.0003s ]
INFO: [ view_parse ] --START--
INFO: [ template_filter ] --START--
INFO: Run Behavior\ContentReplaceBehavior [ RunTime:0.000206s ]
INFO: [ template_filter ] --END-- [ RunTime:0.000480s ]
NOTIC: [8] Undefined variable: catName E:\wamp\wamp\www\ct\Application\Runtime\Cache\Home\5c09e99035539bede9502473d169ce91.php 第 75 行.
SQL: SELECT * FROM `category` LIMIT 4   [ RunTime:0.0003s ]
INFO: Run Behavior\ParseTemplateBehavior [ RunTime:0.051841s ]
INFO: [ view_parse ] --END-- [ RunTime:0.052021s ]
INFO: [ view_filter ] --START--
INFO: Run Behavior\WriteHtmlCacheBehavior [ RunTime:0.000427s ]
INFO: [ view_filter ] --END-- [ RunTime:0.000527s ]
INFO: [ app_end ] --START--
INFO: Run Behavior\ShowPageTraceBehavior [ RunTime:0.000786s ]
INFO: [ app_end ] --END-- [ RunTime:0.000960s ]

[ 2016-07-14T18:13:02+08:00 ] ::1 /ct/index.php/Home/Index/newslst.html
INFO: [ app_init ] --START--
INFO: Run Behavior\BuildLiteBehavior [ RunTime:0.000023s ]
INFO: [ app_init ] --END-- [ RunTime:0.000396s ]
INFO: [ app_begin ] --START--
INFO: Run Behavior\ReadHtmlCacheBehavior [ RunTime:0.000353s ]
INFO: [ app_begin ] --END-- [ RunTime:0.000450s ]
SQL: SHOW COLUMNS FROM `active` [ RunTime:0.0028s ]
SQL: SELECT * FROM `active` WHERE `cat` = '最新活动' ORDER BY time DESC  [ RunTime:0.0012s ]
SQL: SELECT * FROM `active` WHERE `cat` = '新闻中心' ORDER BY time DESC  [ RunTime:0.0005s ]
SQL: SELECT * FROM `active` WHERE `cat` = '装修知识' ORDER BY time DESC  [ RunTime:0.0007s ]
INFO: [ view_parse ] --START--
INFO: [ template_filter ] --START--
INFO: Run Behavior\ContentReplaceBehavior [ RunTime:0.000118s ]
INFO: [ template_filter ] --END-- [ RunTime:0.000229s ]
SQL: SHOW COLUMNS FROM `category` [ RunTime:0.0026s ]
SQL: SELECT * FROM `category` LIMIT 4   [ RunTime:0.0002s ]
INFO: Run Behavior\ParseTemplateBehavior [ RunTime:0.030873s ]
INFO: [ view_parse ] --END-- [ RunTime:0.031067s ]
INFO: [ view_filter ] --START--
INFO: Run Behavior\WriteHtmlCacheBehavior [ RunTime:0.000625s ]
INFO: [ view_filter ] --END-- [ RunTime:0.000793s ]
INFO: [ app_end ] --START--
INFO: Run Behavior\ShowPageTraceBehavior [ RunTime:0.000805s ]
INFO: [ app_end ] --END-- [ RunTime:0.000988s ]

[ 2016-07-14T18:13:06+08:00 ] ::1 /ct/index.php/Home/Index/ajaxShow/id/10
INFO: [ app_init ] --START--
INFO: Run Behavior\BuildLiteBehavior [ RunTime:0.000022s ]
INFO: [ app_init ] --END-- [ RunTime:0.000318s ]
INFO: [ app_begin ] --START--
INFO: Run Behavior\ReadHtmlCacheBehavior [ RunTime:0.000346s ]
INFO: [ app_begin ] --END-- [ RunTime:0.000433s ]
SQL: SHOW COLUMNS FROM `active` [ RunTime:0.0041s ]
SQL: SELECT * FROM `active` WHERE `id` = 10 LIMIT 1   [ RunTime:0.0004s ]

[ 2016-07-14T18:13:09+08:00 ] ::1 /ct/index.php/Home/Index/about.html
INFO: [ app_init ] --START--
INFO: Run Behavior\BuildLiteBehavior [ RunTime:0.000045s ]
INFO: [ app_init ] --END-- [ RunTime:0.000670s ]
INFO: [ app_begin ] --START--
INFO: Run Behavior\ReadHtmlCacheBehavior [ RunTime:0.000406s ]
INFO: [ app_begin ] --END-- [ RunTime:0.000529s ]
SQL: SHOW COLUMNS FROM `company` [ RunTime:0.0398s ]
SQL: SELECT * FROM `company` LIMIT 1   [ RunTime:0.0002s ]
SQL: SHOW COLUMNS FROM `employ` [ RunTime:0.0287s ]
SQL: SELECT * FROM `employ` LIMIT 1   [ RunTime:0.0002s ]
INFO: [ view_parse ] --START--
INFO: [ template_filter ] --START--
INFO: Run Behavior\ContentReplaceBehavior [ RunTime:0.000103s ]
INFO: [ template_filter ] --END-- [ RunTime:0.000223s ]
SQL: SHOW COLUMNS FROM `category` [ RunTime:0.0028s ]
SQL: SELECT * FROM `category` LIMIT 4   [ RunTime:0.0002s ]
INFO: Run Behavior\ParseTemplateBehavior [ RunTime:0.025877s ]
INFO: [ view_parse ] --END-- [ RunTime:0.025983s ]
INFO: [ view_filter ] --START--
INFO: Run Behavior\WriteHtmlCacheBehavior [ RunTime:0.000280s ]
INFO: [ view_filter ] --END-- [ RunTime:0.000377s ]
INFO: [ app_end ] --START--
INFO: Run Behavior\ShowPageTraceBehavior [ RunTime:0.000557s ]
INFO: [ app_end ] --END-- [ RunTime:0.000729s ]

