[ 2016-09-01T17:02:10+08:00 ] ::1 /ct/index.php/Home/Index/index.html
INFO: [ app_init ] --START--
INFO: Run Behavior\BuildLiteBehavior [ RunTime:0.000025s ]
INFO: [ app_init ] --END-- [ RunTime:0.000974s ]
INFO: [ app_begin ] --START--
INFO: Run Behavior\ReadHtmlCacheBehavior [ RunTime:0.000830s ]
INFO: [ app_begin ] --END-- [ RunTime:0.000948s ]
SQL: SHOW COLUMNS FROM `case` [ RunTime:0.0222s ]
SQL: SELECT * FROM `case` ORDER BY time DESC LIMIT 4   [ RunTime:0.0004s ]
SQL: SHOW COLUMNS FROM `images` [ RunTime:0.0202s ]
SQL: SELECT * FROM `images`  [ RunTime:0.0003s ]
SQL: SHOW COLUMNS FROM `active` [ RunTime:0.0320s ]
SQL: SELECT * FROM `active` ORDER BY top desc,topTime desc LIMIT 7   [ RunTime:0.0004s ]
SQL: SHOW COLUMNS FROM `project` [ RunTime:0.0339s ]
SQL: SELECT * FROM `project` WHERE ( status='否' ) ORDER BY time DESC LIMIT 6   [ RunTime:0.0003s ]
SQL: SHOW COLUMNS FROM `pro_images` [ RunTime:0.0397s ]
SQL: SELECT * FROM `pro_images`  [ RunTime:0.0007s ]
SQL: SELECT * FROM `project` WHERE ( status='是' ) ORDER BY time DESC LIMIT 1   [ RunTime:0.0006s ]
INFO: [ view_parse ] --START--
INFO: [ template_filter ] --START--
INFO: Run Behavior\ContentReplaceBehavior [ RunTime:0.006850s ]
INFO: [ template_filter ] --END-- [ RunTime:0.007113s ]
SQL: SHOW COLUMNS FROM `category` [ RunTime:0.0288s ]
SQL: SELECT * FROM `category` LIMIT 4   [ RunTime:0.0004s ]
INFO: Run Behavior\ParseTemplateBehavior [ RunTime:0.140823s ]
INFO: [ view_parse ] --END-- [ RunTime:0.141168s ]
INFO: [ view_filter ] --START--
INFO: Run Behavior\WriteHtmlCacheBehavior [ RunTime:0.012661s ]
INFO: [ view_filter ] --END-- [ RunTime:0.012870s ]
INFO: [ app_end ] --START--
INFO: Run Behavior\ShowPageTraceBehavior [ RunTime:0.005738s ]
INFO: [ app_end ] --END-- [ RunTime:0.005978s ]

