[ 2016-08-09T11:10:51+08:00 ] ::1 /ct/
INFO: [ app_init ] --START--
INFO: Run Behavior\BuildLiteBehavior [ RunTime:0.000089s ]
INFO: [ app_init ] --END-- [ RunTime:0.100121s ]
INFO: [ app_begin ] --START--
INFO: Run Behavior\ReadHtmlCacheBehavior [ RunTime:0.022561s ]
INFO: [ app_begin ] --END-- [ RunTime:0.023151s ]
SQL: SHOW COLUMNS FROM `case` [ RunTime:1.2026s ]
SQL: SELECT * FROM `case` ORDER BY time DESC LIMIT 4   [ RunTime:0.1233s ]
SQL: SHOW COLUMNS FROM `images` [ RunTime:0.0380s ]
SQL: SELECT * FROM `images`  [ RunTime:0.0003s ]
SQL: SHOW COLUMNS FROM `active` [ RunTime:0.0651s ]
SQL: SELECT * FROM `active` ORDER BY top desc,topTime desc LIMIT 7   [ RunTime:0.0003s ]
SQL: SHOW COLUMNS FROM `project` [ RunTime:0.1227s ]
SQL: SELECT * FROM `project` WHERE ( status='否' ) ORDER BY time DESC LIMIT 6   [ RunTime:0.2028s ]
SQL: SHOW COLUMNS FROM `pro_images` [ RunTime:0.0903s ]
SQL: SELECT * FROM `pro_images`  [ RunTime:0.0005s ]
SQL: SELECT * FROM `project` WHERE ( status='是' ) ORDER BY time DESC LIMIT 1   [ RunTime:0.0004s ]
INFO: [ view_parse ] --START--
INFO: [ template_filter ] --START--
INFO: Run Behavior\ContentReplaceBehavior [ RunTime:0.010160s ]
INFO: [ template_filter ] --END-- [ RunTime:0.010636s ]
SQL: SHOW COLUMNS FROM `category` [ RunTime:0.0548s ]
SQL: SELECT * FROM `category` LIMIT 4   [ RunTime:0.0003s ]
INFO: Run Behavior\ParseTemplateBehavior [ RunTime:0.414151s ]
INFO: [ view_parse ] --END-- [ RunTime:0.414557s ]
INFO: [ view_filter ] --START--
INFO: Run Behavior\WriteHtmlCacheBehavior [ RunTime:0.034687s ]
INFO: [ view_filter ] --END-- [ RunTime:0.035074s ]
INFO: [ app_end ] --START--
INFO: Run Behavior\ShowPageTraceBehavior [ RunTime:0.003918s ]
INFO: [ app_end ] --END-- [ RunTime:0.004326s ]

[ 2016-08-09T11:11:36+08:00 ] ::1 /ct/index.php/Home/Index/project.html
INFO: [ app_init ] --START--
INFO: Run Behavior\BuildLiteBehavior [ RunTime:0.000023s ]
INFO: [ app_init ] --END-- [ RunTime:0.000324s ]
INFO: [ app_begin ] --START--
INFO: Run Behavior\ReadHtmlCacheBehavior [ RunTime:0.000450s ]
INFO: [ app_begin ] --END-- [ RunTime:0.000559s ]
SQL: SHOW COLUMNS FROM `project` [ RunTime:0.0029s ]
SQL: SELECT * FROM `project` ORDER BY time DESC  [ RunTime:0.0003s ]
SQL: SHOW COLUMNS FROM `pro_images` [ RunTime:0.0040s ]
SQL: SELECT * FROM `pro_images`  [ RunTime:0.0004s ]
INFO: [ view_parse ] --START--
INFO: [ template_filter ] --START--
INFO: Run Behavior\ContentReplaceBehavior [ RunTime:0.010257s ]
INFO: [ template_filter ] --END-- [ RunTime:0.010446s ]
SQL: SHOW COLUMNS FROM `category` [ RunTime:0.0031s ]
SQL: SELECT * FROM `category` LIMIT 4   [ RunTime:0.0003s ]
INFO: Run Behavior\ParseTemplateBehavior [ RunTime:0.039529s ]
INFO: [ view_parse ] --END-- [ RunTime:0.039660s ]
INFO: [ view_filter ] --START--
INFO: Run Behavior\WriteHtmlCacheBehavior [ RunTime:0.000446s ]
INFO: [ view_filter ] --END-- [ RunTime:0.000539s ]
INFO: [ app_end ] --START--
INFO: Run Behavior\ShowPageTraceBehavior [ RunTime:0.000795s ]
INFO: [ app_end ] --END-- [ RunTime:0.000946s ]

[ 2016-08-09T11:11:36+08:00 ] ::1 /ct/index.php/Home/Index/Js/jquery-1.4.2.min.js
INFO: [ app_init ] --START--
INFO: Run Behavior\BuildLiteBehavior [ RunTime:0.000058s ]
INFO: [ app_init ] --END-- [ RunTime:0.000836s ]
INFO: [ app_begin ] --START--
INFO: Run Behavior\ReadHtmlCacheBehavior [ RunTime:0.000867s ]
INFO: [ app_begin ] --END-- [ RunTime:0.001147s ]
ERR: 非法操作:Js

[ 2016-08-09T11:14:26+08:00 ] ::1 /ct/index.php/Home/Index/index.html
INFO: [ app_init ] --START--
INFO: Run Behavior\BuildLiteBehavior [ RunTime:0.000026s ]
INFO: [ app_init ] --END-- [ RunTime:0.000449s ]
INFO: [ app_begin ] --START--
INFO: Run Behavior\ReadHtmlCacheBehavior [ RunTime:0.000521s ]
INFO: [ app_begin ] --END-- [ RunTime:0.000635s ]
SQL: SHOW COLUMNS FROM `case` [ RunTime:0.0034s ]
SQL: SELECT * FROM `case` ORDER BY time DESC LIMIT 4   [ RunTime:0.0003s ]
SQL: SHOW COLUMNS FROM `images` [ RunTime:0.0036s ]
SQL: SELECT * FROM `images`  [ RunTime:0.0003s ]
SQL: SHOW COLUMNS FROM `active` [ RunTime:0.0031s ]
SQL: SELECT * FROM `active` ORDER BY top desc,topTime desc LIMIT 7   [ RunTime:0.0003s ]
SQL: SHOW COLUMNS FROM `project` [ RunTime:0.0029s ]
SQL: SELECT * FROM `project` WHERE ( status='否' ) ORDER BY time DESC LIMIT 6   [ RunTime:0.0003s ]
SQL: SHOW COLUMNS FROM `pro_images` [ RunTime:0.0031s ]
SQL: SELECT * FROM `pro_images`  [ RunTime:0.0011s ]
SQL: SELECT * FROM `project` WHERE ( status='是' ) ORDER BY time DESC LIMIT 1   [ RunTime:0.0002s ]
INFO: [ view_parse ] --START--
INFO: [ template_filter ] --START--
INFO: Run Behavior\ContentReplaceBehavior [ RunTime:0.000142s ]
INFO: [ template_filter ] --END-- [ RunTime:0.000242s ]
SQL: SHOW COLUMNS FROM `category` [ RunTime:0.0035s ]
SQL: SELECT * FROM `category` LIMIT 4   [ RunTime:0.0002s ]
INFO: Run Behavior\ParseTemplateBehavior [ RunTime:0.017449s ]
INFO: [ view_parse ] --END-- [ RunTime:0.017549s ]
INFO: [ view_filter ] --START--
INFO: Run Behavior\WriteHtmlCacheBehavior [ RunTime:0.000325s ]
INFO: [ view_filter ] --END-- [ RunTime:0.000428s ]
INFO: [ app_end ] --START--
INFO: Run Behavior\ShowPageTraceBehavior [ RunTime:0.000479s ]
INFO: [ app_end ] --END-- [ RunTime:0.000637s ]

[ 2016-08-09T11:14:57+08:00 ] ::1 /ct/index.php/Home/Index/index.html
INFO: [ app_init ] --START--
INFO: Run Behavior\BuildLiteBehavior [ RunTime:0.000036s ]
INFO: [ app_init ] --END-- [ RunTime:0.000505s ]
INFO: [ app_begin ] --START--
INFO: Run Behavior\ReadHtmlCacheBehavior [ RunTime:0.000430s ]
INFO: [ app_begin ] --END-- [ RunTime:0.000528s ]
SQL: SHOW COLUMNS FROM `case` [ RunTime:0.0034s ]
SQL: SELECT * FROM `case` ORDER BY time DESC LIMIT 4   [ RunTime:0.0003s ]
SQL: SHOW COLUMNS FROM `images` [ RunTime:0.0033s ]
SQL: SELECT * FROM `images`  [ RunTime:0.0004s ]
SQL: SHOW COLUMNS FROM `active` [ RunTime:0.0031s ]
SQL: SELECT * FROM `active` ORDER BY top desc,topTime desc LIMIT 7   [ RunTime:0.0003s ]
SQL: SHOW COLUMNS FROM `project` [ RunTime:0.0027s ]
SQL: SELECT * FROM `project` WHERE ( status='否' ) ORDER BY time DESC LIMIT 6   [ RunTime:0.0003s ]
SQL: SHOW COLUMNS FROM `pro_images` [ RunTime:0.0038s ]
SQL: SELECT * FROM `pro_images`  [ RunTime:0.0003s ]
SQL: SELECT * FROM `project` WHERE ( status='是' ) ORDER BY time DESC LIMIT 1   [ RunTime:0.0002s ]
INFO: [ view_parse ] --START--
INFO: [ template_filter ] --START--
INFO: Run Behavior\ContentReplaceBehavior [ RunTime:0.000120s ]
INFO: [ template_filter ] --END-- [ RunTime:0.000226s ]
SQL: SHOW COLUMNS FROM `category` [ RunTime:0.0025s ]
SQL: SELECT * FROM `category` LIMIT 4   [ RunTime:0.0002s ]
INFO: Run Behavior\ParseTemplateBehavior [ RunTime:0.018553s ]
INFO: [ view_parse ] --END-- [ RunTime:0.018659s ]
INFO: [ view_filter ] --START--
INFO: Run Behavior\WriteHtmlCacheBehavior [ RunTime:0.000431s ]
INFO: [ view_filter ] --END-- [ RunTime:0.000520s ]
INFO: [ app_end ] --START--
INFO: Run Behavior\ShowPageTraceBehavior [ RunTime:0.000595s ]
INFO: [ app_end ] --END-- [ RunTime:0.000702s ]

[ 2016-08-09T11:15:01+08:00 ] ::1 /ct/index.php/Home/Index/index.html
INFO: [ app_init ] --START--
INFO: Run Behavior\BuildLiteBehavior [ RunTime:0.000066s ]
INFO: [ app_init ] --END-- [ RunTime:0.000669s ]
INFO: [ app_begin ] --START--
INFO: Run Behavior\ReadHtmlCacheBehavior [ RunTime:0.001278s ]
INFO: [ app_begin ] --END-- [ RunTime:0.001551s ]
SQL: SHOW COLUMNS FROM `case` [ RunTime:0.0073s ]
SQL: SELECT * FROM `case` ORDER BY time DESC LIMIT 4   [ RunTime:0.0008s ]
SQL: SHOW COLUMNS FROM `images` [ RunTime:0.0045s ]
SQL: SELECT * FROM `images`  [ RunTime:0.0006s ]
SQL: SHOW COLUMNS FROM `active` [ RunTime:0.0066s ]
SQL: SELECT * FROM `active` ORDER BY top desc,topTime desc LIMIT 7   [ RunTime:0.0007s ]
SQL: SHOW COLUMNS FROM `project` [ RunTime:0.0046s ]
SQL: SELECT * FROM `project` WHERE ( status='否' ) ORDER BY time DESC LIMIT 6   [ RunTime:0.0030s ]
SQL: SHOW COLUMNS FROM `pro_images` [ RunTime:0.0066s ]
SQL: SELECT * FROM `pro_images`  [ RunTime:0.0007s ]
SQL: SELECT * FROM `project` WHERE ( status='是' ) ORDER BY time DESC LIMIT 1   [ RunTime:0.0006s ]
INFO: [ view_parse ] --START--
INFO: [ template_filter ] --START--
INFO: Run Behavior\ContentReplaceBehavior [ RunTime:0.000268s ]
INFO: [ template_filter ] --END-- [ RunTime:0.000488s ]
SQL: SHOW COLUMNS FROM `category` [ RunTime:0.0054s ]
SQL: SELECT * FROM `category` LIMIT 4   [ RunTime:0.0007s ]
INFO: Run Behavior\ParseTemplateBehavior [ RunTime:0.039776s ]
INFO: [ view_parse ] --END-- [ RunTime:0.040033s ]
INFO: [ view_filter ] --START--
INFO: Run Behavior\WriteHtmlCacheBehavior [ RunTime:0.000889s ]
INFO: [ view_filter ] --END-- [ RunTime:0.001455s ]
INFO: [ app_end ] --START--
INFO: Run Behavior\ShowPageTraceBehavior [ RunTime:0.000952s ]
INFO: [ app_end ] --END-- [ RunTime:0.001185s ]

[ 2016-08-09T11:15:32+08:00 ] ::1 /ct/index.php/Home/Index/project.html
INFO: [ app_init ] --START--
INFO: Run Behavior\BuildLiteBehavior [ RunTime:0.000027s ]
INFO: [ app_init ] --END-- [ RunTime:0.000386s ]
INFO: [ app_begin ] --START--
INFO: Run Behavior\ReadHtmlCacheBehavior [ RunTime:0.000489s ]
INFO: [ app_begin ] --END-- [ RunTime:0.000603s ]
SQL: SHOW COLUMNS FROM `project` [ RunTime:0.0036s ]
SQL: SELECT * FROM `project` ORDER BY time DESC  [ RunTime:0.0005s ]
SQL: SHOW COLUMNS FROM `pro_images` [ RunTime:0.0035s ]
SQL: SELECT * FROM `pro_images`  [ RunTime:0.0003s ]
INFO: [ view_parse ] --START--
INFO: [ template_filter ] --START--
INFO: Run Behavior\ContentReplaceBehavior [ RunTime:0.000091s ]
INFO: [ template_filter ] --END-- [ RunTime:0.000193s ]
SQL: SHOW COLUMNS FROM `category` [ RunTime:0.0033s ]
SQL: SELECT * FROM `category` LIMIT 4   [ RunTime:0.0003s ]
INFO: Run Behavior\ParseTemplateBehavior [ RunTime:0.014495s ]
INFO: [ view_parse ] --END-- [ RunTime:0.014607s ]
INFO: [ view_filter ] --START--
INFO: Run Behavior\WriteHtmlCacheBehavior [ RunTime:0.000354s ]
INFO: [ view_filter ] --END-- [ RunTime:0.000442s ]
INFO: [ app_end ] --START--
INFO: Run Behavior\ShowPageTraceBehavior [ RunTime:0.000569s ]
INFO: [ app_end ] --END-- [ RunTime:0.000705s ]

[ 2016-08-09T11:15:32+08:00 ] ::1 /ct/index.php/Home/Index/Js/jquery-1.4.2.min.js
INFO: [ app_init ] --START--
INFO: Run Behavior\BuildLiteBehavior [ RunTime:0.000048s ]
INFO: [ app_init ] --END-- [ RunTime:0.000731s ]
INFO: [ app_begin ] --START--
INFO: Run Behavior\ReadHtmlCacheBehavior [ RunTime:0.000687s ]
INFO: [ app_begin ] --END-- [ RunTime:0.000870s ]
ERR: 非法操作:Js

[ 2016-08-09T11:15:33+08:00 ] ::1 /ct/index.php/Home/Index/cas.html
INFO: [ app_init ] --START--
INFO: Run Behavior\BuildLiteBehavior [ RunTime:0.000030s ]
INFO: [ app_init ] --END-- [ RunTime:0.000640s ]
INFO: [ app_begin ] --START--
INFO: Run Behavior\ReadHtmlCacheBehavior [ RunTime:0.000388s ]
INFO: [ app_begin ] --END-- [ RunTime:0.000500s ]
SQL: SHOW COLUMNS FROM `category` [ RunTime:0.0031s ]
SQL: SELECT * FROM `category`  [ RunTime:0.0002s ]
SQL: SHOW COLUMNS FROM `case` [ RunTime:0.0043s ]
NOTIC: [2] Invalid argument supplied for foreach() E:\wamp\wamp\www\ct\ThinkPHP\Library\Think\Db\Driver.class.php 第 504 行.
SQL: SELECT * FROM `case` ORDER BY time DESC  [ RunTime:0.0003s ]
SQL: SHOW COLUMNS FROM `images` [ RunTime:0.0043s ]
SQL: SELECT * FROM `images`  [ RunTime:0.0002s ]
INFO: [ view_parse ] --START--
INFO: [ template_filter ] --START--
INFO: Run Behavior\ContentReplaceBehavior [ RunTime:0.000132s ]
INFO: [ template_filter ] --END-- [ RunTime:0.000254s ]
NOTIC: [8] Undefined variable: catName E:\wamp\wamp\www\ct\Application\Runtime\Cache\Home\5c09e99035539bede9502473d169ce91.php 第 75 行.
SQL: SELECT * FROM `category` LIMIT 4   [ RunTime:0.0003s ]
INFO: Run Behavior\ParseTemplateBehavior [ RunTime:0.026479s ]
INFO: [ view_parse ] --END-- [ RunTime:0.026660s ]
INFO: [ view_filter ] --START--
INFO: Run Behavior\WriteHtmlCacheBehavior [ RunTime:0.000604s ]
INFO: [ view_filter ] --END-- [ RunTime:0.000771s ]
INFO: [ app_end ] --START--
INFO: Run Behavior\ShowPageTraceBehavior [ RunTime:0.000745s ]
INFO: [ app_end ] --END-- [ RunTime:0.000882s ]

[ 2016-08-09T11:15:34+08:00 ] ::1 /ct/index.php/Home/Index/build.html
INFO: [ app_init ] --START--
INFO: Run Behavior\BuildLiteBehavior [ RunTime:0.000025s ]
INFO: [ app_init ] --END-- [ RunTime:0.000370s ]
INFO: [ app_begin ] --START--
INFO: Run Behavior\ReadHtmlCacheBehavior [ RunTime:0.000377s ]
INFO: [ app_begin ] --END-- [ RunTime:0.000489s ]
SQL: SHOW COLUMNS FROM `build` [ RunTime:0.1882s ]
SQL: SELECT * FROM `build` ORDER BY time DESC  [ RunTime:0.0009s ]
SQL: SHOW COLUMNS FROM `build_images` [ RunTime:0.0723s ]
SQL: SELECT * FROM `build_images`  [ RunTime:0.0008s ]
INFO: [ view_parse ] --START--
INFO: [ template_filter ] --START--
INFO: Run Behavior\ContentReplaceBehavior [ RunTime:0.000395s ]
INFO: [ template_filter ] --END-- [ RunTime:0.000871s ]
SQL: SHOW COLUMNS FROM `category` [ RunTime:0.0046s ]
SQL: SELECT * FROM `category` LIMIT 4   [ RunTime:0.0004s ]
INFO: Run Behavior\ParseTemplateBehavior [ RunTime:0.094997s ]
INFO: [ view_parse ] --END-- [ RunTime:0.095399s ]
INFO: [ view_filter ] --START--
INFO: Run Behavior\WriteHtmlCacheBehavior [ RunTime:0.000637s ]
INFO: [ view_filter ] --END-- [ RunTime:0.000815s ]
INFO: [ app_end ] --START--
INFO: Run Behavior\ShowPageTraceBehavior [ RunTime:0.001163s ]
INFO: [ app_end ] --END-- [ RunTime:0.001434s ]

[ 2016-08-09T11:15:35+08:00 ] ::1 /ct/index.php/Home/Index/about.html
INFO: [ app_init ] --START--
INFO: Run Behavior\BuildLiteBehavior [ RunTime:0.000028s ]
INFO: [ app_init ] --END-- [ RunTime:0.000405s ]
INFO: [ app_begin ] --START--
INFO: Run Behavior\ReadHtmlCacheBehavior [ RunTime:0.000396s ]
INFO: [ app_begin ] --END-- [ RunTime:0.000510s ]
SQL: SHOW COLUMNS FROM `company` [ RunTime:0.1251s ]
SQL: SELECT * FROM `company` LIMIT 1   [ RunTime:0.0007s ]
SQL: SHOW COLUMNS FROM `employ` [ RunTime:0.0376s ]
SQL: SELECT * FROM `employ` LIMIT 1   [ RunTime:0.0008s ]
INFO: [ view_parse ] --START--
INFO: [ template_filter ] --START--
INFO: Run Behavior\ContentReplaceBehavior [ RunTime:0.000233s ]
INFO: [ template_filter ] --END-- [ RunTime:0.000485s ]
SQL: SHOW COLUMNS FROM `category` [ RunTime:0.0055s ]
SQL: SELECT * FROM `category` LIMIT 4   [ RunTime:0.0005s ]
INFO: Run Behavior\ParseTemplateBehavior [ RunTime:0.060617s ]
INFO: [ view_parse ] --END-- [ RunTime:0.060962s ]
INFO: [ view_filter ] --START--
INFO: Run Behavior\WriteHtmlCacheBehavior [ RunTime:0.000925s ]
INFO: [ view_filter ] --END-- [ RunTime:0.001151s ]
INFO: [ app_end ] --START--
INFO: Run Behavior\ShowPageTraceBehavior [ RunTime:0.001886s ]
INFO: [ app_end ] --END-- [ RunTime:0.002291s ]

[ 2016-08-09T11:15:36+08:00 ] ::1 /ct/index.php/Home/Index/newslst.html
INFO: [ app_init ] --START--
INFO: Run Behavior\BuildLiteBehavior [ RunTime:0.000063s ]
INFO: [ app_init ] --END-- [ RunTime:0.000951s ]
INFO: [ app_begin ] --START--
INFO: Run Behavior\ReadHtmlCacheBehavior [ RunTime:0.000973s ]
INFO: [ app_begin ] --END-- [ RunTime:0.001257s ]
SQL: SHOW COLUMNS FROM `active` [ RunTime:0.0037s ]
SQL: SELECT * FROM `active` WHERE `cat` = '最新活动' ORDER BY time DESC  [ RunTime:0.0004s ]
SQL: SELECT * FROM `active` WHERE `cat` = '新闻中心' ORDER BY time DESC  [ RunTime:0.0003s ]
SQL: SELECT * FROM `active` WHERE `cat` = '装修知识' ORDER BY time DESC  [ RunTime:0.0003s ]
INFO: [ view_parse ] --START--
INFO: [ template_filter ] --START--
INFO: Run Behavior\ContentReplaceBehavior [ RunTime:0.000127s ]
INFO: [ template_filter ] --END-- [ RunTime:0.000232s ]
SQL: SHOW COLUMNS FROM `category` [ RunTime:0.0026s ]
SQL: SELECT * FROM `category` LIMIT 4   [ RunTime:0.0002s ]
INFO: Run Behavior\ParseTemplateBehavior [ RunTime:0.023753s ]
INFO: [ view_parse ] --END-- [ RunTime:0.023875s ]
INFO: [ view_filter ] --START--
INFO: Run Behavior\WriteHtmlCacheBehavior [ RunTime:0.000380s ]
INFO: [ view_filter ] --END-- [ RunTime:0.000468s ]
INFO: [ app_end ] --START--
INFO: Run Behavior\ShowPageTraceBehavior [ RunTime:0.000538s ]
INFO: [ app_end ] --END-- [ RunTime:0.000666s ]

[ 2016-08-09T11:15:37+08:00 ] ::1 /ct/index.php/Home/Index/index.html
INFO: [ app_init ] --START--
INFO: Run Behavior\BuildLiteBehavior [ RunTime:0.000026s ]
INFO: [ app_init ] --END-- [ RunTime:0.000374s ]
INFO: [ app_begin ] --START--
INFO: Run Behavior\ReadHtmlCacheBehavior [ RunTime:0.000378s ]
INFO: [ app_begin ] --END-- [ RunTime:0.000489s ]
SQL: SHOW COLUMNS FROM `case` [ RunTime:0.0033s ]
SQL: SELECT * FROM `case` ORDER BY time DESC LIMIT 4   [ RunTime:0.0003s ]
SQL: SHOW COLUMNS FROM `images` [ RunTime:0.0027s ]
SQL: SELECT * FROM `images`  [ RunTime:0.0002s ]
SQL: SHOW COLUMNS FROM `active` [ RunTime:0.0035s ]
SQL: SELECT * FROM `active` ORDER BY top desc,topTime desc LIMIT 7   [ RunTime:0.0003s ]
SQL: SHOW COLUMNS FROM `project` [ RunTime:0.0030s ]
SQL: SELECT * FROM `project` WHERE ( status='否' ) ORDER BY time DESC LIMIT 6   [ RunTime:0.0002s ]
SQL: SHOW COLUMNS FROM `pro_images` [ RunTime:0.0026s ]
SQL: SELECT * FROM `pro_images`  [ RunTime:0.0003s ]
SQL: SELECT * FROM `project` WHERE ( status='是' ) ORDER BY time DESC LIMIT 1   [ RunTime:0.0002s ]
INFO: [ view_parse ] --START--
INFO: [ template_filter ] --START--
INFO: Run Behavior\ContentReplaceBehavior [ RunTime:0.000120s ]
INFO: [ template_filter ] --END-- [ RunTime:0.000226s ]
SQL: SHOW COLUMNS FROM `category` [ RunTime:0.0027s ]
SQL: SELECT * FROM `category` LIMIT 4   [ RunTime:0.0002s ]
INFO: Run Behavior\ParseTemplateBehavior [ RunTime:0.016894s ]
INFO: [ view_parse ] --END-- [ RunTime:0.017002s ]
INFO: [ view_filter ] --START--
INFO: Run Behavior\WriteHtmlCacheBehavior [ RunTime:0.000350s ]
INFO: [ view_filter ] --END-- [ RunTime:0.000438s ]
INFO: [ app_end ] --START--
INFO: Run Behavior\ShowPageTraceBehavior [ RunTime:0.000662s ]
INFO: [ app_end ] --END-- [ RunTime:0.000812s ]

[ 2016-08-09T11:15:40+08:00 ] ::1 /ct/index.php/Home/Index/newslst.html
INFO: [ app_init ] --START--
INFO: Run Behavior\BuildLiteBehavior [ RunTime:0.000033s ]
INFO: [ app_init ] --END-- [ RunTime:0.000866s ]
INFO: [ app_begin ] --START--
INFO: Run Behavior\ReadHtmlCacheBehavior [ RunTime:0.000401s ]
INFO: [ app_begin ] --END-- [ RunTime:0.000522s ]
SQL: SHOW COLUMNS FROM `active` [ RunTime:0.0036s ]
SQL: SELECT * FROM `active` WHERE `cat` = '最新活动' ORDER BY time DESC  [ RunTime:0.0003s ]
SQL: SELECT * FROM `active` WHERE `cat` = '新闻中心' ORDER BY time DESC  [ RunTime:0.0002s ]
SQL: SELECT * FROM `active` WHERE `cat` = '装修知识' ORDER BY time DESC  [ RunTime:0.0002s ]
INFO: [ view_parse ] --START--
INFO: [ template_filter ] --START--
INFO: Run Behavior\ContentReplaceBehavior [ RunTime:0.000143s ]
INFO: [ template_filter ] --END-- [ RunTime:0.000266s ]
SQL: SHOW COLUMNS FROM `category` [ RunTime:0.0036s ]
SQL: SELECT * FROM `category` LIMIT 4   [ RunTime:0.0003s ]
INFO: Run Behavior\ParseTemplateBehavior [ RunTime:0.018763s ]
INFO: [ view_parse ] --END-- [ RunTime:0.018882s ]
INFO: [ view_filter ] --START--
INFO: Run Behavior\WriteHtmlCacheBehavior [ RunTime:0.000426s ]
INFO: [ view_filter ] --END-- [ RunTime:0.000533s ]
INFO: [ app_end ] --START--
INFO: Run Behavior\ShowPageTraceBehavior [ RunTime:0.000790s ]
INFO: [ app_end ] --END-- [ RunTime:0.001035s ]

[ 2016-08-09T12:22:16+08:00 ] ::1 /ct/index.php/Home/Index/newslst.html
INFO: [ app_init ] --START--
INFO: Run Behavior\BuildLiteBehavior [ RunTime:0.000023s ]
INFO: [ app_init ] --END-- [ RunTime:0.000539s ]
INFO: [ app_begin ] --START--
INFO: Run Behavior\ReadHtmlCacheBehavior [ RunTime:0.001317s ]
INFO: [ app_begin ] --END-- [ RunTime:0.001519s ]
SQL: SHOW COLUMNS FROM `active` [ RunTime:0.0042s ]
SQL: SELECT * FROM `active` WHERE `cat` = '最新活动' ORDER BY time DESC  [ RunTime:0.0005s ]
SQL: SELECT * FROM `active` WHERE `cat` = '新闻中心' ORDER BY time DESC  [ RunTime:0.0003s ]
SQL: SELECT * FROM `active` WHERE `cat` = '装修知识' ORDER BY time DESC  [ RunTime:0.0004s ]
INFO: [ view_parse ] --START--
INFO: [ template_filter ] --START--
INFO: Run Behavior\ContentReplaceBehavior [ RunTime:0.000155s ]
INFO: [ template_filter ] --END-- [ RunTime:0.000276s ]
SQL: SHOW COLUMNS FROM `category` [ RunTime:0.0030s ]
SQL: SELECT * FROM `category` LIMIT 4   [ RunTime:0.0003s ]
INFO: Run Behavior\ParseTemplateBehavior [ RunTime:0.018876s ]
INFO: [ view_parse ] --END-- [ RunTime:0.019019s ]
INFO: [ view_filter ] --START--
INFO: Run Behavior\WriteHtmlCacheBehavior [ RunTime:0.000503s ]
INFO: [ view_filter ] --END-- [ RunTime:0.000595s ]
INFO: [ app_end ] --START--
INFO: Run Behavior\ShowPageTraceBehavior [ RunTime:0.000763s ]
INFO: [ app_end ] --END-- [ RunTime:0.000924s ]

[ 2016-08-09T12:22:18+08:00 ] ::1 /ct/index.php/Home/Index/index.html
INFO: [ app_init ] --START--
INFO: Run Behavior\BuildLiteBehavior [ RunTime:0.000026s ]
INFO: [ app_init ] --END-- [ RunTime:0.000424s ]
INFO: [ app_begin ] --START--
INFO: Run Behavior\ReadHtmlCacheBehavior [ RunTime:0.000489s ]
INFO: [ app_begin ] --END-- [ RunTime:0.000608s ]
SQL: SHOW COLUMNS FROM `case` [ RunTime:0.0043s ]
SQL: SELECT * FROM `case` ORDER BY time DESC LIMIT 4   [ RunTime:0.0004s ]
SQL: SHOW COLUMNS FROM `images` [ RunTime:0.0030s ]
SQL: SELECT * FROM `images`  [ RunTime:0.0003s ]
SQL: SHOW COLUMNS FROM `active` [ RunTime:0.0029s ]
SQL: SELECT * FROM `active` ORDER BY top desc,topTime desc LIMIT 7   [ RunTime:0.0004s ]
SQL: SHOW COLUMNS FROM `project` [ RunTime:0.0035s ]
SQL: SELECT * FROM `project` WHERE ( status='否' ) ORDER BY time DESC LIMIT 6   [ RunTime:0.0007s ]
SQL: SHOW COLUMNS FROM `pro_images` [ RunTime:0.0030s ]
SQL: SELECT * FROM `pro_images`  [ RunTime:0.0003s ]
SQL: SELECT * FROM `project` WHERE ( status='是' ) ORDER BY time DESC LIMIT 1   [ RunTime:0.0003s ]
INFO: [ view_parse ] --START--
INFO: [ template_filter ] --START--
INFO: Run Behavior\ContentReplaceBehavior [ RunTime:0.000118s ]
INFO: [ template_filter ] --END-- [ RunTime:0.000260s ]
SQL: SHOW COLUMNS FROM `category` [ RunTime:0.0026s ]
SQL: SELECT * FROM `category` LIMIT 4   [ RunTime:0.0002s ]
INFO: Run Behavior\ParseTemplateBehavior [ RunTime:0.018376s ]
INFO: [ view_parse ] --END-- [ RunTime:0.018478s ]
INFO: [ view_filter ] --START--
INFO: Run Behavior\WriteHtmlCacheBehavior [ RunTime:0.000347s ]
INFO: [ view_filter ] --END-- [ RunTime:0.000432s ]
INFO: [ app_end ] --START--
INFO: Run Behavior\ShowPageTraceBehavior [ RunTime:0.000465s ]
INFO: [ app_end ] --END-- [ RunTime:0.000586s ]

[ 2016-08-09T12:22:20+08:00 ] ::1 /ct/index.php/Home/Index/index.html
INFO: [ app_init ] --START--
INFO: Run Behavior\BuildLiteBehavior [ RunTime:0.000041s ]
INFO: [ app_init ] --END-- [ RunTime:0.001023s ]
INFO: [ app_begin ] --START--
INFO: Run Behavior\ReadHtmlCacheBehavior [ RunTime:0.000844s ]
INFO: [ app_begin ] --END-- [ RunTime:0.001016s ]
SQL: SHOW COLUMNS FROM `case` [ RunTime:0.0048s ]
SQL: SELECT * FROM `case` ORDER BY time DESC LIMIT 4   [ RunTime:0.0005s ]
SQL: SHOW COLUMNS FROM `images` [ RunTime:0.0044s ]
SQL: SELECT * FROM `images`  [ RunTime:0.0003s ]
SQL: SHOW COLUMNS FROM `active` [ RunTime:0.0058s ]
SQL: SELECT * FROM `active` ORDER BY top desc,topTime desc LIMIT 7   [ RunTime:0.0005s ]
SQL: SHOW COLUMNS FROM `project` [ RunTime:0.0047s ]
SQL: SELECT * FROM `project` WHERE ( status='否' ) ORDER BY time DESC LIMIT 6   [ RunTime:0.0005s ]
SQL: SHOW COLUMNS FROM `pro_images` [ RunTime:0.0067s ]
SQL: SELECT * FROM `pro_images`  [ RunTime:0.0004s ]
SQL: SELECT * FROM `project` WHERE ( status='是' ) ORDER BY time DESC LIMIT 1   [ RunTime:0.0004s ]
INFO: [ view_parse ] --START--
INFO: [ template_filter ] --START--
INFO: Run Behavior\ContentReplaceBehavior [ RunTime:0.000133s ]
INFO: [ template_filter ] --END-- [ RunTime:0.000276s ]
SQL: SHOW COLUMNS FROM `category` [ RunTime:0.0040s ]
SQL: SELECT * FROM `category` LIMIT 4   [ RunTime:0.0003s ]
INFO: Run Behavior\ParseTemplateBehavior [ RunTime:0.029854s ]
INFO: [ view_parse ] --END-- [ RunTime:0.030270s ]
INFO: [ view_filter ] --START--
INFO: Run Behavior\WriteHtmlCacheBehavior [ RunTime:0.000975s ]
INFO: [ view_filter ] --END-- [ RunTime:0.001159s ]
INFO: [ app_end ] --START--
INFO: Run Behavior\ShowPageTraceBehavior [ RunTime:0.006080s ]
INFO: [ app_end ] --END-- [ RunTime:0.006523s ]

[ 2016-08-09T12:24:11+08:00 ] ::1 /ct/
INFO: [ app_init ] --START--
INFO: Run Behavior\BuildLiteBehavior [ RunTime:0.000026s ]
INFO: [ app_init ] --END-- [ RunTime:0.000428s ]
INFO: [ app_begin ] --START--
INFO: Run Behavior\ReadHtmlCacheBehavior [ RunTime:0.000646s ]
INFO: [ app_begin ] --END-- [ RunTime:0.000799s ]
SQL: SHOW COLUMNS FROM `case` [ RunTime:0.0105s ]
SQL: SELECT * FROM `case` ORDER BY time DESC LIMIT 4   [ RunTime:0.0003s ]
SQL: SHOW COLUMNS FROM `images` [ RunTime:0.0027s ]
SQL: SELECT * FROM `images`  [ RunTime:0.0002s ]
SQL: SHOW COLUMNS FROM `active` [ RunTime:0.0025s ]
SQL: SELECT * FROM `active` ORDER BY top desc,topTime desc LIMIT 7   [ RunTime:0.0003s ]
SQL: SHOW COLUMNS FROM `project` [ RunTime:0.0027s ]
SQL: SELECT * FROM `project` WHERE ( status='否' ) ORDER BY time DESC LIMIT 6   [ RunTime:0.0003s ]
SQL: SHOW COLUMNS FROM `pro_images` [ RunTime:0.0030s ]
SQL: SELECT * FROM `pro_images`  [ RunTime:0.0002s ]
SQL: SELECT * FROM `project` WHERE ( status='是' ) ORDER BY time DESC LIMIT 1   [ RunTime:0.0002s ]
INFO: [ view_parse ] --START--
INFO: [ template_filter ] --START--
INFO: Run Behavior\ContentReplaceBehavior [ RunTime:0.000147s ]
INFO: [ template_filter ] --END-- [ RunTime:0.000273s ]
SQL: SHOW COLUMNS FROM `category` [ RunTime:0.0038s ]
SQL: SELECT * FROM `category` LIMIT 4   [ RunTime:0.0002s ]
INFO: Run Behavior\ParseTemplateBehavior [ RunTime:0.018750s ]
INFO: [ view_parse ] --END-- [ RunTime:0.018869s ]
INFO: [ view_filter ] --START--
INFO: Run Behavior\WriteHtmlCacheBehavior [ RunTime:0.000479s ]
INFO: [ view_filter ] --END-- [ RunTime:0.000573s ]
INFO: [ app_end ] --START--
INFO: Run Behavior\ShowPageTraceBehavior [ RunTime:0.000624s ]
INFO: [ app_end ] --END-- [ RunTime:0.000736s ]

[ 2016-08-09T12:24:31+08:00 ] ::1 /ct/
INFO: [ app_init ] --START--
INFO: Run Behavior\BuildLiteBehavior [ RunTime:0.000027s ]
INFO: [ app_init ] --END-- [ RunTime:0.000450s ]
INFO: [ app_begin ] --START--
INFO: Run Behavior\ReadHtmlCacheBehavior [ RunTime:0.000540s ]
INFO: [ app_begin ] --END-- [ RunTime:0.000645s ]
SQL: SHOW COLUMNS FROM `case` [ RunTime:0.0034s ]
SQL: SELECT * FROM `case` ORDER BY time DESC LIMIT 4   [ RunTime:0.0003s ]
SQL: SHOW COLUMNS FROM `images` [ RunTime:0.0030s ]
SQL: SELECT * FROM `images`  [ RunTime:0.0003s ]
SQL: SHOW COLUMNS FROM `active` [ RunTime:0.0036s ]
SQL: SELECT * FROM `active` ORDER BY top desc,topTime desc LIMIT 7   [ RunTime:0.0019s ]
SQL: SHOW COLUMNS FROM `project` [ RunTime:0.0031s ]
SQL: SELECT * FROM `project` WHERE ( status='否' ) ORDER BY time DESC LIMIT 6   [ RunTime:0.0002s ]
SQL: SHOW COLUMNS FROM `pro_images` [ RunTime:0.0026s ]
SQL: SELECT * FROM `pro_images`  [ RunTime:0.0004s ]
SQL: SELECT * FROM `project` WHERE ( status='是' ) ORDER BY time DESC LIMIT 1   [ RunTime:0.0002s ]
INFO: [ view_parse ] --START--
INFO: [ template_filter ] --START--
INFO: Run Behavior\ContentReplaceBehavior [ RunTime:0.000121s ]
INFO: [ template_filter ] --END-- [ RunTime:0.000231s ]
SQL: SHOW COLUMNS FROM `category` [ RunTime:0.0025s ]
SQL: SELECT * FROM `category` LIMIT 4   [ RunTime:0.0002s ]
INFO: Run Behavior\ParseTemplateBehavior [ RunTime:0.017090s ]
INFO: [ view_parse ] --END-- [ RunTime:0.017196s ]
INFO: [ view_filter ] --START--
INFO: Run Behavior\WriteHtmlCacheBehavior [ RunTime:0.000488s ]
INFO: [ view_filter ] --END-- [ RunTime:0.000582s ]
INFO: [ app_end ] --START--
INFO: Run Behavior\ShowPageTraceBehavior [ RunTime:0.000697s ]
INFO: [ app_end ] --END-- [ RunTime:0.000838s ]

[ 2016-08-09T12:24:32+08:00 ] ::1 /ct/
INFO: [ app_init ] --START--
INFO: Run Behavior\BuildLiteBehavior [ RunTime:0.000039s ]
INFO: [ app_init ] --END-- [ RunTime:0.000786s ]
INFO: [ app_begin ] --START--
INFO: Run Behavior\ReadHtmlCacheBehavior [ RunTime:0.000498s ]
INFO: [ app_begin ] --END-- [ RunTime:0.000641s ]
SQL: SHOW COLUMNS FROM `case` [ RunTime:0.0044s ]
SQL: SELECT * FROM `case` ORDER BY time DESC LIMIT 4   [ RunTime:0.0004s ]
SQL: SHOW COLUMNS FROM `images` [ RunTime:0.0037s ]
SQL: SELECT * FROM `images`  [ RunTime:0.0003s ]
SQL: SHOW COLUMNS FROM `active` [ RunTime:0.0033s ]
SQL: SELECT * FROM `active` ORDER BY top desc,topTime desc LIMIT 7   [ RunTime:0.0003s ]
SQL: SHOW COLUMNS FROM `project` [ RunTime:0.0034s ]
SQL: SELECT * FROM `project` WHERE ( status='否' ) ORDER BY time DESC LIMIT 6   [ RunTime:0.0004s ]
SQL: SHOW COLUMNS FROM `pro_images` [ RunTime:0.0039s ]
SQL: SELECT * FROM `pro_images`  [ RunTime:0.0003s ]
SQL: SELECT * FROM `project` WHERE ( status='是' ) ORDER BY time DESC LIMIT 1   [ RunTime:0.0003s ]
INFO: [ view_parse ] --START--
INFO: [ template_filter ] --START--
INFO: Run Behavior\ContentReplaceBehavior [ RunTime:0.000130s ]
INFO: [ template_filter ] --END-- [ RunTime:0.000251s ]
SQL: SHOW COLUMNS FROM `category` [ RunTime:0.0026s ]
SQL: SELECT * FROM `category` LIMIT 4   [ RunTime:0.0003s ]
INFO: Run Behavior\ParseTemplateBehavior [ RunTime:0.018261s ]
INFO: [ view_parse ] --END-- [ RunTime:0.018367s ]
INFO: [ view_filter ] --START--
INFO: Run Behavior\WriteHtmlCacheBehavior [ RunTime:0.000373s ]
INFO: [ view_filter ] --END-- [ RunTime:0.000465s ]
INFO: [ app_end ] --START--
INFO: Run Behavior\ShowPageTraceBehavior [ RunTime:0.000582s ]
INFO: [ app_end ] --END-- [ RunTime:0.000727s ]

[ 2016-08-09T12:24:37+08:00 ] ::1 /ct/index.php/Home/Index/about.html
INFO: [ app_init ] --START--
INFO: Run Behavior\BuildLiteBehavior [ RunTime:0.000027s ]
INFO: [ app_init ] --END-- [ RunTime:0.000446s ]
INFO: [ app_begin ] --START--
INFO: Run Behavior\ReadHtmlCacheBehavior [ RunTime:0.001305s ]
INFO: [ app_begin ] --END-- [ RunTime:0.001441s ]
SQL: SHOW COLUMNS FROM `company` [ RunTime:0.0030s ]
SQL: SELECT * FROM `company` LIMIT 1   [ RunTime:0.0004s ]
SQL: SHOW COLUMNS FROM `employ` [ RunTime:0.0035s ]
SQL: SELECT * FROM `employ` LIMIT 1   [ RunTime:0.0004s ]
INFO: [ view_parse ] --START--
INFO: [ template_filter ] --START--
INFO: Run Behavior\ContentReplaceBehavior [ RunTime:0.000099s ]
INFO: [ template_filter ] --END-- [ RunTime:0.000205s ]
SQL: SHOW COLUMNS FROM `category` [ RunTime:0.0114s ]
SQL: SELECT * FROM `category` LIMIT 4   [ RunTime:0.0002s ]
INFO: Run Behavior\ParseTemplateBehavior [ RunTime:0.022565s ]
INFO: [ view_parse ] --END-- [ RunTime:0.022682s ]
INFO: [ view_filter ] --START--
INFO: Run Behavior\WriteHtmlCacheBehavior [ RunTime:0.000476s ]
INFO: [ view_filter ] --END-- [ RunTime:0.000577s ]
INFO: [ app_end ] --START--
INFO: Run Behavior\ShowPageTraceBehavior [ RunTime:0.000748s ]
INFO: [ app_end ] --END-- [ RunTime:0.000865s ]

[ 2016-08-09T12:24:55+08:00 ] ::1 /ct/index.php/Home/Index/about.html
INFO: [ app_init ] --START--
INFO: Run Behavior\BuildLiteBehavior [ RunTime:0.000031s ]
INFO: [ app_init ] --END-- [ RunTime:0.000382s ]
INFO: [ app_begin ] --START--
INFO: Run Behavior\ReadHtmlCacheBehavior [ RunTime:0.000520s ]
INFO: [ app_begin ] --END-- [ RunTime:0.000619s ]
SQL: SHOW COLUMNS FROM `company` [ RunTime:0.0052s ]
SQL: SELECT * FROM `company` LIMIT 1   [ RunTime:0.0002s ]
SQL: SHOW COLUMNS FROM `employ` [ RunTime:0.0027s ]
SQL: SELECT * FROM `employ` LIMIT 1   [ RunTime:0.0002s ]
INFO: [ view_parse ] --START--
INFO: [ template_filter ] --START--
INFO: Run Behavior\ContentReplaceBehavior [ RunTime:0.000098s ]
INFO: [ template_filter ] --END-- [ RunTime:0.000204s ]
SQL: SHOW COLUMNS FROM `category` [ RunTime:0.0028s ]
SQL: SELECT * FROM `category` LIMIT 4   [ RunTime:0.0003s ]
INFO: Run Behavior\ParseTemplateBehavior [ RunTime:0.016163s ]
INFO: [ view_parse ] --END-- [ RunTime:0.016273s ]
INFO: [ view_filter ] --START--
INFO: Run Behavior\WriteHtmlCacheBehavior [ RunTime:0.000456s ]
INFO: [ view_filter ] --END-- [ RunTime:0.000546s ]
INFO: [ app_end ] --START--
INFO: Run Behavior\ShowPageTraceBehavior [ RunTime:0.000849s ]
INFO: [ app_end ] --END-- [ RunTime:0.000966s ]

[ 2016-08-09T12:24:56+08:00 ] ::1 /ct/index.php/Home/Index/cas.html
INFO: [ app_init ] --START--
INFO: Run Behavior\BuildLiteBehavior [ RunTime:0.000030s ]
INFO: [ app_init ] --END-- [ RunTime:0.000514s ]
INFO: [ app_begin ] --START--
INFO: Run Behavior\ReadHtmlCacheBehavior [ RunTime:0.000614s ]
INFO: [ app_begin ] --END-- [ RunTime:0.000733s ]
SQL: SHOW COLUMNS FROM `category` [ RunTime:0.0037s ]
SQL: SELECT * FROM `category`  [ RunTime:0.0012s ]
SQL: SHOW COLUMNS FROM `case` [ RunTime:0.0042s ]
NOTIC: [2] Invalid argument supplied for foreach() E:\wamp\wamp\www\ct\ThinkPHP\Library\Think\Db\Driver.class.php 第 504 行.
SQL: SELECT * FROM `case` ORDER BY time DESC  [ RunTime:0.0003s ]
SQL: SHOW COLUMNS FROM `images` [ RunTime:0.0030s ]
SQL: SELECT * FROM `images`  [ RunTime:0.0003s ]
INFO: [ view_parse ] --START--
INFO: [ template_filter ] --START--
INFO: Run Behavior\ContentReplaceBehavior [ RunTime:0.000139s ]
INFO: [ template_filter ] --END-- [ RunTime:0.000277s ]
NOTIC: [8] Undefined variable: catName E:\wamp\wamp\www\ct\Application\Runtime\Cache\Home\5c09e99035539bede9502473d169ce91.php 第 76 行.
SQL: SELECT * FROM `category` LIMIT 4   [ RunTime:0.0003s ]
INFO: Run Behavior\ParseTemplateBehavior [ RunTime:0.014925s ]
INFO: [ view_parse ] --END-- [ RunTime:0.015041s ]
INFO: [ view_filter ] --START--
INFO: Run Behavior\WriteHtmlCacheBehavior [ RunTime:0.000470s ]
INFO: [ view_filter ] --END-- [ RunTime:0.000605s ]
INFO: [ app_end ] --START--
INFO: Run Behavior\ShowPageTraceBehavior [ RunTime:0.000964s ]
INFO: [ app_end ] --END-- [ RunTime:0.001184s ]

[ 2016-08-09T12:24:57+08:00 ] ::1 /ct/index.php/Home/Index/project.html
INFO: [ app_init ] --START--
INFO: Run Behavior\BuildLiteBehavior [ RunTime:0.000026s ]
INFO: [ app_init ] --END-- [ RunTime:0.000429s ]
INFO: [ app_begin ] --START--
INFO: Run Behavior\ReadHtmlCacheBehavior [ RunTime:0.000575s ]
INFO: [ app_begin ] --END-- [ RunTime:0.000689s ]
SQL: SHOW COLUMNS FROM `project` [ RunTime:0.0038s ]
SQL: SELECT * FROM `project` ORDER BY time DESC  [ RunTime:0.0005s ]
SQL: SHOW COLUMNS FROM `pro_images` [ RunTime:0.0033s ]
SQL: SELECT * FROM `pro_images`  [ RunTime:0.0003s ]
INFO: [ view_parse ] --START--
INFO: [ template_filter ] --START--
INFO: Run Behavior\ContentReplaceBehavior [ RunTime:0.000118s ]
INFO: [ template_filter ] --END-- [ RunTime:0.000254s ]
SQL: SHOW COLUMNS FROM `category` [ RunTime:0.0029s ]
SQL: SELECT * FROM `category` LIMIT 4   [ RunTime:0.0002s ]
INFO: Run Behavior\ParseTemplateBehavior [ RunTime:0.017470s ]
INFO: [ view_parse ] --END-- [ RunTime:0.017599s ]
INFO: [ view_filter ] --START--
INFO: Run Behavior\WriteHtmlCacheBehavior [ RunTime:0.000515s ]
INFO: [ view_filter ] --END-- [ RunTime:0.000623s ]
INFO: [ app_end ] --START--
INFO: Run Behavior\ShowPageTraceBehavior [ RunTime:0.000741s ]
INFO: [ app_end ] --END-- [ RunTime:0.000879s ]

[ 2016-08-09T12:24:57+08:00 ] ::1 /ct/index.php/Home/Index/Js/jquery-1.4.2.min.js
INFO: [ app_init ] --START--
INFO: Run Behavior\BuildLiteBehavior [ RunTime:0.000041s ]
INFO: [ app_init ] --END-- [ RunTime:0.000643s ]
INFO: [ app_begin ] --START--
INFO: Run Behavior\ReadHtmlCacheBehavior [ RunTime:0.000631s ]
INFO: [ app_begin ] --END-- [ RunTime:0.000777s ]
ERR: 非法操作:Js

[ 2016-08-09T12:24:58+08:00 ] ::1 /ct/index.php/Home/Index/index.html
INFO: [ app_init ] --START--
INFO: Run Behavior\BuildLiteBehavior [ RunTime:0.000026s ]
INFO: [ app_init ] --END-- [ RunTime:0.000414s ]
INFO: [ app_begin ] --START--
INFO: Run Behavior\ReadHtmlCacheBehavior [ RunTime:0.000618s ]
INFO: [ app_begin ] --END-- [ RunTime:0.000740s ]
SQL: SHOW COLUMNS FROM `case` [ RunTime:0.0035s ]
SQL: SELECT * FROM `case` ORDER BY time DESC LIMIT 4   [ RunTime:0.0004s ]
SQL: SHOW COLUMNS FROM `images` [ RunTime:0.0034s ]
SQL: SELECT * FROM `images`  [ RunTime:0.0003s ]
SQL: SHOW COLUMNS FROM `active` [ RunTime:0.0031s ]
SQL: SELECT * FROM `active` ORDER BY top desc,topTime desc LIMIT 7   [ RunTime:0.0003s ]
SQL: SHOW COLUMNS FROM `project` [ RunTime:0.0031s ]
SQL: SELECT * FROM `project` WHERE ( status='否' ) ORDER BY time DESC LIMIT 6   [ RunTime:0.0003s ]
SQL: SHOW COLUMNS FROM `pro_images` [ RunTime:0.0031s ]
SQL: SELECT * FROM `pro_images`  [ RunTime:0.0003s ]
SQL: SELECT * FROM `project` WHERE ( status='是' ) ORDER BY time DESC LIMIT 1   [ RunTime:0.0002s ]
INFO: [ view_parse ] --START--
INFO: [ template_filter ] --START--
INFO: Run Behavior\ContentReplaceBehavior [ RunTime:0.000152s ]
INFO: [ template_filter ] --END-- [ RunTime:0.000287s ]
SQL: SHOW COLUMNS FROM `category` [ RunTime:0.0030s ]
SQL: SELECT * FROM `category` LIMIT 4   [ RunTime:0.0003s ]
INFO: Run Behavior\ParseTemplateBehavior [ RunTime:0.022300s ]
INFO: [ view_parse ] --END-- [ RunTime:0.022416s ]
INFO: [ view_filter ] --START--
INFO: Run Behavior\WriteHtmlCacheBehavior [ RunTime:0.000491s ]
INFO: [ view_filter ] --END-- [ RunTime:0.000587s ]
INFO: [ app_end ] --START--
INFO: Run Behavior\ShowPageTraceBehavior [ RunTime:0.000762s ]
INFO: [ app_end ] --END-- [ RunTime:0.000879s ]

[ 2016-08-09T12:25:21+08:00 ] ::1 /ct/index.php/Home/Index/index.html
INFO: [ app_init ] --START--
INFO: Run Behavior\BuildLiteBehavior [ RunTime:0.000022s ]
INFO: [ app_init ] --END-- [ RunTime:0.000354s ]
INFO: [ app_begin ] --START--
INFO: Run Behavior\ReadHtmlCacheBehavior [ RunTime:0.000516s ]
INFO: [ app_begin ] --END-- [ RunTime:0.000613s ]
SQL: SHOW COLUMNS FROM `case` [ RunTime:0.0031s ]
SQL: SELECT * FROM `case` ORDER BY time DESC LIMIT 4   [ RunTime:0.0003s ]
SQL: SHOW COLUMNS FROM `images` [ RunTime:0.0028s ]
SQL: SELECT * FROM `images`  [ RunTime:0.0002s ]
SQL: SHOW COLUMNS FROM `active` [ RunTime:0.0050s ]
SQL: SELECT * FROM `active` ORDER BY top desc,topTime desc LIMIT 7   [ RunTime:0.0003s ]
SQL: SHOW COLUMNS FROM `project` [ RunTime:0.0028s ]
SQL: SELECT * FROM `project` WHERE ( status='否' ) ORDER BY time DESC LIMIT 6   [ RunTime:0.0003s ]
SQL: SHOW COLUMNS FROM `pro_images` [ RunTime:0.0031s ]
SQL: SELECT * FROM `pro_images`  [ RunTime:0.0003s ]
SQL: SELECT * FROM `project` WHERE ( status='是' ) ORDER BY time DESC LIMIT 1   [ RunTime:0.0002s ]
INFO: [ view_parse ] --START--
INFO: [ template_filter ] --START--
INFO: Run Behavior\ContentReplaceBehavior [ RunTime:0.000161s ]
INFO: [ template_filter ] --END-- [ RunTime:0.000310s ]
SQL: SHOW COLUMNS FROM `category` [ RunTime:0.0042s ]
SQL: SELECT * FROM `category` LIMIT 4   [ RunTime:0.0002s ]
INFO: Run Behavior\ParseTemplateBehavior [ RunTime:0.020338s ]
INFO: [ view_parse ] --END-- [ RunTime:0.020454s ]
INFO: [ view_filter ] --START--
INFO: Run Behavior\WriteHtmlCacheBehavior [ RunTime:0.000662s ]
INFO: [ view_filter ] --END-- [ RunTime:0.000764s ]
INFO: [ app_end ] --START--
INFO: Run Behavior\ShowPageTraceBehavior [ RunTime:0.001121s ]
INFO: [ app_end ] --END-- [ RunTime:0.001322s ]

[ 2016-08-09T12:25:25+08:00 ] ::1 /ct/index.php/Home/Index/index.html
INFO: [ app_init ] --START--
INFO: Run Behavior\BuildLiteBehavior [ RunTime:0.000041s ]
INFO: [ app_init ] --END-- [ RunTime:0.000675s ]
INFO: [ app_begin ] --START--
INFO: Run Behavior\ReadHtmlCacheBehavior [ RunTime:0.000847s ]
INFO: [ app_begin ] --END-- [ RunTime:0.001017s ]
SQL: SHOW COLUMNS FROM `case` [ RunTime:0.0104s ]
SQL: SELECT * FROM `case` ORDER BY time DESC LIMIT 4   [ RunTime:0.0003s ]
SQL: SHOW COLUMNS FROM `images` [ RunTime:0.0038s ]
SQL: SELECT * FROM `images`  [ RunTime:0.0003s ]
SQL: SHOW COLUMNS FROM `active` [ RunTime:0.0034s ]
SQL: SELECT * FROM `active` ORDER BY top desc,topTime desc LIMIT 7   [ RunTime:0.0004s ]
SQL: SHOW COLUMNS FROM `project` [ RunTime:0.0040s ]
SQL: SELECT * FROM `project` WHERE ( status='否' ) ORDER BY time DESC LIMIT 6   [ RunTime:0.0003s ]
SQL: SHOW COLUMNS FROM `pro_images` [ RunTime:0.0028s ]
SQL: SELECT * FROM `pro_images`  [ RunTime:0.0003s ]
SQL: SELECT * FROM `project` WHERE ( status='是' ) ORDER BY time DESC LIMIT 1   [ RunTime:0.0003s ]
INFO: [ view_parse ] --START--
INFO: [ template_filter ] --START--
INFO: Run Behavior\ContentReplaceBehavior [ RunTime:0.000121s ]
INFO: [ template_filter ] --END-- [ RunTime:0.000231s ]
SQL: SHOW COLUMNS FROM `category` [ RunTime:0.0036s ]
SQL: SELECT * FROM `category` LIMIT 4   [ RunTime:0.0002s ]
INFO: Run Behavior\ParseTemplateBehavior [ RunTime:0.019802s ]
INFO: [ view_parse ] --END-- [ RunTime:0.019953s ]
INFO: [ view_filter ] --START--
INFO: Run Behavior\WriteHtmlCacheBehavior [ RunTime:0.000469s ]
INFO: [ view_filter ] --END-- [ RunTime:0.000562s ]
INFO: [ app_end ] --START--
INFO: Run Behavior\ShowPageTraceBehavior [ RunTime:0.000898s ]
INFO: [ app_end ] --END-- [ RunTime:0.001009s ]

[ 2016-08-09T12:25:50+08:00 ] ::1 /ct/index.php/Home/Index/index.html
INFO: [ app_init ] --START--
INFO: Run Behavior\BuildLiteBehavior [ RunTime:0.000033s ]
INFO: [ app_init ] --END-- [ RunTime:0.000641s ]
INFO: [ app_begin ] --START--
INFO: Run Behavior\ReadHtmlCacheBehavior [ RunTime:0.000836s ]
INFO: [ app_begin ] --END-- [ RunTime:0.000991s ]
SQL: SHOW COLUMNS FROM `case` [ RunTime:0.0035s ]
SQL: SELECT * FROM `case` ORDER BY time DESC LIMIT 4   [ RunTime:0.0003s ]
SQL: SHOW COLUMNS FROM `images` [ RunTime:0.0044s ]
SQL: SELECT * FROM `images`  [ RunTime:0.0003s ]
SQL: SHOW COLUMNS FROM `active` [ RunTime:0.0029s ]
SQL: SELECT * FROM `active` ORDER BY top desc,topTime desc LIMIT 7   [ RunTime:0.0003s ]
SQL: SHOW COLUMNS FROM `project` [ RunTime:0.0031s ]
SQL: SELECT * FROM `project` WHERE ( status='否' ) ORDER BY time DESC LIMIT 6   [ RunTime:0.0003s ]
SQL: SHOW COLUMNS FROM `pro_images` [ RunTime:0.0036s ]
SQL: SELECT * FROM `pro_images`  [ RunTime:0.0003s ]
SQL: SELECT * FROM `project` WHERE ( status='是' ) ORDER BY time DESC LIMIT 1   [ RunTime:0.0002s ]
INFO: [ view_parse ] --START--
INFO: [ template_filter ] --START--
INFO: Run Behavior\ContentReplaceBehavior [ RunTime:0.000141s ]
INFO: [ template_filter ] --END-- [ RunTime:0.000247s ]
SQL: SHOW COLUMNS FROM `category` [ RunTime:0.0026s ]
SQL: SELECT * FROM `category` LIMIT 4   [ RunTime:0.0003s ]
INFO: Run Behavior\ParseTemplateBehavior [ RunTime:0.017373s ]
INFO: [ view_parse ] --END-- [ RunTime:0.017479s ]
INFO: [ view_filter ] --START--
INFO: Run Behavior\WriteHtmlCacheBehavior [ RunTime:0.000478s ]
INFO: [ view_filter ] --END-- [ RunTime:0.000578s ]
INFO: [ app_end ] --START--
INFO: Run Behavior\ShowPageTraceBehavior [ RunTime:0.000807s ]
INFO: [ app_end ] --END-- [ RunTime:0.000917s ]

[ 2016-08-09T12:26:20+08:00 ] ::1 /ct/
INFO: [ app_init ] --START--
INFO: Run Behavior\BuildLiteBehavior [ RunTime:0.000028s ]
INFO: [ app_init ] --END-- [ RunTime:0.000481s ]
INFO: [ app_begin ] --START--
INFO: Run Behavior\ReadHtmlCacheBehavior [ RunTime:0.001343s ]
INFO: [ app_begin ] --END-- [ RunTime:0.001609s ]
SQL: SHOW COLUMNS FROM `case` [ RunTime:0.0028s ]
SQL: SELECT * FROM `case` ORDER BY time DESC LIMIT 4   [ RunTime:0.0006s ]
SQL: SHOW COLUMNS FROM `images` [ RunTime:0.0040s ]
SQL: SELECT * FROM `images`  [ RunTime:0.0002s ]
SQL: SHOW COLUMNS FROM `active` [ RunTime:0.0025s ]
SQL: SELECT * FROM `active` ORDER BY top desc,topTime desc LIMIT 7   [ RunTime:0.0002s ]
SQL: SHOW COLUMNS FROM `project` [ RunTime:0.0023s ]
SQL: SELECT * FROM `project` WHERE ( status='否' ) ORDER BY time DESC LIMIT 6   [ RunTime:0.0002s ]
SQL: SHOW COLUMNS FROM `pro_images` [ RunTime:0.0023s ]
SQL: SELECT * FROM `pro_images`  [ RunTime:0.0002s ]
SQL: SELECT * FROM `project` WHERE ( status='是' ) ORDER BY time DESC LIMIT 1   [ RunTime:0.0001s ]
INFO: [ view_parse ] --START--
INFO: [ template_filter ] --START--
INFO: Run Behavior\ContentReplaceBehavior [ RunTime:0.000119s ]
INFO: [ template_filter ] --END-- [ RunTime:0.000229s ]
SQL: SHOW COLUMNS FROM `category` [ RunTime:0.0028s ]
SQL: SELECT * FROM `category` LIMIT 4   [ RunTime:0.0002s ]
INFO: Run Behavior\ParseTemplateBehavior [ RunTime:0.018646s ]
INFO: [ view_parse ] --END-- [ RunTime:0.018761s ]
INFO: [ view_filter ] --START--
INFO: Run Behavior\WriteHtmlCacheBehavior [ RunTime:0.000524s ]
INFO: [ view_filter ] --END-- [ RunTime:0.000617s ]
INFO: [ app_end ] --START--
INFO: Run Behavior\ShowPageTraceBehavior [ RunTime:0.000757s ]
INFO: [ app_end ] --END-- [ RunTime:0.000909s ]

[ 2016-08-09T12:26:27+08:00 ] ::1 /ct/
INFO: [ app_init ] --START--
INFO: Run Behavior\BuildLiteBehavior [ RunTime:0.000041s ]
INFO: [ app_init ] --END-- [ RunTime:0.000677s ]
INFO: [ app_begin ] --START--
INFO: Run Behavior\ReadHtmlCacheBehavior [ RunTime:0.000971s ]
INFO: [ app_begin ] --END-- [ RunTime:0.001169s ]
SQL: SHOW COLUMNS FROM `case` [ RunTime:0.1127s ]
SQL: SELECT * FROM `case` ORDER BY time DESC LIMIT 4   [ RunTime:0.0006s ]
SQL: SHOW COLUMNS FROM `images` [ RunTime:0.0058s ]
SQL: SELECT * FROM `images`  [ RunTime:0.0006s ]
SQL: SHOW COLUMNS FROM `active` [ RunTime:0.0067s ]
SQL: SELECT * FROM `active` ORDER BY top desc,topTime desc LIMIT 7   [ RunTime:0.0008s ]
SQL: SHOW COLUMNS FROM `project` [ RunTime:0.0055s ]
SQL: SELECT * FROM `project` WHERE ( status='否' ) ORDER BY time DESC LIMIT 6   [ RunTime:0.0006s ]
SQL: SHOW COLUMNS FROM `pro_images` [ RunTime:0.0061s ]
SQL: SELECT * FROM `pro_images`  [ RunTime:0.0004s ]
SQL: SELECT * FROM `project` WHERE ( status='是' ) ORDER BY time DESC LIMIT 1   [ RunTime:0.0003s ]
INFO: [ view_parse ] --START--
INFO: [ template_filter ] --START--
INFO: Run Behavior\ContentReplaceBehavior [ RunTime:0.000172s ]
INFO: [ template_filter ] --END-- [ RunTime:0.000332s ]
SQL: SHOW COLUMNS FROM `category` [ RunTime:0.0038s ]
SQL: SELECT * FROM `category` LIMIT 4   [ RunTime:0.0003s ]
INFO: Run Behavior\ParseTemplateBehavior [ RunTime:0.027275s ]
INFO: [ view_parse ] --END-- [ RunTime:0.027432s ]
INFO: [ view_filter ] --START--
INFO: Run Behavior\WriteHtmlCacheBehavior [ RunTime:0.000630s ]
INFO: [ view_filter ] --END-- [ RunTime:0.000748s ]
INFO: [ app_end ] --START--
INFO: Run Behavior\ShowPageTraceBehavior [ RunTime:0.000892s ]
INFO: [ app_end ] --END-- [ RunTime:0.001030s ]

[ 2016-08-09T12:26:34+08:00 ] ::1 /ct/
INFO: [ app_init ] --START--
INFO: Run Behavior\BuildLiteBehavior [ RunTime:0.000041s ]
INFO: [ app_init ] --END-- [ RunTime:0.000608s ]
INFO: [ app_begin ] --START--
INFO: Run Behavior\ReadHtmlCacheBehavior [ RunTime:0.000767s ]
INFO: [ app_begin ] --END-- [ RunTime:0.001022s ]
SQL: SHOW COLUMNS FROM `case` [ RunTime:0.0037s ]
SQL: SELECT * FROM `case` ORDER BY time DESC LIMIT 4   [ RunTime:0.0003s ]
SQL: SHOW COLUMNS FROM `images` [ RunTime:0.0051s ]
SQL: SELECT * FROM `images`  [ RunTime:0.0003s ]
SQL: SHOW COLUMNS FROM `active` [ RunTime:0.0035s ]
SQL: SELECT * FROM `active` ORDER BY top desc,topTime desc LIMIT 7   [ RunTime:0.0004s ]
SQL: SHOW COLUMNS FROM `project` [ RunTime:0.0030s ]
SQL: SELECT * FROM `project` WHERE ( status='否' ) ORDER BY time DESC LIMIT 6   [ RunTime:0.0003s ]
SQL: SHOW COLUMNS FROM `pro_images` [ RunTime:0.0028s ]
SQL: SELECT * FROM `pro_images`  [ RunTime:0.0002s ]
SQL: SELECT * FROM `project` WHERE ( status='是' ) ORDER BY time DESC LIMIT 1   [ RunTime:0.0002s ]
INFO: [ view_parse ] --START--
INFO: [ template_filter ] --START--
INFO: Run Behavior\ContentReplaceBehavior [ RunTime:0.000118s ]
INFO: [ template_filter ] --END-- [ RunTime:0.000228s ]
SQL: SHOW COLUMNS FROM `category` [ RunTime:0.0044s ]
SQL: SELECT * FROM `category` LIMIT 4   [ RunTime:0.0002s ]
INFO: Run Behavior\ParseTemplateBehavior [ RunTime:0.019939s ]
INFO: [ view_parse ] --END-- [ RunTime:0.020064s ]
INFO: [ view_filter ] --START--
INFO: Run Behavior\WriteHtmlCacheBehavior [ RunTime:0.000395s ]
INFO: [ view_filter ] --END-- [ RunTime:0.000485s ]
INFO: [ app_end ] --START--
INFO: Run Behavior\ShowPageTraceBehavior [ RunTime:0.000628s ]
INFO: [ app_end ] --END-- [ RunTime:0.000759s ]

[ 2016-08-09T12:27:04+08:00 ] ::1 /ct/
INFO: [ app_init ] --START--
INFO: Run Behavior\BuildLiteBehavior [ RunTime:0.000112s ]
INFO: [ app_init ] --END-- [ RunTime:0.001153s ]
INFO: [ app_begin ] --START--
INFO: Run Behavior\ReadHtmlCacheBehavior [ RunTime:0.000743s ]
INFO: [ app_begin ] --END-- [ RunTime:0.000916s ]
SQL: SHOW COLUMNS FROM `case` [ RunTime:0.0113s ]
SQL: SELECT * FROM `case` ORDER BY time DESC LIMIT 4   [ RunTime:0.0003s ]
SQL: SHOW COLUMNS FROM `images` [ RunTime:0.0034s ]
SQL: SELECT * FROM `images`  [ RunTime:0.0003s ]
SQL: SHOW COLUMNS FROM `active` [ RunTime:0.0033s ]
SQL: SELECT * FROM `active` ORDER BY top desc,topTime desc LIMIT 7   [ RunTime:0.0003s ]
SQL: SHOW COLUMNS FROM `project` [ RunTime:0.0065s ]
SQL: SELECT * FROM `project` WHERE ( status='否' ) ORDER BY time DESC LIMIT 6   [ RunTime:0.0003s ]
SQL: SHOW COLUMNS FROM `pro_images` [ RunTime:0.0031s ]
SQL: SELECT * FROM `pro_images`  [ RunTime:0.0003s ]
SQL: SELECT * FROM `project` WHERE ( status='是' ) ORDER BY time DESC LIMIT 1   [ RunTime:0.0003s ]
INFO: [ view_parse ] --START--
INFO: [ template_filter ] --START--
INFO: Run Behavior\ContentReplaceBehavior [ RunTime:0.000214s ]
INFO: [ template_filter ] --END-- [ RunTime:0.000391s ]
SQL: SHOW COLUMNS FROM `category` [ RunTime:0.0033s ]
SQL: SELECT * FROM `category` LIMIT 4   [ RunTime:0.0003s ]
INFO: Run Behavior\ParseTemplateBehavior [ RunTime:0.025198s ]
INFO: [ view_parse ] --END-- [ RunTime:0.025352s ]
INFO: [ view_filter ] --START--
INFO: Run Behavior\WriteHtmlCacheBehavior [ RunTime:0.000655s ]
INFO: [ view_filter ] --END-- [ RunTime:0.000781s ]
INFO: [ app_end ] --START--
INFO: Run Behavior\ShowPageTraceBehavior [ RunTime:0.000937s ]
INFO: [ app_end ] --END-- [ RunTime:0.001090s ]

[ 2016-08-09T12:27:14+08:00 ] ::1 /ct/index.php/Home/Index/newslst.html
INFO: [ app_init ] --START--
INFO: Run Behavior\BuildLiteBehavior [ RunTime:0.000026s ]
INFO: [ app_init ] --END-- [ RunTime:0.000387s ]
INFO: [ app_begin ] --START--
INFO: Run Behavior\ReadHtmlCacheBehavior [ RunTime:0.000493s ]
INFO: [ app_begin ] --END-- [ RunTime:0.000615s ]
SQL: SHOW COLUMNS FROM `active` [ RunTime:0.0031s ]
SQL: SELECT * FROM `active` WHERE `cat` = '最新活动' ORDER BY time DESC  [ RunTime:0.0006s ]
SQL: SELECT * FROM `active` WHERE `cat` = '新闻中心' ORDER BY time DESC  [ RunTime:0.0006s ]
SQL: SELECT * FROM `active` WHERE `cat` = '装修知识' ORDER BY time DESC  [ RunTime:0.0003s ]
INFO: [ view_parse ] --START--
INFO: [ template_filter ] --START--
INFO: Run Behavior\ContentReplaceBehavior [ RunTime:0.000135s ]
INFO: [ template_filter ] --END-- [ RunTime:0.000247s ]
SQL: SHOW COLUMNS FROM `category` [ RunTime:0.0027s ]
SQL: SELECT * FROM `category` LIMIT 4   [ RunTime:0.0003s ]
INFO: Run Behavior\ParseTemplateBehavior [ RunTime:0.014818s ]
INFO: [ view_parse ] --END-- [ RunTime:0.014920s ]
INFO: [ view_filter ] --START--
INFO: Run Behavior\WriteHtmlCacheBehavior [ RunTime:0.000340s ]
INFO: [ view_filter ] --END-- [ RunTime:0.000429s ]
INFO: [ app_end ] --START--
INFO: Run Behavior\ShowPageTraceBehavior [ RunTime:0.000540s ]
INFO: [ app_end ] --END-- [ RunTime:0.000653s ]

[ 2016-08-09T12:27:20+08:00 ] ::1 /ct/index.php/Home/Index/project.html
INFO: [ app_init ] --START--
INFO: Run Behavior\BuildLiteBehavior [ RunTime:0.000025s ]
INFO: [ app_init ] --END-- [ RunTime:0.000379s ]
INFO: [ app_begin ] --START--
INFO: Run Behavior\ReadHtmlCacheBehavior [ RunTime:0.000382s ]
INFO: [ app_begin ] --END-- [ RunTime:0.000494s ]
SQL: SHOW COLUMNS FROM `project` [ RunTime:0.0048s ]
SQL: SELECT * FROM `project` ORDER BY time DESC  [ RunTime:0.0003s ]
SQL: SHOW COLUMNS FROM `pro_images` [ RunTime:0.0038s ]
SQL: SELECT * FROM `pro_images`  [ RunTime:0.0003s ]
INFO: [ view_parse ] --START--
INFO: [ template_filter ] --START--
INFO: Run Behavior\ContentReplaceBehavior [ RunTime:0.000113s ]
INFO: [ template_filter ] --END-- [ RunTime:0.000213s ]
SQL: SHOW COLUMNS FROM `category` [ RunTime:0.0108s ]
SQL: SELECT * FROM `category` LIMIT 4   [ RunTime:0.0002s ]
INFO: Run Behavior\ParseTemplateBehavior [ RunTime:0.021775s ]
INFO: [ view_parse ] --END-- [ RunTime:0.021876s ]
INFO: [ view_filter ] --START--
INFO: Run Behavior\WriteHtmlCacheBehavior [ RunTime:0.000248s ]
INFO: [ view_filter ] --END-- [ RunTime:0.000335s ]
INFO: [ app_end ] --START--
INFO: Run Behavior\ShowPageTraceBehavior [ RunTime:0.000473s ]
INFO: [ app_end ] --END-- [ RunTime:0.000610s ]

[ 2016-08-09T12:27:20+08:00 ] ::1 /ct/index.php/Home/Index/Js/jquery-1.4.2.min.js
INFO: [ app_init ] --START--
INFO: Run Behavior\BuildLiteBehavior [ RunTime:0.000123s ]
INFO: [ app_init ] --END-- [ RunTime:0.001195s ]
INFO: [ app_begin ] --START--
INFO: Run Behavior\ReadHtmlCacheBehavior [ RunTime:0.000405s ]
INFO: [ app_begin ] --END-- [ RunTime:0.000525s ]
ERR: 非法操作:Js

[ 2016-08-09T12:27:20+08:00 ] ::1 /ct/index.php/Home/Index/index.html
INFO: [ app_init ] --START--
INFO: Run Behavior\BuildLiteBehavior [ RunTime:0.000022s ]
INFO: [ app_init ] --END-- [ RunTime:0.000321s ]
INFO: [ app_begin ] --START--
INFO: Run Behavior\ReadHtmlCacheBehavior [ RunTime:0.000317s ]
INFO: [ app_begin ] --END-- [ RunTime:0.000415s ]
SQL: SHOW COLUMNS FROM `case` [ RunTime:0.0030s ]
SQL: SELECT * FROM `case` ORDER BY time DESC LIMIT 4   [ RunTime:0.0003s ]
SQL: SHOW COLUMNS FROM `images` [ RunTime:0.0032s ]
SQL: SELECT * FROM `images`  [ RunTime:0.0003s ]
SQL: SHOW COLUMNS FROM `active` [ RunTime:0.0040s ]
SQL: SELECT * FROM `active` ORDER BY top desc,topTime desc LIMIT 7   [ RunTime:0.0005s ]
SQL: SHOW COLUMNS FROM `project` [ RunTime:0.0054s ]
SQL: SELECT * FROM `project` WHERE ( status='否' ) ORDER BY time DESC LIMIT 6   [ RunTime:0.0003s ]
SQL: SHOW COLUMNS FROM `pro_images` [ RunTime:0.0032s ]
SQL: SELECT * FROM `pro_images`  [ RunTime:0.0004s ]
SQL: SELECT * FROM `project` WHERE ( status='是' ) ORDER BY time DESC LIMIT 1   [ RunTime:0.0005s ]
INFO: [ view_parse ] --START--
INFO: [ template_filter ] --START--
INFO: Run Behavior\ContentReplaceBehavior [ RunTime:0.000122s ]
INFO: [ template_filter ] --END-- [ RunTime:0.000232s ]
SQL: SHOW COLUMNS FROM `category` [ RunTime:0.0033s ]
SQL: SELECT * FROM `category` LIMIT 4   [ RunTime:0.0002s ]
INFO: Run Behavior\ParseTemplateBehavior [ RunTime:0.017718s ]
INFO: [ view_parse ] --END-- [ RunTime:0.017897s ]
INFO: [ view_filter ] --START--
INFO: Run Behavior\WriteHtmlCacheBehavior [ RunTime:0.000289s ]
INFO: [ view_filter ] --END-- [ RunTime:0.000383s ]
INFO: [ app_end ] --START--
INFO: Run Behavior\ShowPageTraceBehavior [ RunTime:0.000646s ]
INFO: [ app_end ] --END-- [ RunTime:0.000768s ]

[ 2016-08-09T12:29:19+08:00 ] ::1 /ct/index.php/Home/Index/index.html
INFO: [ app_init ] --START--
INFO: Run Behavior\BuildLiteBehavior [ RunTime:0.000025s ]
INFO: [ app_init ] --END-- [ RunTime:0.000408s ]
INFO: [ app_begin ] --START--
INFO: Run Behavior\ReadHtmlCacheBehavior [ RunTime:0.000527s ]
INFO: [ app_begin ] --END-- [ RunTime:0.000625s ]
SQL: SHOW COLUMNS FROM `case` [ RunTime:0.0035s ]
SQL: SELECT * FROM `case` ORDER BY time DESC LIMIT 4   [ RunTime:0.0009s ]
SQL: SHOW COLUMNS FROM `images` [ RunTime:0.0048s ]
SQL: SELECT * FROM `images`  [ RunTime:0.0003s ]
SQL: SHOW COLUMNS FROM `active` [ RunTime:0.0032s ]
SQL: SELECT * FROM `active` ORDER BY top desc,topTime desc LIMIT 7   [ RunTime:0.0003s ]
SQL: SHOW COLUMNS FROM `project` [ RunTime:0.0033s ]
SQL: SELECT * FROM `project` WHERE ( status='否' ) ORDER BY time DESC LIMIT 6   [ RunTime:0.0005s ]
SQL: SHOW COLUMNS FROM `pro_images` [ RunTime:0.0052s ]
SQL: SELECT * FROM `pro_images`  [ RunTime:0.0003s ]
SQL: SELECT * FROM `project` WHERE ( status='是' ) ORDER BY time DESC LIMIT 1   [ RunTime:0.0002s ]
INFO: [ view_parse ] --START--
INFO: [ template_filter ] --START--
INFO: Run Behavior\ContentReplaceBehavior [ RunTime:0.000121s ]
INFO: [ template_filter ] --END-- [ RunTime:0.000221s ]
SQL: SHOW COLUMNS FROM `category` [ RunTime:0.0024s ]
SQL: SELECT * FROM `category` LIMIT 4   [ RunTime:0.0002s ]
INFO: Run Behavior\ParseTemplateBehavior [ RunTime:0.017414s ]
INFO: [ view_parse ] --END-- [ RunTime:0.017543s ]
INFO: [ view_filter ] --START--
INFO: Run Behavior\WriteHtmlCacheBehavior [ RunTime:0.000467s ]
INFO: [ view_filter ] --END-- [ RunTime:0.000558s ]
INFO: [ app_end ] --START--
INFO: Run Behavior\ShowPageTraceBehavior [ RunTime:0.000701s ]
INFO: [ app_end ] --END-- [ RunTime:0.000821s ]

[ 2016-08-09T12:31:19+08:00 ] ::1 /ct/index.php/Home/Index/index.html
INFO: [ app_init ] --START--
INFO: Run Behavior\BuildLiteBehavior [ RunTime:0.000075s ]
INFO: [ app_init ] --END-- [ RunTime:0.000797s ]
INFO: [ app_begin ] --START--
INFO: Run Behavior\ReadHtmlCacheBehavior [ RunTime:0.000994s ]
INFO: [ app_begin ] --END-- [ RunTime:0.001232s ]
SQL: SHOW COLUMNS FROM `case` [ RunTime:0.0031s ]
SQL: SELECT * FROM `case` ORDER BY time DESC LIMIT 4   [ RunTime:0.0003s ]
SQL: SHOW COLUMNS FROM `images` [ RunTime:0.0029s ]
SQL: SELECT * FROM `images`  [ RunTime:0.0002s ]
SQL: SHOW COLUMNS FROM `active` [ RunTime:0.0028s ]
SQL: SELECT * FROM `active` ORDER BY top desc,topTime desc LIMIT 7   [ RunTime:0.0006s ]
SQL: SHOW COLUMNS FROM `project` [ RunTime:0.0039s ]
SQL: SELECT * FROM `project` WHERE ( status='否' ) ORDER BY time DESC LIMIT 6   [ RunTime:0.0003s ]
SQL: SHOW COLUMNS FROM `pro_images` [ RunTime:0.0025s ]
SQL: SELECT * FROM `pro_images`  [ RunTime:0.0002s ]
SQL: SELECT * FROM `project` WHERE ( status='是' ) ORDER BY time DESC LIMIT 1   [ RunTime:0.0002s ]
INFO: [ view_parse ] --START--
INFO: [ template_filter ] --START--
INFO: Run Behavior\ContentReplaceBehavior [ RunTime:0.000171s ]
INFO: [ template_filter ] --END-- [ RunTime:0.000374s ]
SQL: SHOW COLUMNS FROM `category` [ RunTime:0.0028s ]
SQL: SELECT * FROM `category` LIMIT 4   [ RunTime:0.0003s ]
INFO: Run Behavior\ParseTemplateBehavior [ RunTime:0.017306s ]
INFO: [ view_parse ] --END-- [ RunTime:0.017408s ]
INFO: [ view_filter ] --START--
INFO: Run Behavior\WriteHtmlCacheBehavior [ RunTime:0.000331s ]
INFO: [ view_filter ] --END-- [ RunTime:0.000417s ]
INFO: [ app_end ] --START--
INFO: Run Behavior\ShowPageTraceBehavior [ RunTime:0.000533s ]
INFO: [ app_end ] --END-- [ RunTime:0.000633s ]

[ 2016-08-09T12:32:22+08:00 ] ::1 /ct/index.php/Home/Index/index.html
INFO: [ app_init ] --START--
INFO: Run Behavior\BuildLiteBehavior [ RunTime:0.000040s ]
INFO: [ app_init ] --END-- [ RunTime:0.000491s ]
INFO: [ app_begin ] --START--
INFO: Run Behavior\ReadHtmlCacheBehavior [ RunTime:0.000431s ]
INFO: [ app_begin ] --END-- [ RunTime:0.000561s ]
SQL: SHOW COLUMNS FROM `case` [ RunTime:0.0034s ]
SQL: SELECT * FROM `case` ORDER BY time DESC LIMIT 4   [ RunTime:0.0003s ]
SQL: SHOW COLUMNS FROM `images` [ RunTime:0.0039s ]
SQL: SELECT * FROM `images`  [ RunTime:0.0003s ]
SQL: SHOW COLUMNS FROM `active` [ RunTime:0.0048s ]
SQL: SELECT * FROM `active` ORDER BY top desc,topTime desc LIMIT 7   [ RunTime:0.0004s ]
SQL: SHOW COLUMNS FROM `project` [ RunTime:0.0031s ]
SQL: SELECT * FROM `project` WHERE ( status='否' ) ORDER BY time DESC LIMIT 6   [ RunTime:0.0003s ]
SQL: SHOW COLUMNS FROM `pro_images` [ RunTime:0.0030s ]
SQL: SELECT * FROM `pro_images`  [ RunTime:0.0003s ]
SQL: SELECT * FROM `project` WHERE ( status='是' ) ORDER BY time DESC LIMIT 1   [ RunTime:0.0002s ]
INFO: [ view_parse ] --START--
INFO: [ template_filter ] --START--
INFO: Run Behavior\ContentReplaceBehavior [ RunTime:0.000120s ]
INFO: [ template_filter ] --END-- [ RunTime:0.000228s ]
SQL: SHOW COLUMNS FROM `category` [ RunTime:0.0033s ]
SQL: SELECT * FROM `category` LIMIT 4   [ RunTime:0.0002s ]
INFO: Run Behavior\ParseTemplateBehavior [ RunTime:0.019247s ]
INFO: [ view_parse ] --END-- [ RunTime:0.019356s ]
INFO: [ view_filter ] --START--
INFO: Run Behavior\WriteHtmlCacheBehavior [ RunTime:0.000251s ]
INFO: [ view_filter ] --END-- [ RunTime:0.000350s ]
INFO: [ app_end ] --START--
INFO: Run Behavior\ShowPageTraceBehavior [ RunTime:0.001079s ]
INFO: [ app_end ] --END-- [ RunTime:0.001260s ]

[ 2016-08-09T12:33:09+08:00 ] ::1 /ct/index.php/Home/Index/index.html
INFO: [ app_init ] --START--
INFO: Run Behavior\BuildLiteBehavior [ RunTime:0.000034s ]
INFO: [ app_init ] --END-- [ RunTime:0.000567s ]
INFO: [ app_begin ] --START--
INFO: Run Behavior\ReadHtmlCacheBehavior [ RunTime:0.000741s ]
INFO: [ app_begin ] --END-- [ RunTime:0.000895s ]
SQL: SHOW COLUMNS FROM `case` [ RunTime:0.0030s ]
SQL: SELECT * FROM `case` ORDER BY time DESC LIMIT 4   [ RunTime:0.0003s ]
SQL: SHOW COLUMNS FROM `images` [ RunTime:0.0042s ]
SQL: SELECT * FROM `images`  [ RunTime:0.0007s ]
SQL: SHOW COLUMNS FROM `active` [ RunTime:0.0038s ]
SQL: SELECT * FROM `active` ORDER BY top desc,topTime desc LIMIT 7   [ RunTime:0.0003s ]
SQL: SHOW COLUMNS FROM `project` [ RunTime:0.0030s ]
SQL: SELECT * FROM `project` WHERE ( status='否' ) ORDER BY time DESC LIMIT 6   [ RunTime:0.0003s ]
SQL: SHOW COLUMNS FROM `pro_images` [ RunTime:0.0026s ]
SQL: SELECT * FROM `pro_images`  [ RunTime:0.0002s ]
SQL: SELECT * FROM `project` WHERE ( status='是' ) ORDER BY time DESC LIMIT 1   [ RunTime:0.0002s ]
INFO: [ view_parse ] --START--
INFO: [ template_filter ] --START--
INFO: Run Behavior\ContentReplaceBehavior [ RunTime:0.000129s ]
INFO: [ template_filter ] --END-- [ RunTime:0.000247s ]
SQL: SHOW COLUMNS FROM `category` [ RunTime:0.0025s ]
SQL: SELECT * FROM `category` LIMIT 4   [ RunTime:0.0002s ]
INFO: Run Behavior\ParseTemplateBehavior [ RunTime:0.018690s ]
INFO: [ view_parse ] --END-- [ RunTime:0.018793s ]
INFO: [ view_filter ] --START--
INFO: Run Behavior\WriteHtmlCacheBehavior [ RunTime:0.001238s ]
INFO: [ view_filter ] --END-- [ RunTime:0.001343s ]
INFO: [ app_end ] --START--
INFO: Run Behavior\ShowPageTraceBehavior [ RunTime:0.001074s ]
INFO: [ app_end ] --END-- [ RunTime:0.001298s ]

[ 2016-08-09T12:37:10+08:00 ] ::1 /ct/index.php/Home/Index/index.html
INFO: [ app_init ] --START--
INFO: Run Behavior\BuildLiteBehavior [ RunTime:0.000035s ]
INFO: [ app_init ] --END-- [ RunTime:0.000414s ]
INFO: [ app_begin ] --START--
INFO: Run Behavior\ReadHtmlCacheBehavior [ RunTime:0.000445s ]
INFO: [ app_begin ] --END-- [ RunTime:0.000541s ]
SQL: SHOW COLUMNS FROM `case` [ RunTime:0.0044s ]
SQL: SELECT * FROM `case` ORDER BY time DESC LIMIT 4   [ RunTime:0.0003s ]
SQL: SHOW COLUMNS FROM `images` [ RunTime:0.0029s ]
SQL: SELECT * FROM `images`  [ RunTime:0.0002s ]
SQL: SHOW COLUMNS FROM `active` [ RunTime:0.0027s ]
SQL: SELECT * FROM `active` ORDER BY top desc,topTime desc LIMIT 7   [ RunTime:0.0004s ]
SQL: SHOW COLUMNS FROM `project` [ RunTime:0.0030s ]
SQL: SELECT * FROM `project` WHERE ( status='否' ) ORDER BY time DESC LIMIT 6   [ RunTime:0.0003s ]
SQL: SHOW COLUMNS FROM `pro_images` [ RunTime:0.0032s ]
SQL: SELECT * FROM `pro_images`  [ RunTime:0.0003s ]
SQL: SELECT * FROM `project` WHERE ( status='是' ) ORDER BY time DESC LIMIT 1   [ RunTime:0.0002s ]
INFO: [ view_parse ] --START--
INFO: [ template_filter ] --START--
INFO: Run Behavior\ContentReplaceBehavior [ RunTime:0.000122s ]
INFO: [ template_filter ] --END-- [ RunTime:0.000242s ]
SQL: SHOW COLUMNS FROM `category` [ RunTime:0.0033s ]
SQL: SELECT * FROM `category` LIMIT 4   [ RunTime:0.0002s ]
INFO: Run Behavior\ParseTemplateBehavior [ RunTime:0.018161s ]
INFO: [ view_parse ] --END-- [ RunTime:0.018262s ]
INFO: [ view_filter ] --START--
INFO: Run Behavior\WriteHtmlCacheBehavior [ RunTime:0.000412s ]
INFO: [ view_filter ] --END-- [ RunTime:0.000502s ]
INFO: [ app_end ] --START--
INFO: Run Behavior\ShowPageTraceBehavior [ RunTime:0.000658s ]
INFO: [ app_end ] --END-- [ RunTime:0.000782s ]

[ 2016-08-09T12:37:14+08:00 ] ::1 /ct/index.php/Home/Index/index.html
INFO: [ app_init ] --START--
INFO: Run Behavior\BuildLiteBehavior [ RunTime:0.000033s ]
INFO: [ app_init ] --END-- [ RunTime:0.000512s ]
INFO: [ app_begin ] --START--
INFO: Run Behavior\ReadHtmlCacheBehavior [ RunTime:0.000759s ]
INFO: [ app_begin ] --END-- [ RunTime:0.000904s ]
SQL: SHOW COLUMNS FROM `case` [ RunTime:0.0034s ]
SQL: SELECT * FROM `case` ORDER BY time DESC LIMIT 4   [ RunTime:0.0003s ]
SQL: SHOW COLUMNS FROM `images` [ RunTime:0.0031s ]
SQL: SELECT * FROM `images`  [ RunTime:0.0003s ]
SQL: SHOW COLUMNS FROM `active` [ RunTime:0.0034s ]
SQL: SELECT * FROM `active` ORDER BY top desc,topTime desc LIMIT 7   [ RunTime:0.0006s ]
SQL: SHOW COLUMNS FROM `project` [ RunTime:0.0034s ]
SQL: SELECT * FROM `project` WHERE ( status='否' ) ORDER BY time DESC LIMIT 6   [ RunTime:0.0003s ]
SQL: SHOW COLUMNS FROM `pro_images` [ RunTime:0.0034s ]
SQL: SELECT * FROM `pro_images`  [ RunTime:0.0003s ]
SQL: SELECT * FROM `project` WHERE ( status='是' ) ORDER BY time DESC LIMIT 1   [ RunTime:0.0002s ]
INFO: [ view_parse ] --START--
INFO: [ template_filter ] --START--
INFO: Run Behavior\ContentReplaceBehavior [ RunTime:0.000122s ]
INFO: [ template_filter ] --END-- [ RunTime:0.000258s ]
SQL: SHOW COLUMNS FROM `category` [ RunTime:0.0082s ]
SQL: SELECT * FROM `category` LIMIT 4   [ RunTime:0.0002s ]
INFO: Run Behavior\ParseTemplateBehavior [ RunTime:0.024638s ]
INFO: [ view_parse ] --END-- [ RunTime:0.024749s ]
INFO: [ view_filter ] --START--
INFO: Run Behavior\WriteHtmlCacheBehavior [ RunTime:0.000466s ]
INFO: [ view_filter ] --END-- [ RunTime:0.000559s ]
INFO: [ app_end ] --START--
INFO: Run Behavior\ShowPageTraceBehavior [ RunTime:0.001091s ]
INFO: [ app_end ] --END-- [ RunTime:0.001265s ]

[ 2016-08-09T12:37:22+08:00 ] ::1 /ct/
INFO: [ app_init ] --START--
INFO: Run Behavior\BuildLiteBehavior [ RunTime:0.000025s ]
INFO: [ app_init ] --END-- [ RunTime:0.000371s ]
INFO: [ app_begin ] --START--
INFO: Run Behavior\ReadHtmlCacheBehavior [ RunTime:0.000466s ]
INFO: [ app_begin ] --END-- [ RunTime:0.000582s ]
SQL: SHOW COLUMNS FROM `case` [ RunTime:0.0039s ]
SQL: SELECT * FROM `case` ORDER BY time DESC LIMIT 4   [ RunTime:0.0003s ]
SQL: SHOW COLUMNS FROM `images` [ RunTime:0.0035s ]
SQL: SELECT * FROM `images`  [ RunTime:0.0003s ]
SQL: SHOW COLUMNS FROM `active` [ RunTime:0.0028s ]
SQL: SELECT * FROM `active` ORDER BY top desc,topTime desc LIMIT 7   [ RunTime:0.0003s ]
SQL: SHOW COLUMNS FROM `project` [ RunTime:0.0030s ]
SQL: SELECT * FROM `project` WHERE ( status='否' ) ORDER BY time DESC LIMIT 6   [ RunTime:0.0003s ]
SQL: SHOW COLUMNS FROM `pro_images` [ RunTime:0.0037s ]
SQL: SELECT * FROM `pro_images`  [ RunTime:0.0003s ]
SQL: SELECT * FROM `project` WHERE ( status='是' ) ORDER BY time DESC LIMIT 1   [ RunTime:0.0002s ]
INFO: [ view_parse ] --START--
INFO: [ template_filter ] --START--
INFO: Run Behavior\ContentReplaceBehavior [ RunTime:0.000116s ]
INFO: [ template_filter ] --END-- [ RunTime:0.000217s ]
SQL: SHOW COLUMNS FROM `category` [ RunTime:0.0032s ]
SQL: SELECT * FROM `category` LIMIT 4   [ RunTime:0.0002s ]
INFO: Run Behavior\ParseTemplateBehavior [ RunTime:0.017351s ]
INFO: [ view_parse ] --END-- [ RunTime:0.017468s ]
INFO: [ view_filter ] --START--
INFO: Run Behavior\WriteHtmlCacheBehavior [ RunTime:0.000341s ]
INFO: [ view_filter ] --END-- [ RunTime:0.000431s ]
INFO: [ app_end ] --START--
INFO: Run Behavior\ShowPageTraceBehavior [ RunTime:0.000495s ]
INFO: [ app_end ] --END-- [ RunTime:0.000634s ]

[ 2016-08-09T12:37:44+08:00 ] ::1 /ct/
INFO: [ app_init ] --START--
INFO: Run Behavior\BuildLiteBehavior [ RunTime:0.000038s ]
INFO: [ app_init ] --END-- [ RunTime:0.000660s ]
INFO: [ app_begin ] --START--
INFO: Run Behavior\ReadHtmlCacheBehavior [ RunTime:0.000874s ]
INFO: [ app_begin ] --END-- [ RunTime:0.001044s ]
SQL: SHOW COLUMNS FROM `case` [ RunTime:0.0032s ]
SQL: SELECT * FROM `case` ORDER BY time DESC LIMIT 4   [ RunTime:0.0003s ]
SQL: SHOW COLUMNS FROM `images` [ RunTime:0.0029s ]
SQL: SELECT * FROM `images`  [ RunTime:0.0002s ]
SQL: SHOW COLUMNS FROM `active` [ RunTime:0.0030s ]
SQL: SELECT * FROM `active` ORDER BY top desc,topTime desc LIMIT 7   [ RunTime:0.0003s ]
SQL: SHOW COLUMNS FROM `project` [ RunTime:0.0040s ]
SQL: SELECT * FROM `project` WHERE ( status='否' ) ORDER BY time DESC LIMIT 6   [ RunTime:0.0003s ]
SQL: SHOW COLUMNS FROM `pro_images` [ RunTime:0.0026s ]
SQL: SELECT * FROM `pro_images`  [ RunTime:0.0003s ]
SQL: SELECT * FROM `project` WHERE ( status='是' ) ORDER BY time DESC LIMIT 1   [ RunTime:0.0002s ]
INFO: [ view_parse ] --START--
INFO: [ template_filter ] --START--
INFO: Run Behavior\ContentReplaceBehavior [ RunTime:0.000114s ]
INFO: [ template_filter ] --END-- [ RunTime:0.000211s ]
SQL: SHOW COLUMNS FROM `category` [ RunTime:0.0027s ]
SQL: SELECT * FROM `category` LIMIT 4   [ RunTime:0.0002s ]
INFO: Run Behavior\ParseTemplateBehavior [ RunTime:0.018153s ]
INFO: [ view_parse ] --END-- [ RunTime:0.018256s ]
INFO: [ view_filter ] --START--
INFO: Run Behavior\WriteHtmlCacheBehavior [ RunTime:0.000454s ]
INFO: [ view_filter ] --END-- [ RunTime:0.000581s ]
INFO: [ app_end ] --START--
INFO: Run Behavior\ShowPageTraceBehavior [ RunTime:0.000740s ]
INFO: [ app_end ] --END-- [ RunTime:0.000894s ]

[ 2016-08-09T12:37:52+08:00 ] ::1 /ct/
INFO: [ app_init ] --START--
INFO: Run Behavior\BuildLiteBehavior [ RunTime:0.000028s ]
INFO: [ app_init ] --END-- [ RunTime:0.000517s ]
INFO: [ app_begin ] --START--
INFO: Run Behavior\ReadHtmlCacheBehavior [ RunTime:0.000602s ]
INFO: [ app_begin ] --END-- [ RunTime:0.000724s ]
SQL: SHOW COLUMNS FROM `case` [ RunTime:0.0036s ]
SQL: SELECT * FROM `case` ORDER BY time DESC LIMIT 4   [ RunTime:0.0003s ]
SQL: SHOW COLUMNS FROM `images` [ RunTime:0.0049s ]
SQL: SELECT * FROM `images`  [ RunTime:0.0003s ]
SQL: SHOW COLUMNS FROM `active` [ RunTime:0.0029s ]
SQL: SELECT * FROM `active` ORDER BY top desc,topTime desc LIMIT 7   [ RunTime:0.0003s ]
SQL: SHOW COLUMNS FROM `project` [ RunTime:0.0028s ]
SQL: SELECT * FROM `project` WHERE ( status='否' ) ORDER BY time DESC LIMIT 6   [ RunTime:0.0003s ]
SQL: SHOW COLUMNS FROM `pro_images` [ RunTime:0.0028s ]
SQL: SELECT * FROM `pro_images`  [ RunTime:0.0003s ]
SQL: SELECT * FROM `project` WHERE ( status='是' ) ORDER BY time DESC LIMIT 1   [ RunTime:0.0002s ]
INFO: [ view_parse ] --START--
INFO: [ template_filter ] --START--
INFO: Run Behavior\ContentReplaceBehavior [ RunTime:0.000127s ]
INFO: [ template_filter ] --END-- [ RunTime:0.000244s ]
SQL: SHOW COLUMNS FROM `category` [ RunTime:0.0045s ]
SQL: SELECT * FROM `category` LIMIT 4   [ RunTime:0.0003s ]
INFO: Run Behavior\ParseTemplateBehavior [ RunTime:0.021635s ]
INFO: [ view_parse ] --END-- [ RunTime:0.021746s ]
INFO: [ view_filter ] --START--
INFO: Run Behavior\WriteHtmlCacheBehavior [ RunTime:0.000483s ]
INFO: [ view_filter ] --END-- [ RunTime:0.000612s ]
INFO: [ app_end ] --START--
INFO: Run Behavior\ShowPageTraceBehavior [ RunTime:0.000672s ]
INFO: [ app_end ] --END-- [ RunTime:0.000812s ]

[ 2016-08-09T12:38:31+08:00 ] ::1 /ct/
INFO: [ app_init ] --START--
INFO: Run Behavior\BuildLiteBehavior [ RunTime:0.000042s ]
INFO: [ app_init ] --END-- [ RunTime:0.000614s ]
INFO: [ app_begin ] --START--
INFO: Run Behavior\ReadHtmlCacheBehavior [ RunTime:0.003070s ]
INFO: [ app_begin ] --END-- [ RunTime:0.003482s ]
SQL: SHOW COLUMNS FROM `case` [ RunTime:0.0296s ]
SQL: SELECT * FROM `case` ORDER BY time DESC LIMIT 4   [ RunTime:0.0006s ]
SQL: SHOW COLUMNS FROM `images` [ RunTime:0.0042s ]
SQL: SELECT * FROM `images`  [ RunTime:0.0004s ]
SQL: SHOW COLUMNS FROM `active` [ RunTime:0.0086s ]
SQL: SELECT * FROM `active` ORDER BY top desc,topTime desc LIMIT 7   [ RunTime:0.0008s ]
SQL: SHOW COLUMNS FROM `project` [ RunTime:0.0058s ]
SQL: SELECT * FROM `project` WHERE ( status='否' ) ORDER BY time DESC LIMIT 6   [ RunTime:0.0021s ]
SQL: SHOW COLUMNS FROM `pro_images` [ RunTime:0.0066s ]
SQL: SELECT * FROM `pro_images`  [ RunTime:0.0005s ]
SQL: SELECT * FROM `project` WHERE ( status='是' ) ORDER BY time DESC LIMIT 1   [ RunTime:0.0006s ]
INFO: [ view_parse ] --START--
INFO: [ template_filter ] --START--
INFO: Run Behavior\ContentReplaceBehavior [ RunTime:0.000125s ]
INFO: [ template_filter ] --END-- [ RunTime:0.000239s ]
SQL: SHOW COLUMNS FROM `category` [ RunTime:0.0071s ]
SQL: SELECT * FROM `category` LIMIT 4   [ RunTime:0.0004s ]
INFO: Run Behavior\ParseTemplateBehavior [ RunTime:0.041309s ]
INFO: [ view_parse ] --END-- [ RunTime:0.041933s ]
INFO: [ view_filter ] --START--
INFO: Run Behavior\WriteHtmlCacheBehavior [ RunTime:0.001874s ]
INFO: [ view_filter ] --END-- [ RunTime:0.002234s ]
INFO: [ app_end ] --START--
INFO: Run Behavior\ShowPageTraceBehavior [ RunTime:0.001461s ]
INFO: [ app_end ] --END-- [ RunTime:0.001800s ]

[ 2016-08-09T12:39:04+08:00 ] ::1 /ct/
INFO: [ app_init ] --START--
INFO: Run Behavior\BuildLiteBehavior [ RunTime:0.000027s ]
INFO: [ app_init ] --END-- [ RunTime:0.000409s ]
INFO: [ app_begin ] --START--
INFO: Run Behavior\ReadHtmlCacheBehavior [ RunTime:0.000580s ]
INFO: [ app_begin ] --END-- [ RunTime:0.000694s ]
SQL: SHOW COLUMNS FROM `case` [ RunTime:0.0135s ]
SQL: SELECT * FROM `case` ORDER BY time DESC LIMIT 4   [ RunTime:0.0005s ]
SQL: SHOW COLUMNS FROM `images` [ RunTime:0.0046s ]
SQL: SELECT * FROM `images`  [ RunTime:0.0003s ]
SQL: SHOW COLUMNS FROM `active` [ RunTime:0.0029s ]
SQL: SELECT * FROM `active` ORDER BY top desc,topTime desc LIMIT 7   [ RunTime:0.0003s ]
SQL: SHOW COLUMNS FROM `project` [ RunTime:0.0062s ]
SQL: SELECT * FROM `project` WHERE ( status='否' ) ORDER BY time DESC LIMIT 6   [ RunTime:0.0003s ]
SQL: SHOW COLUMNS FROM `pro_images` [ RunTime:0.0029s ]
SQL: SELECT * FROM `pro_images`  [ RunTime:0.0003s ]
SQL: SELECT * FROM `project` WHERE ( status='是' ) ORDER BY time DESC LIMIT 1   [ RunTime:0.0002s ]
INFO: [ view_parse ] --START--
INFO: [ template_filter ] --START--
INFO: Run Behavior\ContentReplaceBehavior [ RunTime:0.001047s ]
INFO: [ template_filter ] --END-- [ RunTime:0.001593s ]
SQL: SHOW COLUMNS FROM `category` [ RunTime:0.0029s ]
SQL: SELECT * FROM `category` LIMIT 4   [ RunTime:0.0002s ]
INFO: Run Behavior\ParseTemplateBehavior [ RunTime:0.021153s ]
INFO: [ view_parse ] --END-- [ RunTime:0.021264s ]
INFO: [ view_filter ] --START--
INFO: Run Behavior\WriteHtmlCacheBehavior [ RunTime:0.000453s ]
INFO: [ view_filter ] --END-- [ RunTime:0.000542s ]
INFO: [ app_end ] --START--
INFO: Run Behavior\ShowPageTraceBehavior [ RunTime:0.000892s ]
INFO: [ app_end ] --END-- [ RunTime:0.001026s ]

[ 2016-08-09T12:40:01+08:00 ] ::1 /ct/
INFO: [ app_init ] --START--
INFO: Run Behavior\BuildLiteBehavior [ RunTime:0.000022s ]
INFO: [ app_init ] --END-- [ RunTime:0.000340s ]
INFO: [ app_begin ] --START--
INFO: Run Behavior\ReadHtmlCacheBehavior [ RunTime:0.000757s ]
INFO: [ app_begin ] --END-- [ RunTime:0.000927s ]
SQL: SHOW COLUMNS FROM `case` [ RunTime:0.0027s ]
SQL: SELECT * FROM `case` ORDER BY time DESC LIMIT 4   [ RunTime:0.0002s ]
SQL: SHOW COLUMNS FROM `images` [ RunTime:0.0028s ]
SQL: SELECT * FROM `images`  [ RunTime:0.0003s ]
SQL: SHOW COLUMNS FROM `active` [ RunTime:0.0035s ]
SQL: SELECT * FROM `active` ORDER BY top desc,topTime desc LIMIT 7   [ RunTime:0.0005s ]
SQL: SHOW COLUMNS FROM `project` [ RunTime:0.0039s ]
SQL: SELECT * FROM `project` WHERE ( status='否' ) ORDER BY time DESC LIMIT 6   [ RunTime:0.0003s ]
SQL: SHOW COLUMNS FROM `pro_images` [ RunTime:0.0030s ]
SQL: SELECT * FROM `pro_images`  [ RunTime:0.0002s ]
SQL: SELECT * FROM `project` WHERE ( status='是' ) ORDER BY time DESC LIMIT 1   [ RunTime:0.0002s ]
INFO: [ view_parse ] --START--
INFO: [ template_filter ] --START--
INFO: Run Behavior\ContentReplaceBehavior [ RunTime:0.000119s ]
INFO: [ template_filter ] --END-- [ RunTime:0.000232s ]
SQL: SHOW COLUMNS FROM `category` [ RunTime:0.0054s ]
SQL: SELECT * FROM `category` LIMIT 4   [ RunTime:0.0003s ]
INFO: Run Behavior\ParseTemplateBehavior [ RunTime:0.021188s ]
INFO: [ view_parse ] --END-- [ RunTime:0.021326s ]
INFO: [ view_filter ] --START--
INFO: Run Behavior\WriteHtmlCacheBehavior [ RunTime:0.000693s ]
INFO: [ view_filter ] --END-- [ RunTime:0.000796s ]
INFO: [ app_end ] --START--
INFO: Run Behavior\ShowPageTraceBehavior [ RunTime:0.000959s ]
INFO: [ app_end ] --END-- [ RunTime:0.001112s ]

[ 2016-08-09T12:40:11+08:00 ] ::1 /ct/
INFO: [ app_init ] --START--
INFO: Run Behavior\BuildLiteBehavior [ RunTime:0.000030s ]
INFO: [ app_init ] --END-- [ RunTime:0.000437s ]
INFO: [ app_begin ] --START--
INFO: Run Behavior\ReadHtmlCacheBehavior [ RunTime:0.000598s ]
INFO: [ app_begin ] --END-- [ RunTime:0.000711s ]
SQL: SHOW COLUMNS FROM `case` [ RunTime:0.0042s ]
SQL: SELECT * FROM `case` ORDER BY time DESC LIMIT 4   [ RunTime:0.0003s ]
SQL: SHOW COLUMNS FROM `images` [ RunTime:0.0032s ]
SQL: SELECT * FROM `images`  [ RunTime:0.0003s ]
SQL: SHOW COLUMNS FROM `active` [ RunTime:0.0036s ]
SQL: SELECT * FROM `active` ORDER BY top desc,topTime desc LIMIT 7   [ RunTime:0.0003s ]
SQL: SHOW COLUMNS FROM `project` [ RunTime:0.0032s ]
SQL: SELECT * FROM `project` WHERE ( status='否' ) ORDER BY time DESC LIMIT 6   [ RunTime:0.0003s ]
SQL: SHOW COLUMNS FROM `pro_images` [ RunTime:0.0038s ]
SQL: SELECT * FROM `pro_images`  [ RunTime:0.0004s ]
SQL: SELECT * FROM `project` WHERE ( status='是' ) ORDER BY time DESC LIMIT 1   [ RunTime:0.0003s ]
INFO: [ view_parse ] --START--
INFO: [ template_filter ] --START--
INFO: Run Behavior\ContentReplaceBehavior [ RunTime:0.000114s ]
INFO: [ template_filter ] --END-- [ RunTime:0.000218s ]
SQL: SHOW COLUMNS FROM `category` [ RunTime:0.0034s ]
SQL: SELECT * FROM `category` LIMIT 4   [ RunTime:0.0003s ]
INFO: Run Behavior\ParseTemplateBehavior [ RunTime:0.018676s ]
INFO: [ view_parse ] --END-- [ RunTime:0.018907s ]
INFO: [ view_filter ] --START--
INFO: Run Behavior\WriteHtmlCacheBehavior [ RunTime:0.000446s ]
INFO: [ view_filter ] --END-- [ RunTime:0.000533s ]
INFO: [ app_end ] --START--
INFO: Run Behavior\ShowPageTraceBehavior [ RunTime:0.000877s ]
INFO: [ app_end ] --END-- [ RunTime:0.001033s ]

[ 2016-08-09T12:40:21+08:00 ] ::1 /ct/
INFO: [ app_init ] --START--
INFO: Run Behavior\BuildLiteBehavior [ RunTime:0.000041s ]
INFO: [ app_init ] --END-- [ RunTime:0.000652s ]
INFO: [ app_begin ] --START--
INFO: Run Behavior\ReadHtmlCacheBehavior [ RunTime:0.000978s ]
INFO: [ app_begin ] --END-- [ RunTime:0.001180s ]
SQL: SHOW COLUMNS FROM `case` [ RunTime:0.0038s ]
SQL: SELECT * FROM `case` ORDER BY time DESC LIMIT 4   [ RunTime:0.0003s ]
SQL: SHOW COLUMNS FROM `images` [ RunTime:0.0038s ]
SQL: SELECT * FROM `images`  [ RunTime:0.0003s ]
SQL: SHOW COLUMNS FROM `active` [ RunTime:0.0032s ]
SQL: SELECT * FROM `active` ORDER BY top desc,topTime desc LIMIT 7   [ RunTime:0.0003s ]
SQL: SHOW COLUMNS FROM `project` [ RunTime:0.0028s ]
SQL: SELECT * FROM `project` WHERE ( status='否' ) ORDER BY time DESC LIMIT 6   [ RunTime:0.0004s ]
SQL: SHOW COLUMNS FROM `pro_images` [ RunTime:0.0040s ]
SQL: SELECT * FROM `pro_images`  [ RunTime:0.0004s ]
SQL: SELECT * FROM `project` WHERE ( status='是' ) ORDER BY time DESC LIMIT 1   [ RunTime:0.0003s ]
INFO: [ view_parse ] --START--
INFO: [ template_filter ] --START--
INFO: Run Behavior\ContentReplaceBehavior [ RunTime:0.000121s ]
INFO: [ template_filter ] --END-- [ RunTime:0.000242s ]
SQL: SHOW COLUMNS FROM `category` [ RunTime:0.0033s ]
SQL: SELECT * FROM `category` LIMIT 4   [ RunTime:0.0003s ]
INFO: Run Behavior\ParseTemplateBehavior [ RunTime:0.019612s ]
INFO: [ view_parse ] --END-- [ RunTime:0.019810s ]
INFO: [ view_filter ] --START--
INFO: Run Behavior\WriteHtmlCacheBehavior [ RunTime:0.000827s ]
INFO: [ view_filter ] --END-- [ RunTime:0.001159s ]
INFO: [ app_end ] --START--
INFO: Run Behavior\ShowPageTraceBehavior [ RunTime:0.001094s ]
INFO: [ app_end ] --END-- [ RunTime:0.001273s ]

