[ 2016-10-26T16:37:40+08:00 ] ::1 /ct/
INFO: [ app_init ] --START--
INFO: Run Behavior\BuildLiteBehavior [ RunTime:0.000085s ]
INFO: [ app_init ] --END-- [ RunTime:0.002289s ]
INFO: [ app_begin ] --START--
INFO: Run Behavior\ReadHtmlCacheBehavior [ RunTime:0.004401s ]
INFO: [ app_begin ] --END-- [ RunTime:0.004838s ]
SQL: SHOW COLUMNS FROM `case` [ RunTime:0.1707s ]
SQL: SELECT * FROM `case` ORDER BY time DESC LIMIT 4   [ RunTime:0.0010s ]
SQL: SHOW COLUMNS FROM `images` [ RunTime:0.1372s ]
SQL: SELECT * FROM `images`  [ RunTime:0.0009s ]
SQL: SHOW COLUMNS FROM `active` [ RunTime:0.1376s ]
SQL: SELECT * FROM `active` ORDER BY top desc,topTime desc LIMIT 7   [ RunTime:0.0266s ]
SQL: SHOW COLUMNS FROM `project` [ RunTime:0.1875s ]
SQL: SELECT * FROM `project` WHERE ( status='否' ) ORDER BY time DESC LIMIT 6   [ RunTime:0.0008s ]
SQL: SHOW COLUMNS FROM `pro_images` [ RunTime:0.1016s ]
SQL: SELECT * FROM `pro_images`  [ RunTime:0.0008s ]
SQL: SELECT * FROM `project` WHERE ( status='是' ) ORDER BY time DESC LIMIT 1   [ RunTime:0.0007s ]
INFO: [ view_parse ] --START--
INFO: [ template_filter ] --START--
INFO: Run Behavior\ContentReplaceBehavior [ RunTime:0.000520s ]
INFO: [ template_filter ] --END-- [ RunTime:0.000947s ]
SQL: SHOW COLUMNS FROM `category` [ RunTime:0.1341s ]
SQL: SELECT * FROM `category` LIMIT 4   [ RunTime:0.0006s ]
INFO: Run Behavior\ParseTemplateBehavior [ RunTime:0.277099s ]
INFO: [ view_parse ] --END-- [ RunTime:0.277525s ]
INFO: [ view_filter ] --START--
INFO: Run Behavior\WriteHtmlCacheBehavior [ RunTime:0.009178s ]
INFO: [ view_filter ] --END-- [ RunTime:0.009588s ]
INFO: [ app_end ] --START--
INFO: Run Behavior\ShowPageTraceBehavior [ RunTime:0.016967s ]
INFO: [ app_end ] --END-- [ RunTime:0.017378s ]

