[ 2016-05-20T09:06:53+08:00 ] ::1 /ct/Public/Public/jquery.min.js
INFO: [ app_init ] --START--
INFO: Run Behavior\BuildLiteBehavior [ RunTime:0.000022s ]
INFO: [ app_init ] --END-- [ RunTime:0.000352s ]
ERR: 无法加载模块:Public

[ 2016-05-20T09:06:53+08:00 ] ::1 /ct/Public/Yourphp/Tpl/Home/Default/Public/Js/jquery.artDialog.js?skin=default
INFO: [ app_init ] --START--
INFO: Run Behavior\BuildLiteBehavior [ RunTime:0.000041s ]
INFO: [ app_init ] --END-- [ RunTime:0.000575s ]
ERR: 无法加载模块:Public

[ 2016-05-20T09:06:53+08:00 ] ::1 /ct/Public/Public/jquery.min.js
INFO: [ app_init ] --START--
INFO: Run Behavior\BuildLiteBehavior [ RunTime:0.000037s ]
INFO: [ app_init ] --END-- [ RunTime:0.000552s ]
ERR: 无法加载模块:Public

[ 2016-05-20T09:06:53+08:00 ] ::1 /ct/Public/Yourphp/Tpl/Home/Default/Public/images/favicon.ico
INFO: [ app_init ] --START--
INFO: Run Behavior\BuildLiteBehavior [ RunTime:0.000040s ]
INFO: [ app_init ] --END-- [ RunTime:0.000792s ]
ERR: 无法加载模块:Public

[ 2016-05-20T09:06:53+08:00 ] ::1 /ct/Public/Yourphp/Tpl/Home/Default/Public/images/favicon.ico
INFO: [ app_init ] --START--
INFO: Run Behavior\BuildLiteBehavior [ RunTime:0.000044s ]
INFO: [ app_init ] --END-- [ RunTime:0.001084s ]
ERR: 无法加载模块:Public

[ 2016-05-20T09:06:53+08:00 ] ::1 /ct/Public/Yourphp/Tpl/Home/Default/Public/Js/jquery.artDialog.js?skin=default
INFO: [ app_init ] --START--
INFO: Run Behavior\BuildLiteBehavior [ RunTime:0.000031s ]
INFO: [ app_init ] --END-- [ RunTime:0.000363s ]
ERR: 无法加载模块:Public

[ 2016-05-20T09:07:02+08:00 ] ::1 /ct/Public/Yourphp/Tpl/Home/Default/Public/Js/jquery.artDialog.js?skin=default
INFO: [ app_init ] --START--
INFO: Run Behavior\BuildLiteBehavior [ RunTime:0.000038s ]
INFO: [ app_init ] --END-- [ RunTime:0.000506s ]
ERR: 无法加载模块:Public

[ 2016-05-20T09:07:02+08:00 ] ::1 /ct/Public/Yourphp/Tpl/Home/Default/Public/Js/jquery.artDialog.js?skin=default
INFO: [ app_init ] --START--
INFO: Run Behavior\BuildLiteBehavior [ RunTime:0.000077s ]
INFO: [ app_init ] --END-- [ RunTime:0.000823s ]
ERR: 无法加载模块:Public

[ 2016-05-20T09:07:02+08:00 ] ::1 /ct/Public/Yourphp/Tpl/Home/Default/Public/images/menu_hover.png
INFO: [ app_init ] --START--
INFO: Run Behavior\BuildLiteBehavior [ RunTime:0.000041s ]
INFO: [ app_init ] --END-- [ RunTime:0.000559s ]
ERR: 无法加载模块:Public

[ 2016-05-20T09:07:03+08:00 ] ::1 /ct/Public/Public/jquery.min.js
INFO: [ app_init ] --START--
INFO: Run Behavior\BuildLiteBehavior [ RunTime:0.000022s ]
INFO: [ app_init ] --END-- [ RunTime:0.000369s ]
ERR: 无法加载模块:Public

[ 2016-05-20T09:07:03+08:00 ] ::1 /ct/Public/Yourphp/Tpl/Home/Default/Public/Js/jquery.artDialog.js?skin=default
INFO: [ app_init ] --START--
INFO: Run Behavior\BuildLiteBehavior [ RunTime:0.000023s ]
INFO: [ app_init ] --END-- [ RunTime:0.000351s ]
ERR: 无法加载模块:Public

[ 2016-05-20T09:07:10+08:00 ] ::1 /ct/Public/Public/jquery.min.js
INFO: [ app_init ] --START--
INFO: Run Behavior\BuildLiteBehavior [ RunTime:0.000041s ]
INFO: [ app_init ] --END-- [ RunTime:0.000583s ]
ERR: 无法加载模块:Public

[ 2016-05-20T09:07:10+08:00 ] ::1 /ct/Public/Yourphp/Tpl/Home/Default/Public/Js/jquery.artDialog.js?skin=default
INFO: [ app_init ] --START--
INFO: Run Behavior\BuildLiteBehavior [ RunTime:0.000037s ]
INFO: [ app_init ] --END-- [ RunTime:0.000536s ]
ERR: 无法加载模块:Public

[ 2016-05-20T09:11:38+08:00 ] ::1 /ct/Public/Yourphp/Tpl/Home/Default/Public/Js/jquery.artDialog.js?skin=default
INFO: [ app_init ] --START--
INFO: Run Behavior\BuildLiteBehavior [ RunTime:0.000021s ]
INFO: [ app_init ] --END-- [ RunTime:0.000331s ]
ERR: 无法加载模块:Public

[ 2016-05-20T09:11:39+08:00 ] ::1 /ct/Public/Yourphp/Tpl/Home/Default/Public/Js/jquery.artDialog.js?skin=default
INFO: [ app_init ] --START--
INFO: Run Behavior\BuildLiteBehavior [ RunTime:0.000023s ]
INFO: [ app_init ] --END-- [ RunTime:0.000365s ]
ERR: 无法加载模块:Public

[ 2016-05-20T09:11:39+08:00 ] ::1 /ct/Public/Yourphp/Tpl/Home/Default/Public/images/menu_hover.png
INFO: [ app_init ] --START--
INFO: Run Behavior\BuildLiteBehavior [ RunTime:0.000022s ]
INFO: [ app_init ] --END-- [ RunTime:0.000327s ]
ERR: 无法加载模块:Public

[ 2016-05-20T09:11:43+08:00 ] ::1 /ct/Public/Yourphp/Tpl/Home/Default/Public/Js/jquery.artDialog.js?skin=default
INFO: [ app_init ] --START--
INFO: Run Behavior\BuildLiteBehavior [ RunTime:0.000054s ]
INFO: [ app_init ] --END-- [ RunTime:0.000618s ]
ERR: 无法加载模块:Public

[ 2016-05-20T09:11:44+08:00 ] ::1 /ct/Public/Yourphp/Tpl/Home/Default/Public/images/menu_hover.png
INFO: [ app_init ] --START--
INFO: Run Behavior\BuildLiteBehavior [ RunTime:0.000022s ]
INFO: [ app_init ] --END-- [ RunTime:0.000322s ]
ERR: 无法加载模块:Public

[ 2016-05-20T09:26:56+08:00 ] ::1 /ct/Public/Yourphp/Tpl/Home/Default/Public/Js/jquery.artDialog.js?skin=default
INFO: [ app_init ] --START--
INFO: Run Behavior\BuildLiteBehavior [ RunTime:0.000022s ]
INFO: [ app_init ] --END-- [ RunTime:0.000359s ]
ERR: 无法加载模块:Public

[ 2016-05-20T09:26:56+08:00 ] ::1 /ct/Public/Yourphp/Tpl/Home/Default/Public/images/menu_hover.png
INFO: [ app_init ] --START--
INFO: Run Behavior\BuildLiteBehavior [ RunTime:0.000023s ]
INFO: [ app_init ] --END-- [ RunTime:0.000413s ]
ERR: 无法加载模块:Public

[ 2016-05-20T09:27:01+08:00 ] ::1 /ct/Public/Yourphp/Tpl/Home/Default/Public/Js/jquery.artDialog.js?skin=default
INFO: [ app_init ] --START--
INFO: Run Behavior\BuildLiteBehavior [ RunTime:0.000023s ]
INFO: [ app_init ] --END-- [ RunTime:0.000348s ]
ERR: 无法加载模块:Public

[ 2016-05-20T09:27:01+08:00 ] ::1 /ct/Public/Yourphp/Tpl/Home/Default/Public/images/menu_hover.png
INFO: [ app_init ] --START--
INFO: Run Behavior\BuildLiteBehavior [ RunTime:0.000048s ]
INFO: [ app_init ] --END-- [ RunTime:0.000533s ]
ERR: 无法加载模块:Public

[ 2016-05-20T09:30:00+08:00 ] ::1 /ct/Public/Public/jquery.min.js
INFO: [ app_init ] --START--
INFO: Run Behavior\BuildLiteBehavior [ RunTime:0.000023s ]
INFO: [ app_init ] --END-- [ RunTime:0.000364s ]
ERR: 无法加载模块:Public

[ 2016-05-20T09:30:00+08:00 ] ::1 /ct/Public/Yourphp/Tpl/Home/Default/Public/Js/jquery.artDialog.js?skin=default
INFO: [ app_init ] --START--
INFO: Run Behavior\BuildLiteBehavior [ RunTime:0.000022s ]
INFO: [ app_init ] --END-- [ RunTime:0.000365s ]
ERR: 无法加载模块:Public

[ 2016-05-20T09:30:00+08:00 ] ::1 /ct/Public/Public/jquery.min.js
INFO: [ app_init ] --START--
INFO: Run Behavior\BuildLiteBehavior [ RunTime:0.000025s ]
INFO: [ app_init ] --END-- [ RunTime:0.000369s ]
ERR: 无法加载模块:Public

[ 2016-05-20T09:30:00+08:00 ] ::1 /ct/Public/Yourphp/Tpl/Home/Default/Public/Js/jquery.artDialog.js?skin=default
INFO: [ app_init ] --START--
INFO: Run Behavior\BuildLiteBehavior [ RunTime:0.000024s ]
INFO: [ app_init ] --END-- [ RunTime:0.000416s ]
ERR: 无法加载模块:Public

[ 2016-05-20T09:31:02+08:00 ] ::1 /ct/Public/Yourphp/Tpl/Home/Default/Public/Js/jquery.artDialog.js?skin=default
INFO: [ app_init ] --START--
INFO: Run Behavior\BuildLiteBehavior [ RunTime:0.000030s ]
INFO: [ app_init ] --END-- [ RunTime:0.000431s ]
ERR: 无法加载模块:Public

[ 2016-05-20T09:31:02+08:00 ] ::1 /ct/Public/Yourphp/Tpl/Home/Default/Public/images/menu_hover.png
INFO: [ app_init ] --START--
INFO: Run Behavior\BuildLiteBehavior [ RunTime:0.000021s ]
INFO: [ app_init ] --END-- [ RunTime:0.000340s ]
ERR: 无法加载模块:Public

