[ 2016-09-01T17:02:10+08:00 ] ::1 /ct/Public/Public/jquery.min.js
INFO: [ app_init ] --START--
INFO: Run Behavior\BuildLiteBehavior [ RunTime:0.000027s ]
INFO: [ app_init ] --END-- [ RunTime:0.002300s ]
ERR: 无法加载模块:Public

[ 2016-09-01T17:02:10+08:00 ] ::1 /ct/Public/Yourphp/Tpl/Home/Default/Public/Js/jquery.artDialog.js?skin=default
INFO: [ app_init ] --START--
INFO: Run Behavior\BuildLiteBehavior [ RunTime:0.000040s ]
INFO: [ app_init ] --END-- [ RunTime:0.000607s ]
ERR: 无法加载模块:Public

[ 2016-09-01T17:02:10+08:00 ] ::1 /ct/Public/Yourphp/Tpl/Home/Default/Public/images/favicon.ico
INFO: [ app_init ] --START--
INFO: Run Behavior\BuildLiteBehavior [ RunTime:0.000023s ]
INFO: [ app_init ] --END-- [ RunTime:0.000421s ]
ERR: 无法加载模块:Public

[ 2016-09-01T17:02:10+08:00 ] ::1 /ct/Public/Public/jquery.min.js
INFO: [ app_init ] --START--
INFO: Run Behavior\BuildLiteBehavior [ RunTime:0.000032s ]
INFO: [ app_init ] --END-- [ RunTime:0.000526s ]
ERR: 无法加载模块:Public

[ 2016-09-01T17:02:10+08:00 ] ::1 /ct/Public/Yourphp/Tpl/Home/Default/Public/Js/jquery.artDialog.js?skin=default
INFO: [ app_init ] --START--
INFO: Run Behavior\BuildLiteBehavior [ RunTime:0.000044s ]
INFO: [ app_init ] --END-- [ RunTime:0.000788s ]
ERR: 无法加载模块:Public

[ 2016-09-01T17:02:10+08:00 ] ::1 /ct/Public/Yourphp/Tpl/Home/Default/Public/images/favicon.ico
INFO: [ app_init ] --START--
INFO: Run Behavior\BuildLiteBehavior [ RunTime:0.000021s ]
INFO: [ app_init ] --END-- [ RunTime:0.000438s ]
ERR: 无法加载模块:Public

