[ 2016-06-06T21:25:29+08:00 ] ::1 /ct/Public/Public/jquery.min.js
INFO: [ app_init ] --START--
INFO: Run Behavior\BuildLiteBehavior [ RunTime:0.000024s ]
INFO: [ app_init ] --END-- [ RunTime:0.000387s ]
ERR: 无法加载模块:Public

0.000800s ]
ERR: 无法加载模块:Public

[ 2016-06-06T21:25:30+08:00 ] ::1 /ct/Public/Yourphp/Tpl/Home/Default/Public/images/favicon.ico
INFO: [ app_init ] --START--
INFO: Run Behavior\BuildLiteBehavior [ RunTime:0.000026s ]
INFO: [ app_init ] --END-- [ RunTime:0.000431s ]
ERR: 无法加载模块:Public

[ 2016-06-06T21:26:04+08:00 ] ::1 /ct/Public/Public/jquery.min.js
INFO: [ app_init ] --START--
INFO: Run Behavior\BuildLiteBehavior [ RunTime:0.000041s ]
INFO: [ app_init ] --END-- [ RunTime:0.000486s ]
ERR: 无法加载模块:Public

[ 2016-06-06T21:26:04+08:00 ] ::1 /ct/Public/Yourphp/Tpl/Home/Default/Public/Js/jquery.artDialog.js?skin=default
INFO: [ app_init ] --START--
INFO: Run Behavior\BuildLiteBehavior [ RunTime:0.000044s ]
INFO: [ app_init ] --END-- [ RunTime:0.000670s ]
ERR: 无法加载模块:Public

[ 2016-06-06T21:26:21+08:00 ] ::1 /ct/Public/Yourphp/Tpl/Home/Default/Public/Js/jquery.artDialog.js?skin=default
INFO: [ app_init ] --START--
INFO: Run Behavior\BuildLiteBehavior [ RunTime:0.000034s ]
INFO: [ app_init ] --END-- [ RunTime:0.000475s ]
ERR: 无法加载模块:Public

[ 2016-06-06T21:26:21+08:00 ] ::1 /ct/Public/Public/jquery.min.js
INFO: [ app_init ] --START--
INFO: Run Behavior\BuildLiteBehavior [ RunTime:0.000054s ]
INFO: [ app_init ] --END-- [ RunTime:0.000960s ]
ERR: 无法加载模块:Public

[ 2016-06-06T21:26:25+08:00 ] ::1 /ct/Public/Public/jquery.min.js
INFO: [ app_init ] --START--
INFO: Run Behavior\BuildLiteBehavior [ RunTime:0.000041s ]
INFO: [ app_init ] --END-- [ RunTime:0.000595s ]
ERR: 无法加载模块:Public

[ 2016-06-06T21:26:25+08:00 ] ::1 /ct/Public/Yourphp/Tpl/Home/Default/Public/Js/jquery.artDialog.js?skin=default
INFO: [ app_init ] --START--
INFO: Run Behavior\BuildLiteBehavior [ RunTime:0.000040s ]
INFO: [ app_init ] --END-- [ RunTime:0.000583s ]
ERR: 无法加载模块:Public

[ 2016-06-06T21:26:26+08:00 ] ::1 /ct/Public/Public/jquery.min.js
INFO: [ app_init ] --START--
INFO: Run Behavior\BuildLiteBehavior [ RunTime:0.000041s ]
INFO: [ app_init ] --END-- [ RunTime:0.000547s ]
ERR: 无法加载模块:Public

[ 2016-06-06T21:26:26+08:00 ] ::1 /ct/Public/Yourphp/Tpl/Home/Default/Public/Js/jquery.artDialog.js?skin=default
INFO: [ app_init ] --START--
INFO: Run Behavior\BuildLiteBehavior [ RunTime:0.000043s ]
INFO: [ app_init ] --END-- [ RunTime:0.000657s ]
ERR: 无法加载模块:Public

[ 2016-06-06T21:26:39+08:00 ] ::1 /ct/Public/Public/jquery.min.js
INFO: [ app_init ] --START--
INFO: Run Behavior\BuildLiteBehavior [ RunTime:0.000040s ]
INFO: [ app_init ] --END-- [ RunTime:0.000592s ]
ERR: 无法加载模块:Public

[ 2016-06-06T21:26:39+08:00 ] ::1 /ct/Public/Yourphp/Tpl/Home/Default/Public/Js/jquery.artDialog.js?skin=default
INFO: [ app_init ] --START--
INFO: Run Behavior\BuildLiteBehavior [ RunTime:0.000042s ]
INFO: [ app_init ] --END-- [ RunTime:0.000826s ]
ERR: 无法加载模块:Public

[ 2016-06-06T21:26:44+08:00 ] ::1 /ct/Public/Yourphp/Tpl/Home/Default/Public/Js/jquery.artDialog.js?skin=default
INFO: [ app_init ] --START--
INFO: Run Behavior\BuildLiteBehavior [ RunTime:0.000049s ]
INFO: [ app_init ] --END-- [ RunTime:0.000797s ]
ERR: 无法加载模块:Public

[ 2016-06-06T21:26:44+08:00 ] ::1 /ct/Public/Public/jquery.min.js
INFO: [ app_init ] --START--
INFO: Run Behavior\BuildLiteBehavior [ RunTime:0.000041s ]
INFO: [ app_init ] --END-- [ RunTime:0.000690s ]
ERR: 无法加载模块:Public

[ 2016-06-06T21:26:44+08:00 ] ::1 /ct/Public/Public/jquery.min.js
INFO: [ app_init ] --START--
INFO: Run Behavior\BuildLiteBehavior [ RunTime:0.000038s ]
INFO: [ app_init ] --END-- [ RunTime:0.000516s ]
ERR: 无法加载模块:Public

[ 2016-06-06T21:26:44+08:00 ] ::1 /ct/Public/Yourphp/Tpl/Home/Default/Public/Js/jquery.artDialog.js?skin=default
INFO: [ app_init ] --START--
INFO: Run Behavior\BuildLiteBehavior [ RunTime:0.000022s ]
INFO: [ app_init ] --END-- [ RunTime:0.000335s ]
ERR: 无法加载模块:Public

[ 2016-06-06T21:26:44+08:00 ] ::1 /ct/Public/Public/jquery.min.js
INFO: [ app_init ] --START--
INFO: Run Behavior\BuildLiteBehavior [ RunTime:0.000044s ]
INFO: [ app_init ] --END-- [ RunTime:0.000817s ]
ERR: 无法加载模块:Public

[ 2016-06-06T21:26:44+08:00 ] ::1 /ct/Public/Public/jquery.min.js
INFO: [ app_init ] --START--
INFO: Run Behavior\BuildLiteBehavior [ RunTime:0.000024s ]
INFO: [ app_init ] --END-- [ RunTime:0.000368s ]
ERR: 无法加载模块:Public

[ 2016-06-06T21:27:06+08:00 ] ::1 /ct/Public/Yourphp/Tpl/Home/Default/Public/Js/jquery.artDialog.js?skin=default
INFO: [ app_init ] --START--
INFO: Run Behavior\BuildLiteBehavior [ RunTime:0.000047s ]
INFO: [ app_init ] --END-- [ RunTime:0.000524s ]
ERR: 无法加载模块:Public

[ 2016-06-06T21:27:06+08:00 ] ::1 /ct/Public/Public/jquery.min.js
INFO: [ app_init ] --START--
INFO: Run Behavior\BuildLiteBehavior [ RunTime:0.000035s ]
INFO: [ app_init ] --END-- [ RunTime:0.000443s ]
ERR: 无法加载模块:Public

[ 2016-06-06T21:27:09+08:00 ] ::1 /ct/Public/Public/jquery.min.js
INFO: [ app_init ] --START--
INFO: Run Behavior\BuildLiteBehavior [ RunTime:0.000108s ]
INFO: [ app_init ] --END-- [ RunTime:0.001226s ]
ERR: 无法加载模块:Public

[ 2016-06-06T21:27:09+08:00 ] ::1 /ct/Public/Yourphp/Tpl/Home/Default/Public/Js/jquery.artDialog.js?skin=default
INFO: [ app_init ] --START--
INFO: Run Behavior\BuildLiteBehavior [ RunTime:0.000044s ]
INFO: [ app_init ] --END-- [ RunTime:0.000923s ]
ERR: 无法加载模块:Public

[ 2016-06-06T21:27:17+08:00 ] ::1 /ct/Public/Public/jquery.min.js
INFO: [ app_init ] --START--
INFO: Run Behavior\BuildLiteBehavior [ RunTime:0.000042s ]
INFO: [ app_init ] --END-- [ RunTime:0.000810s ]
ERR: 无法加载模块:Public

[ 2016-06-06T21:27:17+08:00 ] ::1 /ct/Public/Yourphp/Tpl/Home/Default/Public/Js/jquery.artDialog.js?skin=default
INFO: [ app_init ] --START--
INFO: Run Behavior\BuildLiteBehavior [ RunTime:0.000042s ]
INFO: [ app_init ] --END-- [ RunTime:0.000644s ]
ERR: 无法加载模块:Public

[ 2016-06-06T21:27:26+08:00 ] ::1 /ct/Public/Public/jquery.min.js
INFO: [ app_init ] --START--
INFO: Run Behavior\BuildLiteBehavior [ RunTime:0.000043s ]
INFO: [ app_init ] --END-- [ RunTime:0.000578s ]
ERR: 无法加载模块:Public

[ 2016-06-06T21:27:26+08:00 ] ::1 /ct/Public/Yourphp/Tpl/Home/Default/Public/Js/jquery.artDialog.js?skin=default
INFO: [ app_init ] --START--
INFO: Run Behavior\BuildLiteBehavior [ RunTime:0.000041s ]
INFO: [ app_init ] --END-- [ RunTime:0.000604s ]
ERR: 无法加载模块:Public

[ 2016-06-06T21:27:42+08:00 ] ::1 /ct/Public/Public/jquery.min.js
INFO: [ app_init ] --START--
INFO: Run Behavior\BuildLiteBehavior [ RunTime:0.000042s ]
INFO: [ app_init ] --END-- [ RunTime:0.000535s ]
ERR: 无法加载模块:Public

[ 2016-06-06T21:27:42+08:00 ] ::1 /ct/Public/Yourphp/Tpl/Home/Default/Public/Js/jquery.artDialog.js?skin=default
INFO: [ app_init ] --START--
INFO: Run Behavior\BuildLiteBehavior [ RunTime:0.000067s ]
INFO: [ app_init ] --END-- [ RunTime:0.001218s ]
ERR: 无法加载模块:Public

[ 2016-06-06T21:27:46+08:00 ] ::1 /ct/Public/Public/jquery.min.js
INFO: [ app_init ] --START--
INFO: Run Behavior\BuildLiteBehavior [ RunTime:0.000045s ]
INFO: [ app_init ] --END-- [ RunTime:0.000564s ]
ERR: 无法加载模块:Public

[ 2016-06-06T21:27:46+08:00 ] ::1 /ct/Public/Yourphp/Tpl/Home/Default/Public/Js/jquery.artDialog.js?skin=default
INFO: [ app_init ] --START--
INFO: Run Behavior\BuildLiteBehavior [ RunTime:0.000057s ]
INFO: [ app_init ] --END-- [ RunTime:0.000686s ]
ERR: 无法加载模块:Public

[ 2016-06-06T21:28:14+08:00 ] ::1 /ct/Public/Yourphp/Tpl/Home/Default/Public/Js/jquery.artDialog.js?skin=default
INFO: [ app_init ] --START--
INFO: Run Behavior\BuildLiteBehavior [ RunTime:0.000042s ]
INFO: [ app_init ] --END-- [ RunTime:0.000536s ]
ERR: 无法加载模块:Public

[ 2016-06-06T21:28:14+08:00 ] ::1 /ct/Public/Public/jquery.min.js
INFO: [ app_init ] --START--
INFO: Run Behavior\BuildLiteBehavior [ RunTime:0.000024s ]
INFO: [ app_init ] --END-- [ RunTime:0.000382s ]
ERR: 无法加载模块:Public

[ 2016-06-06T21:29:39+08:00 ] ::1 /ct/Public/Yourphp/Tpl/Home/Default/Public/Js/jquery.artDialog.js?skin=default
INFO: [ app_init ] --START--
INFO: Run Behavior\BuildLiteBehavior [ RunTime:0.000021s ]
INFO: [ app_init ] --END-- [ RunTime:0.000344s ]
ERR: 无法加载模块:Public

[ 2016-06-06T21:29:39+08:00 ] ::1 /ct/Public/Yourphp/Tpl/Home/Default/Public/images/menu_hover.png
INFO: [ app_init ] --START--
INFO: Run Behavior\BuildLiteBehavior [ RunTime:0.000040s ]
INFO: [ app_init ] --END-- [ RunTime:0.000624s ]
ERR: 无法加载模块:Public

[ 2016-06-06T21:30:19+08:00 ] ::1 /ct/Public/Yourphp/Tpl/Home/Default/Public/Js/jquery.artDialog.js?skin=default
INFO: [ app_init ] --START--
INFO: Run Behavior\BuildLiteBehavior [ RunTime:0.000022s ]
INFO: [ app_init ] --END-- [ RunTime:0.000342s ]
ERR: 无法加载模块:Public

[ 2016-06-06T21:30:28+08:00 ] ::1 /ct/Public/Yourphp/Tpl/Home/Default/Public/Js/jquery.artDialog.js?skin=default
INFO: [ app_init ] --START--
INFO: Run Behavior\BuildLiteBehavior [ RunTime:0.000026s ]
INFO: [ app_init ] --END-- [ RunTime:0.000874s ]
ERR: 无法加载模块:Public

[ 2016-06-06T21:30:39+08:00 ] ::1 /ct/Public/Yourphp/Tpl/Home/Default/Public/Js/jquery.artDialog.js?skin=default
INFO: [ app_init ] --START--
INFO: Run Behavior\BuildLiteBehavior [ RunTime:0.000046s ]
INFO: [ app_init ] --END-- [ RunTime:0.000580s ]
ERR: 无法加载模块:Public

[ 2016-06-06T21:30:40+08:00 ] ::1 /ct/Public/Yourphp/Tpl/Home/Default/Public/Js/jquery.artDialog.js?skin=default
INFO: [ app_init ] --START--
INFO: Run Behavior\BuildLiteBehavior [ RunTime:0.000045s ]
INFO: [ app_init ] --END-- [ RunTime:0.000843s ]
ERR: 无法加载模块:Public

[ 2016-06-06T21:30:41+08:00 ] ::1 /ct/Public/Yourphp/Tpl/Home/Default/Public/Js/jquery.artDialog.js?skin=default
INFO: [ app_init ] --START--
INFO: Run Behavior\BuildLiteBehavior [ RunTime:0.000047s ]
INFO: [ app_init ] --END-- [ RunTime:0.000441s ]
ERR: 无法加载模块:Public

[ 2016-06-06T21:30:42+08:00 ] ::1 /ct/Public/Yourphp/Tpl/Home/Default/Public/Js/jquery.artDialog.js?skin=default
INFO: [ app_init ] --START--
INFO: Run Behavior\BuildLiteBehavior [ RunTime:0.000036s ]
INFO: [ app_init ] --END-- [ RunTime:0.000366s ]
ERR: 无法加载模块:Public

[ 2016-06-06T21:30:45+08:00 ] ::1 /ct/Public/Yourphp/Tpl/Home/Default/Public/Js/jquery.artDialog.js?skin=default
INFO: [ app_init ] --START--
INFO: Run Behavior\BuildLiteBehavior [ RunTime:0.000048s ]
INFO: [ app_init ] --END-- [ RunTime:0.000764s ]
ERR: 无法加载模块:Public

[ 2016-06-06T21:30:52+08:00 ] ::1 /ct/Public/Yourphp/Tpl/Home/Default/Public/Js/jquery.artDialog.js?skin=default
INFO: [ app_init ] --START--
INFO: Run Behavior\BuildLiteBehavior [ RunTime:0.000024s ]
INFO: [ app_init ] --END-- [ RunTime:0.000355s ]
ERR: 无法加载模块:Public

[ 2016-06-06T21:30:54+08:00 ] ::1 /ct/Public/Yourphp/Tpl/Home/Default/Public/Js/jquery.artDialog.js?skin=default
INFO: [ app_init ] --START--
INFO: Run Behavior\BuildLiteBehavior [ RunTime:0.000022s ]
INFO: [ app_init ] --END-- [ RunTime:0.000336s ]
ERR: 无法加载模块:Public

[ 2016-06-06T21:30:55+08:00 ] ::1 /ct/Public/Yourphp/Tpl/Home/Default/Public/Js/jquery.artDialog.js?skin=default
INFO: [ app_init ] --START--
INFO: Run Behavior\BuildLiteBehavior [ RunTime:0.000025s ]
INFO: [ app_init ] --END-- [ RunTime:0.000868s ]
ERR: 无法加载模块:Public

[ 2016-06-06T21:30:56+08:00 ] ::1 /ct/Public/Yourphp/Tpl/Home/Default/Public/Js/jquery.artDialog.js?skin=default
INFO: [ app_init ] --START--
INFO: Run Behavior\BuildLiteBehavior [ RunTime:0.000024s ]
INFO: [ app_init ] --END-- [ RunTime:0.000365s ]
ERR: 无法加载模块:Public

[ 2016-06-06T21:30:57+08:00 ] ::1 /ct/Public/Yourphp/Tpl/Home/Default/Public/Js/jquery.artDialog.js?skin=default
INFO: [ app_init ] --START--
INFO: Run Behavior\BuildLiteBehavior [ RunTime:0.000050s ]
INFO: [ app_init ] --END-- [ RunTime:0.000620s ]
ERR: 无法加载模块:Public

[ 2016-06-06T21:30:58+08:00 ] ::1 /ct/Public/Yourphp/Tpl/Home/Default/Public/Js/jquery.artDialog.js?skin=default
INFO: [ app_init ] --START--
INFO: Run Behavior\BuildLiteBehavior [ RunTime:0.000037s ]
INFO: [ app_init ] --END-- [ RunTime:0.000521s ]
ERR: 无法加载模块:Public

[ 2016-06-06T21:30:59+08:00 ] ::1 /ct/Public/Yourphp/Tpl/Home/Default/Public/Js/jquery.artDialog.js?skin=default
INFO: [ app_init ] --START--
INFO: Run Behavior\BuildLiteBehavior [ RunTime:0.000038s ]
INFO: [ app_init ] --END-- [ RunTime:0.000631s ]
ERR: 无法加载模块:Public

[ 2016-06-06T21:30:59+08:00 ] ::1 /ct/Public/Yourphp/Tpl/Home/Default/Public/Js/jquery.artDialog.js?skin=default
INFO: [ app_init ] --START--
INFO: Run Behavior\BuildLiteBehavior [ RunTime:0.000037s ]
INFO: [ app_init ] --END-- [ RunTime:0.000547s ]
ERR: 无法加载模块:Public

[ 2016-06-06T21:31:03+08:00 ] ::1 /ct/Public/Yourphp/Tpl/Home/Default/Public/Js/jquery.artDialog.js?skin=default
INFO: [ app_init ] --START--
INFO: Run Behavior\BuildLiteBehavior [ RunTime:0.000027s ]
INFO: [ app_init ] --END-- [ RunTime:0.000430s ]
ERR: 无法加载模块:Public

[ 2016-06-06T21:31:04+08:00 ] ::1 /ct/Public/Yourphp/Tpl/Home/Default/Public/Js/jquery.artDialog.js?skin=default
INFO: [ app_init ] --START--
INFO: Run Behavior\BuildLiteBehavior [ RunTime:0.000047s ]
INFO: [ app_init ] --END-- [ RunTime:0.000700s ]
ERR: 无法加载模块:Public

[ 2016-06-06T21:31:06+08:00 ] ::1 /ct/Public/Yourphp/Tpl/Home/Default/Public/Js/jquery.artDialog.js?skin=default
INFO: [ app_init ] --START--
INFO: Run Behavior\BuildLiteBehavior [ RunTime:0.000042s ]
INFO: [ app_init ] --END-- [ RunTime:0.000567s ]
ERR: 无法加载模块:Public

[ 2016-06-06T21:31:07+08:00 ] ::1 /ct/Public/Yourphp/Tpl/Home/Default/Public/Js/jquery.artDialog.js?skin=default
INFO: [ app_init ] --START--
INFO: Run Behavior\BuildLiteBehavior [ RunTime:0.000038s ]
INFO: [ app_init ] --END-- [ RunTime:0.000552s ]
ERR: 无法加载模块:Public

[ 2016-06-06T21:31:08+08:00 ] ::1 /ct/Public/Yourphp/Tpl/Home/Default/Public/Js/jquery.artDialog.js?skin=default
INFO: [ app_init ] --START--
INFO: Run Behavior\BuildLiteBehavior [ RunTime:0.000021s ]
INFO: [ app_init ] --END-- [ RunTime:0.000334s ]
ERR: 无法加载模块:Public

[ 2016-06-06T21:31:09+08:00 ] ::1 /ct/Public/Yourphp/Tpl/Home/Default/Public/Js/jquery.artDialog.js?skin=default
INFO: [ app_init ] --START--
INFO: Run Behavior\BuildLiteBehavior [ RunTime:0.000023s ]
INFO: [ app_init ] --END-- [ RunTime:0.000355s ]
ERR: 无法加载模块:Public

[ 2016-06-06T21:31:11+08:00 ] ::1 /ct/Public/Yourphp/Tpl/Home/Default/Public/Js/jquery.artDialog.js?skin=default
INFO: [ app_init ] --START--
INFO: Run Behavior\BuildLiteBehavior [ RunTime:0.000043s ]
INFO: [ app_init ] --END-- [ RunTime:0.000621s ]
ERR: 无法加载模块:Public

[ 2016-06-06T21:31:14+08:00 ] ::1 /ct/Public/Yourphp/Tpl/Home/Default/Public/Js/jquery.artDialog.js?skin=default
INFO: [ app_init ] --START--
INFO: Run Behavior\BuildLiteBehavior [ RunTime:0.000041s ]
INFO: [ app_init ] --END-- [ RunTime:0.000602s ]
ERR: 无法加载模块:Public

[ 2016-06-06T21:31:15+08:00 ] ::1 /ct/Public/Yourphp/Tpl/Home/Default/Public/Js/jquery.artDialog.js?skin=default
INFO: [ app_init ] --START--
INFO: Run Behavior\BuildLiteBehavior [ RunTime:0.000035s ]
INFO: [ app_init ] --END-- [ RunTime:0.000592s ]
ERR: 无法加载模块:Public

[ 2016-06-06T21:31:17+08:00 ] ::1 /ct/Public/Yourphp/Tpl/Home/Default/Public/Js/jquery.artDialog.js?skin=default
INFO: [ app_init ] --START--
INFO: Run Behavior\BuildLiteBehavior [ RunTime:0.000030s ]
INFO: [ app_init ] --END-- [ RunTime:0.000658s ]
ERR: 无法加载模块:Public

[ 2016-06-06T21:31:18+08:00 ] ::1 /ct/Public/Public/jquery.min.js
INFO: [ app_init ] --START--
INFO: Run Behavior\BuildLiteBehavior [ RunTime:0.000049s ]
INFO: [ app_init ] --END-- [ RunTime:0.001103s ]
ERR: 无法加载模块:Public

[ 2016-06-06T21:31:18+08:00 ] ::1 /ct/Public/Yourphp/Tpl/Home/Default/Public/Js/jquery.artDialog.js?skin=default
INFO: [ app_init ] --START--
INFO: Run Behavior\BuildLiteBehavior [ RunTime:0.000041s ]
INFO: [ app_init ] --END-- [ RunTime:0.000585s ]
ERR: 无法加载模块:Public

[ 2016-06-06T21:32:09+08:00 ] ::1 /ct/Public/Public/jquery.min.js
INFO: [ app_init ] --START--
INFO: Run Behavior\BuildLiteBehavior [ RunTime:0.000042s ]
INFO: [ app_init ] --END-- [ RunTime:0.000566s ]
ERR: 无法加载模块:Public

0.000759s ]
ERR: 无法加载模块:Public

[ 2016-06-06T21:32:16+08:00 ] ::1 /ct/Public/Yourphp/Tpl/Home/Default/Public/Js/jquery.artDialog.js?skin=default
INFO: [ app_init ] --START--
INFO: Run Behavior\BuildLiteBehavior [ RunTime:0.000040s ]
INFO: [ app_init ] --END-- [ RunTime:0.000546s ]
ERR: 无法加载模块:Public

[ 2016-06-06T21:32:16+08:00 ] ::1 /ct/Public/Yourphp/Tpl/Home/Default/Public/images/menu_hover.png
INFO: [ app_init ] --START--
INFO: Run Behavior\BuildLiteBehavior [ RunTime:0.000026s ]
INFO: [ app_init ] --END-- [ RunTime:0.000384s ]
ERR: 无法加载模块:Public

[ 2016-06-06T21:32:19+08:00 ] ::1 /ct/Public/Yourphp/Tpl/Home/Default/Public/Js/jquery.artDialog.js?skin=default
INFO: [ app_init ] --START--
INFO: Run Behavior\BuildLiteBehavior [ RunTime:0.000039s ]
INFO: [ app_init ] --END-- [ RunTime:0.000574s ]
ERR: 无法加载模块:Public

[ 2016-06-06T21:32:20+08:00 ] ::1 /ct/Public/Yourphp/Tpl/Home/Default/Public/Js/jquery.artDialog.js?skin=default
INFO: [ app_init ] --START--
INFO: Run Behavior\BuildLiteBehavior [ RunTime:0.000043s ]
INFO: [ app_init ] --END-- [ RunTime:0.000685s ]
ERR: 无法加载模块:Public

[ 2016-06-06T21:32:22+08:00 ] ::1 /ct/Public/Yourphp/Tpl/Home/Default/Public/Js/jquery.artDialog.js?skin=default
INFO: [ app_init ] --START--
INFO: Run Behavior\BuildLiteBehavior [ RunTime:0.000041s ]
INFO: [ app_init ] --END-- [ RunTime:0.000608s ]
ERR: 无法加载模块:Public

[ 2016-06-06T21:32:24+08:00 ] ::1 /ct/Public/Yourphp/Tpl/Home/Default/Public/Js/jquery.artDialog.js?skin=default
INFO: [ app_init ] --START--
INFO: Run Behavior\BuildLiteBehavior [ RunTime:0.000022s ]
INFO: [ app_init ] --END-- [ RunTime:0.000330s ]
ERR: 无法加载模块:Public

[ 2016-06-06T21:32:52+08:00 ] ::1 /ct/Public/Yourphp/Tpl/Home/Default/Public/Js/jquery.artDialog.js?skin=default
INFO: [ app_init ] --START--
INFO: Run Behavior\BuildLiteBehavior [ RunTime:0.000040s ]
INFO: [ app_init ] --END-- [ RunTime:0.000578s ]
ERR: 无法加载模块:Public

[ 2016-06-06T21:32:55+08:00 ] ::1 /ct/Public/Yourphp/Tpl/Home/Default/Public/Js/jquery.artDialog.js?skin=default
INFO: [ app_init ] --START--
INFO: Run Behavior\BuildLiteBehavior [ RunTime:0.000045s ]
INFO: [ app_init ] --END-- [ RunTime:0.001053s ]
ERR: 无法加载模块:Public

[ 2016-06-06T21:32:56+08:00 ] ::1 /ct/Public/Yourphp/Tpl/Home/Default/Public/Js/jquery.artDialog.js?skin=default
INFO: [ app_init ] --START--
INFO: Run Behavior\BuildLiteBehavior [ RunTime:0.000039s ]
INFO: [ app_init ] --END-- [ RunTime:0.000551s ]
ERR: 无法加载模块:Public

[ 2016-06-06T21:32:57+08:00 ] ::1 /ct/Public/Yourphp/Tpl/Home/Default/Public/Js/jquery.artDialog.js?skin=default
INFO: [ app_init ] --START--
INFO: Run Behavior\BuildLiteBehavior [ RunTime:0.000027s ]
INFO: [ app_init ] --END-- [ RunTime:0.000342s ]
ERR: 无法加载模块:Public

[ 2016-06-06T21:32:58+08:00 ] ::1 /ct/Public/Yourphp/Tpl/Home/Default/Public/Js/jquery.artDialog.js?skin=default
INFO: [ app_init ] --START--
INFO: Run Behavior\BuildLiteBehavior [ RunTime:0.000069s ]
INFO: [ app_init ] --END-- [ RunTime:0.000851s ]
ERR: 无法加载模块:Public

[ 2016-06-06T21:33:03+08:00 ] ::1 /ct/Public/Yourphp/Tpl/Home/Default/Public/Js/jquery.artDialog.js?skin=default
INFO: [ app_init ] --START--
INFO: Run Behavior\BuildLiteBehavior [ RunTime:0.000040s ]
INFO: [ app_init ] --END-- [ RunTime:0.000596s ]
ERR: 无法加载模块:Public

[ 2016-06-06T21:33:06+08:00 ] ::1 /ct/Public/Yourphp/Tpl/Home/Default/Public/Js/jquery.artDialog.js?skin=default
INFO: [ app_init ] --START--
INFO: Run Behavior\BuildLiteBehavior [ RunTime:0.000045s ]
INFO: [ app_init ] --END-- [ RunTime:0.000579s ]
ERR: 无法加载模块:Public

[ 2016-06-06T21:33:12+08:00 ] ::1 /ct/Public/Yourphp/Tpl/Home/Default/Public/Js/jquery.artDialog.js?skin=default
INFO: [ app_init ] --START--
INFO: Run Behavior\BuildLiteBehavior [ RunTime:0.000042s ]
INFO: [ app_init ] --END-- [ RunTime:0.000608s ]
ERR: 无法加载模块:Public

[ 2016-06-06T21:33:15+08:00 ] ::1 /ct/Public/Yourphp/Tpl/Home/Default/Public/Js/jquery.artDialog.js?skin=default
INFO: [ app_init ] --START--
INFO: Run Behavior\BuildLiteBehavior [ RunTime:0.000047s ]
INFO: [ app_init ] --END-- [ RunTime:0.000668s ]
ERR: 无法加载模块:Public

[ 2016-06-06T21:33:16+08:00 ] ::1 /ct/Public/Yourphp/Tpl/Home/Default/Public/Js/jquery.artDialog.js?skin=default
INFO: [ app_init ] --START--
INFO: Run Behavior\BuildLiteBehavior [ RunTime:0.000037s ]
INFO: [ app_init ] --END-- [ RunTime:0.000503s ]
ERR: 无法加载模块:Public

[ 2016-06-06T21:33:22+08:00 ] ::1 /ct/Public/Yourphp/Tpl/Home/Default/Public/Js/jquery.artDialog.js?skin=default
INFO: [ app_init ] --START--
INFO: Run Behavior\BuildLiteBehavior [ RunTime:0.000039s ]
INFO: [ app_init ] --END-- [ RunTime:0.000548s ]
ERR: 无法加载模块:Public

[ 2016-06-06T21:33:22+08:00 ] ::1 /ct/Public/Yourphp/Tpl/Home/Default/Public/Js/jquery.artDialog.js?skin=default
INFO: [ app_init ] --START--
INFO: Run Behavior\BuildLiteBehavior [ RunTime:0.000044s ]
INFO: [ app_init ] --END-- [ RunTime:0.000719s ]
ERR: 无法加载模块:Public

[ 2016-06-06T21:33:24+08:00 ] ::1 /ct/Public/Yourphp/Tpl/Home/Default/Public/Js/jquery.artDialog.js?skin=default
INFO: [ app_init ] --START--
INFO: Run Behavior\BuildLiteBehavior [ RunTime:0.000025s ]
INFO: [ app_init ] --END-- [ RunTime:0.000396s ]
ERR: 无法加载模块:Public

[ 2016-06-06T21:33:25+08:00 ] ::1 /ct/Public/Yourphp/Tpl/Home/Default/Public/Js/jquery.artDialog.js?skin=default
INFO: [ app_init ] --START--
INFO: Run Behavior\BuildLiteBehavior [ RunTime:0.000023s ]
INFO: [ app_init ] --END-- [ RunTime:0.000352s ]
ERR: 无法加载模块:Public

[ 2016-06-06T21:33:27+08:00 ] ::1 /ct/Public/Yourphp/Tpl/Home/Default/Public/Js/jquery.artDialog.js?skin=default
INFO: [ app_init ] --START--
INFO: Run Behavior\BuildLiteBehavior [ RunTime:0.000022s ]
INFO: [ app_init ] --END-- [ RunTime:0.000338s ]
ERR: 无法加载模块:Public

[ 2016-06-06T21:33:28+08:00 ] ::1 /ct/Public/Yourphp/Tpl/Home/Default/Public/Js/jquery.artDialog.js?skin=default
INFO: [ app_init ] --START--
INFO: Run Behavior\BuildLiteBehavior [ RunTime:0.000083s ]
INFO: [ app_init ] --END-- [ RunTime:0.001391s ]
ERR: 无法加载模块:Public

[ 2016-06-06T21:33:29+08:00 ] ::1 /ct/Public/Yourphp/Tpl/Home/Default/Public/Js/jquery.artDialog.js?skin=default
INFO: [ app_init ] --START--
INFO: Run Behavior\BuildLiteBehavior [ RunTime:0.000036s ]
INFO: [ app_init ] --END-- [ RunTime:0.000563s ]
ERR: 无法加载模块:Public

[ 2016-06-06T21:33:31+08:00 ] ::1 /ct/Public/Yourphp/Tpl/Home/Default/Public/Js/jquery.artDialog.js?skin=default
INFO: [ app_init ] --START--
INFO: Run Behavior\BuildLiteBehavior [ RunTime:0.000047s ]
INFO: [ app_init ] --END-- [ RunTime:0.000639s ]
ERR: 无法加载模块:Public

[ 2016-06-06T21:33:35+08:00 ] ::1 /ct/Public/Yourphp/Tpl/Home/Default/Public/Js/jquery.artDialog.js?skin=default
INFO: [ app_init ] --START--
INFO: Run Behavior\BuildLiteBehavior [ RunTime:0.000025s ]
INFO: [ app_init ] --END-- [ RunTime:0.000371s ]
ERR: 无法加载模块:Public

[ 2016-06-06T21:33:41+08:00 ] ::1 /ct/Public/Yourphp/Tpl/Home/Default/Public/Js/jquery.artDialog.js?skin=default
INFO: [ app_init ] --START--
INFO: Run Behavior\BuildLiteBehavior [ RunTime:0.000046s ]
INFO: [ app_init ] --END-- [ RunTime:0.000623s ]
ERR: 无法加载模块:Public

[ 2016-06-06T21:33:48+08:00 ] ::1 /ct/Public/Yourphp/Tpl/Home/Default/Public/Js/jquery.artDialog.js?skin=default
INFO: [ app_init ] --START--
INFO: Run Behavior\BuildLiteBehavior [ RunTime:0.000024s ]
INFO: [ app_init ] --END-- [ RunTime:0.000340s ]
ERR: 无法加载模块:Public

[ 2016-06-06T21:33:50+08:00 ] ::1 /ct/Public/Yourphp/Tpl/Home/Default/Public/Js/jquery.artDialog.js?skin=default
INFO: [ app_init ] --START--
INFO: Run Behavior\BuildLiteBehavior [ RunTime:0.000046s ]
INFO: [ app_init ] --END-- [ RunTime:0.000565s ]
ERR: 无法加载模块:Public

[ 2016-06-06T21:33:52+08:00 ] ::1 /ct/Public/Yourphp/Tpl/Home/Default/Public/Js/jquery.artDialog.js?skin=default
INFO: [ app_init ] --START--
INFO: Run Behavior\BuildLiteBehavior [ RunTime:0.000021s ]
INFO: [ app_init ] --END-- [ RunTime:0.000337s ]
ERR: 无法加载模块:Public

[ 2016-06-06T21:33:53+08:00 ] ::1 /ct/Public/Yourphp/Tpl/Home/Default/Public/Js/jquery.artDialog.js?skin=default
INFO: [ app_init ] --START--
INFO: Run Behavior\BuildLiteBehavior [ RunTime:0.000042s ]
INFO: [ app_init ] --END-- [ RunTime:0.000568s ]
ERR: 无法加载模块:Public

[ 2016-06-06T21:34:00+08:00 ] ::1 /ct/Public/Yourphp/Tpl/Home/Default/Public/Js/jquery.artDialog.js?skin=default
INFO: [ app_init ] --START--
INFO: Run Behavior\BuildLiteBehavior [ RunTime:0.000042s ]
INFO: [ app_init ] --END-- [ RunTime:0.000889s ]
ERR: 无法加载模块:Public

[ 2016-06-06T21:34:01+08:00 ] ::1 /ct/Public/Yourphp/Tpl/Home/Default/Public/Js/jquery.artDialog.js?skin=default
INFO: [ app_init ] --START--
INFO: Run Behavior\BuildLiteBehavior [ RunTime:0.000021s ]
INFO: [ app_init ] --END-- [ RunTime:0.000342s ]
ERR: 无法加载模块:Public

[ 2016-06-06T21:34:03+08:00 ] ::1 /ct/Public/Yourphp/Tpl/Home/Default/Public/Js/jquery.artDialog.js?skin=default
INFO: [ app_init ] --START--
INFO: Run Behavior\BuildLiteBehavior [ RunTime:0.000051s ]
INFO: [ app_init ] --END-- [ RunTime:0.001143s ]
ERR: 无法加载模块:Public

[ 2016-06-06T21:34:04+08:00 ] ::1 /ct/Public/Yourphp/Tpl/Home/Default/Public/Js/jquery.artDialog.js?skin=default
INFO: [ app_init ] --START--
INFO: Run Behavior\BuildLiteBehavior [ RunTime:0.000022s ]
INFO: [ app_init ] --END-- [ RunTime:0.000352s ]
ERR: 无法加载模块:Public

[ 2016-06-06T21:34:06+08:00 ] ::1 /ct/Public/Public/jquery.min.js
INFO: [ app_init ] --START--
INFO: Run Behavior\BuildLiteBehavior [ RunTime:0.000045s ]
INFO: [ app_init ] --END-- [ RunTime:0.000664s ]
ERR: 无法加载模块:Public

[ 2016-06-06T21:34:06+08:00 ] ::1 /ct/Public/Yourphp/Tpl/Home/Default/Public/Js/jquery.artDialog.js?skin=default
INFO: [ app_init ] --START--
INFO: Run Behavior\BuildLiteBehavior [ RunTime:0.000025s ]
INFO: [ app_init ] --END-- [ RunTime:0.000480s ]
ERR: 无法加载模块:Public

[ 2016-06-06T21:34:08+08:00 ] ::1 /ct/Public/Yourphp/Tpl/Home/Default/Public/Js/jquery.artDialog.js?skin=default
INFO: [ app_init ] --START--
INFO: Run Behavior\BuildLiteBehavior [ RunTime:0.000022s ]
INFO: [ app_init ] --END-- [ RunTime:0.000359s ]
ERR: 无法加载模块:Public

[ 2016-06-06T21:34:10+08:00 ] ::1 /ct/Public/Yourphp/Tpl/Home/Default/Public/Js/jquery.artDialog.js?skin=default
INFO: [ app_init ] --START--
INFO: Run Behavior\BuildLiteBehavior [ RunTime:0.000045s ]
INFO: [ app_init ] --END-- [ RunTime:0.000596s ]
ERR: 无法加载模块:Public

[ 2016-06-06T21:34:14+08:00 ] ::1 /ct/Public/Yourphp/Tpl/Home/Default/Public/Js/jquery.artDialog.js?skin=default
INFO: [ app_init ] --START--
INFO: Run Behavior\BuildLiteBehavior [ RunTime:0.000039s ]
INFO: [ app_init ] --END-- [ RunTime:0.000553s ]
ERR: 无法加载模块:Public

[ 2016-06-06T21:34:19+08:00 ] ::1 /ct/Public/Yourphp/Tpl/Home/Default/Public/Js/jquery.artDialog.js?skin=default
INFO: [ app_init ] --START--
INFO: Run Behavior\BuildLiteBehavior [ RunTime:0.000040s ]
INFO: [ app_init ] --END-- [ RunTime:0.000432s ]
ERR: 无法加载模块:Public

[ 2016-06-06T21:34:25+08:00 ] ::1 /ct/Public/Yourphp/Tpl/Home/Default/Public/Js/jquery.artDialog.js?skin=default
INFO: [ app_init ] --START--
INFO: Run Behavior\BuildLiteBehavior [ RunTime:0.000041s ]
INFO: [ app_init ] --END-- [ RunTime:0.000549s ]
ERR: 无法加载模块:Public

[ 2016-06-06T21:34:25+08:00 ] ::1 /ct/Public/Public/jquery.min.js
INFO: [ app_init ] --START--
INFO: Run Behavior\BuildLiteBehavior [ RunTime:0.000041s ]
INFO: [ app_init ] --END-- [ RunTime:0.000846s ]
ERR: 无法加载模块:Public

[ 2016-06-06T21:35:45+08:00 ] ::1 /ct/Public/Yourphp/Tpl/Home/Default/Public/Js/jquery.artDialog.js?skin=default
INFO: [ app_init ] --START--
INFO: Run Behavior\BuildLiteBehavior [ RunTime:0.000038s ]
INFO: [ app_init ] --END-- [ RunTime:0.000420s ]
ERR: 无法加载模块:Public

[ 2016-06-06T21:35:45+08:00 ] ::1 /ct/Public/Yourphp/Tpl/Home/Default/Public/images/menu_hover.png
INFO: [ app_init ] --START--
INFO: Run Behavior\BuildLiteBehavior [ RunTime:0.000024s ]
INFO: [ app_init ] --END-- [ RunTime:0.000360s ]
ERR: 无法加载模块:Public

[ 2016-06-06T21:35:46+08:00 ] ::1 /ct/Public/Yourphp/Tpl/Home/Default/Public/Js/jquery.artDialog.js?skin=default
INFO: [ app_init ] --START--
INFO: Run Behavior\BuildLiteBehavior [ RunTime:0.000033s ]
INFO: [ app_init ] --END-- [ RunTime:0.000358s ]
ERR: 无法加载模块:Public

[ 2016-06-06T21:35:47+08:00 ] ::1 /ct/Public/Yourphp/Tpl/Home/Default/Public/Js/jquery.artDialog.js?skin=default
INFO: [ app_init ] --START--
INFO: Run Behavior\BuildLiteBehavior [ RunTime:0.000089s ]
INFO: [ app_init ] --END-- [ RunTime:0.000896s ]
ERR: 无法加载模块:Public

[ 2016-06-06T21:35:48+08:00 ] ::1 /ct/Public/Yourphp/Tpl/Home/Default/Public/Js/jquery.artDialog.js?skin=default
INFO: [ app_init ] --START--
INFO: Run Behavior\BuildLiteBehavior [ RunTime:0.000025s ]
INFO: [ app_init ] --END-- [ RunTime:0.000352s ]
ERR: 无法加载模块:Public

[ 2016-06-06T21:35:49+08:00 ] ::1 /ct/Public/Yourphp/Tpl/Home/Default/Public/Js/jquery.artDialog.js?skin=default
INFO: [ app_init ] --START--
INFO: Run Behavior\BuildLiteBehavior [ RunTime:0.000045s ]
INFO: [ app_init ] --END-- [ RunTime:0.000611s ]
ERR: 无法加载模块:Public

[ 2016-06-06T21:35:49+08:00 ] ::1 /ct/Public/Yourphp/Tpl/Home/Default/Public/Js/jquery.artDialog.js?skin=default
INFO: [ app_init ] --START--
INFO: Run Behavior\BuildLiteBehavior [ RunTime:0.000039s ]
INFO: [ app_init ] --END-- [ RunTime:0.000594s ]
ERR: 无法加载模块:Public

[ 2016-06-06T21:35:56+08:00 ] ::1 /ct/Public/Yourphp/Tpl/Home/Default/Public/Js/jquery.artDialog.js?skin=default
INFO: [ app_init ] --START--
INFO: Run Behavior\BuildLiteBehavior [ RunTime:0.000040s ]
INFO: [ app_init ] --END-- [ RunTime:0.000666s ]
ERR: 无法加载模块:Public

[ 2016-06-06T21:36:06+08:00 ] ::1 /ct/Public/Yourphp/Tpl/Home/Default/Public/Js/jquery.artDialog.js?skin=default
INFO: [ app_init ] --START--
INFO: Run Behavior\BuildLiteBehavior [ RunTime:0.000037s ]
INFO: [ app_init ] --END-- [ RunTime:0.000577s ]
ERR: 无法加载模块:Public

[ 2016-06-06T21:36:08+08:00 ] ::1 /ct/Public/Yourphp/Tpl/Home/Default/Public/Js/jquery.artDialog.js?skin=default
INFO: [ app_init ] --START--
INFO: Run Behavior\BuildLiteBehavior [ RunTime:0.000047s ]
INFO: [ app_init ] --END-- [ RunTime:0.000676s ]
ERR: 无法加载模块:Public

[ 2016-06-06T21:36:10+08:00 ] ::1 /ct/Public/Yourphp/Tpl/Home/Default/Public/Js/jquery.artDialog.js?skin=default
INFO: [ app_init ] --START--
INFO: Run Behavior\BuildLiteBehavior [ RunTime:0.000038s ]
INFO: [ app_init ] --END-- [ RunTime:0.000558s ]
ERR: 无法加载模块:Public

[ 2016-06-06T21:36:13+08:00 ] ::1 /ct/Public/Yourphp/Tpl/Home/Default/Public/Js/jquery.artDialog.js?skin=default
INFO: [ app_init ] --START--
INFO: Run Behavior\BuildLiteBehavior [ RunTime:0.000025s ]
INFO: [ app_init ] --END-- [ RunTime:0.000463s ]
ERR: 无法加载模块:Public

[ 2016-06-06T21:36:22+08:00 ] ::1 /ct/Public/Public/jquery.min.js
INFO: [ app_init ] --START--
INFO: Run Behavior\BuildLiteBehavior [ RunTime:0.000037s ]
INFO: [ app_init ] --END-- [ RunTime:0.000563s ]
ERR: 无法加载模块:Public

[ 2016-06-06T21:36:22+08:00 ] ::1 /ct/Public/Yourphp/Tpl/Home/Default/Public/Js/jquery.artDialog.js?skin=default
INFO: [ app_init ] --START--
INFO: Run Behavior\BuildLiteBehavior [ RunTime:0.000023s ]
INFO: [ app_init ] --END-- [ RunTime:0.000352s ]
ERR: 无法加载模块:Public

[ 2016-06-06T21:36:33+08:00 ] ::1 /ct/Public/Yourphp/Tpl/Home/Default/Public/Js/jquery.artDialog.js?skin=default
INFO: [ app_init ] --START--
INFO: Run Behavior\BuildLiteBehavior [ RunTime:0.000050s ]
INFO: [ app_init ] --END-- [ RunTime:0.001005s ]
ERR: 无法加载模块:Public

[ 2016-06-06T21:36:34+08:00 ] ::1 /ct/Public/Public/jquery.min.js
INFO: [ app_init ] --START--
INFO: Run Behavior\BuildLiteBehavior [ RunTime:0.000024s ]
INFO: [ app_init ] --END-- [ RunTime:0.000362s ]
ERR: 无法加载模块:Public

[ 2016-06-06T21:36:34+08:00 ] ::1 /ct/Public/Yourphp/Tpl/Home/Default/Public/Js/jquery.artDialog.js?skin=default
INFO: [ app_init ] --START--
INFO: Run Behavior\BuildLiteBehavior [ RunTime:0.000025s ]
INFO: [ app_init ] --END-- [ RunTime:0.000478s ]
ERR: 无法加载模块:Public

[ 2016-06-06T21:37:10+08:00 ] ::1 /ct/Public/Public/jquery.min.js
INFO: [ app_init ] --START--
INFO: Run Behavior\BuildLiteBehavior [ RunTime:0.000048s ]
INFO: [ app_init ] --END-- [ RunTime:0.000819s ]
ERR: 无法加载模块:Public

[ 2016-06-06T21:37:10+08:00 ] ::1 /ct/Public/Yourphp/Tpl/Home/Default/Public/Js/jquery.artDialog.js?skin=default
INFO: [ app_init ] --START--
INFO: Run Behavior\BuildLiteBehavior [ RunTime:0.000044s ]
INFO: [ app_init ] --END-- [ RunTime:0.004356s ]
ERR: 无法加载模块:Public

[ 2016-06-06T21:37:12+08:00 ] ::1 /ct/Public/Yourphp/Tpl/Home/Default/Public/Js/jquery.artDialog.js?skin=default
INFO: [ app_init ] --START--
INFO: Run Behavior\BuildLiteBehavior [ RunTime:0.000043s ]
INFO: [ app_init ] --END-- [ RunTime:0.001194s ]
ERR: 无法加载模块:Public

[ 2016-06-06T21:37:14+08:00 ] ::1 /ct/Public/Public/jquery.min.js
INFO: [ app_init ] --START--
INFO: Run Behavior\BuildLiteBehavior [ RunTime:0.000043s ]
INFO: [ app_init ] --END-- [ RunTime:0.000597s ]
ERR: 无法加载模块:Public

[ 2016-06-06T21:37:14+08:00 ] ::1 /ct/Public/Yourphp/Tpl/Home/Default/Public/Js/jquery.artDialog.js?skin=default
INFO: [ app_init ] --START--
INFO: Run Behavior\BuildLiteBehavior [ RunTime:0.000037s ]
INFO: [ app_init ] --END-- [ RunTime:0.000461s ]
ERR: 无法加载模块:Public

