[ 2016-08-09T11:10:52+08:00 ] ::1 /ct/Public/Yourphp/Tpl/Home/Default/Public/Js/jquery.artDialog.js?skin=default
INFO: [ app_init ] --START--
INFO: Run Behavior\BuildLiteBehavior [ RunTime:0.000034s ]
INFO: [ app_init ] --END-- [ RunTime:[ 2016-08-09T11:10:52+08:00 ] ::1 /ct/Public/Public/jquery.min.js
INFO: [ app_init ] --START--
INFO: Run Behavior\BuildLiteBehavior [ RunTime:0.000036s ]
INFO: [ app_init ] --END-- [ RunTime:0.000531s ]
ERR: 无法加载模块:Public

[ 2016-08-09T11:10:56+08:00 ] ::1 /ct/Public/Yourphp/Tpl/Home/Default/Public/images/favicon.ico
INFO: [ app_init ] --START--
INFO: Run Behavior\BuildLiteBehavior [ RunTime:0.000148s ]
INFO: [ app_init ] --END-- [ RunTime:0.002123s ]
ERR: 无法加载模块:Public

[ 2016-08-09T11:11:36+08:00 ] ::1 /ct/Public/Yourphp/Tpl/Home/Default/Public/Js/jquery.artDialog.js?skin=default
INFO: [ app_init ] --START--
INFO: Run Behavior\BuildLiteBehavior [ RunTime:0.000041s ]
INFO: [ app_init ] --END-- [ RunTime:0.000573s ]
ERR: 无法加载模块:Public

[ 2016-08-09T11:11:36+08:00 ] ::1 /ct/Public/Yourphp/Tpl/Home/Default/Public/images/menu_hover.png
INFO: [ app_init ] --START--
INFO: Run Behavior\BuildLiteBehavior [ RunTime:0.000045s ]
INFO: [ app_init ] --END-- [ RunTime:0.000626s ]
ERR: 无法加载模块:Public

[ 2016-08-09T11:14:26+08:00 ] ::1 /ct/Public/Styles/gdt-style.css
INFO: [ app_init ] --START--
INFO: Run Behavior\BuildLiteBehavior [ RunTime:0.000036s ]
INFO: [ app_init ] --END-- [ RunTime:0.000431s ]
ERR: 无法加载模块:Public

[ 2016-08-09T11:14:26+08:00 ] ::1 /ct/Public/Yourphp/Tpl/Home/Default/Public/Js/jquery.artDialog.js?skin=default
INFO: [ app_init ] --START--
INFO: Run Behavior\BuildLiteBehavior [ RunTime:0.000037s ]
INFO: [ app_init ] --END-- [ RunTime:0.001098s ]
ERR: 无法加载模块:Public

[ 2016-08-09T11:14:26+08:00 ] ::1 /ct/Public/Public/jquery.min.js
INFO: [ app_init ] --START--
INFO: Run Behavior\BuildLiteBehavior [ RunTime:0.000083s ]
INFO: [ app_init ] --END-- [ RunTime:0.001491s ]
ERR: 无法加载模块:Public

[ 2016-08-09T11:14:57+08:00 ] ::1 /ct/Public/Styles/gdt-style.css
INFO: [ app_init ] --START--
INFO: Run Behavior\BuildLiteBehavior [ RunTime:0.000037s ]
INFO: [ app_init ] --END-- [ RunTime:0.000507s ]
ERR: 无法加载模块:Public

[ 2016-08-09T11:14:57+08:00 ] ::1 /ct/Public/Public/jquery.min.js
INFO: [ app_init ] --START--
INFO: Run Behavior\BuildLiteBehavior [ RunTime:0.000030s ]
INFO: [ app_init ] --END-- [ RunTime:0.000416s ]
ERR: 无法加载模块:Public

[ 2016-08-09T11:14:58+08:00 ] ::1 /ct/Public/Yourphp/Tpl/Home/Default/Public/Js/jquery.artDialog.js?skin=default
INFO: [ app_init ] --START--
INFO: Run Behavior\BuildLiteBehavior [ RunTime:0.000022s ]
INFO: [ app_init ] --END-- [ RunTime:0.000337s ]
ERR: 无法加载模块:Public

[ 2016-08-09T11:15:01+08:00 ] ::1 /ct/Public/Styles/gdt-style.css
INFO: [ app_init ] --START--
INFO: Run Behavior\BuildLiteBehavior [ RunTime:0.000061s ]
INFO: [ app_init ] --END-- [ RunTime:0.000681s ]
ERR: 无法加载模块:Public

[ 2016-08-09T11:15:01+08:00 ] ::1 /ct/Public/Public/jquery.min.js
INFO: [ app_init ] --START--
INFO: Run Behavior\BuildLiteBehavior [ RunTime:0.000040s ]
INFO: [ app_init ] --END-- [ RunTime:0.000633s ]
ERR: 无法加载模块:Public

[ 2016-08-09T11:15:01+08:00 ] ::1 /ct/Public/Yourphp/Tpl/Home/Default/Public/Js/jquery.artDialog.js?skin=default
INFO: [ app_init ] --START--
INFO: Run Behavior\BuildLiteBehavior [ RunTime:0.000044s ]
INFO: [ app_init ] --END-- [ RunTime:0.000784s ]
ERR: 无法加载模块:Public

[ 2016-08-09T11:15:32+08:00 ] ::1 /ct/Public/Yourphp/Tpl/Home/Default/Public/Js/jquery.artDialog.js?skin=default
INFO: [ app_init ] --START--
INFO: Run Behavior\BuildLiteBehavior [ RunTime:0.000024s ]
INFO: [ app_init ] --END-- [ RunTime:0.000347s ]
ERR: 无法加载模块:Public

[ 2016-08-09T11:15:33+08:00 ] ::1 /ct/Public/Yourphp/Tpl/Home/Default/Public/Js/jquery.artDialog.js?skin=default
INFO: [ app_init ] --START--
INFO: Run Behavior\BuildLiteBehavior [ RunTime:0.000044s ]
INFO: [ app_init ] --END-- [ RunTime:0.001004s ]
ERR: 无法加载模块:Public

[ 2016-08-09T11:15:34+08:00 ] ::1 /ct/Public/Yourphp/Tpl/Home/Default/Public/Js/jquery.artDialog.js?skin=default
INFO: [ app_init ] --START--
INFO: Run Behavior\BuildLiteBehavior [ RunTime:0.000024s ]
INFO: [ app_init ] --END-- [ RunTime:0.000350s ]
ERR: 无法加载模块:Public

[ 2016-08-09T11:15:35+08:00 ] ::1 /ct/Public/Yourphp/Tpl/Home/Default/Public/Js/jquery.artDialog.js?skin=default
INFO: [ app_init ] --START--
INFO: Run Behavior\BuildLiteBehavior [ RunTime:0.000031s ]
INFO: [ app_init ] --END-- [ RunTime:0.000448s ]
ERR: 无法加载模块:Public

[ 2016-08-09T11:15:36+08:00 ] ::1 /ct/Public/Yourphp/Tpl/Home/Default/Public/Js/jquery.artDialog.js?skin=default
INFO: [ app_init ] --START--
INFO: Run Behavior\BuildLiteBehavior [ RunTime:0.000022s ]
INFO: [ app_init ] --END-- [ RunTime:0.000323s ]
ERR: 无法加载模块:Public

[ 2016-08-09T11:15:37+08:00 ] ::1 /ct/Public/Public/jquery.min.js
INFO: [ app_init ] --START--
INFO: Run Behavior\BuildLiteBehavior [ RunTime:0.000039s ]
INFO: [ app_init ] --END-- [ RunTime:0.000560s ]
ERR: 无法加载模块:Public

[ 2016-08-09T11:15:37+08:00 ] ::1 /ct/Public/Styles/gdt-style.css
INFO: [ app_init ] --START--
INFO: Run Behavior\BuildLiteBehavior [ RunTime:0.000022s ]
INFO: [ app_init ] --END-- [ RunTime:0.000333s ]
ERR: 无法加载模块:Public

[ 2016-08-09T11:15:37+08:00 ] ::1 /ct/Public/Yourphp/Tpl/Home/Default/Public/Js/jquery.artDialog.js?skin=default
INFO: [ app_init ] --START--
INFO: Run Behavior\BuildLiteBehavior [ RunTime:0.000029s ]
INFO: [ app_init ] --END-- [ RunTime:0.000557s ]
ERR: 无法加载模块:Public

[ 2016-08-09T11:15:40+08:00 ] ::1 /ct/Public/Yourphp/Tpl/Home/Default/Public/Js/jquery.artDialog.js?skin=default
INFO: [ app_init ] --START--
INFO: Run Behavior\BuildLiteBehavior [ RunTime:0.000026s ]
INFO: [ app_init ] --END-- [ RunTime:0.000344s ]
ERR: 无法加载模块:Public

[ 2016-08-09T12:22:16+08:00 ] ::1 /ct/Public/Yourphp/Tpl/Home/Default/Public/Js/jquery.artDialog.js?skin=default
INFO: [ app_init ] --START--
INFO: Run Behavior\BuildLiteBehavior [ RunTime:0.000042s ]
INFO: [ app_init ] --END-- [ RunTime:0.000732s ]
ERR: 无法加载模块:Public

[ 2016-08-09T12:22:18+08:00 ] ::1 /ct/Public/Styles/gdt-style.css
INFO: [ app_init ] --START--
INFO: Run Behavior\BuildLiteBehavior [ RunTime:0.000047s ]
INFO: [ app_init ] --END-- [ RunTime:0.000754s ]
ERR: 无法加载模块:Public

[ 2016-08-09T12:22:18+08:00 ] ::1 /ct/Public/Public/jquery.min.js
INFO: [ app_init ] --START--
INFO: Run Behavior\BuildLiteBehavior [ RunTime:0.000032s ]
INFO: [ app_init ] --END-- [ RunTime:0.000404s ]
ERR: 无法加载模块:Public

[ 2016-08-09T12:22:18+08:00 ] ::1 /ct/Public/Yourphp/Tpl/Home/Default/Public/Js/jquery.artDialog.js?skin=default
INFO: [ app_init ] --START--
INFO: Run Behavior\BuildLiteBehavior [ RunTime:0.000036s ]
INFO: [ app_init ] --END-- [ RunTime:0.000517s ]
ERR: 无法加载模块:Public

[ 2016-08-09T12:22:20+08:00 ] ::1 /ct/Public/Styles/gdt-style.css
INFO: [ app_init ] --START--
INFO: Run Behavior\BuildLiteBehavior [ RunTime:0.000023s ]
INFO: [ app_init ] --END-- [ RunTime:0.000348s ]
ERR: 无法加载模块:Public

[ 2016-08-09T12:22:20+08:00 ] ::1 /ct/Public/Yourphp/Tpl/Home/Default/Public/Js/jquery.artDialog.js?skin=default
INFO: [ app_init ] --START--
INFO: Run Behavior\BuildLiteBehavior [ RunTime:0.000054s ]
INFO: [ app_init ] --END-- [ RunTime:0.000488s ]
ERR: 无法加载模块:Public

[ 2016-08-09T12:22:20+08:00 ] ::1 /ct/Public/Public/jquery.min.js
INFO: [ app_init ] --START--
INFO: Run Behavior\BuildLiteBehavior [ RunTime:0.000024s ]
INFO: [ app_init ] --END-- [ RunTime:0.000613s ]
ERR: 无法加载模块:Public

[ 2016-08-09T12:24:11+08:00 ] ::1 /ct/Public/Public/jquery.min.js
INFO: [ app_init ] --START--
INFO: Run Behavior\BuildLiteBehavior [ RunTime:0.000065s ]
INFO: [ app_init ] --END-- [ RunTime:0.000642s ]
ERR: 无法加载模块:Public

[ 2016-08-09T12:24:11+08:00 ] ::1 /ct/Public/Styles/gdt-style.css
INFO: [ app_init ] --START--
INFO: Run Behavior\BuildLiteBehavior [ RunTime:0.000023s ]
INFO: [ app_init ] --END-- [ RunTime:0.000381s ]
ERR: 无法加载模块:Public

[ 2016-08-09T12:24:11+08:00 ] ::1 /ct/Public/Yourphp/Tpl/Home/Default/Public/Js/jquery.artDialog.js?skin=default
INFO: [ app_init ] --START--
INFO: Run Behavior\BuildLiteBehavior [ RunTime:0.000024s ]
INFO: [ app_init ] --END-- [ RunTime:0.000401s ]
ERR: 无法加载模块:Public

[ 2016-08-09T12:24:11+08:00 ] ::1 /ct/Public/Yourphp/Tpl/Home/Default/Public/images/favicon.ico
INFO: [ app_init ] --START--
INFO: Run Behavior\BuildLiteBehavior [ RunTime:0.000043s ]
INFO: [ app_init ] --END-- [ RunTime:0.000748s ]
ERR: 无法加载模块:Public

[ 2016-08-09T12:24:31+08:00 ] ::1 /ct/Public/Styles/gdt-style.css
INFO: [ app_init ] --START--
INFO: Run Behavior\BuildLiteBehavior [ RunTime:0.000045s ]
INFO: [ app_init ] --END-- [ RunTime:0.000629s ]
ERR: 无法加载模块:Public

[ 2016-08-09T12:24:31+08:00 ] ::1 /ct/Public/Public/jquery.min.js
INFO: [ app_init ] --START--
INFO: Run Behavior\BuildLiteBehavior [ RunTime:0.000038s ]
INFO: [ app_init ] --END-- [ RunTime:0.000446s ]
ERR: 无法加载模块:Public

[ 2016-08-09T12:24:31+08:00 ] ::1 /ct/Public/Yourphp/Tpl/Home/Default/Public/Js/jquery.artDialog.js?skin=default
INFO: [ app_init ] --START--
INFO: Run Behavior\BuildLiteBehavior [ RunTime:0.000024s ]
INFO: [ app_init ] --END-- [ RunTime:0.000476s ]
ERR: 无法加载模块:Public

[ 2016-08-09T12:24:32+08:00 ] ::1 /ct/Public/Public/jquery.min.js
INFO: [ app_init ] --START--
INFO: Run Behavior\BuildLiteBehavior [ RunTime:0.000083s ]
INFO: [ app_init ] --END-- [ RunTime:0.000751s ]
ERR: 无法加载模块:Public

[ 2016-08-09T12:24:32+08:00 ] ::1 /ct/Public/Styles/gdt-style.css
INFO: [ app_init ] --START--
INFO: Run Behavior\BuildLiteBehavior [ RunTime:0.000072s ]
INFO: [ app_init ] --END-- [ RunTime:0.001451s ]
ERR: 无法加载模块:Public

[ 2016-08-09T12:24:32+08:00 ] ::1 /ct/Public/Yourphp/Tpl/Home/Default/Public/Js/jquery.artDialog.js?skin=default
INFO: [ app_init ] --START--
INFO: Run Behavior\BuildLiteBehavior [ RunTime:0.000029s ]
INFO: [ app_init ] --END-- [ RunTime:0.000682s ]
ERR: 无法加载模块:Public

[ 2016-08-09T12:24:37+08:00 ] ::1 /ct/Public/Yourphp/Tpl/Home/Default/Public/Js/jquery.artDialog.js?skin=default
INFO: [ app_init ] --START--
INFO: Run Behavior\BuildLiteBehavior [ RunTime:0.000023s ]
INFO: [ app_init ] --END-- [ RunTime:0.000378s ]
ERR: 无法加载模块:Public

[ 2016-08-09T12:24:37+08:00 ] ::1 /ct/Public/Yourphp/Tpl/Home/Default/Public/images/menu_hover.png
INFO: [ app_init ] --START--
INFO: Run Behavior\BuildLiteBehavior [ RunTime:0.000033s ]
INFO: [ app_init ] --END-- [ RunTime:0.000544s ]
ERR: 无法加载模块:Public

[ 2016-08-09T12:24:55+08:00 ] ::1 /ct/Public/Yourphp/Tpl/Home/Default/Public/Js/jquery.artDialog.js?skin=default
INFO: [ app_init ] --START--
INFO: Run Behavior\BuildLiteBehavior [ RunTime:0.000026s ]
INFO: [ app_init ] --END-- [ RunTime:0.000470s ]
ERR: 无法加载模块:Public

[ 2016-08-09T12:24:56+08:00 ] ::1 /ct/Public/Yourphp/Tpl/Home/Default/Public/Js/jquery.artDialog.js?skin=default
INFO: [ app_init ] --START--
INFO: Run Behavior\BuildLiteBehavior [ RunTime:0.000031s ]
INFO: [ app_init ] --END-- [ RunTime:0.000594s ]
ERR: 无法加载模块:Public

[ 2016-08-09T12:24:57+08:00 ] ::1 /ct/Public/Yourphp/Tpl/Home/Default/Public/Js/jquery.artDialog.js?skin=default
INFO: [ app_init ] --START--
INFO: Run Behavior\BuildLiteBehavior [ RunTime:0.000043s ]
INFO: [ app_init ] --END-- [ RunTime:0.000909s ]
ERR: 无法加载模块:Public

[ 2016-08-09T12:24:58+08:00 ] ::1 /ct/Public/Styles/gdt-style.css
INFO: [ app_init ] --START--
INFO: Run Behavior\BuildLiteBehavior [ RunTime:0.000042s ]
INFO: [ app_init ] --END-- [ RunTime:0.000632s ]
ERR: 无法加载模块:Public

[ 2016-08-09T12:24:58+08:00 ] ::1 /ct/Public/Public/jquery.min.js
INFO: [ app_init ] --START--
INFO: Run Behavior\BuildLiteBehavior [ RunTime:0.000077s ]
INFO: [ app_init ] --END-- [ RunTime:0.001135s ]
ERR: 无法加载模块:Public

[ 2016-08-09T12:24:58+08:00 ] ::1 /ct/Public/Yourphp/Tpl/Home/Default/Public/Js/jquery.artDialog.js?skin=default
INFO: [ app_init ] --START--
INFO: Run Behavior\BuildLiteBehavior [ RunTime:0.000043s ]
INFO: [ app_init ] --END-- [ RunTime:0.000735s ]
ERR: 无法加载模块:Public

[ 2016-08-09T12:25:21+08:00 ] ::1 /ct/Public/Styles/gdt-style.css
INFO: [ app_init ] --START--
INFO: Run Behavior\BuildLiteBehavior [ RunTime:0.000038s ]
INFO: [ app_init ] --END-- [ RunTime:0.000557s ]
ERR: 无法加载模块:Public

[ 2016-08-09T12:25:21+08:00 ] ::1 /ct/Public/Public/jquery.min.js
INFO: [ app_init ] --START--
INFO: Run Behavior\BuildLiteBehavior [ RunTime:0.000042s ]
INFO: [ app_init ] --END-- [ RunTime:0.000545s ]
ERR: 无法加载模块:Public

[ 2016-08-09T12:25:21+08:00 ] ::1 /ct/Public/Yourphp/Tpl/Home/Default/Public/Js/jquery.artDialog.js?skin=default
INFO: [ app_init ] --START--
INFO: Run Behavior\BuildLiteBehavior [ RunTime:0.000027s ]
INFO: [ app_init ] --END-- [ RunTime:0.000511s ]
ERR: 无法加载模块:Public

[ 2016-08-09T12:25:25+08:00 ] ::1 /ct/Public/Yourphp/Tpl/Home/Default/Public/Js/jquery.artDialog.js?skin=default
INFO: [ app_init ] --START--
INFO: Run Behavior\BuildLiteBehavior [ RunTime:0.000040s ]
INFO: [ app_init ] --END-- [ RunTime:0.000636s ]
ERR: 无法加载模块:Public

[ 2016-08-09T12:25:25+08:00 ] ::1 /ct/Public/Styles/gdt-style.css
INFO: [ app_init ] --START--
INFO: Run Behavior\BuildLiteBehavior [ RunTime:0.000040s ]
INFO: [ app_init ] --END-- [ RunTime:0.000612s ]
ERR: 无法加载模块:Public

[ 2016-08-09T12:25:25+08:00 ] ::1 /ct/Public/Public/jquery.min.js
INFO: [ app_init ] --START--
INFO: Run Behavior\BuildLiteBehavior [ RunTime:0.000041s ]
INFO: [ app_init ] --END-- [ RunTime:0.000737s ]
ERR: 无法加载模块:Public

[ 2016-08-09T12:25:26+08:00 ] ::1 /ct/Public/Yourphp/Tpl/Home/Default/Public/images/favicon.ico
INFO: [ app_init ] --START--
INFO: Run Behavior\BuildLiteBehavior [ RunTime:0.000023s ]
INFO: [ app_init ] --END-- [ RunTime:0.000377s ]
ERR: 无法加载模块:Public

[ 2016-08-09T12:25:50+08:00 ] ::1 /ct/Public/Public/jquery.min.js
INFO: [ app_init ] --START--
INFO: Run Behavior\BuildLiteBehavior [ RunTime:0.000025s ]
INFO: [ app_init ] --END-- [ RunTime:0.000412s ]
ERR: 无法加载模块:Public

[ 2016-08-09T12:25:50+08:00 ] ::1 /ct/Public/Styles/gdt-style.css
INFO: [ app_init ] --START--
INFO: Run Behavior\BuildLiteBehavior [ RunTime:0.000041s ]
INFO: [ app_init ] --END-- [ RunTime:0.000877s ]
ERR: 无法加载模块:Public

[ 2016-08-09T12:25:50+08:00 ] ::1 /ct/Public/Yourphp/Tpl/Home/Default/Public/Js/jquery.artDialog.js?skin=default
INFO: [ app_init ] --START--
INFO: Run Behavior\BuildLiteBehavior [ RunTime:0.000039s ]
INFO: [ app_init ] --END-- [ RunTime:0.000553s ]
ERR: 无法加载模块:Public

[ 2016-08-09T12:26:20+08:00 ] ::1 /ct/Public/Yourphp/Tpl/Home/Default/Public/Js/jquery.artDialog.js?skin=default
INFO: [ app_init ] --START--
INFO: Run Behavior\BuildLiteBehavior [ RunTime:0.000042s ]
INFO: [ app_init ] --END-- [ RunTime:0.000569s ]
ERR: 无法加载模块:Public

[ 2016-08-09T12:26:20+08:00 ] ::1 /ct/Public/Styles/gdt-style.css
INFO: [ app_init ] --START--
INFO: Run Behavior\BuildLiteBehavior [ RunTime:0.000040s ]
INFO: [ app_init ] --END-- [ RunTime:0.000558s ]
ERR: 无法加载模块:Public

[ 2016-08-09T12:26:20+08:00 ] ::1 /ct/Public/Public/jquery.min.js
INFO: [ app_init ] --START--
INFO: Run Behavior\BuildLiteBehavior [ RunTime:0.000039s ]
INFO: [ app_init ] --END-- [ RunTime:0.000548s ]
ERR: 无法加载模块:Public

[ 2016-08-09T12:26:27+08:00 ] ::1 /ct/Public/Styles/gdt-style.css
INFO: [ app_init ] --START--
INFO: Run Behavior\BuildLiteBehavior [ RunTime:0.000023s ]
INFO: [ app_init ] --END-- [ RunTime:0.000388s ]
ERR: 无法加载模块:Public

[ 2016-08-09T12:26:27+08:00 ] ::1 /ct/Public/Public/jquery.min.js
INFO: [ app_init ] --START--
INFO: Run Behavior\BuildLiteBehavior [ RunTime:0.000030s ]
INFO: [ app_init ] --END-- [ RunTime:0.000700s ]
ERR: 无法加载模块:Public

[ 2016-08-09T12:26:27+08:00 ] ::1 /ct/Public/Yourphp/Tpl/Home/Default/Public/Js/jquery.artDialog.js?skin=default
INFO: [ app_init ] --START--
INFO: Run Behavior\BuildLiteBehavior [ RunTime:0.000024s ]
INFO: [ app_init ] --END-- [ RunTime:0.000380s ]
ERR: 无法加载模块:Public

[ 2016-08-09T12:26:34+08:00 ] ::1 /ct/Public/Public/jquery.min.js
INFO: [ app_init ] --START--
INFO: Run Behavior\BuildLiteBehavior [ RunTime:0.000044s ]
INFO: [ app_init ] --END-- [ RunTime:0.000576s ]
ERR: 无法加载模块:Public

[ 2016-08-09T12:26:34+08:00 ] ::1 /ct/Public/Styles/gdt-style.css
INFO: [ app_init ] --START--
INFO: Run Behavior\BuildLiteBehavior [ RunTime:0.000038s ]
INFO: [ app_init ] --END-- [ RunTime:0.000565s ]
ERR: 无法加载模块:Public

[ 2016-08-09T12:26:34+08:00 ] ::1 /ct/Public/Yourphp/Tpl/Home/Default/Public/Js/jquery.artDialog.js?skin=default
INFO: [ app_init ] --START--
INFO: Run Behavior\BuildLiteBehavior [ RunTime:0.000039s ]
INFO: [ app_init ] --END-- [ RunTime:0.000640s ]
ERR: 无法加载模块:Public

[ 2016-08-09T12:27:04+08:00 ] ::1 /ct/Public/Public/jquery.min.js
INFO: [ app_init ] --START--
INFO: Run Behavior\BuildLiteBehavior [ RunTime:0.000053s ]
INFO: [ app_init ] --END-- [ RunTime:0.000656s ]
ERR: 无法加载模块:Public

[ 2016-08-09T12:27:04+08:00 ] ::1 /ct/Public/Styles/gdt-style.css
INFO: [ app_init ] --START--
INFO: Run Behavior\BuildLiteBehavior [ RunTime:0.000045s ]
INFO: [ app_init ] --END-- [ RunTime:0.000724s ]
ERR: 无法加载模块:Public

[ 2016-08-09T12:27:04+08:00 ] ::1 /ct/Public/Yourphp/Tpl/Home/Default/Public/Js/jquery.artDialog.js?skin=default
INFO: [ app_init ] --START--
INFO: Run Behavior\BuildLiteBehavior [ RunTime:0.000025s ]
INFO: [ app_init ] --END-- [ RunTime:0.000386s ]
ERR: 无法加载模块:Public

[ 2016-08-09T12:27:14+08:00 ] ::1 /ct/Public/Yourphp/Tpl/Home/Default/Public/Js/jquery.artDialog.js?skin=default
INFO: [ app_init ] --START--
INFO: Run Behavior\BuildLiteBehavior [ RunTime:0.000066s ]
INFO: [ app_init ] --END-- [ RunTime:0.001547s ]
ERR: 无法加载模块:Public

[ 2016-08-09T12:27:14+08:00 ] ::1 /ct/Public/Yourphp/Tpl/Home/Default/Public/images/menu_hover.png
INFO: [ app_init ] --START--
INFO: Run Behavior\BuildLiteBehavior [ RunTime:0.000060s ]
INFO: [ app_init ] --END-- [ RunTime:0.001480s ]
ERR: 无法加载模块:Public

[ 2016-08-09T12:27:20+08:00 ] ::1 /ct/Public/Yourphp/Tpl/Home/Default/Public/Js/jquery.artDialog.js?skin=default
INFO: [ app_init ] --START--
INFO: Run Behavior\BuildLiteBehavior [ RunTime:0.000045s ]
INFO: [ app_init ] --END-- [ RunTime:0.000839s ]
ERR: 无法加载模块:Public

[ 2016-08-09T12:27:20+08:00 ] ::1 /ct/Public/Yourphp/Tpl/Home/Default/Public/images/menu_hover.png
INFO: [ app_init ] --START--
INFO: Run Behavior\BuildLiteBehavior [ RunTime:0.000032s ]
INFO: [ app_init ] --END-- [ RunTime:0.000414s ]
ERR: 无法加载模块:Public

[ 2016-08-09T12:27:20+08:00 ] ::1 /ct/Public/Styles/gdt-style.css
INFO: [ app_init ] --START--
INFO: Run Behavior\BuildLiteBehavior [ RunTime:0.000041s ]
INFO: [ app_init ] --END-- [ RunTime:0.000614s ]
ERR: 无法加载模块:Public

[ 2016-08-09T12:27:21+08:00 ] ::1 /ct/Public/Public/jquery.min.js
INFO: [ app_init ] --START--
INFO: Run Behavior\BuildLiteBehavior [ RunTime:0.000040s ]
INFO: [ app_init ] --END-- [ RunTime:0.000618s ]
ERR: 无法加载模块:Public

[ 2016-08-09T12:27:21+08:00 ] ::1 /ct/Public/Yourphp/Tpl/Home/Default/Public/Js/jquery.artDialog.js?skin=default
INFO: [ app_init ] --START--
INFO: Run Behavior\BuildLiteBehavior [ RunTime:0.000038s ]
INFO: [ app_init ] --END-- [ RunTime:0.000555s ]
ERR: 无法加载模块:Public

[ 2016-08-09T12:29:19+08:00 ] ::1 /ct/Public/Styles/gdt-style.css
INFO: [ app_init ] --START--
INFO: Run Behavior\BuildLiteBehavior [ RunTime:0.000047s ]
INFO: [ app_init ] --END-- [ RunTime:0.000610s ]
ERR: 无法加载模块:Public

[ 2016-08-09T12:29:19+08:00 ] ::1 /ct/Public/Public/jquery.min.js
INFO: [ app_init ] --START--
INFO: Run Behavior\BuildLiteBehavior [ RunTime:0.000068s ]
INFO: [ app_init ] --END-- [ RunTime:0.001085s ]
ERR: 无法加载模块:Public

[ 2016-08-09T12:29:19+08:00 ] ::1 /ct/Public/Yourphp/Tpl/Home/Default/Public/Js/jquery.artDialog.js?skin=default
INFO: [ app_init ] --START--
INFO: Run Behavior\BuildLiteBehavior [ RunTime:0.000025s ]
INFO: [ app_init ] --END-- [ RunTime:0.000455s ]
ERR: 无法加载模块:Public

[ 2016-08-09T12:31:19+08:00 ] ::1 /ct/Public/Yourphp/Tpl/Home/Default/Public/Js/jquery.artDialog.js?skin=default
INFO: [ app_init ] --START--
INFO: Run Behavior\BuildLiteBehavior [ RunTime:0.000039s ]
INFO: [ app_init ] --END-- [ RunTime:0.000575s ]
ERR: 无法加载模块:Public

[ 2016-08-09T12:31:19+08:00 ] ::1 /ct/Public/Styles/gdt-style.css
INFO: [ app_init ] --START--
INFO: Run Behavior\BuildLiteBehavior [ RunTime:0.000073s ]
INFO: [ app_init ] --END-- [ RunTime:0.000784s ]
ERR: 无法加载模块:Public

[ 2016-08-09T12:31:19+08:00 ] ::1 /ct/Public/Public/jquery.min.js
INFO: [ app_init ] --START--
INFO: Run Behavior\BuildLiteBehavior [ RunTime:0.000024s ]
INFO: [ app_init ] --END-- [ RunTime:0.000388s ]
ERR: 无法加载模块:Public

[ 2016-08-09T12:32:22+08:00 ] ::1 /ct/Public/Yourphp/Tpl/Home/Default/Public/Js/jquery.artDialog.js?skin=default
INFO: [ app_init ] --START--
INFO: Run Behavior\BuildLiteBehavior [ RunTime:0.000046s ]
INFO: [ app_init ] --END-- [ RunTime:0.000666s ]
ERR: 无法加载模块:Public

[ 2016-08-09T12:32:22+08:00 ] ::1 /ct/Public/Styles/gdt-style.css
INFO: [ app_init ] --START--
INFO: Run Behavior\BuildLiteBehavior [ RunTime:0.000052s ]
INFO: [ app_init ] --END-- [ RunTime:0.000590s ]
ERR: 无法加载模块:Public

[ 2016-08-09T12:32:22+08:00 ] ::1 /ct/Public/Public/jquery.min.js
INFO: [ app_init ] --START--
INFO: Run Behavior\BuildLiteBehavior [ RunTime:0.000029s ]
INFO: [ app_init ] --END-- [ RunTime:0.000878s ]
ERR: 无法加载模块:Public

[ 2016-08-09T12:33:09+08:00 ] ::1 /ct/Public/Styles/gdt-style.css
INFO: [ app_init ] --START--
INFO: Run Behavior\BuildLiteBehavior [ RunTime:0.000043s ]
INFO: [ app_init ] --END-- [ RunTime:0.000605s ]
ERR: 无法加载模块:Public

[ 2016-08-09T12:33:09+08:00 ] ::1 /ct/Public/Yourphp/Tpl/Home/Default/Public/Js/jquery.artDialog.js?skin=default
INFO: [ app_init ] --START--
INFO: Run Behavior\BuildLiteBehavior [ RunTime:0.000026s ]
INFO: [ app_init ] --END-- [ RunTime:0.000368s ]
ERR: 无法加载模块:Public

[ 2016-08-09T12:33:09+08:00 ] ::1 /ct/Public/Public/jquery.min.js
INFO: [ app_init ] --START--
INFO: Run Behavior\BuildLiteBehavior [ RunTime:0.000023s ]
INFO: [ app_init ] --END-- [ RunTime:0.000364s ]
ERR: 无法加载模块:Public

[ 2016-08-09T12:37:10+08:00 ] ::1 /ct/Public/Yourphp/Tpl/Home/Default/Public/Js/jquery.artDialog.js?skin=default
INFO: [ app_init ] --START--
INFO: Run Behavior\BuildLiteBehavior [ RunTime:0.000025s ]
INFO: [ app_init ] --END-- [ RunTime:0.000410s ]
ERR: 无法加载模块:Public

[ 2016-08-09T12:37:10+08:00 ] ::1 /ct/Public/Styles/gdt-style.css
INFO: [ app_init ] --START--
INFO: Run Behavior\BuildLiteBehavior [ RunTime:0.000040s ]
INFO: [ app_init ] --END-- [ RunTime:0.000632s ]
ERR: 无法加载模块:Public

[ 2016-08-09T12:37:10+08:00 ] ::1 /ct/Public/Public/jquery.min.js
INFO: [ app_init ] --START--
INFO: Run Behavior\BuildLiteBehavior [ RunTime:0.000040s ]
INFO: [ app_init ] --END-- [ RunTime:0.000551s ]
ERR: 无法加载模块:Public

[ 2016-08-09T12:37:11+08:00 ] ::1 /ct/Public/Yourphp/Tpl/Home/Default/Public/images/favicon.ico
INFO: [ app_init ] --START--
INFO: Run Behavior\BuildLiteBehavior [ RunTime:0.000059s ]
INFO: [ app_init ] --END-- [ RunTime:0.001414s ]
ERR: 无法加载模块:Public

[ 2016-08-09T12:37:14+08:00 ] ::1 /ct/Public/Styles/gdt-style.css
INFO: [ app_init ] --START--
INFO: Run Behavior\BuildLiteBehavior [ RunTime:0.000040s ]
INFO: [ app_init ] --END-- [ RunTime:0.000611s ]
ERR: 无法加载模块:Public

[ 2016-08-09T12:37:14+08:00 ] ::1 /ct/Public/Public/jquery.min.js
INFO: [ app_init ] --START--
INFO: Run Behavior\BuildLiteBehavior [ RunTime:0.000026s ]
INFO: [ app_init ] --END-- [ RunTime:0.000418s ]
ERR: 无法加载模块:Public

[ 2016-08-09T12:37:14+08:00 ] ::1 /ct/Public/Yourphp/Tpl/Home/Default/Public/Js/jquery.artDialog.js?skin=default
INFO: [ app_init ] --START--
INFO: Run Behavior\BuildLiteBehavior [ RunTime:0.000028s ]
INFO: [ app_init ] --END-- [ RunTime:0.000407s ]
ERR: 无法加载模块:Public

[ 2016-08-09T12:37:15+08:00 ] ::1 /ct/Public/Yourphp/Tpl/Home/Default/Public/images/favicon.ico
INFO: [ app_init ] --START--
INFO: Run Behavior\BuildLiteBehavior [ RunTime:0.000067s ]
INFO: [ app_init ] --END-- [ RunTime:0.001054s ]
ERR: 无法加载模块:Public

[ 2016-08-09T12:37:22+08:00 ] ::1 /ct/Public/Styles/gdt-style.css
INFO: [ app_init ] --START--
INFO: Run Behavior\BuildLiteBehavior [ RunTime:0.000040s ]
INFO: [ app_init ] --END-- [ RunTime:0.000543s ]
ERR: 无法加载模块:Public

[ 2016-08-09T12:37:22+08:00 ] ::1 /ct/Public/Public/jquery.min.js
INFO: [ app_init ] --START--
INFO: Run Behavior\BuildLiteBehavior [ RunTime:0.000039s ]
INFO: [ app_init ] --END-- [ RunTime:0.000529s ]
ERR: 无法加载模块:Public

[ 2016-08-09T12:37:22+08:00 ] ::1 /ct/Public/Yourphp/Tpl/Home/Default/Public/Js/jquery.artDialog.js?skin=default
INFO: [ app_init ] --START--
INFO: Run Behavior\BuildLiteBehavior [ RunTime:0.000099s ]
INFO: [ app_init ] --END-- [ RunTime:0.001169s ]
ERR: 无法加载模块:Public

[ 2016-08-09T12:37:44+08:00 ] ::1 /ct/Public/Styles/gdt-style.css
INFO: [ app_init ] --START--
INFO: Run Behavior\BuildLiteBehavior [ RunTime:0.000055s ]
INFO: [ app_init ] --END-- [ RunTime:0.001378s ]
ERR: 无法加载模块:Public

[ 2016-08-09T12:37:44+08:00 ] ::1 /ct/Public/Yourphp/Tpl/Home/Default/Public/Js/jquery.artDialog.js?skin=default
INFO: [ app_init ] --START--
INFO: Run Behavior\BuildLiteBehavior [ RunTime:0.000044s ]
INFO: [ app_init ] --END-- [ RunTime:0.000737s ]
ERR: 无法加载模块:Public

[ 2016-08-09T12:37:44+08:00 ] ::1 /ct/Public/Public/jquery.min.js
INFO: [ app_init ] --START--
INFO: Run Behavior\BuildLiteBehavior [ RunTime:0.000022s ]
INFO: [ app_init ] --END-- [ RunTime:0.000347s ]
ERR: 无法加载模块:Public

[ 2016-08-09T12:37:52+08:00 ] ::1 /ct/Public/Public/jquery.min.js
INFO: [ app_init ] --START--
INFO: Run Behavior\BuildLiteBehavior [ RunTime:0.000039s ]
INFO: [ app_init ] --END-- [ RunTime:0.000551s ]
ERR: 无法加载模块:Public

[ 2016-08-09T12:37:52+08:00 ] ::1 /ct/Public/Styles/gdt-style.css
INFO: [ app_init ] --START--
INFO: Run Behavior\BuildLiteBehavior [ RunTime:0.000040s ]
INFO: [ app_init ] --END-- [ RunTime:0.000542s ]
ERR: 无法加载模块:Public

[ 2016-08-09T12:37:52+08:00 ] ::1 /ct/Public/Yourphp/Tpl/Home/Default/Public/Js/jquery.artDialog.js?skin=default
INFO: [ app_init ] --START--
INFO: Run Behavior\BuildLiteBehavior [ RunTime:0.000046s ]
INFO: [ app_init ] --END-- [ RunTime:0.000652s ]
ERR: 无法加载模块:Public

[ 2016-08-09T12:38:31+08:00 ] ::1 /ct/Public/Styles/gdt-style.css
INFO: [ app_init ] --START--
INFO: Run Behavior\BuildLiteBehavior [ RunTime:0.000043s ]
INFO: [ app_init ] --END-- [ RunTime:0.000603s ]
ERR: 无法加载模块:Public

[ 2016-08-09T12:38:31+08:00 ] ::1 /ct/Public/Public/jquery.min.js
INFO: [ app_init ] --START--
INFO: Run Behavior\BuildLiteBehavior [ RunTime:0.000040s ]
INFO: [ app_init ] --END-- [ RunTime:0.000577s ]
ERR: 无法加载模块:Public

[ 2016-08-09T12:38:31+08:00 ] ::1 /ct/Public/Yourphp/Tpl/Home/Default/Public/Js/jquery.artDialog.js?skin=default
INFO: [ app_init ] --START--
INFO: Run Behavior\BuildLiteBehavior [ RunTime:0.000034s ]
INFO: [ app_init ] --END-- [ RunTime:0.000815s ]
ERR: 无法加载模块:Public

[ 2016-08-09T12:38:31+08:00 ] ::1 /ct/Public/Yourphp/Tpl/Home/Default/Public/images/favicon.ico
INFO: [ app_init ] --START--
INFO: Run Behavior\BuildLiteBehavior [ RunTime:0.000046s ]
INFO: [ app_init ] --END-- [ RunTime:0.000728s ]
ERR: 无法加载模块:Public

[ 2016-08-09T12:39:04+08:00 ] ::1 /ct/Public/Yourphp/Tpl/Home/Default/Public/Js/jquery.artDialog.js?skin=default
INFO: [ app_init ] --START--
INFO: Run Behavior\BuildLiteBehavior [ RunTime:0.000041s ]
INFO: [ app_init ] --END-- [ RunTime:0.000513s ]
ERR: 无法加载模块:Public

[ 2016-08-09T12:39:04+08:00 ] ::1 /ct/Public/Public/jquery.min.js
INFO: [ app_init ] --START--
INFO: Run Behavior\BuildLiteBehavior [ RunTime:0.000041s ]
INFO: [ app_init ] --END-- [ RunTime:0.000590s ]
ERR: 无法加载模块:Public

[ 2016-08-09T12:39:04+08:00 ] ::1 /ct/Public/Styles/gdt-style.css
INFO: [ app_init ] --START--
INFO: Run Behavior\BuildLiteBehavior [ RunTime:0.000027s ]
INFO: [ app_init ] --END-- [ RunTime:0.000385s ]
ERR: 无法加载模块:Public

[ 2016-08-09T12:39:04+08:00 ] ::1 /ct/Public/Yourphp/Tpl/Home/Default/Public/images/favicon.ico
INFO: [ app_init ] --START--
INFO: Run Behavior\BuildLiteBehavior [ RunTime:0.000057s ]
INFO: [ app_init ] --END-- [ RunTime:0.000661s ]
ERR: 无法加载模块:Public

[ 2016-08-09T12:39:04+08:00 ] ::1 /ct/Public/Public/jquery.min.js
INFO: [ app_init ] --START--
INFO: Run Behavior\BuildLiteBehavior [ RunTime:0.000033s ]
INFO: [ app_init ] --END-- [ RunTime:0.000522s ]
ERR: 无法加载模块:Public

[ 2016-08-09T12:39:04+08:00 ] ::1 /ct/Public/Yourphp/Tpl/Home/Default/Public/images/favicon.ico
INFO: [ app_init ] --START--
INFO: Run Behavior\BuildLiteBehavior [ RunTime:0.000025s ]
INFO: [ app_init ] --END-- [ RunTime:0.000390s ]
ERR: 无法加载模块:Public

[ 2016-08-09T12:39:04+08:00 ] ::1 /ct/Public/Yourphp/Tpl/Home/Default/Public/Js/jquery.artDialog.js?skin=default
INFO: [ app_init ] --START--
INFO: Run Behavior\BuildLiteBehavior [ RunTime:0.000040s ]
INFO: [ app_init ] --END-- [ RunTime:0.000628s ]
ERR: 无法加载模块:Public

[ 2016-08-09T12:40:01+08:00 ] ::1 /ct/Public/Public/jquery.min.js
INFO: [ app_init ] --START--
INFO: Run Behavior\BuildLiteBehavior [ RunTime:0.000042s ]
INFO: [ app_init ] --END-- [ RunTime:0.000601s ]
ERR: 无法加载模块:Public

[ 2016-08-09T12:40:01+08:00 ] ::1 /ct/Public/Styles/gdt-style.css
INFO: [ app_init ] --START--
INFO: Run Behavior\BuildLiteBehavior [ RunTime:0.000049s ]
INFO: [ app_init ] --END-- [ RunTime:0.001979s ]
ERR: 无法加载模块:Public

[ 2016-08-09T12:40:01+08:00 ] ::1 /ct/Public/Yourphp/Tpl/Home/Default/Public/Js/jquery.artDialog.js?skin=default
INFO: [ app_init ] --START--
INFO: Run Behavior\BuildLiteBehavior [ RunTime:0.000042s ]
INFO: [ app_init ] --END-- [ RunTime:0.002002s ]
ERR: 无法加载模块:Public

[ 2016-08-09T12:40:01+08:00 ] ::1 /ct/Public/Public/jquery.min.js
INFO: [ app_init ] --START--
INFO: Run Behavior\BuildLiteBehavior [ RunTime:0.000027s ]
INFO: [ app_init ] --END-- [ RunTime:0.000572s ]
ERR: 无法加载模块:Public

[ 2016-08-09T12:40:01+08:00 ] ::1 /ct/Public/Yourphp/Tpl/Home/Default/Public/Js/jquery.artDialog.js?skin=default
INFO: [ app_init ] --START--
INFO: Run Behavior\BuildLiteBehavior [ RunTime:0.000023s ]
INFO: [ app_init ] --END-- [ RunTime:0.000365s ]
ERR: 无法加载模块:Public

[ 2016-08-09T12:40:11+08:00 ] ::1 /ct/Public/Public/jquery.min.js
INFO: [ app_init ] --START--
INFO: Run Behavior\BuildLiteBehavior [ RunTime:0.000040s ]
INFO: [ app_init ] --END-- [ RunTime:0.000577s ]
ERR: 无法加载模块:Public

[ 2016-08-09T12:40:11+08:00 ] ::1 /ct/Public/Styles/gdt-style.css
INFO: [ app_init ] --START--
INFO: Run Behavior\BuildLiteBehavior [ RunTime:0.000023s ]
INFO: [ app_init ] --END-- [ RunTime:0.000368s ]
ERR: 无法加载模块:Public

[ 2016-08-09T12:40:11+08:00 ] ::1 /ct/Public/Yourphp/Tpl/Home/Default/Public/Js/jquery.artDialog.js?skin=default
INFO: [ app_init ] --START--
INFO: Run Behavior\BuildLiteBehavior [ RunTime:0.000022s ]
INFO: [ app_init ] --END-- [ RunTime:0.000358s ]
ERR: 无法加载模块:Public

[ 2016-08-09T12:40:11+08:00 ] ::1 /ct/Public/Public/jquery.min.js
INFO: [ app_init ] --START--
INFO: Run Behavior\BuildLiteBehavior [ RunTime:0.000021s ]
INFO: [ app_init ] --END-- [ RunTime:0.000349s ]
ERR: 无法加载模块:Public

[ 2016-08-09T12:40:11+08:00 ] ::1 /ct/Public/Yourphp/Tpl/Home/Default/Public/Js/jquery.artDialog.js?skin=default
INFO: [ app_init ] --START--
INFO: Run Behavior\BuildLiteBehavior [ RunTime:0.000021s ]
INFO: [ app_init ] --END-- [ RunTime:0.000342s ]
ERR: 无法加载模块:Public

[ 2016-08-09T12:40:21+08:00 ] ::1 /ct/Public/Yourphp/Tpl/Home/Default/Public/Js/jquery.artDialog.js?skin=default
INFO: [ app_init ] --START--
INFO: Run Behavior\BuildLiteBehavior [ RunTime:0.000042s ]
INFO: [ app_init ] --END-- [ RunTime:0.000581s ]
ERR: 无法加载模块:Public

[ 2016-08-09T12:40:21+08:00 ] ::1 /ct/Public/Public/jquery.min.js
INFO: [ app_init ] --START--
INFO: Run Behavior\BuildLiteBehavior [ RunTime:0.000044s ]
INFO: [ app_init ] --END-- [ RunTime:0.001115s ]
ERR: 无法加载模块:Public

[ 2016-08-09T12:40:21+08:00 ] ::1 /ct/Public/Styles/gdt-style.css
INFO: [ app_init ] --START--
INFO: Run Behavior\BuildLiteBehavior [ RunTime:0.000041s ]
INFO: [ app_init ] --END-- [ RunTime:0.001109s ]
ERR: 无法加载模块:Public

[ 2016-08-09T12:40:21+08:00 ] ::1 /ct/Public/Public/jquery.min.js
INFO: [ app_init ] --START--
INFO: Run Behavior\BuildLiteBehavior [ RunTime:0.000023s ]
INFO: [ app_init ] --END-- [ RunTime:0.000368s ]
ERR: 无法加载模块:Public

[ 2016-08-09T12:40:21+08:00 ] ::1 /ct/Public/Yourphp/Tpl/Home/Default/Public/Js/jquery.artDialog.js?skin=default
INFO: [ app_init ] --START--
INFO: Run Behavior\BuildLiteBehavior [ RunTime:0.000025s ]
INFO: [ app_init ] --END-- [ RunTime:0.000422s ]
ERR: 无法加载模块:Public

