[ 2016-12-01T20:28:56+08:00 ] ::1 /ct/Public/Styles/gdt-style.css
INFO: [ app_init ] --START--
INFO: Run Behavior\BuildLiteBehavior [ RunTime:0.000039s ]
INFO: [ app_init ] --END-- [ RunTime:0.000677s ]
ERR: 无法加载模块:Public

[ 2016-12-01T20:28:56+08:00 ] ::1 /ct/Public/Yourphp/Tpl/Home/Default/Public/Js/jquery.artDialog.js?skin=default
INFO: [ app_init ] --START--
INFO: Run Behavior\BuildLiteBehavior [ RunTime:0.000024s ]
INFO: [ app_init ] --END-- [ RunTime:0.000444s ]
ERR: 无法加载模块:Public

[ 2016-12-01T20:28:56+08:00 ] ::1 /ct/Public/Public/jquery.min.js
INFO: [ app_init ] --START--
INFO: Run Behavior\BuildLiteBehavior [ RunTime:0.000023s ]
INFO: [ app_init ] --END-- [ RunTime:0.000597s ]
ERR: 无法加载模块:Public

[ 2016-12-01T20:28:56+08:00 ] ::1 /ct/Public/Yourphp/Tpl/Home/Default/Public/Js/jquery.artDialog.js?skin=default
INFO: [ app_init ] --START--
INFO: Run Behavior\BuildLiteBehavior [ RunTime:0.000023s ]
INFO: [ app_init ] --END-- [ RunTime:0.000388s ]
ERR: 无法加载模块:Public

[ 2016-12-01T20:28:57+08:00 ] ::1 /ct/Public/Yourphp/Tpl/Home/Default/Public/images/favicon.ico
INFO: [ app_init ] --START--
INFO: Run Behavior\BuildLiteBehavior [ RunTime:0.000023s ]
INFO: [ app_init ] --END-- [ RunTime:0.000428s ]
ERR: 无法加载模块:Public

[ 2016-12-01T20:29:05+08:00 ] ::1 /ct/Public/Yourphp/Tpl/Home/Default/Public/Js/jquery.artDialog.js?skin=default
INFO: [ app_init ] --START--
INFO: Run Behavior\BuildLiteBehavior [ RunTime:0.000049s ]
INFO: [ app_init ] --END-- [ RunTime:0.000582s ]
ERR: 无法加载模块:Public

[ 2016-12-01T20:29:06+08:00 ] ::1 /ct/Public/Yourphp/Tpl/Home/Default/Public/Js/jquery.artDialog.js?skin=default
INFO: [ app_init ] --START--
INFO: Run Behavior\BuildLiteBehavior [ RunTime:0.000040s ]
INFO: [ app_init ] --END-- [ RunTime:0.000427s ]
ERR: 无法加载模块:Public

[ 2016-12-01T20:29:06+08:00 ] ::1 /ct/Public/Yourphp/Tpl/Home/Default/Public/images/menu_hover.png
INFO: [ app_init ] --START--
INFO: Run Behavior\BuildLiteBehavior [ RunTime:0.000043s ]
INFO: [ app_init ] --END-- [ RunTime:0.000789s ]
ERR: 无法加载模块:Public

[ 2016-12-01T20:29:06+08:00 ] ::1 /ct/Public/Yourphp/Tpl/Home/Default/Public/Js/jquery.artDialog.js?skin=default
INFO: [ app_init ] --START--
INFO: Run Behavior\BuildLiteBehavior [ RunTime:0.000026s ]
INFO: [ app_init ] --END-- [ RunTime:0.000482s ]
ERR: 无法加载模块:Public

[ 2016-12-01T20:29:07+08:00 ] ::1 /ct/Public/Yourphp/Tpl/Home/Default/Public/Js/jquery.artDialog.js?skin=default
INFO: [ app_init ] --START--
INFO: Run Behavior\BuildLiteBehavior [ RunTime:0.000024s ]
INFO: [ app_init ] --END-- [ RunTime:0.000496s ]
ERR: 无法加载模块:Public

[ 2016-12-01T20:29:07+08:00 ] ::1 /ct/Public/Yourphp/Tpl/Home/Default/Public/images/menu_hover.png
INFO: [ app_init ] --START--
INFO: Run Behavior\BuildLiteBehavior [ RunTime:0.000037s ]
INFO: [ app_init ] --END-- [ RunTime:0.000740s ]
ERR: 无法加载模块:Public

[ 2016-12-01T20:29:08+08:00 ] ::1 /ct/Public/Yourphp/Tpl/Home/Default/Public/Js/jquery.artDialog.js?skin=default
INFO: [ app_init ] --START--
INFO: Run Behavior\BuildLiteBehavior [ RunTime:0.000038s ]
INFO: [ app_init ] --END-- [ RunTime:0.000653s ]
ERR: 无法加载模块:Public

[ 2016-12-01T20:29:08+08:00 ] ::1 /ct/Public/Yourphp/Tpl/Home/Default/Public/images/menu_hover.png
INFO: [ app_init ] --START--
INFO: Run Behavior\BuildLiteBehavior [ RunTime:0.000066s ]
INFO: [ app_init ] --END-- [ RunTime:0.010511s ]
ERR: 无法加载模块:Public

[ 2016-12-01T20:29:08+08:00 ] ::1 /ct/Public/Yourphp/Tpl/Home/Default/Public/Js/jquery.artDialog.js?skin=default
INFO: [ app_init ] --START--
INFO: Run Behavior\BuildLiteBehavior [ RunTime:0.000051s ]
INFO: [ app_init ] --END-- [ RunTime:0.000599s ]
ERR: 无法加载模块:Public

[ 2016-12-01T20:29:08+08:00 ] ::1 /ct/Public/Yourphp/Tpl/Home/Default/Public/images/menu_hover.png
INFO: [ app_init ] --START--
INFO: Run Behavior\BuildLiteBehavior [ RunTime:0.000040s ]
INFO: [ app_init ] --END-- [ RunTime:0.000811s ]
ERR: 无法加载模块:Public

[ 2016-12-01T20:29:09+08:00 ] ::1 /ct/Public/Yourphp/Tpl/Home/Default/Public/Js/jquery.artDialog.js?skin=default
INFO: [ app_init ] --START--
INFO: Run Behavior\BuildLiteBehavior [ RunTime:0.000021s ]
INFO: [ app_init ] --END-- [ RunTime:0.000361s ]
ERR: 无法加载模块:Public

[ 2016-12-01T20:29:09+08:00 ] ::1 /ct/Public/Yourphp/Tpl/Home/Default/Public/images/menu_hover.png
INFO: [ app_init ] --START--
INFO: Run Behavior\BuildLiteBehavior [ RunTime:0.000040s ]
INFO: [ app_init ] --END-- [ RunTime:0.000769s ]
ERR: 无法加载模块:Public

[ 2016-12-01T20:29:26+08:00 ] ::1 /ct/Public/images/icon_add.gif
INFO: [ app_init ] --START--
INFO: Run Behavior\BuildLiteBehavior [ RunTime:0.000050s ]
INFO: [ app_init ] --END-- [ RunTime:0.001089s ]
ERR: 无法加载模块:Public

[ 2016-12-01T20:29:37+08:00 ] ::1 /ct/Public/images/icon_add.gif
INFO: [ app_init ] --START--
INFO: Run Behavior\BuildLiteBehavior [ RunTime:0.000039s ]
INFO: [ app_init ] --END-- [ RunTime:0.000582s ]
ERR: 无法加载模块:Public

[ 2016-12-01T20:35:18+08:00 ] ::1 /ct/Public/images/icon_add.gif
INFO: [ app_init ] --START--
INFO: Run Behavior\BuildLiteBehavior [ RunTime:0.000046s ]
INFO: [ app_init ] --END-- [ RunTime:0.000942s ]
ERR: 无法加载模块:Public

[ 2016-12-01T20:35:19+08:00 ] ::1 /ct/Public/images/icon_add.gif
INFO: [ app_init ] --START--
INFO: Run Behavior\BuildLiteBehavior [ RunTime:0.000023s ]
INFO: [ app_init ] --END-- [ RunTime:0.000442s ]
ERR: 无法加载模块:Public

[ 2016-12-01T20:35:58+08:00 ] ::1 /ct/Public/Styles/gdt-style.css
INFO: [ app_init ] --START--
INFO: Run Behavior\BuildLiteBehavior [ RunTime:0.000039s ]
INFO: [ app_init ] --END-- [ RunTime:0.000802s ]
ERR: 无法加载模块:Public

[ 2016-12-01T20:35:58+08:00 ] ::1 /ct/Public/Public/jquery.min.js
INFO: [ app_init ] --START--
INFO: Run Behavior\BuildLiteBehavior [ RunTime:0.000039s ]
INFO: [ app_init ] --END-- [ RunTime:0.000604s ]
ERR: 无法加载模块:Public

[ 2016-12-01T20:35:58+08:00 ] ::1 /ct/Public/Yourphp/Tpl/Home/Default/Public/Js/jquery.artDialog.js?skin=default
INFO: [ app_init ] --START--
INFO: Run Behavior\BuildLiteBehavior [ RunTime:0.000023s ]
INFO: [ app_init ] --END-- [ RunTime:0.000444s ]
ERR: 无法加载模块:Public

[ 2016-12-01T20:36:05+08:00 ] ::1 /ct/Public/Yourphp/Tpl/Home/Default/Public/Js/jquery.artDialog.js?skin=default
INFO: [ app_init ] --START--
INFO: Run Behavior\BuildLiteBehavior [ RunTime:0.000023s ]
INFO: [ app_init ] --END-- [ RunTime:0.000393s ]
ERR: 无法加载模块:Public

[ 2016-12-01T20:36:05+08:00 ] ::1 /ct/Public/Yourphp/Tpl/Home/Default/Public/Js/jquery.artDialog.js?skin=default
INFO: [ app_init ] --START--
INFO: Run Behavior\BuildLiteBehavior [ RunTime:0.000022s ]
INFO: [ app_init ] --END-- [ RunTime:0.000409s ]
ERR: 无法加载模块:Public

[ 2016-12-01T20:36:05+08:00 ] ::1 /ct/Public/Yourphp/Tpl/Home/Default/Public/images/menu_hover.png
INFO: [ app_init ] --START--
INFO: Run Behavior\BuildLiteBehavior [ RunTime:0.000039s ]
INFO: [ app_init ] --END-- [ RunTime:0.000715s ]
ERR: 无法加载模块:Public

[ 2016-12-01T20:36:07+08:00 ] ::1 /ct/Public/Yourphp/Tpl/Home/Default/Public/Js/jquery.artDialog.js?skin=default
INFO: [ app_init ] --START--
INFO: Run Behavior\BuildLiteBehavior [ RunTime:0.000021s ]
INFO: [ app_init ] --END-- [ RunTime:0.000380s ]
ERR: 无法加载模块:Public

[ 2016-12-01T20:36:07+08:00 ] ::1 /ct/Public/Yourphp/Tpl/Home/Default/Public/Js/jquery.artDialog.js?skin=default
INFO: [ app_init ] --START--
INFO: Run Behavior\BuildLiteBehavior [ RunTime:0.000024s ]
INFO: [ app_init ] --END-- [ RunTime:0.000450s ]
ERR: 无法加载模块:Public

[ 2016-12-01T20:36:07+08:00 ] ::1 /ct/Public/Yourphp/Tpl/Home/Default/Public/images/menu_hover.png
INFO: [ app_init ] --START--
INFO: Run Behavior\BuildLiteBehavior [ RunTime:0.000040s ]
INFO: [ app_init ] --END-- [ RunTime:0.000816s ]
ERR: 无法加载模块:Public

[ 2016-12-01T20:36:19+08:00 ] ::1 /ct/Public/Yourphp/Tpl/Home/Default/Public/Js/jquery.artDialog.js?skin=default
INFO: [ app_init ] --START--
INFO: Run Behavior\BuildLiteBehavior [ RunTime:0.000030s ]
INFO: [ app_init ] --END-- [ RunTime:0.000429s ]
ERR: 无法加载模块:Public

[ 2016-12-01T20:36:19+08:00 ] ::1 /ct/Public/Yourphp/Tpl/Home/Default/Public/Js/jquery.artDialog.js?skin=default
INFO: [ app_init ] --START--
INFO: Run Behavior\BuildLiteBehavior [ RunTime:0.000022s ]
INFO: [ app_init ] --END-- [ RunTime:0.000391s ]
ERR: 无法加载模块:Public

[ 2016-12-01T20:36:19+08:00 ] ::1 /ct/Public/Yourphp/Tpl/Home/Default/Public/images/menu_hover.png
INFO: [ app_init ] --START--
INFO: Run Behavior\BuildLiteBehavior [ RunTime:0.000039s ]
INFO: [ app_init ] --END-- [ RunTime:0.000607s ]
ERR: 无法加载模块:Public

[ 2016-12-01T20:36:20+08:00 ] ::1 /ct/Public/Yourphp/Tpl/Home/Default/Public/Js/jquery.artDialog.js?skin=default
INFO: [ app_init ] --START--
INFO: Run Behavior\BuildLiteBehavior [ RunTime:0.000039s ]
INFO: [ app_init ] --END-- [ RunTime:0.000508s ]
ERR: 无法加载模块:Public

[ 2016-12-01T20:36:20+08:00 ] ::1 /ct/Public/Yourphp/Tpl/Home/Default/Public/Js/jquery.artDialog.js?skin=default
INFO: [ app_init ] --START--
INFO: Run Behavior\BuildLiteBehavior [ RunTime:0.000023s ]
INFO: [ app_init ] --END-- [ RunTime:0.000405s ]
ERR: 无法加载模块:Public

[ 2016-12-01T20:36:20+08:00 ] ::1 /ct/Public/Yourphp/Tpl/Home/Default/Public/images/menu_hover.png
INFO: [ app_init ] --START--
INFO: Run Behavior\BuildLiteBehavior [ RunTime:0.000041s ]
INFO: [ app_init ] --END-- [ RunTime:0.000664s ]
ERR: 无法加载模块:Public

[ 2016-12-01T20:36:23+08:00 ] ::1 /ct/Public/Yourphp/Tpl/Home/Default/Public/Js/jquery.artDialog.js?skin=default
INFO: [ app_init ] --START--
INFO: Run Behavior\BuildLiteBehavior [ RunTime:0.000024s ]
INFO: [ app_init ] --END-- [ RunTime:0.000436s ]
ERR: 无法加载模块:Public

[ 2016-12-01T20:36:23+08:00 ] ::1 /ct/Public/Yourphp/Tpl/Home/Default/Public/images/menu_hover.png
INFO: [ app_init ] --START--
INFO: Run Behavior\BuildLiteBehavior [ RunTime:0.000042s ]
INFO: [ app_init ] --END-- [ RunTime:0.000720s ]
ERR: 无法加载模块:Public

[ 2016-12-01T20:36:24+08:00 ] ::1 /ct/Public/Yourphp/Tpl/Home/Default/Public/Js/jquery.artDialog.js?skin=default
INFO: [ app_init ] --START--
INFO: Run Behavior\BuildLiteBehavior [ RunTime:0.000038s ]
INFO: [ app_init ] --END-- [ RunTime:0.000636s ]
ERR: 无法加载模块:Public

[ 2016-12-01T20:36:24+08:00 ] ::1 /ct/Public/Yourphp/Tpl/Home/Default/Public/Js/jquery.artDialog.js?skin=default
INFO: [ app_init ] --START--
INFO: Run Behavior\BuildLiteBehavior [ RunTime:0.000024s ]
INFO: [ app_init ] --END-- [ RunTime:0.000393s ]
ERR: 无法加载模块:Public

[ 2016-12-01T20:36:24+08:00 ] ::1 /ct/Public/Yourphp/Tpl/Home/Default/Public/images/menu_hover.png
INFO: [ app_init ] --START--
INFO: Run Behavior\BuildLiteBehavior [ RunTime:0.000040s ]
INFO: [ app_init ] --END-- [ RunTime:0.000841s ]
ERR: 无法加载模块:Public

[ 2016-12-01T20:36:25+08:00 ] ::1 /ct/Public/Yourphp/Tpl/Home/Default/Public/Js/jquery.artDialog.js?skin=default
INFO: [ app_init ] --START--
INFO: Run Behavior\BuildLiteBehavior [ RunTime:0.000042s ]
INFO: [ app_init ] --END-- [ RunTime:0.000716s ]
ERR: 无法加载模块:Public

[ 2016-12-01T20:36:25+08:00 ] ::1 /ct/Public/Yourphp/Tpl/Home/Default/Public/Js/jquery.artDialog.js?skin=default
INFO: [ app_init ] --START--
INFO: Run Behavior\BuildLiteBehavior [ RunTime:0.000035s ]
INFO: [ app_init ] --END-- [ RunTime:0.000736s ]
ERR: 无法加载模块:Public

[ 2016-12-01T20:36:25+08:00 ] ::1 /ct/Public/Yourphp/Tpl/Home/Default/Public/images/menu_hover.png
INFO: [ app_init ] --START--
INFO: Run Behavior\BuildLiteBehavior [ RunTime:0.000044s ]
INFO: [ app_init ] --END-- [ RunTime:0.000762s ]
ERR: 无法加载模块:Public

[ 2016-12-01T20:36:27+08:00 ] ::1 /ct/Public/Yourphp/Tpl/Home/Default/Public/Js/jquery.artDialog.js?skin=default
INFO: [ app_init ] --START--
INFO: Run Behavior\BuildLiteBehavior [ RunTime:0.000037s ]
INFO: [ app_init ] --END-- [ RunTime:0.000603s ]
ERR: 无法加载模块:Public

[ 2016-12-01T20:36:27+08:00 ] ::1 /ct/Public/Yourphp/Tpl/Home/Default/Public/Js/jquery.artDialog.js?skin=default
INFO: [ app_init ] --START--
INFO: Run Behavior\BuildLiteBehavior [ RunTime:0.000023s ]
INFO: [ app_init ] --END-- [ RunTime:0.000452s ]
ERR: 无法加载模块:Public

[ 2016-12-01T20:36:27+08:00 ] ::1 /ct/Public/Yourphp/Tpl/Home/Default/Public/images/menu_hover.png
INFO: [ app_init ] --START--
INFO: Run Behavior\BuildLiteBehavior [ RunTime:0.000026s ]
INFO: [ app_init ] --END-- [ RunTime:0.000617s ]
ERR: 无法加载模块:Public

[ 2016-12-01T20:36:28+08:00 ] ::1 /ct/Public/Yourphp/Tpl/Home/Default/Public/Js/jquery.artDialog.js?skin=default
INFO: [ app_init ] --START--
INFO: Run Behavior\BuildLiteBehavior [ RunTime:0.000038s ]
INFO: [ app_init ] --END-- [ RunTime:0.000662s ]
ERR: 无法加载模块:Public

[ 2016-12-01T20:36:28+08:00 ] ::1 /ct/Public/Yourphp/Tpl/Home/Default/Public/Js/jquery.artDialog.js?skin=default
INFO: [ app_init ] --START--
INFO: Run Behavior\BuildLiteBehavior [ RunTime:0.000022s ]
INFO: [ app_init ] --END-- [ RunTime:0.000382s ]
ERR: 无法加载模块:Public

[ 2016-12-01T20:36:28+08:00 ] ::1 /ct/Public/Yourphp/Tpl/Home/Default/Public/images/menu_hover.png
INFO: [ app_init ] --START--
INFO: Run Behavior\BuildLiteBehavior [ RunTime:0.000048s ]
INFO: [ app_init ] --END-- [ RunTime:0.000834s ]
ERR: 无法加载模块:Public

[ 2016-12-01T20:36:30+08:00 ] ::1 /ct/Public/Styles/gdt-style.css
INFO: [ app_init ] --START--
INFO: Run Behavior\BuildLiteBehavior [ RunTime:0.000039s ]
INFO: [ app_init ] --END-- [ RunTime:0.000603s ]
ERR: 无法加载模块:Public

[ 2016-12-01T20:36:30+08:00 ] ::1 /ct/Public/Public/jquery.min.js
INFO: [ app_init ] --START--
INFO: Run Behavior\BuildLiteBehavior [ RunTime:0.000069s ]
INFO: [ app_init ] --END-- [ RunTime:0.001442s ]
ERR: 无法加载模块:Public

[ 2016-12-01T20:36:30+08:00 ] ::1 /ct/Public/Yourphp/Tpl/Home/Default/Public/Js/jquery.artDialog.js?skin=default
INFO: [ app_init ] --START--
INFO: Run Behavior\BuildLiteBehavior [ RunTime:0.000041s ]
INFO: [ app_init ] --END-- [ RunTime:0.000865s ]
ERR: 无法加载模块:Public

[ 2016-12-01T20:36:30+08:00 ] ::1 /ct/Public/Public/jquery.min.js
INFO: [ app_init ] --START--
INFO: Run Behavior\BuildLiteBehavior [ RunTime:0.000022s ]
INFO: [ app_init ] --END-- [ RunTime:0.000431s ]
ERR: 无法加载模块:Public

[ 2016-12-01T20:36:30+08:00 ] ::1 /ct/Public/Yourphp/Tpl/Home/Default/Public/Js/jquery.artDialog.js?skin=default
INFO: [ app_init ] --START--
INFO: Run Behavior\BuildLiteBehavior [ RunTime:0.000022s ]
INFO: [ app_init ] --END-- [ RunTime:0.000413s ]
ERR: 无法加载模块:Public

[ 2016-12-01T20:37:22+08:00 ] ::1 /ct/Public/Yourphp/Tpl/Home/Default/Public/Js/jquery.artDialog.js?skin=default
INFO: [ app_init ] --START--
INFO: Run Behavior\BuildLiteBehavior [ RunTime:0.000022s ]
INFO: [ app_init ] --END-- [ RunTime:0.000384s ]
ERR: 无法加载模块:Public

[ 2016-12-01T20:37:22+08:00 ] ::1 /ct/Public/Yourphp/Tpl/Home/Default/Public/Js/jquery.artDialog.js?skin=default
INFO: [ app_init ] --START--
INFO: Run Behavior\BuildLiteBehavior [ RunTime:0.000022s ]
INFO: [ app_init ] --END-- [ RunTime:0.000392s ]
ERR: 无法加载模块:Public

[ 2016-12-01T20:37:22+08:00 ] ::1 /ct/Public/Yourphp/Tpl/Home/Default/Public/images/menu_hover.png
INFO: [ app_init ] --START--
INFO: Run Behavior\BuildLiteBehavior [ RunTime:0.000041s ]
INFO: [ app_init ] --END-- [ RunTime:0.000731s ]
ERR: 无法加载模块:Public

[ 2016-12-01T21:32:17+08:00 ] ::1 /ct/Public/Styles/gdt-style.css
INFO: [ app_init ] --START--
INFO: Run Behavior\BuildLiteBehavior [ RunTime:0.000037s ]
INFO: [ app_init ] --END-- [ RunTime:0.000582s ]
ERR: 无法加载模块:Public

[ 2016-12-01T21:32:17+08:00 ] ::1 /ct/Public/Public/jquery.min.js
INFO: [ app_init ] --START--
INFO: Run Behavior\BuildLiteBehavior [ RunTime:0.000038s ]
INFO: [ app_init ] --END-- [ RunTime:0.000591s ]
ERR: 无法加载模块:Public

[ 2016-12-01T21:32:17+08:00 ] ::1 /ct/Public/Yourphp/Tpl/Home/Default/Public/Js/jquery.artDialog.js?skin=default
INFO: [ app_init ] --START--
INFO: Run Behavior\BuildLiteBehavior [ RunTime:0.000039s ]
INFO: [ app_init ] --END-- [ RunTime:0.000672s ]
ERR: 无法加载模块:Public

[ 2016-12-01T21:33:03+08:00 ] ::1 /ct/Public/Yourphp/Tpl/Home/Default/Public/Js/jquery.artDialog.js?skin=default
INFO: [ app_init ] --START--
INFO: Run Behavior\BuildLiteBehavior [ RunTime:0.000023s ]
INFO: [ app_init ] --END-- [ RunTime:0.000384s ]
ERR: 无法加载模块:Public

[ 2016-12-01T21:33:03+08:00 ] ::1 /ct/Public/Yourphp/Tpl/Home/Default/Public/Js/jquery.artDialog.js?skin=default
INFO: [ app_init ] --START--
INFO: Run Behavior\BuildLiteBehavior [ RunTime:0.000024s ]
INFO: [ app_init ] --END-- [ RunTime:0.000437s ]
ERR: 无法加载模块:Public

[ 2016-12-01T21:33:03+08:00 ] ::1 /ct/Public/Yourphp/Tpl/Home/Default/Public/images/menu_hover.png
INFO: [ app_init ] --START--
INFO: Run Behavior\BuildLiteBehavior [ RunTime:0.000037s ]
INFO: [ app_init ] --END-- [ RunTime:0.000655s ]
ERR: 无法加载模块:Public

[ 2016-12-01T21:33:04+08:00 ] ::1 /ct/Public/Yourphp/Tpl/Home/Default/Public/Js/jquery.artDialog.js?skin=default
INFO: [ app_init ] --START--
INFO: Run Behavior\BuildLiteBehavior [ RunTime:0.000041s ]
INFO: [ app_init ] --END-- [ RunTime:0.000738s ]
ERR: 无法加载模块:Public

[ 2016-12-01T21:33:04+08:00 ] ::1 /ct/Public/Yourphp/Tpl/Home/Default/Public/images/menu_hover.png
INFO: [ app_init ] --START--
INFO: Run Behavior\BuildLiteBehavior [ RunTime:0.000042s ]
INFO: [ app_init ] --END-- [ RunTime:0.000820s ]
ERR: 无法加载模块:Public

[ 2016-12-01T21:33:05+08:00 ] ::1 /ct/Public/Yourphp/Tpl/Home/Default/Public/Js/jquery.artDialog.js?skin=default
INFO: [ app_init ] --START--
INFO: Run Behavior\BuildLiteBehavior [ RunTime:0.000026s ]
INFO: [ app_init ] --END-- [ RunTime:0.000434s ]
ERR: 无法加载模块:Public

[ 2016-12-01T21:33:06+08:00 ] ::1 /ct/Public/Yourphp/Tpl/Home/Default/Public/Js/jquery.artDialog.js?skin=default
INFO: [ app_init ] --START--
INFO: Run Behavior\BuildLiteBehavior [ RunTime:0.000028s ]
INFO: [ app_init ] --END-- [ RunTime:0.000922s ]
ERR: 无法加载模块:Public

[ 2016-12-01T21:33:06+08:00 ] ::1 /ct/Public/Yourphp/Tpl/Home/Default/Public/Js/jquery.artDialog.js?skin=default
INFO: [ app_init ] --START--
INFO: Run Behavior\BuildLiteBehavior [ RunTime:0.000023s ]
INFO: [ app_init ] --END-- [ RunTime:0.000411s ]
ERR: 无法加载模块:Public

[ 2016-12-01T21:33:06+08:00 ] ::1 /ct/Public/Yourphp/Tpl/Home/Default/Public/Js/jquery.artDialog.js?skin=default
INFO: [ app_init ] --START--
INFO: Run Behavior\BuildLiteBehavior [ RunTime:0.000043s ]
INFO: [ app_init ] --END-- [ RunTime:0.001155s ]
ERR: 无法加载模块:Public

[ 2016-12-01T21:33:07+08:00 ] ::1 /ct/Public/Yourphp/Tpl/Home/Default/Public/Js/jquery.artDialog.js?skin=default
INFO: [ app_init ] --START--
INFO: Run Behavior\BuildLiteBehavior [ RunTime:0.000023s ]
INFO: [ app_init ] --END-- [ RunTime:0.000442s ]
ERR: 无法加载模块:Public

[ 2016-12-01T21:33:07+08:00 ] ::1 /ct/Public/Yourphp/Tpl/Home/Default/Public/Js/jquery.artDialog.js?skin=default
INFO: [ app_init ] --START--
INFO: Run Behavior\BuildLiteBehavior [ RunTime:0.000021s ]
INFO: [ app_init ] --END-- [ RunTime:0.000362s ]
ERR: 无法加载模块:Public

