[ 2017-05-05T12:59:27+08:00 ] ::1 /clothing_shop/
INFO: [ app_init ] --START--
INFO: Run Behavior\BuildLiteBehavior [ RunTime:0.000027s ]
INFO: [ app_init ] --END-- [ RunTime:0.000636s ]
INFO: [ app_begin ] --START--
INFO: Run Behavior\ReadHtmlCacheBehavior [ RunTime:0.000930s ]
INFO: [ app_begin ] --END-- [ RunTime:0.001096s ]
ERR: SQLSTATE[HY000] [2002] ”…”⁄¡¨Ω”∑Ω‘⁄“ª∂Œ ±º‰∫Û√ª”–’˝»∑¥∏¥ªÚ¡¨Ω”µƒ÷˜ª˙√ª”–∑¥”¶£¨¡¨Ω”≥¢ ‘ ß∞‹°£


[ 2017-05-05T13:00:49+08:00 ] ::1 /clothing_shop/
INFO: [ app_init ] --START--
INFO: Run Behavior\BuildLiteBehavior [ RunTime:0.000021s ]
INFO: [ app_init ] --END-- [ RunTime:0.000352s ]
INFO: [ app_begin ] --START--
INFO: Run Behavior\ReadHtmlCacheBehavior [ RunTime:0.000545s ]
INFO: [ app_begin ] --END-- [ RunTime:0.000695s ]
SQL: SHOW COLUMNS FROM `sh_category` [ RunTime:0.1073s ]
SQL: SELECT * FROM `sh_category` WHERE ( parent_id=0 )  [ RunTime:0.0003s ]
SQL: SELECT * FROM `sh_category` WHERE ( parent_id=5 )  [ RunTime:0.0002s ]
SQL: SELECT * FROM `sh_category` WHERE ( parent_id=6 )  [ RunTime:0.0002s ]
SQL: SELECT * FROM `sh_category` WHERE ( parent_id=7 )  [ RunTime:0.0003s ]
SQL: SELECT * FROM `sh_category` WHERE ( parent_id=8 )  [ RunTime:0.0002s ]
SQL: SELECT * FROM `sh_category` WHERE ( parent_id=9 )  [ RunTime:0.0002s ]
SQL: SHOW COLUMNS FROM `sh_goods` [ RunTime:0.0054s ]
SQL: SELECT a.*,b.cat_name FROM sh_goods a left join sh_category b on a.cat_id = b.id  WHERE ( 1 )  [ RunTime:0.0003s ]
INFO: [ view_parse ] --START--
INFO: [ template_filter ] --START--
INFO: Run Behavior\ContentReplaceBehavior [ RunTime:0.000094s ]
INFO: [ template_filter ] --END-- [ RunTime:0.000218s ]
NOTIC: [8] Undefined index: search F:\wamp\www\clothing_shop\Application\Runtime\Cache\Home\2a94b8bda04ff446dcedd42276fc99ee.php Á¨¨ 36 Ë°å.
NOTIC: [8] Undefined index: cid F:\wamp\www\clothing_shop\Application\Runtime\Cache\Home\2a94b8bda04ff446dcedd42276fc99ee.php Á¨¨ 47 Ë°å.
NOTIC: [8] Undefined index: cid F:\wamp\www\clothing_shop\Application\Runtime\Cache\Home\2a94b8bda04ff446dcedd42276fc99ee.php Á¨¨ 51 Ë°å.
NOTIC: [8] Undefined index: cid F:\wamp\www\clothing_shop\Application\Runtime\Cache\Home\2a94b8bda04ff446dcedd42276fc99ee.php Á¨¨ 57 Ë°å.
NOTIC: [8] Undefined index: cid F:\wamp\www\clothing_shop\Application\Runtime\Cache\Home\2a94b8bda04ff446dcedd42276fc99ee.php Á¨¨ 47 Ë°å.
NOTIC: [8] Undefined index: cid F:\wamp\www\clothing_shop\Application\Runtime\Cache\Home\2a94b8bda04ff446dcedd42276fc99ee.php Á¨¨ 51 Ë°å.
NOTIC: [8] Undefined index: cid F:\wamp\www\clothing_shop\Application\Runtime\Cache\Home\2a94b8bda04ff446dcedd42276fc99ee.php Á¨¨ 47 Ë°å.
INFO: Run Behavior\ParseTemplateBehavior [ RunTime:0.021031s ]
INFO: [ view_parse ] --END-- [ RunTime:0.021169s ]
INFO: [ view_filter ] --START--
INFO: Run Behavior\WriteHtmlCacheBehavior [ RunTime:0.011219s ]
INFO: [ view_filter ] --END-- [ RunTime:0.011350s ]
INFO: [ app_end ] --START--
INFO: Run Behavior\ShowPageTraceBehavior [ RunTime:0.000805s ]
INFO: [ app_end ] --END-- [ RunTime:0.000898s ]

[ 2017-05-05T13:01:03+08:00 ] ::1 /clothing_shop/index.php/Home/Index/register
INFO: [ app_init ] --START--
INFO: Run Behavior\BuildLiteBehavior [ RunTime:0.000025s ]
INFO: [ app_init ] --END-- [ RunTime:0.000429s ]
INFO: [ app_begin ] --START--
INFO: Run Behavior\ReadHtmlCacheBehavior [ RunTime:0.000756s ]
INFO: [ app_begin ] --END-- [ RunTime:0.000918s ]
INFO: [ view_parse ] --START--
INFO: [ template_filter ] --START--
INFO: Run Behavior\ContentReplaceBehavior [ RunTime:0.000069s ]
INFO: [ template_filter ] --END-- [ RunTime:0.000192s ]
INFO: Run Behavior\ParseTemplateBehavior [ RunTime:0.006219s ]
INFO: [ view_parse ] --END-- [ RunTime:0.006345s ]
INFO: [ view_filter ] --START--
INFO: Run Behavior\WriteHtmlCacheBehavior [ RunTime:0.000322s ]
INFO: [ view_filter ] --END-- [ RunTime:0.000423s ]
INFO: [ app_end ] --START--
INFO: Run Behavior\ShowPageTraceBehavior [ RunTime:0.000494s ]
INFO: [ app_end ] --END-- [ RunTime:0.000626s ]

[ 2017-05-05T13:01:04+08:00 ] ::1 /clothing_shop/index.php/Home/Index/aaa.html
INFO: [ app_init ] --START--
INFO: Run Behavior\BuildLiteBehavior [ RunTime:0.000026s ]
INFO: [ app_init ] --END-- [ RunTime:0.000474s ]
INFO: [ app_begin ] --START--
INFO: Run Behavior\ReadHtmlCacheBehavior [ RunTime:0.000934s ]
INFO: [ app_begin ] --END-- [ RunTime:0.001064s ]
SQL: SHOW COLUMNS FROM `sh_action` [ RunTime:0.1042s ]
NOTIC: [8] Undefined index: u F:\wamp\www\clothing_shop\Application\Home\Controller\IndexController.class.php Á¨¨ 111 Ë°å.
SQL: SELECT COUNT(*) AS tp_count FROM `sh_action` WHERE ( username="" ) LIMIT 1   [ RunTime:0.0003s ]
ERR: 1048:Column 'username' cannot be null
 [ SQLËØ≠Âè• ] : INSERT INTO `sh_action` (`username`,`last_logout_time`) VALUES (NULL,'2017-05-05 13:01:04')
ERR: 1048:Column 'username' cannot be null
 [ SQLËØ≠Âè• ] : INSERT INTO `sh_action` (`username`,`last_logout_time`) VALUES (NULL,'2017-05-05 13:01:04')

[ 2017-05-05T13:01:06+08:00 ] ::1 /clothing_shop/index.php/Home/Index/aaa.html
INFO: [ app_init ] --START--
INFO: Run Behavior\BuildLiteBehavior [ RunTime:0.000044s ]
INFO: [ app_init ] --END-- [ RunTime:0.000586s ]
INFO: [ app_begin ] --START--
INFO: Run Behavior\ReadHtmlCacheBehavior [ RunTime:0.000617s ]
INFO: [ app_begin ] --END-- [ RunTime:0.000871s ]
SQL: SHOW COLUMNS FROM `sh_action` [ RunTime:0.0031s ]
NOTIC: [8] Undefined index: u F:\wamp\www\clothing_shop\Application\Home\Controller\IndexController.class.php Á¨¨ 111 Ë°å.
SQL: SELECT COUNT(*) AS tp_count FROM `sh_action` WHERE ( username="" ) LIMIT 1   [ RunTime:0.0003s ]
ERR: 1048:Column 'username' cannot be null
 [ SQLËØ≠Âè• ] : INSERT INTO `sh_action` (`username`,`last_logout_time`) VALUES (NULL,'2017-05-05 13:01:06')
ERR: 1048:Column 'username' cannot be null
 [ SQLËØ≠Âè• ] : INSERT INTO `sh_action` (`username`,`last_logout_time`) VALUES (NULL,'2017-05-05 13:01:06')

[ 2017-05-05T13:01:06+08:00 ] ::1 /clothing_shop/index.php/Home/Index/index
INFO: [ app_init ] --START--
INFO: Run Behavior\BuildLiteBehavior [ RunTime:0.000043s ]
INFO: [ app_init ] --END-- [ RunTime:0.000642s ]
INFO: [ app_begin ] --START--
INFO: Run Behavior\ReadHtmlCacheBehavior [ RunTime:0.000705s ]
INFO: [ app_begin ] --END-- [ RunTime:0.000823s ]
SQL: SHOW COLUMNS FROM `sh_category` [ RunTime:0.0031s ]
SQL: SELECT * FROM `sh_category` WHERE ( parent_id=0 )  [ RunTime:0.0003s ]
SQL: SELECT * FROM `sh_category` WHERE ( parent_id=5 )  [ RunTime:0.0003s ]
SQL: SELECT * FROM `sh_category` WHERE ( parent_id=6 )  [ RunTime:0.0003s ]
SQL: SELECT * FROM `sh_category` WHERE ( parent_id=7 )  [ RunTime:0.0002s ]
SQL: SELECT * FROM `sh_category` WHERE ( parent_id=8 )  [ RunTime:0.0001s ]
SQL: SELECT * FROM `sh_category` WHERE ( parent_id=9 )  [ RunTime:0.0001s ]
SQL: SHOW COLUMNS FROM `sh_goods` [ RunTime:0.0034s ]
SQL: SELECT a.*,b.cat_name FROM sh_goods a left join sh_category b on a.cat_id = b.id  WHERE ( 1 )  [ RunTime:0.0003s ]
INFO: [ view_parse ] --START--
INFO: [ template_filter ] --START--
INFO: Run Behavior\ContentReplaceBehavior [ RunTime:0.000107s ]
INFO: [ template_filter ] --END-- [ RunTime:0.000261s ]
NOTIC: [8] Undefined index: search F:\wamp\www\clothing_shop\Application\Runtime\Cache\Home\2a94b8bda04ff446dcedd42276fc99ee.php Á¨¨ 36 Ë°å.
NOTIC: [8] Undefined index: cid F:\wamp\www\clothing_shop\Application\Runtime\Cache\Home\2a94b8bda04ff446dcedd42276fc99ee.php Á¨¨ 47 Ë°å.
NOTIC: [8] Undefined index: cid F:\wamp\www\clothing_shop\Application\Runtime\Cache\Home\2a94b8bda04ff446dcedd42276fc99ee.php Á¨¨ 51 Ë°å.
NOTIC: [8] Undefined index: cid F:\wamp\www\clothing_shop\Application\Runtime\Cache\Home\2a94b8bda04ff446dcedd42276fc99ee.php Á¨¨ 57 Ë°å.
NOTIC: [8] Undefined index: cid F:\wamp\www\clothing_shop\Application\Runtime\Cache\Home\2a94b8bda04ff446dcedd42276fc99ee.php Á¨¨ 47 Ë°å.
NOTIC: [8] Undefined index: cid F:\wamp\www\clothing_shop\Application\Runtime\Cache\Home\2a94b8bda04ff446dcedd42276fc99ee.php Á¨¨ 51 Ë°å.
NOTIC: [8] Undefined index: cid F:\wamp\www\clothing_shop\Application\Runtime\Cache\Home\2a94b8bda04ff446dcedd42276fc99ee.php Á¨¨ 47 Ë°å.
INFO: Run Behavior\ParseTemplateBehavior [ RunTime:0.008541s ]
INFO: [ view_parse ] --END-- [ RunTime:0.008682s ]
INFO: [ view_filter ] --START--
INFO: Run Behavior\WriteHtmlCacheBehavior [ RunTime:0.000694s ]
INFO: [ view_filter ] --END-- [ RunTime:0.000820s ]
INFO: [ app_end ] --START--
INFO: Run Behavior\ShowPageTraceBehavior [ RunTime:0.000634s ]
INFO: [ app_end ] --END-- [ RunTime:0.000774s ]

[ 2017-05-05T13:01:08+08:00 ] ::1 /clothing_shop/index.php/Home/Index/register
INFO: [ app_init ] --START--
INFO: Run Behavior\BuildLiteBehavior [ RunTime:0.000035s ]
INFO: [ app_init ] --END-- [ RunTime:0.000403s ]
INFO: [ app_begin ] --START--
INFO: Run Behavior\ReadHtmlCacheBehavior [ RunTime:0.000680s ]
INFO: [ app_begin ] --END-- [ RunTime:0.000890s ]
INFO: [ view_parse ] --START--
INFO: [ template_filter ] --START--
INFO: Run Behavior\ContentReplaceBehavior [ RunTime:0.000059s ]
INFO: [ template_filter ] --END-- [ RunTime:0.000162s ]
INFO: Run Behavior\ParseTemplateBehavior [ RunTime:0.006529s ]
INFO: [ view_parse ] --END-- [ RunTime:0.006676s ]
INFO: [ view_filter ] --START--
INFO: Run Behavior\WriteHtmlCacheBehavior [ RunTime:0.000217s ]
INFO: [ view_filter ] --END-- [ RunTime:0.000300s ]
INFO: [ app_end ] --START--
INFO: Run Behavior\ShowPageTraceBehavior [ RunTime:0.000356s ]
INFO: [ app_end ] --END-- [ RunTime:0.000442s ]

[ 2017-05-05T13:01:08+08:00 ] ::1 /clothing_shop/index.php/Home/Index/aaa.html
INFO: [ app_init ] --START--
INFO: Run Behavior\BuildLiteBehavior [ RunTime:0.000049s ]
INFO: [ app_init ] --END-- [ RunTime:0.000909s ]
INFO: [ app_begin ] --START--
INFO: Run Behavior\ReadHtmlCacheBehavior [ RunTime:0.000998s ]
INFO: [ app_begin ] --END-- [ RunTime:0.001175s ]
SQL: SHOW COLUMNS FROM `sh_action` [ RunTime:0.0056s ]
NOTIC: [8] Undefined index: u F:\wamp\www\clothing_shop\Application\Home\Controller\IndexController.class.php Á¨¨ 111 Ë°å.
SQL: SELECT COUNT(*) AS tp_count FROM `sh_action` WHERE ( username="" ) LIMIT 1   [ RunTime:0.0002s ]
ERR: 1048:Column 'username' cannot be null
 [ SQLËØ≠Âè• ] : INSERT INTO `sh_action` (`username`,`last_logout_time`) VALUES (NULL,'2017-05-05 13:01:08')
ERR: 1048:Column 'username' cannot be null
 [ SQLËØ≠Âè• ] : INSERT INTO `sh_action` (`username`,`last_logout_time`) VALUES (NULL,'2017-05-05 13:01:08')

[ 2017-05-05T13:01:10+08:00 ] ::1 /clothing_shop/index.php/Home/Index/aaa.html
INFO: [ app_init ] --START--
INFO: Run Behavior\BuildLiteBehavior [ RunTime:0.000044s ]
INFO: [ app_init ] --END-- [ RunTime:0.000584s ]
INFO: [ app_begin ] --START--
INFO: Run Behavior\ReadHtmlCacheBehavior [ RunTime:0.000685s ]
INFO: [ app_begin ] --END-- [ RunTime:0.000882s ]
SQL: SHOW COLUMNS FROM `sh_action` [ RunTime:0.0034s ]
NOTIC: [8] Undefined index: u F:\wamp\www\clothing_shop\Application\Home\Controller\IndexController.class.php Á¨¨ 111 Ë°å.
SQL: SELECT COUNT(*) AS tp_count FROM `sh_action` WHERE ( username="" ) LIMIT 1   [ RunTime:0.0003s ]
ERR: 1048:Column 'username' cannot be null
 [ SQLËØ≠Âè• ] : INSERT INTO `sh_action` (`username`,`last_logout_time`) VALUES (NULL,'2017-05-05 13:01:10')
ERR: 1048:Column 'username' cannot be null
 [ SQLËØ≠Âè• ] : INSERT INTO `sh_action` (`username`,`last_logout_time`) VALUES (NULL,'2017-05-05 13:01:10')

[ 2017-05-05T13:01:10+08:00 ] ::1 /clothing_shop/index.php/Home/Index/login.html
INFO: [ app_init ] --START--
INFO: Run Behavior\BuildLiteBehavior [ RunTime:0.000043s ]
INFO: [ app_init ] --END-- [ RunTime:0.000640s ]
INFO: [ app_begin ] --START--
INFO: Run Behavior\ReadHtmlCacheBehavior [ RunTime:0.000876s ]
INFO: [ app_begin ] --END-- [ RunTime:0.001037s ]
INFO: [ view_parse ] --START--
INFO: [ template_filter ] --START--
INFO: Run Behavior\ContentReplaceBehavior [ RunTime:0.000064s ]
INFO: [ template_filter ] --END-- [ RunTime:0.000178s ]
INFO: Run Behavior\ParseTemplateBehavior [ RunTime:0.018165s ]
INFO: [ view_parse ] --END-- [ RunTime:0.018313s ]
INFO: [ view_filter ] --START--
INFO: Run Behavior\WriteHtmlCacheBehavior [ RunTime:0.000427s ]
INFO: [ view_filter ] --END-- [ RunTime:0.000512s ]
INFO: [ app_end ] --START--
INFO: Run Behavior\ShowPageTraceBehavior [ RunTime:0.000619s ]
INFO: [ app_end ] --END-- [ RunTime:0.000730s ]

[ 2017-05-05T13:01:18+08:00 ] ::1 /clothing_shop/index.php/Home/Index/register
INFO: [ app_init ] --START--
INFO: Run Behavior\BuildLiteBehavior [ RunTime:0.000042s ]
INFO: [ app_init ] --END-- [ RunTime:0.000586s ]
INFO: [ app_begin ] --START--
INFO: Run Behavior\ReadHtmlCacheBehavior [ RunTime:0.000641s ]
INFO: [ app_begin ] --END-- [ RunTime:0.000846s ]
INFO: [ view_parse ] --START--
INFO: [ template_filter ] --START--
INFO: Run Behavior\ContentReplaceBehavior [ RunTime:0.000059s ]
INFO: [ template_filter ] --END-- [ RunTime:0.000171s ]
INFO: Run Behavior\ParseTemplateBehavior [ RunTime:0.005450s ]
INFO: [ view_parse ] --END-- [ RunTime:0.005601s ]
INFO: [ view_filter ] --START--
INFO: Run Behavior\WriteHtmlCacheBehavior [ RunTime:0.000183s ]
INFO: [ view_filter ] --END-- [ RunTime:0.000267s ]
INFO: [ app_end ] --START--
INFO: Run Behavior\ShowPageTraceBehavior [ RunTime:0.000329s ]
INFO: [ app_end ] --END-- [ RunTime:0.000415s ]

[ 2017-05-05T13:01:18+08:00 ] ::1 /clothing_shop/index.php/Home/Index/aaa.html
INFO: [ app_init ] --START--
INFO: Run Behavior\BuildLiteBehavior [ RunTime:0.000042s ]
INFO: [ app_init ] --END-- [ RunTime:0.000701s ]
INFO: [ app_begin ] --START--
INFO: Run Behavior\ReadHtmlCacheBehavior [ RunTime:0.000935s ]
INFO: [ app_begin ] --END-- [ RunTime:0.001078s ]
SQL: SHOW COLUMNS FROM `sh_action` [ RunTime:0.0048s ]
NOTIC: [8] Undefined index: u F:\wamp\www\clothing_shop\Application\Home\Controller\IndexController.class.php Á¨¨ 111 Ë°å.
SQL: SELECT COUNT(*) AS tp_count FROM `sh_action` WHERE ( username="" ) LIMIT 1   [ RunTime:0.0003s ]
ERR: 1048:Column 'username' cannot be null
 [ SQLËØ≠Âè• ] : INSERT INTO `sh_action` (`username`,`last_logout_time`) VALUES (NULL,'2017-05-05 13:01:18')
ERR: 1048:Column 'username' cannot be null
 [ SQLËØ≠Âè• ] : INSERT INTO `sh_action` (`username`,`last_logout_time`) VALUES (NULL,'2017-05-05 13:01:18')

[ 2017-05-05T13:01:19+08:00 ] ::1 /clothing_shop/index.php/Home/Index/aaa.html
INFO: [ app_init ] --START--
INFO: Run Behavior\BuildLiteBehavior [ RunTime:0.000042s ]
INFO: [ app_init ] --END-- [ RunTime:0.000579s ]
INFO: [ app_begin ] --START--
INFO: Run Behavior\ReadHtmlCacheBehavior [ RunTime:0.000583s ]
INFO: [ app_begin ] --END-- [ RunTime:0.000744s ]
SQL: SHOW COLUMNS FROM `sh_action` [ RunTime:0.0026s ]
NOTIC: [8] Undefined index: u F:\wamp\www\clothing_shop\Application\Home\Controller\IndexController.class.php Á¨¨ 111 Ë°å.
SQL: SELECT COUNT(*) AS tp_count FROM `sh_action` WHERE ( username="" ) LIMIT 1   [ RunTime:0.0003s ]
ERR: 1048:Column 'username' cannot be null
 [ SQLËØ≠Âè• ] : INSERT INTO `sh_action` (`username`,`last_logout_time`) VALUES (NULL,'2017-05-05 13:01:19')
ERR: 1048:Column 'username' cannot be null
 [ SQLËØ≠Âè• ] : INSERT INTO `sh_action` (`username`,`last_logout_time`) VALUES (NULL,'2017-05-05 13:01:19')

[ 2017-05-05T13:01:19+08:00 ] ::1 /clothing_shop/index.php/Home/Index/index
INFO: [ app_init ] --START--
INFO: Run Behavior\BuildLiteBehavior [ RunTime:0.000034s ]
INFO: [ app_init ] --END-- [ RunTime:0.000537s ]
INFO: [ app_begin ] --START--
INFO: Run Behavior\ReadHtmlCacheBehavior [ RunTime:0.000724s ]
INFO: [ app_begin ] --END-- [ RunTime:0.000874s ]
SQL: SHOW COLUMNS FROM `sh_category` [ RunTime:0.0029s ]
SQL: SELECT * FROM `sh_category` WHERE ( parent_id=0 )  [ RunTime:0.0003s ]
SQL: SELECT * FROM `sh_category` WHERE ( parent_id=5 )  [ RunTime:0.0002s ]
SQL: SELECT * FROM `sh_category` WHERE ( parent_id=6 )  [ RunTime:0.0002s ]
SQL: SELECT * FROM `sh_category` WHERE ( parent_id=7 )  [ RunTime:0.0002s ]
SQL: SELECT * FROM `sh_category` WHERE ( parent_id=8 )  [ RunTime:0.0002s ]
SQL: SELECT * FROM `sh_category` WHERE ( parent_id=9 )  [ RunTime:0.0002s ]
SQL: SHOW COLUMNS FROM `sh_goods` [ RunTime:0.0036s ]
SQL: SELECT a.*,b.cat_name FROM sh_goods a left join sh_category b on a.cat_id = b.id  WHERE ( 1 )  [ RunTime:0.0003s ]
INFO: [ view_parse ] --START--
INFO: [ template_filter ] --START--
INFO: Run Behavior\ContentReplaceBehavior [ RunTime:0.000118s ]
INFO: [ template_filter ] --END-- [ RunTime:0.000228s ]
NOTIC: [8] Undefined index: search F:\wamp\www\clothing_shop\Application\Runtime\Cache\Home\2a94b8bda04ff446dcedd42276fc99ee.php Á¨¨ 36 Ë°å.
NOTIC: [8] Undefined index: cid F:\wamp\www\clothing_shop\Application\Runtime\Cache\Home\2a94b8bda04ff446dcedd42276fc99ee.php Á¨¨ 47 Ë°å.
NOTIC: [8] Undefined index: cid F:\wamp\www\clothing_shop\Application\Runtime\Cache\Home\2a94b8bda04ff446dcedd42276fc99ee.php Á¨¨ 51 Ë°å.
NOTIC: [8] Undefined index: cid F:\wamp\www\clothing_shop\Application\Runtime\Cache\Home\2a94b8bda04ff446dcedd42276fc99ee.php Á¨¨ 57 Ë°å.
NOTIC: [8] Undefined index: cid F:\wamp\www\clothing_shop\Application\Runtime\Cache\Home\2a94b8bda04ff446dcedd42276fc99ee.php Á¨¨ 47 Ë°å.
NOTIC: [8] Undefined index: cid F:\wamp\www\clothing_shop\Application\Runtime\Cache\Home\2a94b8bda04ff446dcedd42276fc99ee.php Á¨¨ 51 Ë°å.
NOTIC: [8] Undefined index: cid F:\wamp\www\clothing_shop\Application\Runtime\Cache\Home\2a94b8bda04ff446dcedd42276fc99ee.php Á¨¨ 47 Ë°å.
INFO: Run Behavior\ParseTemplateBehavior [ RunTime:0.008533s ]
INFO: [ view_parse ] --END-- [ RunTime:0.008692s ]
INFO: [ view_filter ] --START--
INFO: Run Behavior\WriteHtmlCacheBehavior [ RunTime:0.000696s ]
INFO: [ view_filter ] --END-- [ RunTime:0.000845s ]
INFO: [ app_end ] --START--
INFO: Run Behavior\ShowPageTraceBehavior [ RunTime:0.000634s ]
INFO: [ app_end ] --END-- [ RunTime:0.000726s ]

[ 2017-05-05T13:01:22+08:00 ] ::1 /clothing_shop/index.php/Home/Index/content/gid/23
INFO: [ app_init ] --START--
INFO: Run Behavior\BuildLiteBehavior [ RunTime:0.000041s ]
INFO: [ app_init ] --END-- [ RunTime:0.000456s ]
INFO: [ app_begin ] --START--
INFO: Run Behavior\ReadHtmlCacheBehavior [ RunTime:0.000527s ]
INFO: [ app_begin ] --END-- [ RunTime:0.000677s ]
SQL: SHOW COLUMNS FROM `sh_goods` [ RunTime:0.0035s ]
SQL: SELECT a.*,b.cat_name FROM sh_goods a left join sh_category b on a.cat_id = b.id  WHERE ( a.id=23 ) LIMIT 1   [ RunTime:0.0005s ]
SQL: SHOW COLUMNS FROM `sh_category` [ RunTime:0.0031s ]
SQL: SELECT * FROM `sh_category` WHERE ( parent_id=0 )  [ RunTime:0.0002s ]
SQL: SELECT * FROM `sh_category` WHERE ( parent_id=5 )  [ RunTime:0.0002s ]
SQL: SELECT * FROM `sh_category` WHERE ( parent_id=6 )  [ RunTime:0.0002s ]
SQL: SELECT * FROM `sh_category` WHERE ( parent_id=7 )  [ RunTime:0.0002s ]
SQL: SELECT * FROM `sh_category` WHERE ( parent_id=8 )  [ RunTime:0.0002s ]
SQL: SELECT * FROM `sh_category` WHERE ( parent_id=9 )  [ RunTime:0.0002s ]
SQL: SHOW COLUMNS FROM `sh_message` [ RunTime:0.1130s ]
SQL: SELECT * FROM `sh_message` WHERE ( gid=23 )  [ RunTime:0.0005s ]
INFO: [ view_parse ] --START--
INFO: [ template_filter ] --START--
INFO: Run Behavior\ContentReplaceBehavior [ RunTime:0.000260s ]
INFO: [ template_filter ] --END-- [ RunTime:0.000525s ]
NOTIC: [8] Undefined index: search F:\wamp\www\clothing_shop\Application\Runtime\Cache\Home\c98d6cc5834e97afa6ab2d2fc316c419.php Á¨¨ 39 Ë°å.
NOTIC: [8] Undefined index: cid F:\wamp\www\clothing_shop\Application\Runtime\Cache\Home\c98d6cc5834e97afa6ab2d2fc316c419.php Á¨¨ 50 Ë°å.
NOTIC: [8] Undefined index: cid F:\wamp\www\clothing_shop\Application\Runtime\Cache\Home\c98d6cc5834e97afa6ab2d2fc316c419.php Á¨¨ 54 Ë°å.
NOTIC: [8] Undefined index: cid F:\wamp\www\clothing_shop\Application\Runtime\Cache\Home\c98d6cc5834e97afa6ab2d2fc316c419.php Á¨¨ 60 Ë°å.
NOTIC: [8] Undefined index: cid F:\wamp\www\clothing_shop\Application\Runtime\Cache\Home\c98d6cc5834e97afa6ab2d2fc316c419.php Á¨¨ 50 Ë°å.
NOTIC: [8] Undefined index: cid F:\wamp\www\clothing_shop\Application\Runtime\Cache\Home\c98d6cc5834e97afa6ab2d2fc316c419.php Á¨¨ 54 Ë°å.
NOTIC: [8] Undefined index: cid F:\wamp\www\clothing_shop\Application\Runtime\Cache\Home\c98d6cc5834e97afa6ab2d2fc316c419.php Á¨¨ 50 Ë°å.
INFO: Run Behavior\ParseTemplateBehavior [ RunTime:0.031173s ]
INFO: [ view_parse ] --END-- [ RunTime:0.031443s ]
INFO: [ view_filter ] --START--
INFO: Run Behavior\WriteHtmlCacheBehavior [ RunTime:0.000825s ]
INFO: [ view_filter ] --END-- [ RunTime:0.001118s ]
INFO: [ app_end ] --START--
INFO: Run Behavior\ShowPageTraceBehavior [ RunTime:0.001203s ]
INFO: [ app_end ] --END-- [ RunTime:0.001569s ]

[ 2017-05-05T13:01:22+08:00 ] ::1 /clothing_shop/index.php/Home/Index/aaa.html
INFO: [ app_init ] --START--
INFO: Run Behavior\BuildLiteBehavior [ RunTime:0.000025s ]
INFO: [ app_init ] --END-- [ RunTime:0.000466s ]
INFO: [ app_begin ] --START--
INFO: Run Behavior\ReadHtmlCacheBehavior [ RunTime:0.000803s ]
INFO: [ app_begin ] --END-- [ RunTime:0.000907s ]
SQL: SHOW COLUMNS FROM `sh_action` [ RunTime:0.0056s ]
NOTIC: [8] Undefined index: u F:\wamp\www\clothing_shop\Application\Home\Controller\IndexController.class.php Á¨¨ 111 Ë°å.
SQL: SELECT COUNT(*) AS tp_count FROM `sh_action` WHERE ( username="" ) LIMIT 1   [ RunTime:0.0004s ]
ERR: 1048:Column 'username' cannot be null
 [ SQLËØ≠Âè• ] : INSERT INTO `sh_action` (`username`,`last_logout_time`) VALUES (NULL,'2017-05-05 13:01:22')
ERR: 1048:Column 'username' cannot be null
 [ SQLËØ≠Âè• ] : INSERT INTO `sh_action` (`username`,`last_logout_time`) VALUES (NULL,'2017-05-05 13:01:22')

[ 2017-05-05T13:07:25+08:00 ] ::1 /clothing_shop/index.php/Home/Index/aaa.html
INFO: [ app_init ] --START--
INFO: Run Behavior\BuildLiteBehavior [ RunTime:0.000043s ]
INFO: [ app_init ] --END-- [ RunTime:0.000649s ]
INFO: [ app_begin ] --START--
INFO: Run Behavior\ReadHtmlCacheBehavior [ RunTime:0.000537s ]
INFO: [ app_begin ] --END-- [ RunTime:0.000645s ]
SQL: SHOW COLUMNS FROM `sh_action` [ RunTime:0.0035s ]
NOTIC: [8] Undefined index: u F:\wamp\www\clothing_shop\Application\Home\Controller\IndexController.class.php Á¨¨ 111 Ë°å.
SQL: SELECT COUNT(*) AS tp_count FROM `sh_action` WHERE ( username="" ) LIMIT 1   [ RunTime:0.0004s ]
ERR: 1048:Column 'username' cannot be null
 [ SQLËØ≠Âè• ] : INSERT INTO `sh_action` (`username`,`last_logout_time`) VALUES (NULL,'2017-05-05 13:07:25')
ERR: 1048:Column 'username' cannot be null
 [ SQLËØ≠Âè• ] : INSERT INTO `sh_action` (`username`,`last_logout_time`) VALUES (NULL,'2017-05-05 13:07:25')

[ 2017-05-05T13:07:25+08:00 ] ::1 /clothing_shop/index.php/Home/Index/index
INFO: [ app_init ] --START--
INFO: Run Behavior\BuildLiteBehavior [ RunTime:0.000025s ]
INFO: [ app_init ] --END-- [ RunTime:0.000429s ]
INFO: [ app_begin ] --START--
INFO: Run Behavior\ReadHtmlCacheBehavior [ RunTime:0.000676s ]
INFO: [ app_begin ] --END-- [ RunTime:0.000795s ]
SQL: SHOW COLUMNS FROM `sh_category` [ RunTime:0.0028s ]
SQL: SELECT * FROM `sh_category` WHERE ( parent_id=0 )  [ RunTime:0.0002s ]
SQL: SELECT * FROM `sh_category` WHERE ( parent_id=5 )  [ RunTime:0.0002s ]
SQL: SELECT * FROM `sh_category` WHERE ( parent_id=6 )  [ RunTime:0.0002s ]
SQL: SELECT * FROM `sh_category` WHERE ( parent_id=7 )  [ RunTime:0.0002s ]
SQL: SELECT * FROM `sh_category` WHERE ( parent_id=8 )  [ RunTime:0.0002s ]
SQL: SELECT * FROM `sh_category` WHERE ( parent_id=9 )  [ RunTime:0.0002s ]
SQL: SHOW COLUMNS FROM `sh_goods` [ RunTime:0.0035s ]
SQL: SELECT a.*,b.cat_name FROM sh_goods a left join sh_category b on a.cat_id = b.id  WHERE ( 1 )  [ RunTime:0.0004s ]
INFO: [ view_parse ] --START--
INFO: [ template_filter ] --START--
INFO: Run Behavior\ContentReplaceBehavior [ RunTime:0.000091s ]
INFO: [ template_filter ] --END-- [ RunTime:0.000196s ]
NOTIC: [8] Undefined index: search F:\wamp\www\clothing_shop\Application\Runtime\Cache\Home\2a94b8bda04ff446dcedd42276fc99ee.php Á¨¨ 36 Ë°å.
NOTIC: [8] Undefined index: cid F:\wamp\www\clothing_shop\Application\Runtime\Cache\Home\2a94b8bda04ff446dcedd42276fc99ee.php Á¨¨ 47 Ë°å.
NOTIC: [8] Undefined index: cid F:\wamp\www\clothing_shop\Application\Runtime\Cache\Home\2a94b8bda04ff446dcedd42276fc99ee.php Á¨¨ 51 Ë°å.
NOTIC: [8] Undefined index: cid F:\wamp\www\clothing_shop\Application\Runtime\Cache\Home\2a94b8bda04ff446dcedd42276fc99ee.php Á¨¨ 57 Ë°å.
NOTIC: [8] Undefined index: cid F:\wamp\www\clothing_shop\Application\Runtime\Cache\Home\2a94b8bda04ff446dcedd42276fc99ee.php Á¨¨ 47 Ë°å.
NOTIC: [8] Undefined index: cid F:\wamp\www\clothing_shop\Application\Runtime\Cache\Home\2a94b8bda04ff446dcedd42276fc99ee.php Á¨¨ 51 Ë°å.
NOTIC: [8] Undefined index: cid F:\wamp\www\clothing_shop\Application\Runtime\Cache\Home\2a94b8bda04ff446dcedd42276fc99ee.php Á¨¨ 47 Ë°å.
INFO: Run Behavior\ParseTemplateBehavior [ RunTime:0.007655s ]
INFO: [ view_parse ] --END-- [ RunTime:0.007772s ]
INFO: [ view_filter ] --START--
INFO: Run Behavior\WriteHtmlCacheBehavior [ RunTime:0.000442s ]
INFO: [ view_filter ] --END-- [ RunTime:0.000527s ]
INFO: [ app_end ] --START--
INFO: Run Behavior\ShowPageTraceBehavior [ RunTime:0.000581s ]
INFO: [ app_end ] --END-- [ RunTime:0.000670s ]

[ 2017-05-05T13:08:59+08:00 ] ::1 /clothing_shop/index.php/Home/Index/content/gid/23
INFO: [ app_init ] --START--
INFO: Run Behavior\BuildLiteBehavior [ RunTime:0.000026s ]
INFO: [ app_init ] --END-- [ RunTime:0.000407s ]
INFO: [ app_begin ] --START--
INFO: Run Behavior\ReadHtmlCacheBehavior [ RunTime:0.000416s ]
INFO: [ app_begin ] --END-- [ RunTime:0.000532s ]
SQL: SHOW COLUMNS FROM `sh_goods` [ RunTime:0.0028s ]
SQL: SELECT a.*,b.cat_name FROM sh_goods a left join sh_category b on a.cat_id = b.id  WHERE ( a.id=23 ) LIMIT 1   [ RunTime:0.0003s ]
SQL: SHOW COLUMNS FROM `sh_category` [ RunTime:0.0028s ]
SQL: SELECT * FROM `sh_category` WHERE ( parent_id=0 )  [ RunTime:0.0003s ]
SQL: SELECT * FROM `sh_category` WHERE ( parent_id=5 )  [ RunTime:0.0002s ]
SQL: SELECT * FROM `sh_category` WHERE ( parent_id=6 )  [ RunTime:0.0002s ]
SQL: SELECT * FROM `sh_category` WHERE ( parent_id=7 )  [ RunTime:0.0002s ]
SQL: SELECT * FROM `sh_category` WHERE ( parent_id=8 )  [ RunTime:0.0002s ]
SQL: SELECT * FROM `sh_category` WHERE ( parent_id=9 )  [ RunTime:0.0002s ]
SQL: SHOW COLUMNS FROM `sh_message` [ RunTime:0.0037s ]
SQL: SELECT * FROM `sh_message` WHERE ( gid=23 )  [ RunTime:0.0002s ]
INFO: [ view_parse ] --START--
INFO: [ template_filter ] --START--
INFO: Run Behavior\ContentReplaceBehavior [ RunTime:0.000104s ]
INFO: [ template_filter ] --END-- [ RunTime:0.000239s ]
NOTIC: [8] Undefined index: search F:\wamp\www\clothing_shop\Application\Runtime\Cache\Home\c98d6cc5834e97afa6ab2d2fc316c419.php Á¨¨ 39 Ë°å.
NOTIC: [8] Undefined index: cid F:\wamp\www\clothing_shop\Application\Runtime\Cache\Home\c98d6cc5834e97afa6ab2d2fc316c419.php Á¨¨ 50 Ë°å.
NOTIC: [8] Undefined index: cid F:\wamp\www\clothing_shop\Application\Runtime\Cache\Home\c98d6cc5834e97afa6ab2d2fc316c419.php Á¨¨ 54 Ë°å.
NOTIC: [8] Undefined index: cid F:\wamp\www\clothing_shop\Application\Runtime\Cache\Home\c98d6cc5834e97afa6ab2d2fc316c419.php Á¨¨ 60 Ë°å.
NOTIC: [8] Undefined index: cid F:\wamp\www\clothing_shop\Application\Runtime\Cache\Home\c98d6cc5834e97afa6ab2d2fc316c419.php Á¨¨ 50 Ë°å.
NOTIC: [8] Undefined index: cid F:\wamp\www\clothing_shop\Application\Runtime\Cache\Home\c98d6cc5834e97afa6ab2d2fc316c419.php Á¨¨ 54 Ë°å.
NOTIC: [8] Undefined index: cid F:\wamp\www\clothing_shop\Application\Runtime\Cache\Home\c98d6cc5834e97afa6ab2d2fc316c419.php Á¨¨ 50 Ë°å.
INFO: Run Behavior\ParseTemplateBehavior [ RunTime:0.007852s ]
INFO: [ view_parse ] --END-- [ RunTime:0.007957s ]
INFO: [ view_filter ] --START--
INFO: Run Behavior\WriteHtmlCacheBehavior [ RunTime:0.000267s ]
INFO: [ view_filter ] --END-- [ RunTime:0.000351s ]
INFO: [ app_end ] --START--
INFO: Run Behavior\ShowPageTraceBehavior [ RunTime:0.000405s ]
INFO: [ app_end ] --END-- [ RunTime:0.000522s ]

[ 2017-05-05T13:08:59+08:00 ] ::1 /clothing_shop/index.php/Home/Index/aaa.html
INFO: [ app_init ] --START--
INFO: Run Behavior\BuildLiteBehavior [ RunTime:0.000031s ]
INFO: [ app_init ] --END-- [ RunTime:0.000423s ]
INFO: [ app_begin ] --START--
INFO: Run Behavior\ReadHtmlCacheBehavior [ RunTime:0.000685s ]
INFO: [ app_begin ] --END-- [ RunTime:0.000775s ]
SQL: SHOW COLUMNS FROM `sh_action` [ RunTime:0.0044s ]
NOTIC: [8] Undefined index: u F:\wamp\www\clothing_shop\Application\Home\Controller\IndexController.class.php Á¨¨ 111 Ë°å.
SQL: SELECT COUNT(*) AS tp_count FROM `sh_action` WHERE ( username="" ) LIMIT 1   [ RunTime:0.0004s ]
ERR: 1048:Column 'username' cannot be null
 [ SQLËØ≠Âè• ] : INSERT INTO `sh_action` (`username`,`last_logout_time`) VALUES (NULL,'2017-05-05 13:08:59')
ERR: 1048:Column 'username' cannot be null
 [ SQLËØ≠Âè• ] : INSERT INTO `sh_action` (`username`,`last_logout_time`) VALUES (NULL,'2017-05-05 13:08:59')

[ 2017-05-05T13:09:12+08:00 ] ::1 /clothing_shop/index.php/Home/Index/aaa.html
INFO: [ app_init ] --START--
INFO: Run Behavior\BuildLiteBehavior [ RunTime:0.000036s ]
INFO: [ app_init ] --END-- [ RunTime:0.000413s ]
INFO: [ app_begin ] --START--
INFO: Run Behavior\ReadHtmlCacheBehavior [ RunTime:0.000764s ]
INFO: [ app_begin ] --END-- [ RunTime:0.000997s ]
SQL: SHOW COLUMNS FROM `sh_action` [ RunTime:0.0026s ]
NOTIC: [8] Undefined index: u F:\wamp\www\clothing_shop\Application\Home\Controller\IndexController.class.php Á¨¨ 111 Ë°å.
SQL: SELECT COUNT(*) AS tp_count FROM `sh_action` WHERE ( username="" ) LIMIT 1   [ RunTime:0.0004s ]
ERR: 1048:Column 'username' cannot be null
 [ SQLËØ≠Âè• ] : INSERT INTO `sh_action` (`username`,`last_logout_time`) VALUES (NULL,'2017-05-05 13:09:12')
ERR: 1048:Column 'username' cannot be null
 [ SQLËØ≠Âè• ] : INSERT INTO `sh_action` (`username`,`last_logout_time`) VALUES (NULL,'2017-05-05 13:09:12')

[ 2017-05-05T13:09:12+08:00 ] ::1 /clothing_shop/index.php/Home/Index/comment
INFO: [ app_init ] --START--
INFO: Run Behavior\BuildLiteBehavior [ RunTime:0.000027s ]
INFO: [ app_init ] --END-- [ RunTime:0.000587s ]
INFO: [ app_begin ] --START--
INFO: Run Behavior\ReadHtmlCacheBehavior [ RunTime:0.000807s ]
INFO: [ app_begin ] --END-- [ RunTime:0.000971s ]
INFO: [ view_parse ] --START--
INFO: [ template_filter ] --START--
INFO: Run Behavior\ContentReplaceBehavior [ RunTime:0.000063s ]
INFO: [ template_filter ] --END-- [ RunTime:0.000182s ]
INFO: Run Behavior\ParseTemplateBehavior [ RunTime:0.044527s ]
INFO: [ view_parse ] --END-- [ RunTime:0.044752s ]
INFO: [ view_filter ] --START--
INFO: Run Behavior\WriteHtmlCacheBehavior [ RunTime:0.000825s ]
INFO: [ view_filter ] --END-- [ RunTime:0.000987s ]

[ 2017-05-05T13:09:17+08:00 ] ::1 /clothing_shop/index.php/Home/Index/login
INFO: [ app_init ] --START--
INFO: Run Behavior\BuildLiteBehavior [ RunTime:0.000022s ]
INFO: [ app_init ] --END-- [ RunTime:0.000330s ]
INFO: [ app_begin ] --START--
INFO: Run Behavior\ReadHtmlCacheBehavior [ RunTime:0.000353s ]
INFO: [ app_begin ] --END-- [ RunTime:0.000450s ]
INFO: [ view_parse ] --START--
INFO: [ template_filter ] --START--
INFO: Run Behavior\ContentReplaceBehavior [ RunTime:0.000063s ]
INFO: [ template_filter ] --END-- [ RunTime:0.000167s ]
INFO: Run Behavior\ParseTemplateBehavior [ RunTime:0.004501s ]
INFO: [ view_parse ] --END-- [ RunTime:0.004596s ]
INFO: [ view_filter ] --START--
INFO: Run Behavior\WriteHtmlCacheBehavior [ RunTime:0.000212s ]
INFO: [ view_filter ] --END-- [ RunTime:0.000295s ]
INFO: [ app_end ] --START--
INFO: Run Behavior\ShowPageTraceBehavior [ RunTime:0.000353s ]
INFO: [ app_end ] --END-- [ RunTime:0.000440s ]

[ 2017-05-05T13:09:17+08:00 ] ::1 /clothing_shop/index.php/Home/Index/aaa.html
INFO: [ app_init ] --START--
INFO: Run Behavior\BuildLiteBehavior [ RunTime:0.000022s ]
INFO: [ app_init ] --END-- [ RunTime:0.000360s ]
INFO: [ app_begin ] --START--
INFO: Run Behavior\ReadHtmlCacheBehavior [ RunTime:0.000583s ]
INFO: [ app_begin ] --END-- [ RunTime:0.000665s ]
SQL: SHOW COLUMNS FROM `sh_action` [ RunTime:0.0028s ]
NOTIC: [8] Undefined index: u F:\wamp\www\clothing_shop\Application\Home\Controller\IndexController.class.php Á¨¨ 111 Ë°å.
SQL: SELECT COUNT(*) AS tp_count FROM `sh_action` WHERE ( username="" ) LIMIT 1   [ RunTime:0.0003s ]
ERR: 1048:Column 'username' cannot be null
 [ SQLËØ≠Âè• ] : INSERT INTO `sh_action` (`username`,`last_logout_time`) VALUES (NULL,'2017-05-05 13:09:17')
ERR: 1048:Column 'username' cannot be null
 [ SQLËØ≠Âè• ] : INSERT INTO `sh_action` (`username`,`last_logout_time`) VALUES (NULL,'2017-05-05 13:09:17')

[ 2017-05-05T13:09:18+08:00 ] ::1 /clothing_shop/index.php/Home/Index/aaa.html
INFO: [ app_init ] --START--
INFO: Run Behavior\BuildLiteBehavior [ RunTime:0.000025s ]
INFO: [ app_init ] --END-- [ RunTime:0.000384s ]
INFO: [ app_begin ] --START--
INFO: Run Behavior\ReadHtmlCacheBehavior [ RunTime:0.000391s ]
INFO: [ app_begin ] --END-- [ RunTime:0.000491s ]
SQL: SHOW COLUMNS FROM `sh_action` [ RunTime:0.0032s ]
NOTIC: [8] Undefined index: u F:\wamp\www\clothing_shop\Application\Home\Controller\IndexController.class.php Á¨¨ 111 Ë°å.
SQL: SELECT COUNT(*) AS tp_count FROM `sh_action` WHERE ( username="" ) LIMIT 1   [ RunTime:0.0002s ]
ERR: 1048:Column 'username' cannot be null
 [ SQLËØ≠Âè• ] : INSERT INTO `sh_action` (`username`,`last_logout_time`) VALUES (NULL,'2017-05-05 13:09:18')
ERR: 1048:Column 'username' cannot be null
 [ SQLËØ≠Âè• ] : INSERT INTO `sh_action` (`username`,`last_logout_time`) VALUES (NULL,'2017-05-05 13:09:18')

[ 2017-05-05T13:09:18+08:00 ] ::1 /clothing_shop/index.php/Home/Index/login
INFO: [ app_init ] --START--
INFO: Run Behavior\BuildLiteBehavior [ RunTime:0.000030s ]
INFO: [ app_init ] --END-- [ RunTime:0.000461s ]
INFO: [ app_begin ] --START--
INFO: Run Behavior\ReadHtmlCacheBehavior [ RunTime:0.001177s ]
INFO: [ app_begin ] --END-- [ RunTime:0.001358s ]
SQL: SHOW COLUMNS FROM `sh_member` [ RunTime:0.2657s ]
NOTIC: [8] Undefined index: validate F:\wamp\www\clothing_shop\ThinkPHP\Library\Think\Model.class.php Á¨¨ 1185 Ë°å.
NOTIC: [8] Undefined index: auto F:\wamp\www\clothing_shop\ThinkPHP\Library\Think\Model.class.php Á¨¨ 1128 Ë°å.
SQL: SELECT COUNT(*) AS tp_count FROM `sh_member` WHERE ( username='admin' and password = '21232f297a57a5a743894a0e4a801fc3' ) LIMIT 1   [ RunTime:0.0007s ]
INFO: [ view_parse ] --START--
INFO: [ template_filter ] --START--
INFO: Run Behavior\ContentReplaceBehavior [ RunTime:0.000156s ]
INFO: [ template_filter ] --END-- [ RunTime:0.000423s ]
INFO: Run Behavior\ParseTemplateBehavior [ RunTime:0.014796s ]
INFO: [ view_parse ] --END-- [ RunTime:0.015123s ]
INFO: [ view_filter ] --START--
INFO: Run Behavior\WriteHtmlCacheBehavior [ RunTime:0.001133s ]
INFO: [ view_filter ] --END-- [ RunTime:0.001347s ]

[ 2017-05-05T13:09:20+08:00 ] ::1 /clothing_shop/index.php/Home/Index/login
INFO: [ app_init ] --START--
INFO: Run Behavior\BuildLiteBehavior [ RunTime:0.000024s ]
INFO: [ app_init ] --END-- [ RunTime:0.000446s ]
INFO: [ app_begin ] --START--
INFO: Run Behavior\ReadHtmlCacheBehavior [ RunTime:0.000645s ]
INFO: [ app_begin ] --END-- [ RunTime:0.000758s ]
INFO: [ view_parse ] --START--
INFO: [ template_filter ] --START--
INFO: Run Behavior\ContentReplaceBehavior [ RunTime:0.000074s ]
INFO: [ template_filter ] --END-- [ RunTime:0.000210s ]
INFO: Run Behavior\ParseTemplateBehavior [ RunTime:0.006967s ]
INFO: [ view_parse ] --END-- [ RunTime:0.007084s ]
INFO: [ view_filter ] --START--
INFO: Run Behavior\WriteHtmlCacheBehavior [ RunTime:0.000446s ]
INFO: [ view_filter ] --END-- [ RunTime:0.000539s ]
INFO: [ app_end ] --START--
INFO: Run Behavior\ShowPageTraceBehavior [ RunTime:0.000570s ]
INFO: [ app_end ] --END-- [ RunTime:0.000657s ]

[ 2017-05-05T13:09:21+08:00 ] ::1 /clothing_shop/index.php/Home/Index/register
INFO: [ app_init ] --START--
INFO: Run Behavior\BuildLiteBehavior [ RunTime:0.000024s ]
INFO: [ app_init ] --END-- [ RunTime:0.000378s ]
INFO: [ app_begin ] --START--
INFO: Run Behavior\ReadHtmlCacheBehavior [ RunTime:0.000379s ]
INFO: [ app_begin ] --END-- [ RunTime:0.000495s ]
INFO: [ view_parse ] --START--
INFO: [ template_filter ] --START--
INFO: Run Behavior\ContentReplaceBehavior [ RunTime:0.000061s ]
INFO: [ template_filter ] --END-- [ RunTime:0.000170s ]
INFO: Run Behavior\ParseTemplateBehavior [ RunTime:0.004641s ]
INFO: [ view_parse ] --END-- [ RunTime:0.004746s ]
INFO: [ view_filter ] --START--
INFO: Run Behavior\WriteHtmlCacheBehavior [ RunTime:0.000220s ]
INFO: [ view_filter ] --END-- [ RunTime:0.000303s ]
INFO: [ app_end ] --START--
INFO: Run Behavior\ShowPageTraceBehavior [ RunTime:0.000364s ]
INFO: [ app_end ] --END-- [ RunTime:0.000450s ]

[ 2017-05-05T13:09:21+08:00 ] ::1 /clothing_shop/index.php/Home/Index/aaa.html
INFO: [ app_init ] --START--
INFO: Run Behavior\BuildLiteBehavior [ RunTime:0.000027s ]
INFO: [ app_init ] --END-- [ RunTime:0.000391s ]
INFO: [ app_begin ] --START--
INFO: Run Behavior\ReadHtmlCacheBehavior [ RunTime:0.000568s ]
INFO: [ app_begin ] --END-- [ RunTime:0.000660s ]
SQL: SHOW COLUMNS FROM `sh_action` [ RunTime:0.0028s ]
NOTIC: [8] Undefined index: u F:\wamp\www\clothing_shop\Application\Home\Controller\IndexController.class.php Á¨¨ 111 Ë°å.
SQL: SELECT COUNT(*) AS tp_count FROM `sh_action` WHERE ( username="" ) LIMIT 1   [ RunTime:0.0003s ]
ERR: 1048:Column 'username' cannot be null
 [ SQLËØ≠Âè• ] : INSERT INTO `sh_action` (`username`,`last_logout_time`) VALUES (NULL,'2017-05-05 13:09:21')
ERR: 1048:Column 'username' cannot be null
 [ SQLËØ≠Âè• ] : INSERT INTO `sh_action` (`username`,`last_logout_time`) VALUES (NULL,'2017-05-05 13:09:21')

[ 2017-05-05T13:09:22+08:00 ] ::1 /clothing_shop/index.php/Home/Index/aaa.html
INFO: [ app_init ] --START--
INFO: Run Behavior\BuildLiteBehavior [ RunTime:0.000062s ]
INFO: [ app_init ] --END-- [ RunTime:0.000516s ]
INFO: [ app_begin ] --START--
INFO: Run Behavior\ReadHtmlCacheBehavior [ RunTime:0.000355s ]
INFO: [ app_begin ] --END-- [ RunTime:0.000442s ]
SQL: SHOW COLUMNS FROM `sh_action` [ RunTime:0.0024s ]
NOTIC: [8] Undefined index: u F:\wamp\www\clothing_shop\Application\Home\Controller\IndexController.class.php Á¨¨ 111 Ë°å.
SQL: SELECT COUNT(*) AS tp_count FROM `sh_action` WHERE ( username="" ) LIMIT 1   [ RunTime:0.0002s ]
ERR: 1048:Column 'username' cannot be null
 [ SQLËØ≠Âè• ] : INSERT INTO `sh_action` (`username`,`last_logout_time`) VALUES (NULL,'2017-05-05 13:09:22')
ERR: 1048:Column 'username' cannot be null
 [ SQLËØ≠Âè• ] : INSERT INTO `sh_action` (`username`,`last_logout_time`) VALUES (NULL,'2017-05-05 13:09:22')

[ 2017-05-05T13:09:23+08:00 ] ::1 /clothing_shop/index.php/Home/Index/register
INFO: [ app_init ] --START--
INFO: Run Behavior\BuildLiteBehavior [ RunTime:0.000024s ]
INFO: [ app_init ] --END-- [ RunTime:0.000706s ]
INFO: [ app_begin ] --START--
INFO: Run Behavior\ReadHtmlCacheBehavior [ RunTime:0.000914s ]
INFO: [ app_begin ] --END-- [ RunTime:0.001104s ]
SQL: SHOW COLUMNS FROM `sh_member` [ RunTime:0.0022s ]
NOTIC: [8] Undefined index: validate F:\wamp\www\clothing_shop\ThinkPHP\Library\Think\Model.class.php Á¨¨ 1185 Ë°å.
NOTIC: [8] Undefined index: auto F:\wamp\www\clothing_shop\ThinkPHP\Library\Think\Model.class.php Á¨¨ 1128 Ë°å.
SQL: INSERT INTO `sh_member` (`username`,`password`,`time`) VALUES ('1','c4ca4238a0b923820dcc509a6f75849b','2017-05-05 13:09:22') [ RunTime:0.1692s ]
INFO: [ view_parse ] --START--
INFO: [ template_filter ] --START--
INFO: Run Behavior\ContentReplaceBehavior [ RunTime:0.000235s ]
INFO: [ template_filter ] --END-- [ RunTime:0.000715s ]
INFO: Run Behavior\ParseTemplateBehavior [ RunTime:0.017271s ]
INFO: [ view_parse ] --END-- [ RunTime:0.017662s ]
INFO: [ view_filter ] --START--
INFO: Run Behavior\WriteHtmlCacheBehavior [ RunTime:0.001196s ]
INFO: [ view_filter ] --END-- [ RunTime:0.001581s ]
INFO: [ app_end ] --START--
INFO: Run Behavior\ShowPageTraceBehavior [ RunTime:0.001829s ]
INFO: [ app_end ] --END-- [ RunTime:0.002221s ]

[ 2017-05-05T13:09:24+08:00 ] ::1 /clothing_shop/index.php/Home/Index/login.html
INFO: [ app_init ] --START--
INFO: Run Behavior\BuildLiteBehavior [ RunTime:0.000036s ]
INFO: [ app_init ] --END-- [ RunTime:0.000719s ]
INFO: [ app_begin ] --START--
INFO: Run Behavior\ReadHtmlCacheBehavior [ RunTime:0.000853s ]
INFO: [ app_begin ] --END-- [ RunTime:0.001019s ]
INFO: [ view_parse ] --START--
INFO: [ template_filter ] --START--
INFO: Run Behavior\ContentReplaceBehavior [ RunTime:0.000105s ]
INFO: [ template_filter ] --END-- [ RunTime:0.000280s ]
INFO: Run Behavior\ParseTemplateBehavior [ RunTime:0.010373s ]
INFO: [ view_parse ] --END-- [ RunTime:0.010608s ]
INFO: [ view_filter ] --START--
INFO: Run Behavior\WriteHtmlCacheBehavior [ RunTime:0.000603s ]
INFO: [ view_filter ] --END-- [ RunTime:0.000754s ]
INFO: [ app_end ] --START--
INFO: Run Behavior\ShowPageTraceBehavior [ RunTime:0.000861s ]
INFO: [ app_end ] --END-- [ RunTime:0.001019s ]

[ 2017-05-05T13:09:26+08:00 ] ::1 /clothing_shop/index.php/Home/Index/login
INFO: [ app_init ] --START--
INFO: Run Behavior\BuildLiteBehavior [ RunTime:0.000042s ]
INFO: [ app_init ] --END-- [ RunTime:0.000557s ]
INFO: [ app_begin ] --START--
INFO: Run Behavior\ReadHtmlCacheBehavior [ RunTime:0.000537s ]
INFO: [ app_begin ] --END-- [ RunTime:0.000716s ]
SQL: SHOW COLUMNS FROM `sh_member` [ RunTime:0.0029s ]
NOTIC: [8] Undefined index: validate F:\wamp\www\clothing_shop\ThinkPHP\Library\Think\Model.class.php Á¨¨ 1185 Ë°å.
NOTIC: [8] Undefined index: auto F:\wamp\www\clothing_shop\ThinkPHP\Library\Think\Model.class.php Á¨¨ 1128 Ë°å.
SQL: SELECT COUNT(*) AS tp_count FROM `sh_member` WHERE ( username='1' and password = 'c4ca4238a0b923820dcc509a6f75849b' ) LIMIT 1   [ RunTime:0.0003s ]
SQL: SHOW COLUMNS FROM `sh_action` [ RunTime:0.0039s ]
SQL: SELECT COUNT(*) AS tp_count FROM `sh_action` WHERE ( username="1" ) LIMIT 1   [ RunTime:0.0004s ]
SQL: INSERT INTO `sh_action` (`username`,`ip`,`last_login_time`) VALUES ('1','127.0.0.1','2017-05-05 13:09:25') [ RunTime:0.1821s ]
INFO: [ view_parse ] --START--
INFO: [ template_filter ] --START--
INFO: Run Behavior\ContentReplaceBehavior [ RunTime:0.000093s ]
INFO: [ template_filter ] --END-- [ RunTime:0.000315s ]
INFO: Run Behavior\ParseTemplateBehavior [ RunTime:0.006131s ]
INFO: [ view_parse ] --END-- [ RunTime:0.006248s ]
INFO: [ view_filter ] --START--
INFO: Run Behavior\WriteHtmlCacheBehavior [ RunTime:0.000215s ]
INFO: [ view_filter ] --END-- [ RunTime:0.000302s ]
INFO: [ app_end ] --START--
INFO: Run Behavior\ShowPageTraceBehavior [ RunTime:0.000435s ]
INFO: [ app_end ] --END-- [ RunTime:0.000569s ]

[ 2017-05-05T13:09:26+08:00 ] ::1 /clothing_shop/index.php/Home/Index/aaa.html
INFO: [ app_init ] --START--
INFO: Run Behavior\BuildLiteBehavior [ RunTime:0.000039s ]
INFO: [ app_init ] --END-- [ RunTime:0.001059s ]
INFO: [ app_begin ] --START--
INFO: Run Behavior\ReadHtmlCacheBehavior [ RunTime:0.000877s ]
INFO: [ app_begin ] --END-- [ RunTime:0.001051s ]
SQL: SHOW COLUMNS FROM `sh_action` [ RunTime:0.0039s ]
SQL: SELECT COUNT(*) AS tp_count FROM `sh_action` WHERE ( username="1" ) LIMIT 1   [ RunTime:0.0004s ]
SQL: UPDATE `sh_action` SET `username`='1',`last_logout_time`='2017-05-05 13:09:26' WHERE ( username="1" ) [ RunTime:0.1497s ]
INFO: [ app_end ] --START--
INFO: Run Behavior\ShowPageTraceBehavior [ RunTime:0.000723s ]
INFO: [ app_end ] --END-- [ RunTime:0.000815s ]

[ 2017-05-05T13:09:27+08:00 ] ::1 /clothing_shop/index.php/Home/Index/index.html
INFO: [ app_init ] --START--
INFO: Run Behavior\BuildLiteBehavior [ RunTime:0.000023s ]
INFO: [ app_init ] --END-- [ RunTime:0.000377s ]
INFO: [ app_begin ] --START--
INFO: Run Behavior\ReadHtmlCacheBehavior [ RunTime:0.000487s ]
INFO: [ app_begin ] --END-- [ RunTime:0.000589s ]
SQL: SHOW COLUMNS FROM `sh_category` [ RunTime:0.0023s ]
SQL: SELECT * FROM `sh_category` WHERE ( parent_id=0 )  [ RunTime:0.0003s ]
SQL: SELECT * FROM `sh_category` WHERE ( parent_id=5 )  [ RunTime:0.0002s ]
SQL: SELECT * FROM `sh_category` WHERE ( parent_id=6 )  [ RunTime:0.0002s ]
SQL: SELECT * FROM `sh_category` WHERE ( parent_id=7 )  [ RunTime:0.0001s ]
SQL: SELECT * FROM `sh_category` WHERE ( parent_id=8 )  [ RunTime:0.0002s ]
SQL: SELECT * FROM `sh_category` WHERE ( parent_id=9 )  [ RunTime:0.0002s ]
SQL: SHOW COLUMNS FROM `sh_goods` [ RunTime:0.0024s ]
SQL: SELECT a.*,b.cat_name FROM sh_goods a left join sh_category b on a.cat_id = b.id  WHERE ( 1 )  [ RunTime:0.0003s ]
INFO: [ view_parse ] --START--
INFO: [ template_filter ] --START--
INFO: Run Behavior\ContentReplaceBehavior [ RunTime:0.000090s ]
INFO: [ template_filter ] --END-- [ RunTime:0.000211s ]
NOTIC: [8] Undefined index: search F:\wamp\www\clothing_shop\Application\Runtime\Cache\Home\2a94b8bda04ff446dcedd42276fc99ee.php Á¨¨ 36 Ë°å.
NOTIC: [8] Undefined index: cid F:\wamp\www\clothing_shop\Application\Runtime\Cache\Home\2a94b8bda04ff446dcedd42276fc99ee.php Á¨¨ 47 Ë°å.
NOTIC: [8] Undefined index: cid F:\wamp\www\clothing_shop\Application\Runtime\Cache\Home\2a94b8bda04ff446dcedd42276fc99ee.php Á¨¨ 51 Ë°å.
NOTIC: [8] Undefined index: cid F:\wamp\www\clothing_shop\Application\Runtime\Cache\Home\2a94b8bda04ff446dcedd42276fc99ee.php Á¨¨ 57 Ë°å.
NOTIC: [8] Undefined index: cid F:\wamp\www\clothing_shop\Application\Runtime\Cache\Home\2a94b8bda04ff446dcedd42276fc99ee.php Á¨¨ 47 Ë°å.
NOTIC: [8] Undefined index: cid F:\wamp\www\clothing_shop\Application\Runtime\Cache\Home\2a94b8bda04ff446dcedd42276fc99ee.php Á¨¨ 51 Ë°å.
NOTIC: [8] Undefined index: cid F:\wamp\www\clothing_shop\Application\Runtime\Cache\Home\2a94b8bda04ff446dcedd42276fc99ee.php Á¨¨ 47 Ë°å.
INFO: Run Behavior\ParseTemplateBehavior [ RunTime:0.007912s ]
INFO: [ view_parse ] --END-- [ RunTime:0.008010s ]
INFO: [ view_filter ] --START--
INFO: Run Behavior\WriteHtmlCacheBehavior [ RunTime:0.000231s ]
INFO: [ view_filter ] --END-- [ RunTime:0.000317s ]
INFO: [ app_end ] --START--
INFO: Run Behavior\ShowPageTraceBehavior [ RunTime:0.000368s ]
INFO: [ app_end ] --END-- [ RunTime:0.000462s ]

[ 2017-05-05T13:09:28+08:00 ] ::1 /clothing_shop/index.php/Home/Index/aaa.html
INFO: [ app_init ] --START--
INFO: Run Behavior\BuildLiteBehavior [ RunTime:0.000026s ]
INFO: [ app_init ] --END-- [ RunTime:0.000404s ]
INFO: [ app_begin ] --START--
INFO: Run Behavior\ReadHtmlCacheBehavior [ RunTime:0.000398s ]
INFO: [ app_begin ] --END-- [ RunTime:0.000493s ]
SQL: SHOW COLUMNS FROM `sh_action` [ RunTime:0.0025s ]
SQL: SELECT COUNT(*) AS tp_count FROM `sh_action` WHERE ( username="1" ) LIMIT 1   [ RunTime:0.0004s ]
SQL: UPDATE `sh_action` SET `username`='1',`last_logout_time`='2017-05-05 13:09:28' WHERE ( username="1" ) [ RunTime:0.0295s ]
INFO: [ app_end ] --START--
INFO: Run Behavior\ShowPageTraceBehavior [ RunTime:0.000486s ]
INFO: [ app_end ] --END-- [ RunTime:0.000579s ]

[ 2017-05-05T13:09:28+08:00 ] ::1 /clothing_shop/index.php/Home/Index/content/gid/23
INFO: [ app_init ] --START--
INFO: Run Behavior\BuildLiteBehavior [ RunTime:0.000025s ]
INFO: [ app_init ] --END-- [ RunTime:0.000444s ]
INFO: [ app_begin ] --START--
INFO: Run Behavior\ReadHtmlCacheBehavior [ RunTime:0.000678s ]
INFO: [ app_begin ] --END-- [ RunTime:0.000791s ]
SQL: SHOW COLUMNS FROM `sh_goods` [ RunTime:0.0035s ]
SQL: SELECT a.*,b.cat_name FROM sh_goods a left join sh_category b on a.cat_id = b.id  WHERE ( a.id=23 ) LIMIT 1   [ RunTime:0.0004s ]
SQL: SHOW COLUMNS FROM `sh_category` [ RunTime:0.0025s ]
SQL: SELECT * FROM `sh_category` WHERE ( parent_id=0 )  [ RunTime:0.0005s ]
SQL: SELECT * FROM `sh_category` WHERE ( parent_id=5 )  [ RunTime:0.0003s ]
SQL: SELECT * FROM `sh_category` WHERE ( parent_id=6 )  [ RunTime:0.0002s ]
SQL: SELECT * FROM `sh_category` WHERE ( parent_id=7 )  [ RunTime:0.0002s ]
SQL: SELECT * FROM `sh_category` WHERE ( parent_id=8 )  [ RunTime:0.0002s ]
SQL: SELECT * FROM `sh_category` WHERE ( parent_id=9 )  [ RunTime:0.0002s ]
SQL: SHOW COLUMNS FROM `sh_message` [ RunTime:0.0026s ]
SQL: SELECT * FROM `sh_message` WHERE ( gid=23 )  [ RunTime:0.0002s ]
INFO: [ view_parse ] --START--
INFO: [ template_filter ] --START--
INFO: Run Behavior\ContentReplaceBehavior [ RunTime:0.000095s ]
INFO: [ template_filter ] --END-- [ RunTime:0.000193s ]
NOTIC: [8] Undefined index: search F:\wamp\www\clothing_shop\Application\Runtime\Cache\Home\c98d6cc5834e97afa6ab2d2fc316c419.php Á¨¨ 39 Ë°å.
NOTIC: [8] Undefined index: cid F:\wamp\www\clothing_shop\Application\Runtime\Cache\Home\c98d6cc5834e97afa6ab2d2fc316c419.php Á¨¨ 50 Ë°å.
NOTIC: [8] Undefined index: cid F:\wamp\www\clothing_shop\Application\Runtime\Cache\Home\c98d6cc5834e97afa6ab2d2fc316c419.php Á¨¨ 54 Ë°å.
NOTIC: [8] Undefined index: cid F:\wamp\www\clothing_shop\Application\Runtime\Cache\Home\c98d6cc5834e97afa6ab2d2fc316c419.php Á¨¨ 60 Ë°å.
NOTIC: [8] Undefined index: cid F:\wamp\www\clothing_shop\Application\Runtime\Cache\Home\c98d6cc5834e97afa6ab2d2fc316c419.php Á¨¨ 50 Ë°å.
NOTIC: [8] Undefined index: cid F:\wamp\www\clothing_shop\Application\Runtime\Cache\Home\c98d6cc5834e97afa6ab2d2fc316c419.php Á¨¨ 54 Ë°å.
NOTIC: [8] Undefined index: cid F:\wamp\www\clothing_shop\Application\Runtime\Cache\Home\c98d6cc5834e97afa6ab2d2fc316c419.php Á¨¨ 50 Ë°å.
INFO: Run Behavior\ParseTemplateBehavior [ RunTime:0.008046s ]
INFO: [ view_parse ] --END-- [ RunTime:0.008165s ]
INFO: [ view_filter ] --START--
INFO: Run Behavior\WriteHtmlCacheBehavior [ RunTime:0.000437s ]
INFO: [ view_filter ] --END-- [ RunTime:0.000533s ]
INFO: [ app_end ] --START--
INFO: Run Behavior\ShowPageTraceBehavior [ RunTime:0.000701s ]
INFO: [ app_end ] --END-- [ RunTime:0.000832s ]

[ 2017-05-05T13:09:30+08:00 ] ::1 /clothing_shop/index.php/Home/Index/comment
INFO: [ app_init ] --START--
INFO: Run Behavior\BuildLiteBehavior [ RunTime:0.000025s ]
INFO: [ app_init ] --END-- [ RunTime:0.000399s ]
INFO: [ app_begin ] --START--
INFO: Run Behavior\ReadHtmlCacheBehavior [ RunTime:0.000438s ]
INFO: [ app_begin ] --END-- [ RunTime:0.000553s ]
SQL: SHOW COLUMNS FROM `sh_buy` [ RunTime:0.1391s ]
SQL: SELECT COUNT(*) AS tp_count FROM `sh_buy` WHERE ( username="1" and gid = "23" ) LIMIT 1   [ RunTime:0.0003s ]
INFO: [ view_parse ] --START--
INFO: [ template_filter ] --START--
INFO: Run Behavior\ContentReplaceBehavior [ RunTime:0.000072s ]
INFO: [ template_filter ] --END-- [ RunTime:0.000205s ]
INFO: Run Behavior\ParseTemplateBehavior [ RunTime:0.006348s ]
INFO: [ view_parse ] --END-- [ RunTime:0.006473s ]
INFO: [ view_filter ] --START--
INFO: Run Behavior\WriteHtmlCacheBehavior [ RunTime:0.000249s ]
INFO: [ view_filter ] --END-- [ RunTime:0.000349s ]

[ 2017-05-05T13:09:30+08:00 ] ::1 /clothing_shop/index.php/Home/Index/aaa.html
INFO: [ app_init ] --START--
INFO: Run Behavior\BuildLiteBehavior [ RunTime:0.000028s ]
INFO: [ app_init ] --END-- [ RunTime:0.000503s ]
INFO: [ app_begin ] --START--
INFO: Run Behavior\ReadHtmlCacheBehavior [ RunTime:0.000839s ]
INFO: [ app_begin ] --END-- [ RunTime:0.000967s ]
SQL: SHOW COLUMNS FROM `sh_action` [ RunTime:0.0044s ]
SQL: SELECT COUNT(*) AS tp_count FROM `sh_action` WHERE ( username="1" ) LIMIT 1   [ RunTime:0.0004s ]
SQL: UPDATE `sh_action` SET `username`='1',`last_logout_time`='2017-05-05 13:09:30' WHERE ( username="1" ) [ RunTime:0.0307s ]
INFO: [ app_end ] --START--
INFO: Run Behavior\ShowPageTraceBehavior [ RunTime:0.000798s ]
INFO: [ app_end ] --END-- [ RunTime:0.000900s ]

[ 2017-05-05T13:27:50+08:00 ] ::1 /clothing_shop/index.php/Home/Index/aaa.html
INFO: [ app_init ] --START--
INFO: Run Behavior\BuildLiteBehavior [ RunTime:0.000075s ]
INFO: [ app_init ] --END-- [ RunTime:0.000912s ]
INFO: [ app_begin ] --START--
INFO: Run Behavior\ReadHtmlCacheBehavior [ RunTime:0.001458s ]
INFO: [ app_begin ] --END-- [ RunTime:0.001650s ]
SQL: SHOW COLUMNS FROM `sh_action` [ RunTime:0.0026s ]
SQL: SELECT COUNT(*) AS tp_count FROM `sh_action` WHERE ( username="1" ) LIMIT 1   [ RunTime:0.0002s ]
SQL: UPDATE `sh_action` SET `username`='1',`last_logout_time`='2017-05-05 13:27:50' WHERE ( username="1" ) [ RunTime:0.1097s ]
INFO: [ app_end ] --START--
INFO: Run Behavior\ShowPageTraceBehavior [ RunTime:0.000885s ]
INFO: [ app_end ] --END-- [ RunTime:0.000990s ]

