[ 2017-10-16T13:58:41+08:00 ] 127.0.0.1 /huanglei/huangleiPHP/clothing_shop/
INFO: [ app_init ] --START--
INFO: Run Behavior\BuildLiteBehavior [ RunTime:0.000022s ]
INFO: [ app_init ] --END-- [ RunTime:0.001004s ]
INFO: [ app_begin ] --START--
INFO: Run Behavior\ReadHtmlCacheBehavior [ RunTime:0.000662s ]
INFO: [ app_begin ] --END-- [ RunTime:0.000734s ]
SQL: SHOW COLUMNS FROM `sh_category` [ RunTime:0.0121s ]
SQL: SELECT * FROM `sh_category` WHERE ( parent_id=0 )  [ RunTime:0.0014s ]
SQL: SELECT * FROM `sh_category` WHERE ( parent_id=5 )  [ RunTime:0.0003s ]
SQL: SELECT * FROM `sh_category` WHERE ( parent_id=6 )  [ RunTime:0.0003s ]
SQL: SELECT * FROM `sh_category` WHERE ( parent_id=7 )  [ RunTime:0.0004s ]
SQL: SELECT * FROM `sh_category` WHERE ( parent_id=8 )  [ RunTime:0.0003s ]
SQL: SELECT * FROM `sh_category` WHERE ( parent_id=9 )  [ RunTime:0.0002s ]
SQL: SHOW COLUMNS FROM `sh_goods` [ RunTime:0.0020s ]
SQL: SELECT a.*,b.cat_name FROM sh_goods a left join sh_category b on a.cat_id = b.id  WHERE ( 1 )  [ RunTime:0.0036s ]
INFO: [ view_parse ] --START--
INFO: [ template_filter ] --START--
INFO: Run Behavior\ContentReplaceBehavior [ RunTime:0.000333s ]
INFO: [ template_filter ] --END-- [ RunTime:0.000414s ]
NOTIC: [8] Undefined index: search /Users/huanglei/PhpstormProjects/huanglei/huangleiPHP/clothing_shop/Application/Runtime/Cache/Home/2a94b8bda04ff446dcedd42276fc99ee.php 第 36 行.
NOTIC: [8] Undefined index: cid /Users/huanglei/PhpstormProjects/huanglei/huangleiPHP/clothing_shop/Application/Runtime/Cache/Home/2a94b8bda04ff446dcedd42276fc99ee.php 第 47 行.
NOTIC: [8] Undefined index: cid /Users/huanglei/PhpstormProjects/huanglei/huangleiPHP/clothing_shop/Application/Runtime/Cache/Home/2a94b8bda04ff446dcedd42276fc99ee.php 第 51 行.
NOTIC: [8] Undefined index: cid /Users/huanglei/PhpstormProjects/huanglei/huangleiPHP/clothing_shop/Application/Runtime/Cache/Home/2a94b8bda04ff446dcedd42276fc99ee.php 第 57 行.
NOTIC: [8] Undefined index: cid /Users/huanglei/PhpstormProjects/huanglei/huangleiPHP/clothing_shop/Application/Runtime/Cache/Home/2a94b8bda04ff446dcedd42276fc99ee.php 第 47 行.
NOTIC: [8] Undefined index: cid /Users/huanglei/PhpstormProjects/huanglei/huangleiPHP/clothing_shop/Application/Runtime/Cache/Home/2a94b8bda04ff446dcedd42276fc99ee.php 第 51 行.
NOTIC: [8] Undefined index: cid /Users/huanglei/PhpstormProjects/huanglei/huangleiPHP/clothing_shop/Application/Runtime/Cache/Home/2a94b8bda04ff446dcedd42276fc99ee.php 第 47 行.
INFO: Run Behavior\ParseTemplateBehavior [ RunTime:0.006768s ]
INFO: [ view_parse ] --END-- [ RunTime:0.006822s ]
INFO: [ view_filter ] --START--
INFO: Run Behavior\WriteHtmlCacheBehavior [ RunTime:0.000306s ]
INFO: [ view_filter ] --END-- [ RunTime:0.000342s ]
INFO: [ app_end ] --START--
INFO: Run Behavior\ShowPageTraceBehavior [ RunTime:0.000608s ]
INFO: [ app_end ] --END-- [ RunTime:0.000653s ]

