[ 2017-10-14T15:45:19+08:00 ] 127.0.0.1 /huanglei/huangleiPHP/clothing_shop/
INFO: [ app_init ] --START--
INFO: Run Behavior\BuildLiteBehavior [ RunTime:0.000011s ]
INFO: [ app_init ] --END-- [ RunTime:0.000348s ]
INFO: [ app_begin ] --START--
INFO: Run Behavior\ReadHtmlCacheBehavior [ RunTime:0.000368s ]
INFO: [ app_begin ] --END-- [ RunTime:0.000428s ]
SQL: SHOW COLUMNS FROM `sh_category` [ RunTime:0.0004s ]
SQL: SELECT * FROM `sh_category` WHERE ( parent_id=0 )  [ RunTime:0.0003s ]
SQL: SELECT * FROM `sh_category` WHERE ( parent_id=5 )  [ RunTime:0.0003s ]
SQL: SELECT * FROM `sh_category` WHERE ( parent_id=6 )  [ RunTime:0.0003s ]
SQL: SELECT * FROM `sh_category` WHERE ( parent_id=7 )  [ RunTime:0.0002s ]
SQL: SELECT * FROM `sh_category` WHERE ( parent_id=8 )  [ RunTime:0.0002s ]
SQL: SELECT * FROM `sh_category` WHERE ( parent_id=9 )  [ RunTime:0.0002s ]
SQL: SHOW COLUMNS FROM `sh_goods` [ RunTime:0.0005s ]
SQL: SELECT a.*,b.cat_name FROM sh_goods a left join sh_category b on a.cat_id = b.id  WHERE ( 1 )  [ RunTime:0.0003s ]
INFO: [ view_parse ] --START--
INFO: [ template_filter ] --START--
INFO: Run Behavior\ContentReplaceBehavior [ RunTime:0.000037s ]
INFO: [ template_filter ] --END-- [ RunTime:0.000070s ]
NOTIC: [8] Undefined index: search /Users/huanglei/PhpstormProjects/huanglei/huangleiPHP/clothing_shop/Application/Runtime/Cache/Home/2a94b8bda04ff446dcedd42276fc99ee.php 第 36 行.
NOTIC: [8] Undefined index: cid /Users/huanglei/PhpstormProjects/huanglei/huangleiPHP/clothing_shop/Application/Runtime/Cache/Home/2a94b8bda04ff446dcedd42276fc99ee.php 第 47 行.
NOTIC: [8] Undefined index: cid /Users/huanglei/PhpstormProjects/huanglei/huangleiPHP/clothing_shop/Application/Runtime/Cache/Home/2a94b8bda04ff446dcedd42276fc99ee.php 第 51 行.
NOTIC: [8] Undefined index: cid /Users/huanglei/PhpstormProjects/huanglei/huangleiPHP/clothing_shop/Application/Runtime/Cache/Home/2a94b8bda04ff446dcedd42276fc99ee.php 第 57 行.
NOTIC: [8] Undefined index: cid /Users/huanglei/PhpstormProjects/huanglei/huangleiPHP/clothing_shop/Application/Runtime/Cache/Home/2a94b8bda04ff446dcedd42276fc99ee.php 第 47 行.
NOTIC: [8] Undefined index: cid /Users/huanglei/PhpstormProjects/huanglei/huangleiPHP/clothing_shop/Application/Runtime/Cache/Home/2a94b8bda04ff446dcedd42276fc99ee.php 第 51 行.
NOTIC: [8] Undefined index: cid /Users/huanglei/PhpstormProjects/huanglei/huangleiPHP/clothing_shop/Application/Runtime/Cache/Home/2a94b8bda04ff446dcedd42276fc99ee.php 第 47 行.
INFO: Run Behavior\ParseTemplateBehavior [ RunTime:0.004759s ]
INFO: [ view_parse ] --END-- [ RunTime:0.004816s ]
INFO: [ view_filter ] --START--
INFO: Run Behavior\WriteHtmlCacheBehavior [ RunTime:0.000229s ]
INFO: [ view_filter ] --END-- [ RunTime:0.000260s ]
INFO: [ app_end ] --START--
INFO: Run Behavior\ShowPageTraceBehavior [ RunTime:0.000296s ]
INFO: [ app_end ] --END-- [ RunTime:0.000327s ]

[ 2017-10-14T15:45:44+08:00 ] 127.0.0.1 /huanglei/huangleiPHP/clothing_shop/
INFO: [ app_init ] --START--
INFO: Run Behavior\BuildLiteBehavior [ RunTime:0.000017s ]
INFO: [ app_init ] --END-- [ RunTime:0.000286s ]
INFO: [ app_begin ] --START--
INFO: Run Behavior\ReadHtmlCacheBehavior [ RunTime:0.000312s ]
INFO: [ app_begin ] --END-- [ RunTime:0.000350s ]
SQL: SHOW COLUMNS FROM `sh_category` [ RunTime:0.0005s ]
SQL: SELECT * FROM `sh_category` WHERE ( parent_id=0 )  [ RunTime:0.0003s ]
SQL: SELECT * FROM `sh_category` WHERE ( parent_id=5 )  [ RunTime:0.0002s ]
SQL: SELECT * FROM `sh_category` WHERE ( parent_id=6 )  [ RunTime:0.0002s ]
SQL: SELECT * FROM `sh_category` WHERE ( parent_id=7 )  [ RunTime:0.0002s ]
SQL: SELECT * FROM `sh_category` WHERE ( parent_id=8 )  [ RunTime:0.0002s ]
SQL: SELECT * FROM `sh_category` WHERE ( parent_id=9 )  [ RunTime:0.0002s ]
SQL: SHOW COLUMNS FROM `sh_goods` [ RunTime:0.0005s ]
SQL: SELECT a.*,b.cat_name FROM sh_goods a left join sh_category b on a.cat_id = b.id  WHERE ( 1 )  [ RunTime:0.0005s ]
INFO: [ view_parse ] --START--
INFO: [ template_filter ] --START--
INFO: Run Behavior\ContentReplaceBehavior [ RunTime:0.000040s ]
INFO: [ template_filter ] --END-- [ RunTime:0.000080s ]
NOTIC: [8] Undefined index: search /Users/huanglei/PhpstormProjects/huanglei/huangleiPHP/clothing_shop/Application/Runtime/Cache/Home/2a94b8bda04ff446dcedd42276fc99ee.php 第 36 行.
NOTIC: [8] Undefined index: cid /Users/huanglei/PhpstormProjects/huanglei/huangleiPHP/clothing_shop/Application/Runtime/Cache/Home/2a94b8bda04ff446dcedd42276fc99ee.php 第 47 行.
NOTIC: [8] Undefined index: cid /Users/huanglei/PhpstormProjects/huanglei/huangleiPHP/clothing_shop/Application/Runtime/Cache/Home/2a94b8bda04ff446dcedd42276fc99ee.php 第 51 行.
NOTIC: [8] Undefined index: cid /Users/huanglei/PhpstormProjects/huanglei/huangleiPHP/clothing_shop/Application/Runtime/Cache/Home/2a94b8bda04ff446dcedd42276fc99ee.php 第 57 行.
NOTIC: [8] Undefined index: cid /Users/huanglei/PhpstormProjects/huanglei/huangleiPHP/clothing_shop/Application/Runtime/Cache/Home/2a94b8bda04ff446dcedd42276fc99ee.php 第 47 行.
NOTIC: [8] Undefined index: cid /Users/huanglei/PhpstormProjects/huanglei/huangleiPHP/clothing_shop/Application/Runtime/Cache/Home/2a94b8bda04ff446dcedd42276fc99ee.php 第 51 行.
NOTIC: [8] Undefined index: cid /Users/huanglei/PhpstormProjects/huanglei/huangleiPHP/clothing_shop/Application/Runtime/Cache/Home/2a94b8bda04ff446dcedd42276fc99ee.php 第 47 行.
INFO: Run Behavior\ParseTemplateBehavior [ RunTime:0.005495s ]
INFO: [ view_parse ] --END-- [ RunTime:0.005552s ]
INFO: [ view_filter ] --START--
INFO: Run Behavior\WriteHtmlCacheBehavior [ RunTime:0.000127s ]
INFO: [ view_filter ] --END-- [ RunTime:0.000154s ]
INFO: [ app_end ] --START--
INFO: Run Behavior\ShowPageTraceBehavior [ RunTime:0.000274s ]
INFO: [ app_end ] --END-- [ RunTime:0.000303s ]

