[ 2017-07-07T12:48:10+08:00 ] ::1 /shop/
INFO: [ app_init ] --START--
INFO: Run Behavior\BuildLiteBehavior [ RunTime:0.000025s ]
INFO: [ app_init ] --END-- [ RunTime:0.000451s ]
INFO: [ app_begin ] --START--
INFO: Run Behavior\ReadHtmlCacheBehavior [ RunTime:0.000778s ]
INFO: [ app_begin ] --END-- [ RunTime:0.000889s ]

[ 2017-07-07T12:48:10+08:00 ] ::1 /shop/index.php/Home/Login/login.html
INFO: [ app_init ] --START--
INFO: Run Behavior\BuildLiteBehavior [ RunTime:0.000036s ]
INFO: [ app_init ] --END-- [ RunTime:0.000839s ]
INFO: [ app_begin ] --START--
INFO: Run Behavior\ReadHtmlCacheBehavior [ RunTime:0.000850s ]
INFO: [ app_begin ] --END-- [ RunTime:0.000982s ]
INFO: [ view_parse ] --START--
INFO: [ template_filter ] --START--
INFO: Run Behavior\ContentReplaceBehavior [ RunTime:0.000100s ]
INFO: [ template_filter ] --END-- [ RunTime:0.000213s ]
INFO: Run Behavior\ParseTemplateBehavior [ RunTime:0.008093s ]
INFO: [ view_parse ] --END-- [ RunTime:0.008245s ]
INFO: [ view_filter ] --START--
INFO: Run Behavior\WriteHtmlCacheBehavior [ RunTime:0.000663s ]
INFO: Run Behavior\TokenBuildBehavior [ RunTime:0.000938s ]
INFO: [ view_filter ] --END-- [ RunTime:0.001808s ]
INFO: [ app_end ] --START--
INFO: Run Behavior\ShowPageTraceBehavior [ RunTime:0.000762s ]
INFO: [ app_end ] --END-- [ RunTime:0.000869s ]

[ 2017-07-07T12:48:12+08:00 ] ::1 /shop/index.php/Home/Login/login
INFO: [ app_init ] --START--
INFO: Run Behavior\BuildLiteBehavior [ RunTime:0.000027s ]
INFO: [ app_init ] --END-- [ RunTime:0.000469s ]
INFO: [ app_begin ] --START--
INFO: Run Behavior\ReadHtmlCacheBehavior [ RunTime:0.000729s ]
INFO: [ app_begin ] --END-- [ RunTime:0.000821s ]
NOTIC: [2048] Declaration of Home\Model\UserModel::_before_insert() should be compatible with Think\Model::_before_insert(&$data, $options) F:\wamp\www\shop\Application\Home\Model\UserModel.class.php 第 7 行.
NOTIC: [2048] Declaration of Home\Model\UserModel::_before_update() should be compatible with Think\Model::_before_update(&$data, $options) F:\wamp\www\shop\Application\Home\Model\UserModel.class.php 第 7 行.
SQL: SHOW COLUMNS FROM `sh_user` [ RunTime:0.1693s ]
SQL: SELECT * FROM `sh_user` WHERE ( user_name="admin" AND user_pwd = "admin" ) LIMIT 1   [ RunTime:0.0003s ]
SQL: SHOW COLUMNS FROM `sh_role` [ RunTime:0.0047s ]
SQL: SELECT `role_pri_id` FROM `sh_role` WHERE ( id=1 ) LIMIT 1   [ RunTime:0.0003s ]
SQL: SHOW COLUMNS FROM `sh_privilege` [ RunTime:0.0046s ]
SQL: SELECT `parent_id`,`pri_name`,`id`,CONCAT(module_name,"/",`controller_name`,"/",action_name) url FROM `sh_privilege`  [ RunTime:0.0011s ]
SQL: SHOW COLUMNS FROM `sh_login_msg` [ RunTime:0.0046s ]
SQL: INSERT INTO `sh_login_msg` (`login_username`,`login_location`,`login_ip`,`login_time`,`status`) VALUES ('admin','','unknown','2017-07-07 12:48:12','登录成功') [ RunTime:0.0004s ]
INFO: [ app_end ] --START--
INFO: Run Behavior\ShowPageTraceBehavior [ RunTime:0.000844s ]
INFO: [ app_end ] --END-- [ RunTime:0.000943s ]

[ 2017-07-07T12:48:13+08:00 ] ::1 /shop/index.php/Home/Index/index.html
INFO: [ app_init ] --START--
INFO: Run Behavior\BuildLiteBehavior [ RunTime:0.000026s ]
INFO: [ app_init ] --END-- [ RunTime:0.000467s ]
INFO: [ app_begin ] --START--
INFO: Run Behavior\ReadHtmlCacheBehavior [ RunTime:0.000731s ]
INFO: [ app_begin ] --END-- [ RunTime:0.000841s ]
INFO: [ view_parse ] --START--
INFO: [ template_filter ] --START--
INFO: Run Behavior\ContentReplaceBehavior [ RunTime:0.000188s ]
INFO: [ template_filter ] --END-- [ RunTime:0.000312s ]
INFO: Run Behavior\ParseTemplateBehavior [ RunTime:0.016510s ]
INFO: [ view_parse ] --END-- [ RunTime:0.016630s ]
INFO: [ view_filter ] --START--
INFO: Run Behavior\WriteHtmlCacheBehavior [ RunTime:0.000635s ]
INFO: Run Behavior\TokenBuildBehavior [ RunTime:0.001592s ]
INFO: [ view_filter ] --END-- [ RunTime:0.002397s ]
INFO: [ app_end ] --START--
INFO: Run Behavior\ShowPageTraceBehavior [ RunTime:0.001013s ]
INFO: [ app_end ] --END-- [ RunTime:0.001139s ]

[ 2017-07-07T12:48:14+08:00 ] ::1 /shop/index.php/Home/Index/home
INFO: [ app_init ] --START--
INFO: Run Behavior\BuildLiteBehavior [ RunTime:0.000054s ]
INFO: [ app_init ] --END-- [ RunTime:0.000771s ]
INFO: [ app_begin ] --START--
INFO: Run Behavior\ReadHtmlCacheBehavior [ RunTime:0.000852s ]
INFO: [ app_begin ] --END-- [ RunTime:0.000975s ]
SQL: SHOW COLUMNS FROM `sh_member` [ RunTime:0.0065s ]
SQL: SELECT COUNT(*) AS tp_count FROM `sh_member` LIMIT 1   [ RunTime:0.0003s ]
SQL: SHOW COLUMNS FROM `sh_orders` [ RunTime:0.0071s ]
SQL: select status,sum(price) total from sh_orders group by ordersn [ RunTime:0.0008s ]
INFO: [ view_parse ] --START--
INFO: [ template_filter ] --START--
INFO: Run Behavior\ContentReplaceBehavior [ RunTime:0.000182s ]
INFO: [ template_filter ] --END-- [ RunTime:0.000491s ]
INFO: Run Behavior\ParseTemplateBehavior [ RunTime:0.013923s ]
INFO: [ view_parse ] --END-- [ RunTime:0.014084s ]
INFO: [ view_filter ] --START--
INFO: Run Behavior\WriteHtmlCacheBehavior [ RunTime:0.001205s ]
INFO: Run Behavior\TokenBuildBehavior [ RunTime:0.001060s ]
INFO: [ view_filter ] --END-- [ RunTime:0.002498s ]
INFO: [ app_end ] --START--
INFO: Run Behavior\ShowPageTraceBehavior [ RunTime:0.000903s ]
INFO: [ app_end ] --END-- [ RunTime:0.001024s ]

