[ 2017-06-30T13:39:41+08:00 ] ::1 /shop/
INFO: [ app_init ] --START--
INFO: Run Behavior\BuildLiteBehavior [ RunTime:0.000028s ]
INFO: [ app_init ] --END-- [ RunTime:0.000819s ]
INFO: [ app_begin ] --START--
INFO: Run Behavior\ReadHtmlCacheBehavior [ RunTime:0.001036s ]
INFO: [ app_begin ] --END-- [ RunTime:0.001154s ]

[ 2017-06-30T13:39:41+08:00 ] ::1 /shop/index.php/Home/Login/login.html
INFO: [ app_init ] --START--
INFO: Run Behavior\BuildLiteBehavior [ RunTime:0.000026s ]
INFO: [ app_init ] --END-- [ RunTime:0.000509s ]
INFO: [ app_begin ] --START--
INFO: Run Behavior\ReadHtmlCacheBehavior [ RunTime:0.000795s ]
INFO: [ app_begin ] --END-- [ RunTime:0.000914s ]
INFO: [ view_parse ] --START--
INFO: [ template_filter ] --START--
INFO: Run Behavior\ContentReplaceBehavior [ RunTime:0.000109s ]
INFO: [ template_filter ] --END-- [ RunTime:0.000297s ]
INFO: Run Behavior\ParseTemplateBehavior [ RunTime:0.036208s ]
INFO: [ view_parse ] --END-- [ RunTime:0.036341s ]
INFO: [ view_filter ] --START--
INFO: Run Behavior\WriteHtmlCacheBehavior [ RunTime:0.000910s ]
INFO: Run Behavior\TokenBuildBehavior [ RunTime:0.001239s ]
INFO: [ view_filter ] --END-- [ RunTime:0.002332s ]
INFO: [ app_end ] --START--
INFO: Run Behavior\ShowPageTraceBehavior [ RunTime:0.001099s ]
INFO: [ app_end ] --END-- [ RunTime:0.001213s ]

[ 2017-06-30T13:40:11+08:00 ] ::1 /shop/index.php/Home/Login/login
INFO: [ app_init ] --START--
INFO: Run Behavior\BuildLiteBehavior [ RunTime:0.000038s ]
INFO: [ app_init ] --END-- [ RunTime:0.000634s ]
INFO: [ app_begin ] --START--
INFO: Run Behavior\ReadHtmlCacheBehavior [ RunTime:0.000856s ]
INFO: [ app_begin ] --END-- [ RunTime:0.000973s ]
NOTIC: [2048] Declaration of Home\Model\UserModel::_before_insert() should be compatible with Think\Model::_before_insert(&$data, $options) F:\wamp\www\shop\Application\Home\Model\UserModel.class.php Á¨¨ 7 Ë°å.
NOTIC: [2048] Declaration of Home\Model\UserModel::_before_update() should be compatible with Think\Model::_before_update(&$data, $options) F:\wamp\www\shop\Application\Home\Model\UserModel.class.php Á¨¨ 7 Ë°å.
ERR: SQLSTATE[HY000] [2002] ”…”⁄¡¨Ω”∑Ω‘⁄“ª∂Œ ±º‰∫Û√ª”–’˝»∑¥∏¥ªÚ¡¨Ω”µƒ÷˜ª˙√ª”–∑¥”¶£¨¡¨Ω”≥¢ ‘ ß∞‹°£


[ 2017-06-30T13:40:11+08:00 ] ::1 /shop/index.php/Home/Login/login.html
INFO: [ app_init ] --START--
INFO: Run Behavior\BuildLiteBehavior [ RunTime:0.000035s ]
INFO: [ app_init ] --END-- [ RunTime:0.000497s ]
INFO: [ app_begin ] --START--
INFO: Run Behavior\ReadHtmlCacheBehavior [ RunTime:0.000834s ]
INFO: [ app_begin ] --END-- [ RunTime:0.000992s ]
INFO: [ view_parse ] --START--
INFO: [ template_filter ] --START--
INFO: Run Behavior\ContentReplaceBehavior [ RunTime:0.000100s ]
INFO: [ template_filter ] --END-- [ RunTime:0.000223s ]
INFO: Run Behavior\ParseTemplateBehavior [ RunTime:0.009516s ]
INFO: [ view_parse ] --END-- [ RunTime:0.009694s ]
INFO: [ view_filter ] --START--
INFO: Run Behavior\WriteHtmlCacheBehavior [ RunTime:0.000707s ]
INFO: Run Behavior\TokenBuildBehavior [ RunTime:0.000901s ]
INFO: [ view_filter ] --END-- [ RunTime:0.001782s ]
INFO: [ app_end ] --START--
INFO: Run Behavior\ShowPageTraceBehavior [ RunTime:0.000678s ]
INFO: [ app_end ] --END-- [ RunTime:0.000803s ]

[ 2017-06-30T13:40:11+08:00 ] ::1 /shop/index.php/Home/Login/login.html
INFO: [ app_init ] --START--
INFO: Run Behavior\BuildLiteBehavior [ RunTime:0.000027s ]
INFO: [ app_init ] --END-- [ RunTime:0.000802s ]
INFO: [ app_begin ] --START--
INFO: Run Behavior\ReadHtmlCacheBehavior [ RunTime:0.001749s ]
INFO: [ app_begin ] --END-- [ RunTime:0.002066s ]
INFO: [ view_parse ] --START--
INFO: [ template_filter ] --START--
INFO: Run Behavior\ContentReplaceBehavior [ RunTime:0.000099s ]
INFO: [ template_filter ] --END-- [ RunTime:0.000219s ]
INFO: Run Behavior\ParseTemplateBehavior [ RunTime:0.009131s ]
INFO: [ view_parse ] --END-- [ RunTime:0.009291s ]
INFO: [ view_filter ] --START--
INFO: Run Behavior\WriteHtmlCacheBehavior [ RunTime:0.000511s ]
INFO: Run Behavior\TokenBuildBehavior [ RunTime:0.000805s ]
INFO: [ view_filter ] --END-- [ RunTime:0.001480s ]
INFO: [ app_end ] --START--
INFO: Run Behavior\ShowPageTraceBehavior [ RunTime:0.000546s ]
INFO: [ app_end ] --END-- [ RunTime:0.000664s ]

[ 2017-06-30T13:40:11+08:00 ] ::1 /shop/index.php/Home/Login/login.html
INFO: [ app_init ] --START--
INFO: Run Behavior\BuildLiteBehavior [ RunTime:0.000026s ]
INFO: [ app_init ] --END-- [ RunTime:0.000478s ]
INFO: [ app_begin ] --START--
INFO: Run Behavior\ReadHtmlCacheBehavior [ RunTime:0.001480s ]
INFO: [ app_begin ] --END-- [ RunTime:0.001667s ]
INFO: [ view_parse ] --START--
INFO: [ template_filter ] --START--
INFO: Run Behavior\ContentReplaceBehavior [ RunTime:0.000099s ]
INFO: [ template_filter ] --END-- [ RunTime:0.000221s ]
INFO: Run Behavior\ParseTemplateBehavior [ RunTime:0.008674s ]
INFO: [ view_parse ] --END-- [ RunTime:0.008800s ]
INFO: [ view_filter ] --START--
INFO: Run Behavior\WriteHtmlCacheBehavior [ RunTime:0.000622s ]
INFO: Run Behavior\TokenBuildBehavior [ RunTime:0.001055s ]
INFO: [ view_filter ] --END-- [ RunTime:0.001845s ]
INFO: [ app_end ] --START--
INFO: Run Behavior\ShowPageTraceBehavior [ RunTime:0.000844s ]
INFO: [ app_end ] --END-- [ RunTime:0.000965s ]

[ 2017-06-30T13:40:19+08:00 ] ::1 /shop/index.php/Home/Login/login
INFO: [ app_init ] --START--
INFO: Run Behavior\BuildLiteBehavior [ RunTime:0.000026s ]
INFO: [ app_init ] --END-- [ RunTime:0.000527s ]
INFO: [ app_begin ] --START--
INFO: Run Behavior\ReadHtmlCacheBehavior [ RunTime:0.001180s ]
INFO: [ app_begin ] --END-- [ RunTime:0.001648s ]
NOTIC: [2048] Declaration of Home\Model\UserModel::_before_insert() should be compatible with Think\Model::_before_insert(&$data, $options) F:\wamp\www\shop\Application\Home\Model\UserModel.class.php Á¨¨ 7 Ë°å.
NOTIC: [2048] Declaration of Home\Model\UserModel::_before_update() should be compatible with Think\Model::_before_update(&$data, $options) F:\wamp\www\shop\Application\Home\Model\UserModel.class.php Á¨¨ 7 Ë°å.
SQL: SHOW COLUMNS FROM `sh_user` [ RunTime:0.1228s ]
SQL: SELECT * FROM `sh_user` WHERE ( user_name="admin" AND user_pwd = "admin" ) LIMIT 1   [ RunTime:0.0971s ]
SQL: SHOW COLUMNS FROM `sh_role` [ RunTime:0.0353s ]
SQL: SELECT `role_pri_id` FROM `sh_role` WHERE ( id=1 ) LIMIT 1   [ RunTime:0.0393s ]
SQL: SHOW COLUMNS FROM `sh_privilege` [ RunTime:0.0053s ]
SQL: SELECT `parent_id`,`pri_name`,`id`,CONCAT(module_name,"/",`controller_name`,"/",action_name) url FROM `sh_privilege`  [ RunTime:0.0096s ]
SQL: SHOW COLUMNS FROM `sh_login_msg` [ RunTime:0.0054s ]
SQL: INSERT INTO `sh_login_msg` (`login_username`,`login_location`,`login_ip`,`login_time`,`status`) VALUES ('admin','','unknown','2017-06-30 13:40:19','ÁôªÂΩïÊàêÂäü') [ RunTime:0.0550s ]
INFO: [ app_end ] --START--
INFO: Run Behavior\ShowPageTraceBehavior [ RunTime:0.000721s ]
INFO: [ app_end ] --END-- [ RunTime:0.000818s ]

[ 2017-06-30T13:40:20+08:00 ] ::1 /shop/index.php/Home/Index/index.html
INFO: [ app_init ] --START--
INFO: Run Behavior\BuildLiteBehavior [ RunTime:0.000027s ]
INFO: [ app_init ] --END-- [ RunTime:0.000478s ]
INFO: [ app_begin ] --START--
INFO: Run Behavior\ReadHtmlCacheBehavior [ RunTime:0.000660s ]
INFO: [ app_begin ] --END-- [ RunTime:0.000777s ]
INFO: [ view_parse ] --START--
INFO: [ template_filter ] --START--
INFO: Run Behavior\ContentReplaceBehavior [ RunTime:0.000184s ]
INFO: [ template_filter ] --END-- [ RunTime:0.000308s ]
INFO: Run Behavior\ParseTemplateBehavior [ RunTime:0.041495s ]
INFO: [ view_parse ] --END-- [ RunTime:0.041618s ]
INFO: [ view_filter ] --START--
INFO: Run Behavior\WriteHtmlCacheBehavior [ RunTime:0.000535s ]
INFO: Run Behavior\TokenBuildBehavior [ RunTime:0.001203s ]
INFO: [ view_filter ] --END-- [ RunTime:0.001903s ]
INFO: [ app_end ] --START--
INFO: Run Behavior\ShowPageTraceBehavior [ RunTime:0.000858s ]
INFO: [ app_end ] --END-- [ RunTime:0.000985s ]

[ 2017-06-30T13:40:21+08:00 ] ::1 /shop/index.php/Home/Index/home
INFO: [ app_init ] --START--
INFO: Run Behavior\BuildLiteBehavior [ RunTime:0.000027s ]
INFO: [ app_init ] --END-- [ RunTime:0.000563s ]
INFO: [ app_begin ] --START--
INFO: Run Behavior\ReadHtmlCacheBehavior [ RunTime:0.001082s ]
INFO: [ app_begin ] --END-- [ RunTime:0.001226s ]
SQL: SHOW COLUMNS FROM `sh_member` [ RunTime:0.0067s ]
SQL: SELECT COUNT(*) AS tp_count FROM `sh_member` LIMIT 1   [ RunTime:0.0003s ]
SQL: SHOW COLUMNS FROM `sh_orders` [ RunTime:0.0068s ]
SQL: select status,sum(price) total from sh_orders group by ordersn [ RunTime:0.0010s ]
INFO: [ view_parse ] --START--
INFO: [ template_filter ] --START--
INFO: Run Behavior\ContentReplaceBehavior [ RunTime:0.000328s ]
INFO: [ template_filter ] --END-- [ RunTime:0.000586s ]
INFO: Run Behavior\ParseTemplateBehavior [ RunTime:0.064997s ]
INFO: [ view_parse ] --END-- [ RunTime:0.065127s ]
INFO: [ view_filter ] --START--
INFO: Run Behavior\WriteHtmlCacheBehavior [ RunTime:0.000817s ]
INFO: Run Behavior\TokenBuildBehavior [ RunTime:0.001044s ]
INFO: [ view_filter ] --END-- [ RunTime:0.002052s ]
INFO: [ app_end ] --START--
INFO: Run Behavior\ShowPageTraceBehavior [ RunTime:0.000809s ]
INFO: [ app_end ] --END-- [ RunTime:0.000926s ]

[ 2017-06-30T13:40:22+08:00 ] ::1 /shop/index.php/Home/Privilege/lst.html
INFO: [ app_init ] --START--
INFO: Run Behavior\BuildLiteBehavior [ RunTime:0.000046s ]
INFO: [ app_init ] --END-- [ RunTime:0.001120s ]
INFO: [ app_begin ] --START--
INFO: Run Behavior\ReadHtmlCacheBehavior [ RunTime:0.000909s ]
INFO: [ app_begin ] --END-- [ RunTime:0.001038s ]
SQL: SHOW COLUMNS FROM `sh_privilege` [ RunTime:0.0071s ]
SQL: SELECT * FROM `sh_privilege`  [ RunTime:0.0008s ]
INFO: [ view_parse ] --START--
INFO: [ template_filter ] --START--
INFO: Run Behavior\ContentReplaceBehavior [ RunTime:0.000270s ]
INFO: [ template_filter ] --END-- [ RunTime:0.000459s ]
NOTIC: [8] Use of undefined constant id - assumed 'id' F:\wamp\www\shop\Application\Runtime\Cache\Home\74ab7b88589f2e0dc5d29d2b43d05f19.php Á¨¨ 65 Ë°å.
NOTIC: [8] Use of undefined constant id - assumed 'id' F:\wamp\www\shop\Application\Runtime\Cache\Home\74ab7b88589f2e0dc5d29d2b43d05f19.php Á¨¨ 65 Ë°å.
NOTIC: [8] Use of undefined constant id - assumed 'id' F:\wamp\www\shop\Application\Runtime\Cache\Home\74ab7b88589f2e0dc5d29d2b43d05f19.php Á¨¨ 65 Ë°å.
NOTIC: [8] Use of undefined constant id - assumed 'id' F:\wamp\www\shop\Application\Runtime\Cache\Home\74ab7b88589f2e0dc5d29d2b43d05f19.php Á¨¨ 65 Ë°å.
NOTIC: [8] Use of undefined constant id - assumed 'id' F:\wamp\www\shop\Application\Runtime\Cache\Home\74ab7b88589f2e0dc5d29d2b43d05f19.php Á¨¨ 65 Ë°å.
NOTIC: [8] Use of undefined constant id - assumed 'id' F:\wamp\www\shop\Application\Runtime\Cache\Home\74ab7b88589f2e0dc5d29d2b43d05f19.php Á¨¨ 65 Ë°å.
NOTIC: [8] Use of undefined constant id - assumed 'id' F:\wamp\www\shop\Application\Runtime\Cache\Home\74ab7b88589f2e0dc5d29d2b43d05f19.php Á¨¨ 65 Ë°å.
NOTIC: [8] Use of undefined constant id - assumed 'id' F:\wamp\www\shop\Application\Runtime\Cache\Home\74ab7b88589f2e0dc5d29d2b43d05f19.php Á¨¨ 65 Ë°å.
NOTIC: [8] Use of undefined constant id - assumed 'id' F:\wamp\www\shop\Application\Runtime\Cache\Home\74ab7b88589f2e0dc5d29d2b43d05f19.php Á¨¨ 65 Ë°å.
NOTIC: [8] Use of undefined constant id - assumed 'id' F:\wamp\www\shop\Application\Runtime\Cache\Home\74ab7b88589f2e0dc5d29d2b43d05f19.php Á¨¨ 65 Ë°å.
NOTIC: [8] Use of undefined constant id - assumed 'id' F:\wamp\www\shop\Application\Runtime\Cache\Home\74ab7b88589f2e0dc5d29d2b43d05f19.php Á¨¨ 65 Ë°å.
NOTIC: [8] Use of undefined constant id - assumed 'id' F:\wamp\www\shop\Application\Runtime\Cache\Home\74ab7b88589f2e0dc5d29d2b43d05f19.php Á¨¨ 65 Ë°å.
NOTIC: [8] Use of undefined constant id - assumed 'id' F:\wamp\www\shop\Application\Runtime\Cache\Home\74ab7b88589f2e0dc5d29d2b43d05f19.php Á¨¨ 65 Ë°å.
NOTIC: [8] Use of undefined constant id - assumed 'id' F:\wamp\www\shop\Application\Runtime\Cache\Home\74ab7b88589f2e0dc5d29d2b43d05f19.php Á¨¨ 65 Ë°å.
NOTIC: [8] Use of undefined constant id - assumed 'id' F:\wamp\www\shop\Application\Runtime\Cache\Home\74ab7b88589f2e0dc5d29d2b43d05f19.php Á¨¨ 65 Ë°å.
NOTIC: [8] Use of undefined constant id - assumed 'id' F:\wamp\www\shop\Application\Runtime\Cache\Home\74ab7b88589f2e0dc5d29d2b43d05f19.php Á¨¨ 65 Ë°å.
NOTIC: [8] Use of undefined constant id - assumed 'id' F:\wamp\www\shop\Application\Runtime\Cache\Home\74ab7b88589f2e0dc5d29d2b43d05f19.php Á¨¨ 65 Ë°å.
NOTIC: [8] Use of undefined constant id - assumed 'id' F:\wamp\www\shop\Application\Runtime\Cache\Home\74ab7b88589f2e0dc5d29d2b43d05f19.php Á¨¨ 65 Ë°å.
NOTIC: [8] Use of undefined constant id - assumed 'id' F:\wamp\www\shop\Application\Runtime\Cache\Home\74ab7b88589f2e0dc5d29d2b43d05f19.php Á¨¨ 65 Ë°å.
NOTIC: [8] Use of undefined constant id - assumed 'id' F:\wamp\www\shop\Application\Runtime\Cache\Home\74ab7b88589f2e0dc5d29d2b43d05f19.php Á¨¨ 65 Ë°å.
NOTIC: [8] Use of undefined constant id - assumed 'id' F:\wamp\www\shop\Application\Runtime\Cache\Home\74ab7b88589f2e0dc5d29d2b43d05f19.php Á¨¨ 65 Ë°å.
NOTIC: [8] Use of undefined constant id - assumed 'id' F:\wamp\www\shop\Application\Runtime\Cache\Home\74ab7b88589f2e0dc5d29d2b43d05f19.php Á¨¨ 65 Ë°å.
NOTIC: [8] Use of undefined constant id - assumed 'id' F:\wamp\www\shop\Application\Runtime\Cache\Home\74ab7b88589f2e0dc5d29d2b43d05f19.php Á¨¨ 65 Ë°å.
NOTIC: [8] Use of undefined constant id - assumed 'id' F:\wamp\www\shop\Application\Runtime\Cache\Home\74ab7b88589f2e0dc5d29d2b43d05f19.php Á¨¨ 65 Ë°å.
NOTIC: [8] Use of undefined constant id - assumed 'id' F:\wamp\www\shop\Application\Runtime\Cache\Home\74ab7b88589f2e0dc5d29d2b43d05f19.php Á¨¨ 65 Ë°å.
NOTIC: [8] Use of undefined constant id - assumed 'id' F:\wamp\www\shop\Application\Runtime\Cache\Home\74ab7b88589f2e0dc5d29d2b43d05f19.php Á¨¨ 65 Ë°å.
NOTIC: [8] Use of undefined constant id - assumed 'id' F:\wamp\www\shop\Application\Runtime\Cache\Home\74ab7b88589f2e0dc5d29d2b43d05f19.php Á¨¨ 65 Ë°å.
NOTIC: [8] Use of undefined constant id - assumed 'id' F:\wamp\www\shop\Application\Runtime\Cache\Home\74ab7b88589f2e0dc5d29d2b43d05f19.php Á¨¨ 65 Ë°å.
NOTIC: [8] Use of undefined constant id - assumed 'id' F:\wamp\www\shop\Application\Runtime\Cache\Home\74ab7b88589f2e0dc5d29d2b43d05f19.php Á¨¨ 65 Ë°å.
NOTIC: [8] Use of undefined constant id - assumed 'id' F:\wamp\www\shop\Application\Runtime\Cache\Home\74ab7b88589f2e0dc5d29d2b43d05f19.php Á¨¨ 65 Ë°å.
NOTIC: [8] Use of undefined constant id - assumed 'id' F:\wamp\www\shop\Application\Runtime\Cache\Home\74ab7b88589f2e0dc5d29d2b43d05f19.php Á¨¨ 65 Ë°å.
NOTIC: [8] Use of undefined constant id - assumed 'id' F:\wamp\www\shop\Application\Runtime\Cache\Home\74ab7b88589f2e0dc5d29d2b43d05f19.php Á¨¨ 65 Ë°å.
NOTIC: [8] Use of undefined constant id - assumed 'id' F:\wamp\www\shop\Application\Runtime\Cache\Home\74ab7b88589f2e0dc5d29d2b43d05f19.php Á¨¨ 65 Ë°å.
NOTIC: [8] Use of undefined constant id - assumed 'id' F:\wamp\www\shop\Application\Runtime\Cache\Home\74ab7b88589f2e0dc5d29d2b43d05f19.php Á¨¨ 65 Ë°å.
NOTIC: [8] Use of undefined constant id - assumed 'id' F:\wamp\www\shop\Application\Runtime\Cache\Home\74ab7b88589f2e0dc5d29d2b43d05f19.php Á¨¨ 65 Ë°å.
NOTIC: [8] Use of undefined constant id - assumed 'id' F:\wamp\www\shop\Application\Runtime\Cache\Home\74ab7b88589f2e0dc5d29d2b43d05f19.php Á¨¨ 65 Ë°å.
NOTIC: [8] Use of undefined constant id - assumed 'id' F:\wamp\www\shop\Application\Runtime\Cache\Home\74ab7b88589f2e0dc5d29d2b43d05f19.php Á¨¨ 65 Ë°å.
NOTIC: [8] Use of undefined constant id - assumed 'id' F:\wamp\www\shop\Application\Runtime\Cache\Home\74ab7b88589f2e0dc5d29d2b43d05f19.php Á¨¨ 65 Ë°å.
NOTIC: [8] Use of undefined constant id - assumed 'id' F:\wamp\www\shop\Application\Runtime\Cache\Home\74ab7b88589f2e0dc5d29d2b43d05f19.php Á¨¨ 65 Ë°å.
NOTIC: [8] Use of undefined constant id - assumed 'id' F:\wamp\www\shop\Application\Runtime\Cache\Home\74ab7b88589f2e0dc5d29d2b43d05f19.php Á¨¨ 65 Ë°å.
NOTIC: [8] Use of undefined constant id - assumed 'id' F:\wamp\www\shop\Application\Runtime\Cache\Home\74ab7b88589f2e0dc5d29d2b43d05f19.php Á¨¨ 65 Ë°å.
NOTIC: [8] Use of undefined constant id - assumed 'id' F:\wamp\www\shop\Application\Runtime\Cache\Home\74ab7b88589f2e0dc5d29d2b43d05f19.php Á¨¨ 65 Ë°å.
NOTIC: [8] Use of undefined constant id - assumed 'id' F:\wamp\www\shop\Application\Runtime\Cache\Home\74ab7b88589f2e0dc5d29d2b43d05f19.php Á¨¨ 65 Ë°å.
NOTIC: [8] Use of undefined constant id - assumed 'id' F:\wamp\www\shop\Application\Runtime\Cache\Home\74ab7b88589f2e0dc5d29d2b43d05f19.php Á¨¨ 65 Ë°å.
NOTIC: [8] Use of undefined constant id - assumed 'id' F:\wamp\www\shop\Application\Runtime\Cache\Home\74ab7b88589f2e0dc5d29d2b43d05f19.php Á¨¨ 65 Ë°å.
NOTIC: [8] Use of undefined constant id - assumed 'id' F:\wamp\www\shop\Application\Runtime\Cache\Home\74ab7b88589f2e0dc5d29d2b43d05f19.php Á¨¨ 65 Ë°å.
NOTIC: [8] Use of undefined constant id - assumed 'id' F:\wamp\www\shop\Application\Runtime\Cache\Home\74ab7b88589f2e0dc5d29d2b43d05f19.php Á¨¨ 65 Ë°å.
NOTIC: [8] Use of undefined constant id - assumed 'id' F:\wamp\www\shop\Application\Runtime\Cache\Home\74ab7b88589f2e0dc5d29d2b43d05f19.php Á¨¨ 65 Ë°å.
NOTIC: [8] Use of undefined constant id - assumed 'id' F:\wamp\www\shop\Application\Runtime\Cache\Home\74ab7b88589f2e0dc5d29d2b43d05f19.php Á¨¨ 65 Ë°å.
NOTIC: [8] Use of undefined constant id - assumed 'id' F:\wamp\www\shop\Application\Runtime\Cache\Home\74ab7b88589f2e0dc5d29d2b43d05f19.php Á¨¨ 65 Ë°å.
NOTIC: [8] Use of undefined constant id - assumed 'id' F:\wamp\www\shop\Application\Runtime\Cache\Home\74ab7b88589f2e0dc5d29d2b43d05f19.php Á¨¨ 65 Ë°å.
NOTIC: [8] Use of undefined constant id - assumed 'id' F:\wamp\www\shop\Application\Runtime\Cache\Home\74ab7b88589f2e0dc5d29d2b43d05f19.php Á¨¨ 65 Ë°å.
NOTIC: [8] Use of undefined constant id - assumed 'id' F:\wamp\www\shop\Application\Runtime\Cache\Home\74ab7b88589f2e0dc5d29d2b43d05f19.php Á¨¨ 65 Ë°å.
NOTIC: [8] Use of undefined constant id - assumed 'id' F:\wamp\www\shop\Application\Runtime\Cache\Home\74ab7b88589f2e0dc5d29d2b43d05f19.php Á¨¨ 65 Ë°å.
NOTIC: [8] Use of undefined constant id - assumed 'id' F:\wamp\www\shop\Application\Runtime\Cache\Home\74ab7b88589f2e0dc5d29d2b43d05f19.php Á¨¨ 65 Ë°å.
NOTIC: [8] Use of undefined constant id - assumed 'id' F:\wamp\www\shop\Application\Runtime\Cache\Home\74ab7b88589f2e0dc5d29d2b43d05f19.php Á¨¨ 65 Ë°å.
NOTIC: [8] Use of undefined constant id - assumed 'id' F:\wamp\www\shop\Application\Runtime\Cache\Home\74ab7b88589f2e0dc5d29d2b43d05f19.php Á¨¨ 65 Ë°å.
NOTIC: [8] Use of undefined constant id - assumed 'id' F:\wamp\www\shop\Application\Runtime\Cache\Home\74ab7b88589f2e0dc5d29d2b43d05f19.php Á¨¨ 65 Ë°å.
NOTIC: [8] Use of undefined constant id - assumed 'id' F:\wamp\www\shop\Application\Runtime\Cache\Home\74ab7b88589f2e0dc5d29d2b43d05f19.php Á¨¨ 65 Ë°å.
NOTIC: [8] Use of undefined constant id - assumed 'id' F:\wamp\www\shop\Application\Runtime\Cache\Home\74ab7b88589f2e0dc5d29d2b43d05f19.php Á¨¨ 65 Ë°å.
NOTIC: [8] Use of undefined constant id - assumed 'id' F:\wamp\www\shop\Application\Runtime\Cache\Home\74ab7b88589f2e0dc5d29d2b43d05f19.php Á¨¨ 65 Ë°å.
NOTIC: [8] Use of undefined constant id - assumed 'id' F:\wamp\www\shop\Application\Runtime\Cache\Home\74ab7b88589f2e0dc5d29d2b43d05f19.php Á¨¨ 65 Ë°å.
NOTIC: [8] Use of undefined constant id - assumed 'id' F:\wamp\www\shop\Application\Runtime\Cache\Home\74ab7b88589f2e0dc5d29d2b43d05f19.php Á¨¨ 65 Ë°å.
NOTIC: [8] Use of undefined constant id - assumed 'id' F:\wamp\www\shop\Application\Runtime\Cache\Home\74ab7b88589f2e0dc5d29d2b43d05f19.php Á¨¨ 65 Ë°å.
NOTIC: [8] Use of undefined constant id - assumed 'id' F:\wamp\www\shop\Application\Runtime\Cache\Home\74ab7b88589f2e0dc5d29d2b43d05f19.php Á¨¨ 65 Ë°å.
NOTIC: [8] Use of undefined constant id - assumed 'id' F:\wamp\www\shop\Application\Runtime\Cache\Home\74ab7b88589f2e0dc5d29d2b43d05f19.php Á¨¨ 65 Ë°å.
NOTIC: [8] Use of undefined constant id - assumed 'id' F:\wamp\www\shop\Application\Runtime\Cache\Home\74ab7b88589f2e0dc5d29d2b43d05f19.php Á¨¨ 65 Ë°å.
NOTIC: [8] Use of undefined constant id - assumed 'id' F:\wamp\www\shop\Application\Runtime\Cache\Home\74ab7b88589f2e0dc5d29d2b43d05f19.php Á¨¨ 65 Ë°å.
NOTIC: [8] Use of undefined constant id - assumed 'id' F:\wamp\www\shop\Application\Runtime\Cache\Home\74ab7b88589f2e0dc5d29d2b43d05f19.php Á¨¨ 65 Ë°å.
NOTIC: [8] Use of undefined constant id - assumed 'id' F:\wamp\www\shop\Application\Runtime\Cache\Home\74ab7b88589f2e0dc5d29d2b43d05f19.php Á¨¨ 65 Ë°å.
NOTIC: [8] Use of undefined constant id - assumed 'id' F:\wamp\www\shop\Application\Runtime\Cache\Home\74ab7b88589f2e0dc5d29d2b43d05f19.php Á¨¨ 65 Ë°å.
NOTIC: [8] Use of undefined constant id - assumed 'id' F:\wamp\www\shop\Application\Runtime\Cache\Home\74ab7b88589f2e0dc5d29d2b43d05f19.php Á¨¨ 65 Ë°å.
NOTIC: [8] Use of undefined constant id - assumed 'id' F:\wamp\www\shop\Application\Runtime\Cache\Home\74ab7b88589f2e0dc5d29d2b43d05f19.php Á¨¨ 65 Ë°å.
NOTIC: [8] Use of undefined constant id - assumed 'id' F:\wamp\www\shop\Application\Runtime\Cache\Home\74ab7b88589f2e0dc5d29d2b43d05f19.php Á¨¨ 65 Ë°å.
NOTIC: [8] Use of undefined constant id - assumed 'id' F:\wamp\www\shop\Application\Runtime\Cache\Home\74ab7b88589f2e0dc5d29d2b43d05f19.php Á¨¨ 65 Ë°å.
NOTIC: [8] Use of undefined constant id - assumed 'id' F:\wamp\www\shop\Application\Runtime\Cache\Home\74ab7b88589f2e0dc5d29d2b43d05f19.php Á¨¨ 65 Ë°å.
NOTIC: [8] Use of undefined constant id - assumed 'id' F:\wamp\www\shop\Application\Runtime\Cache\Home\74ab7b88589f2e0dc5d29d2b43d05f19.php Á¨¨ 65 Ë°å.
NOTIC: [8] Use of undefined constant id - assumed 'id' F:\wamp\www\shop\Application\Runtime\Cache\Home\74ab7b88589f2e0dc5d29d2b43d05f19.php Á¨¨ 65 Ë°å.
NOTIC: [8] Use of undefined constant id - assumed 'id' F:\wamp\www\shop\Application\Runtime\Cache\Home\74ab7b88589f2e0dc5d29d2b43d05f19.php Á¨¨ 65 Ë°å.
NOTIC: [8] Use of undefined constant id - assumed 'id' F:\wamp\www\shop\Application\Runtime\Cache\Home\74ab7b88589f2e0dc5d29d2b43d05f19.php Á¨¨ 65 Ë°å.
NOTIC: [8] Use of undefined constant id - assumed 'id' F:\wamp\www\shop\Application\Runtime\Cache\Home\74ab7b88589f2e0dc5d29d2b43d05f19.php Á¨¨ 65 Ë°å.
NOTIC: [8] Use of undefined constant id - assumed 'id' F:\wamp\www\shop\Application\Runtime\Cache\Home\74ab7b88589f2e0dc5d29d2b43d05f19.php Á¨¨ 65 Ë°å.
NOTIC: [8] Use of undefined constant id - assumed 'id' F:\wamp\www\shop\Application\Runtime\Cache\Home\74ab7b88589f2e0dc5d29d2b43d05f19.php Á¨¨ 65 Ë°å.
NOTIC: [8] Use of undefined constant id - assumed 'id' F:\wamp\www\shop\Application\Runtime\Cache\Home\74ab7b88589f2e0dc5d29d2b43d05f19.php Á¨¨ 65 Ë°å.
NOTIC: [8] Use of undefined constant id - assumed 'id' F:\wamp\www\shop\Application\Runtime\Cache\Home\74ab7b88589f2e0dc5d29d2b43d05f19.php Á¨¨ 65 Ë°å.
NOTIC: [8] Use of undefined constant id - assumed 'id' F:\wamp\www\shop\Application\Runtime\Cache\Home\74ab7b88589f2e0dc5d29d2b43d05f19.php Á¨¨ 65 Ë°å.
NOTIC: [8] Use of undefined constant id - assumed 'id' F:\wamp\www\shop\Application\Runtime\Cache\Home\74ab7b88589f2e0dc5d29d2b43d05f19.php Á¨¨ 65 Ë°å.
NOTIC: [8] Use of undefined constant id - assumed 'id' F:\wamp\www\shop\Application\Runtime\Cache\Home\74ab7b88589f2e0dc5d29d2b43d05f19.php Á¨¨ 65 Ë°å.
NOTIC: [8] Use of undefined constant id - assumed 'id' F:\wamp\www\shop\Application\Runtime\Cache\Home\74ab7b88589f2e0dc5d29d2b43d05f19.php Á¨¨ 65 Ë°å.
NOTIC: [8] Use of undefined constant id - assumed 'id' F:\wamp\www\shop\Application\Runtime\Cache\Home\74ab7b88589f2e0dc5d29d2b43d05f19.php Á¨¨ 65 Ë°å.
NOTIC: [8] Use of undefined constant id - assumed 'id' F:\wamp\www\shop\Application\Runtime\Cache\Home\74ab7b88589f2e0dc5d29d2b43d05f19.php Á¨¨ 65 Ë°å.
NOTIC: [8] Use of undefined constant id - assumed 'id' F:\wamp\www\shop\Application\Runtime\Cache\Home\74ab7b88589f2e0dc5d29d2b43d05f19.php Á¨¨ 65 Ë°å.
NOTIC: [8] Use of undefined constant id - assumed 'id' F:\wamp\www\shop\Application\Runtime\Cache\Home\74ab7b88589f2e0dc5d29d2b43d05f19.php Á¨¨ 65 Ë°å.
NOTIC: [8] Use of undefined constant id - assumed 'id' F:\wamp\www\shop\Application\Runtime\Cache\Home\74ab7b88589f2e0dc5d29d2b43d05f19.php Á¨¨ 65 Ë°å.
NOTIC: [8] Use of undefined constant id - assumed 'id' F:\wamp\www\shop\Application\Runtime\Cache\Home\74ab7b88589f2e0dc5d29d2b43d05f19.php Á¨¨ 65 Ë°å.
NOTIC: [8] Use of undefined constant id - assumed 'id' F:\wamp\www\shop\Application\Runtime\Cache\Home\74ab7b88589f2e0dc5d29d2b43d05f19.php Á¨¨ 65 Ë°å.
NOTIC: [8] Use of undefined constant id - assumed 'id' F:\wamp\www\shop\Application\Runtime\Cache\Home\74ab7b88589f2e0dc5d29d2b43d05f19.php Á¨¨ 65 Ë°å.
NOTIC: [8] Use of undefined constant id - assumed 'id' F:\wamp\www\shop\Application\Runtime\Cache\Home\74ab7b88589f2e0dc5d29d2b43d05f19.php Á¨¨ 65 Ë°å.
NOTIC: [8] Use of undefined constant id - assumed 'id' F:\wamp\www\shop\Application\Runtime\Cache\Home\74ab7b88589f2e0dc5d29d2b43d05f19.php Á¨¨ 65 Ë°å.
NOTIC: [8] Use of undefined constant id - assumed 'id' F:\wamp\www\shop\Application\Runtime\Cache\Home\74ab7b88589f2e0dc5d29d2b43d05f19.php Á¨¨ 65 Ë°å.
NOTIC: [8] Use of undefined constant id - assumed 'id' F:\wamp\www\shop\Application\Runtime\Cache\Home\74ab7b88589f2e0dc5d29d2b43d05f19.php Á¨¨ 65 Ë°å.
NOTIC: [8] Use of undefined constant id - assumed 'id' F:\wamp\www\shop\Application\Runtime\Cache\Home\74ab7b88589f2e0dc5d29d2b43d05f19.php Á¨¨ 65 Ë°å.
NOTIC: [8] Use of undefined constant id - assumed 'id' F:\wamp\www\shop\Application\Runtime\Cache\Home\74ab7b88589f2e0dc5d29d2b43d05f19.php Á¨¨ 65 Ë°å.
NOTIC: [8] Use of undefined constant id - assumed 'id' F:\wamp\www\shop\Application\Runtime\Cache\Home\74ab7b88589f2e0dc5d29d2b43d05f19.php Á¨¨ 65 Ë°å.
NOTIC: [8] Use of undefined constant id - assumed 'id' F:\wamp\www\shop\Application\Runtime\Cache\Home\74ab7b88589f2e0dc5d29d2b43d05f19.php Á¨¨ 65 Ë°å.
NOTIC: [8] Use of undefined constant id - assumed 'id' F:\wamp\www\shop\Application\Runtime\Cache\Home\74ab7b88589f2e0dc5d29d2b43d05f19.php Á¨¨ 65 Ë°å.
NOTIC: [8] Use of undefined constant id - assumed 'id' F:\wamp\www\shop\Application\Runtime\Cache\Home\74ab7b88589f2e0dc5d29d2b43d05f19.php Á¨¨ 65 Ë°å.
NOTIC: [8] Use of undefined constant id - assumed 'id' F:\wamp\www\shop\Application\Runtime\Cache\Home\74ab7b88589f2e0dc5d29d2b43d05f19.php Á¨¨ 65 Ë°å.
NOTIC: [8] Use of undefined constant id - assumed 'id' F:\wamp\www\shop\Application\Runtime\Cache\Home\74ab7b88589f2e0dc5d29d2b43d05f19.php Á¨¨ 65 Ë°å.
NOTIC: [8] Use of undefined constant id - assumed 'id' F:\wamp\www\shop\Application\Runtime\Cache\Home\74ab7b88589f2e0dc5d29d2b43d05f19.php Á¨¨ 65 Ë°å.
NOTIC: [8] Use of undefined constant id - assumed 'id' F:\wamp\www\shop\Application\Runtime\Cache\Home\74ab7b88589f2e0dc5d29d2b43d05f19.php Á¨¨ 65 Ë°å.
NOTIC: [8] Use of undefined constant id - assumed 'id' F:\wamp\www\shop\Application\Runtime\Cache\Home\74ab7b88589f2e0dc5d29d2b43d05f19.php Á¨¨ 65 Ë°å.
NOTIC: [8] Use of undefined constant id - assumed 'id' F:\wamp\www\shop\Application\Runtime\Cache\Home\74ab7b88589f2e0dc5d29d2b43d05f19.php Á¨¨ 65 Ë°å.
NOTIC: [8] Use of undefined constant id - assumed 'id' F:\wamp\www\shop\Application\Runtime\Cache\Home\74ab7b88589f2e0dc5d29d2b43d05f19.php Á¨¨ 65 Ë°å.
NOTIC: [8] Use of undefined constant id - assumed 'id' F:\wamp\www\shop\Application\Runtime\Cache\Home\74ab7b88589f2e0dc5d29d2b43d05f19.php Á¨¨ 65 Ë°å.
NOTIC: [8] Use of undefined constant id - assumed 'id' F:\wamp\www\shop\Application\Runtime\Cache\Home\74ab7b88589f2e0dc5d29d2b43d05f19.php Á¨¨ 65 Ë°å.
NOTIC: [8] Use of undefined constant id - assumed 'id' F:\wamp\www\shop\Application\Runtime\Cache\Home\74ab7b88589f2e0dc5d29d2b43d05f19.php Á¨¨ 65 Ë°å.
NOTIC: [8] Use of undefined constant id - assumed 'id' F:\wamp\www\shop\Application\Runtime\Cache\Home\74ab7b88589f2e0dc5d29d2b43d05f19.php Á¨¨ 65 Ë°å.
NOTIC: [8] Use of undefined constant id - assumed 'id' F:\wamp\www\shop\Application\Runtime\Cache\Home\74ab7b88589f2e0dc5d29d2b43d05f19.php Á¨¨ 65 Ë°å.
NOTIC: [8] Use of undefined constant id - assumed 'id' F:\wamp\www\shop\Application\Runtime\Cache\Home\74ab7b88589f2e0dc5d29d2b43d05f19.php Á¨¨ 65 Ë°å.
NOTIC: [8] Use of undefined constant id - assumed 'id' F:\wamp\www\shop\Application\Runtime\Cache\Home\74ab7b88589f2e0dc5d29d2b43d05f19.php Á¨¨ 65 Ë°å.
NOTIC: [8] Use of undefined constant id - assumed 'id' F:\wamp\www\shop\Application\Runtime\Cache\Home\74ab7b88589f2e0dc5d29d2b43d05f19.php Á¨¨ 65 Ë°å.
NOTIC: [8] Use of undefined constant id - assumed 'id' F:\wamp\www\shop\Application\Runtime\Cache\Home\74ab7b88589f2e0dc5d29d2b43d05f19.php Á¨¨ 65 Ë°å.
NOTIC: [8] Use of undefined constant id - assumed 'id' F:\wamp\www\shop\Application\Runtime\Cache\Home\74ab7b88589f2e0dc5d29d2b43d05f19.php Á¨¨ 65 Ë°å.
NOTIC: [8] Use of undefined constant id - assumed 'id' F:\wamp\www\shop\Application\Runtime\Cache\Home\74ab7b88589f2e0dc5d29d2b43d05f19.php Á¨¨ 65 Ë°å.
NOTIC: [8] Use of undefined constant id - assumed 'id' F:\wamp\www\shop\Application\Runtime\Cache\Home\74ab7b88589f2e0dc5d29d2b43d05f19.php Á¨¨ 65 Ë°å.
NOTIC: [8] Use of undefined constant id - assumed 'id' F:\wamp\www\shop\Application\Runtime\Cache\Home\74ab7b88589f2e0dc5d29d2b43d05f19.php Á¨¨ 65 Ë°å.
NOTIC: [8] Use of undefined constant id - assumed 'id' F:\wamp\www\shop\Application\Runtime\Cache\Home\74ab7b88589f2e0dc5d29d2b43d05f19.php Á¨¨ 65 Ë°å.
NOTIC: [8] Use of undefined constant id - assumed 'id' F:\wamp\www\shop\Application\Runtime\Cache\Home\74ab7b88589f2e0dc5d29d2b43d05f19.php Á¨¨ 65 Ë°å.
NOTIC: [8] Use of undefined constant id - assumed 'id' F:\wamp\www\shop\Application\Runtime\Cache\Home\74ab7b88589f2e0dc5d29d2b43d05f19.php Á¨¨ 65 Ë°å.
NOTIC: [8] Use of undefined constant id - assumed 'id' F:\wamp\www\shop\Application\Runtime\Cache\Home\74ab7b88589f2e0dc5d29d2b43d05f19.php Á¨¨ 65 Ë°å.
INFO: Run Behavior\ParseTemplateBehavior [ RunTime:0.019434s ]
INFO: [ view_parse ] --END-- [ RunTime:0.019557s ]
INFO: [ view_filter ] --START--
INFO: Run Behavior\WriteHtmlCacheBehavior [ RunTime:0.000713s ]
INFO: Run Behavior\TokenBuildBehavior [ RunTime:0.004571s ]
INFO: [ view_filter ] --END-- [ RunTime:0.005533s ]
INFO: [ app_end ] --START--
INFO: Run Behavior\ShowPageTraceBehavior [ RunTime:0.001489s ]
INFO: [ app_end ] --END-- [ RunTime:0.001684s ]

[ 2017-06-30T13:40:23+08:00 ] ::1 /shop/index.php/Home/Role/lst.html
INFO: [ app_init ] --START--
INFO: Run Behavior\BuildLiteBehavior [ RunTime:0.000025s ]
INFO: [ app_init ] --END-- [ RunTime:0.000455s ]
INFO: [ app_begin ] --START--
INFO: Run Behavior\ReadHtmlCacheBehavior [ RunTime:0.001694s ]
INFO: [ app_begin ] --END-- [ RunTime:0.001890s ]
SQL: SHOW COLUMNS FROM `sh_role` [ RunTime:0.0057s ]
NOTIC: [2] Invalid argument supplied for foreach() F:\wamp\www\shop\ThinkPHP\Library\Think\Db\Driver.class.php Á¨¨ 504 Ë°å.
SQL: SELECT * FROM `sh_role`  [ RunTime:0.0003s ]
SQL: SHOW COLUMNS FROM `sh_privilege` [ RunTime:0.0061s ]
SQL: SELECT * FROM `sh_privilege`  [ RunTime:0.0008s ]
INFO: [ view_parse ] --START--
INFO: [ template_filter ] --START--
INFO: Run Behavior\ContentReplaceBehavior [ RunTime:0.000114s ]
INFO: [ template_filter ] --END-- [ RunTime:0.000241s ]
NOTIC: [8] Use of undefined constant id - assumed 'id' F:\wamp\www\shop\Application\Runtime\Cache\Home\6b0b1d858bda20389c99ecfdf5325f26.php Á¨¨ 67 Ë°å.
NOTIC: [8] Use of undefined constant id - assumed 'id' F:\wamp\www\shop\Application\Runtime\Cache\Home\6b0b1d858bda20389c99ecfdf5325f26.php Á¨¨ 67 Ë°å.
NOTIC: [8] Use of undefined constant id - assumed 'id' F:\wamp\www\shop\Application\Runtime\Cache\Home\6b0b1d858bda20389c99ecfdf5325f26.php Á¨¨ 67 Ë°å.
NOTIC: [8] Use of undefined constant id - assumed 'id' F:\wamp\www\shop\Application\Runtime\Cache\Home\6b0b1d858bda20389c99ecfdf5325f26.php Á¨¨ 67 Ë°å.
NOTIC: [8] Use of undefined constant id - assumed 'id' F:\wamp\www\shop\Application\Runtime\Cache\Home\6b0b1d858bda20389c99ecfdf5325f26.php Á¨¨ 67 Ë°å.
NOTIC: [8] Use of undefined constant id - assumed 'id' F:\wamp\www\shop\Application\Runtime\Cache\Home\6b0b1d858bda20389c99ecfdf5325f26.php Á¨¨ 67 Ë°å.
NOTIC: [8] Use of undefined constant id - assumed 'id' F:\wamp\www\shop\Application\Runtime\Cache\Home\6b0b1d858bda20389c99ecfdf5325f26.php Á¨¨ 67 Ë°å.
NOTIC: [8] Use of undefined constant id - assumed 'id' F:\wamp\www\shop\Application\Runtime\Cache\Home\6b0b1d858bda20389c99ecfdf5325f26.php Á¨¨ 67 Ë°å.
NOTIC: [8] Use of undefined constant id - assumed 'id' F:\wamp\www\shop\Application\Runtime\Cache\Home\6b0b1d858bda20389c99ecfdf5325f26.php Á¨¨ 67 Ë°å.
NOTIC: [8] Use of undefined constant id - assumed 'id' F:\wamp\www\shop\Application\Runtime\Cache\Home\6b0b1d858bda20389c99ecfdf5325f26.php Á¨¨ 67 Ë°å.
NOTIC: [8] Use of undefined constant id - assumed 'id' F:\wamp\www\shop\Application\Runtime\Cache\Home\6b0b1d858bda20389c99ecfdf5325f26.php Á¨¨ 67 Ë°å.
NOTIC: [8] Use of undefined constant id - assumed 'id' F:\wamp\www\shop\Application\Runtime\Cache\Home\6b0b1d858bda20389c99ecfdf5325f26.php Á¨¨ 67 Ë°å.
NOTIC: [8] Use of undefined constant id - assumed 'id' F:\wamp\www\shop\Application\Runtime\Cache\Home\6b0b1d858bda20389c99ecfdf5325f26.php Á¨¨ 67 Ë°å.
INFO: Run Behavior\ParseTemplateBehavior [ RunTime:0.088763s ]
INFO: [ view_parse ] --END-- [ RunTime:0.088931s ]
INFO: [ view_filter ] --START--
INFO: Run Behavior\WriteHtmlCacheBehavior [ RunTime:0.000757s ]
INFO: Run Behavior\TokenBuildBehavior [ RunTime:0.001423s ]
INFO: [ view_filter ] --END-- [ RunTime:0.002371s ]
INFO: [ app_end ] --START--
INFO: Run Behavior\ShowPageTraceBehavior [ RunTime:0.001404s ]
INFO: [ app_end ] --END-- [ RunTime:0.001533s ]

