[ 2017-06-30T14:06:02+08:00 ] ::1 /shop/index.php/Goods/Goods/lst.html
INFO: [ app_init ] --START--
INFO: Run Behavior\BuildLiteBehavior [ RunTime:0.000022s ]
INFO: [ app_init ] --END-- [ RunTime:0.000459s ]
INFO: [ app_begin ] --START--
INFO: Run Behavior\ReadHtmlCacheBehavior [ RunTime:0.000554s ]
INFO: [ app_begin ] --END-- [ RunTime:0.000647s ]
SQL: SHOW COLUMNS FROM `sh_type` [ RunTime:0.0042s ]
SQL: SELECT `id`,`type_name` FROM `sh_type`  [ RunTime:0.0002s ]
NOTIC: [2048] Declaration of Goods\Model\GoodsModel::_before_insert() should be compatible with Think\Model::_before_insert(&$data, $options) F:\wamp\www\shop\Application\Goods\Model\GoodsModel.class.php 第 309 行.
NOTIC: [2048] Declaration of Goods\Model\GoodsModel::_after_insert() should be compatible with Think\Model::_after_insert($data, $options) F:\wamp\www\shop\Application\Goods\Model\GoodsModel.class.php 第 309 行.
NOTIC: [2048] Declaration of Goods\Model\GoodsModel::_before_update() should be compatible with Think\Model::_before_update(&$data, $options) F:\wamp\www\shop\Application\Goods\Model\GoodsModel.class.php 第 309 行.
SQL: SHOW COLUMNS FROM `sh_goods` [ RunTime:0.0065s ]
SQL: 
                        select a.id,a.goods_number,a.goods_title,a.goods_retail_price,a.goods_shop_price,a.is_sell,a.pending_status,b.cat_name,c.brand_name,d.type_name from sh_goods a 
                          left join sh_category b on a.cat_id = b.id
                            left join sh_brand c on a.brand_id = c.id
                              left join sh_type d on a.type_id = d.id
                                where 1
                                  order by goods_number asc
                             [ RunTime:0.0011s ]
SQL: SHOW COLUMNS FROM `sh_store` [ RunTime:0.0054s ]
SQL: SELECT `id`,`store_name`,`store_status`,`business_status` FROM `sh_store` WHERE ( user_id = '1' ) LIMIT 1   [ RunTime:0.0003s ]
INFO: [ view_parse ] --START--
INFO: [ template_filter ] --START--
INFO: Run Behavior\ContentReplaceBehavior [ RunTime:0.000148s ]
INFO: [ template_filter ] --END-- [ RunTime:0.000276s ]
NOTIC: [8] Undefined index: goods_name F:\wamp\www\shop\Application\Runtime\Cache\Goods\b13c8f689c18ad907973e6934bc41655.php 第 40 行.
NOTIC: [8] Undefined index: cat F:\wamp\www\shop\Application\Runtime\Cache\Goods\b13c8f689c18ad907973e6934bc41655.php 第 41 行.
NOTIC: [8] Undefined index: brand F:\wamp\www\shop\Application\Runtime\Cache\Goods\b13c8f689c18ad907973e6934bc41655.php 第 42 行.
NOTIC: [8] Use of undefined constant id - assumed 'id' F:\wamp\www\shop\Application\Runtime\Cache\Goods\b13c8f689c18ad907973e6934bc41655.php 第 66 行.
NOTIC: [8] Undefined index: tid F:\wamp\www\shop\Application\Runtime\Cache\Goods\b13c8f689c18ad907973e6934bc41655.php 第 90 行.
NOTIC: [8] Undefined index: tid F:\wamp\www\shop\Application\Runtime\Cache\Goods\b13c8f689c18ad907973e6934bc41655.php 第 90 行.
NOTIC: [8] Undefined index: tid F:\wamp\www\shop\Application\Runtime\Cache\Goods\b13c8f689c18ad907973e6934bc41655.php 第 90 行.
NOTIC: [8] Undefined index: tid F:\wamp\www\shop\Application\Runtime\Cache\Goods\b13c8f689c18ad907973e6934bc41655.php 第 90 行.
NOTIC: [8] Undefined index: tid F:\wamp\www\shop\Application\Runtime\Cache\Goods\b13c8f689c18ad907973e6934bc41655.php 第 90 行.
NOTIC: [8] Undefined index: tid F:\wamp\www\shop\Application\Runtime\Cache\Goods\b13c8f689c18ad907973e6934bc41655.php 第 90 行.
NOTIC: [8] Use of undefined constant id - assumed 'id' F:\wamp\www\shop\Application\Runtime\Cache\Goods\b13c8f689c18ad907973e6934bc41655.php 第 137 行.
NOTIC: [8] Use of undefined constant id - assumed 'id' F:\wamp\www\shop\Application\Runtime\Cache\Goods\b13c8f689c18ad907973e6934bc41655.php 第 145 行.
NOTIC: [8] Use of undefined constant id - assumed 'id' F:\wamp\www\shop\Application\Runtime\Cache\Goods\b13c8f689c18ad907973e6934bc41655.php 第 137 行.
NOTIC: [8] Use of undefined constant id - assumed 'id' F:\wamp\www\shop\Application\Runtime\Cache\Goods\b13c8f689c18ad907973e6934bc41655.php 第 145 行.
NOTIC: [8] Use of undefined constant id - assumed 'id' F:\wamp\www\shop\Application\Runtime\Cache\Goods\b13c8f689c18ad907973e6934bc41655.php 第 137 行.
NOTIC: [8] Use of undefined constant id - assumed 'id' F:\wamp\www\shop\Application\Runtime\Cache\Goods\b13c8f689c18ad907973e6934bc41655.php 第 145 行.
NOTIC: [8] Use of undefined constant id - assumed 'id' F:\wamp\www\shop\Application\Runtime\Cache\Goods\b13c8f689c18ad907973e6934bc41655.php 第 137 行.
NOTIC: [8] Use of undefined constant id - assumed 'id' F:\wamp\www\shop\Application\Runtime\Cache\Goods\b13c8f689c18ad907973e6934bc41655.php 第 145 行.
NOTIC: [8] Use of undefined constant id - assumed 'id' F:\wamp\www\shop\Application\Runtime\Cache\Goods\b13c8f689c18ad907973e6934bc41655.php 第 137 行.
NOTIC: [8] Use of undefined constant id - assumed 'id' F:\wamp\www\shop\Application\Runtime\Cache\Goods\b13c8f689c18ad907973e6934bc41655.php 第 145 行.
NOTIC: [8] Use of undefined constant id - assumed 'id' F:\wamp\www\shop\Application\Runtime\Cache\Goods\b13c8f689c18ad907973e6934bc41655.php 第 137 行.
NOTIC: [8] Use of undefined constant id - assumed 'id' F:\wamp\www\shop\Application\Runtime\Cache\Goods\b13c8f689c18ad907973e6934bc41655.php 第 145 行.
NOTIC: [8] Use of undefined constant id - assumed 'id' F:\wamp\www\shop\Application\Runtime\Cache\Goods\b13c8f689c18ad907973e6934bc41655.php 第 137 行.
NOTIC: [8] Use of undefined constant id - assumed 'id' F:\wamp\www\shop\Application\Runtime\Cache\Goods\b13c8f689c18ad907973e6934bc41655.php 第 145 行.
NOTIC: [8] Use of undefined constant id - assumed 'id' F:\wamp\www\shop\Application\Runtime\Cache\Goods\b13c8f689c18ad907973e6934bc41655.php 第 137 行.
NOTIC: [8] Use of undefined constant id - assumed 'id' F:\wamp\www\shop\Application\Runtime\Cache\Goods\b13c8f689c18ad907973e6934bc41655.php 第 145 行.
NOTIC: [8] Use of undefined constant id - assumed 'id' F:\wamp\www\shop\Application\Runtime\Cache\Goods\b13c8f689c18ad907973e6934bc41655.php 第 137 行.
NOTIC: [8] Use of undefined constant id - assumed 'id' F:\wamp\www\shop\Application\Runtime\Cache\Goods\b13c8f689c18ad907973e6934bc41655.php 第 145 行.
NOTIC: [8] Use of undefined constant id - assumed 'id' F:\wamp\www\shop\Application\Runtime\Cache\Goods\b13c8f689c18ad907973e6934bc41655.php 第 137 行.
NOTIC: [8] Use of undefined constant id - assumed 'id' F:\wamp\www\shop\Application\Runtime\Cache\Goods\b13c8f689c18ad907973e6934bc41655.php 第 145 行.
NOTIC: [8] Use of undefined constant id - assumed 'id' F:\wamp\www\shop\Application\Runtime\Cache\Goods\b13c8f689c18ad907973e6934bc41655.php 第 139 行.
NOTIC: [8] Use of undefined constant id - assumed 'id' F:\wamp\www\shop\Application\Runtime\Cache\Goods\b13c8f689c18ad907973e6934bc41655.php 第 145 行.
NOTIC: [8] Use of undefined constant id - assumed 'id' F:\wamp\www\shop\Application\Runtime\Cache\Goods\b13c8f689c18ad907973e6934bc41655.php 第 139 行.
NOTIC: [8] Use of undefined constant id - assumed 'id' F:\wamp\www\shop\Application\Runtime\Cache\Goods\b13c8f689c18ad907973e6934bc41655.php 第 145 行.
INFO: Run Behavior\ParseTemplateBehavior [ RunTime:0.094490s ]
INFO: [ view_parse ] --END-- [ RunTime:0.094597s ]
INFO: [ view_filter ] --START--
INFO: Run Behavior\WriteHtmlCacheBehavior [ RunTime:0.000577s ]
INFO: Run Behavior\TokenBuildBehavior [ RunTime:0.001369s ]
INFO: [ view_filter ] --END-- [ RunTime:0.002106s ]
INFO: [ app_end ] --START--
INFO: Run Behavior\ShowPageTraceBehavior [ RunTime:0.001975s ]
INFO: [ app_end ] --END-- [ RunTime:0.002306s ]

[ 2017-06-30T14:06:04+08:00 ] ::1 /shop/index.php/Goods/Goods/add
INFO: [ app_init ] --START--
INFO: Run Behavior\BuildLiteBehavior [ RunTime:0.000021s ]
INFO: [ app_init ] --END-- [ RunTime:0.000373s ]
INFO: [ app_begin ] --START--
INFO: Run Behavior\ReadHtmlCacheBehavior [ RunTime:0.001230s ]
INFO: [ app_begin ] --END-- [ RunTime:0.001449s ]
NOTIC: [2048] Declaration of Goods\Model\CategoryModel::_after_insert() should be compatible with Think\Model::_after_insert($data, $options) F:\wamp\www\shop\Application\Goods\Model\CategoryModel.class.php 第 5 行.
NOTIC: [2048] Declaration of Goods\Model\CategoryModel::_after_update() should be compatible with Think\Model::_after_update($data, $options) F:\wamp\www\shop\Application\Goods\Model\CategoryModel.class.php 第 5 行.
SQL: SHOW COLUMNS FROM `sh_category` [ RunTime:0.0048s ]
SQL: select a.*,GROUP_CONCAT(c.rec_name) rec_name
                    from sh_category a 
                    left join sh_recommend_item b on a.id = b.value_id and b.type='分类' 
                    left join sh_recommend c on b.rec_id = c.id group by a.id [ RunTime:0.0121s ]
SQL: SHOW COLUMNS FROM `sh_brand` [ RunTime:0.0046s ]
SQL: SELECT `id`,`brand_name` FROM `sh_brand` ORDER BY brand_sort ASC  [ RunTime:0.0004s ]
SQL: SHOW COLUMNS FROM `sh_type` [ RunTime:0.0050s ]
SQL: SELECT `id`,`type_name` FROM `sh_type`  [ RunTime:0.0002s ]
INFO: [ view_parse ] --START--
INFO: [ template_filter ] --START--
INFO: Run Behavior\ContentReplaceBehavior [ RunTime:0.000238s ]
INFO: [ template_filter ] --END-- [ RunTime:0.000382s ]
INFO: Run Behavior\ParseTemplateBehavior [ RunTime:0.099680s ]
INFO: [ view_parse ] --END-- [ RunTime:0.099797s ]
INFO: [ view_filter ] --START--
INFO: Run Behavior\WriteHtmlCacheBehavior [ RunTime:0.000544s ]
INFO: Run Behavior\TokenBuildBehavior [ RunTime:0.001098s ]
INFO: [ view_filter ] --END-- [ RunTime:0.001779s ]
INFO: [ app_end ] --START--
INFO: Run Behavior\ShowPageTraceBehavior [ RunTime:0.000907s ]
INFO: [ app_end ] --END-- [ RunTime:0.001072s ]

[ 2017-06-30T14:06:06+08:00 ] ::1 /shop/index.php/Goods/Goods/ajaxGetAttr/tid/6
INFO: [ app_init ] --START--
INFO: Run Behavior\BuildLiteBehavior [ RunTime:0.000030s ]
INFO: [ app_init ] --END-- [ RunTime:0.000582s ]
INFO: [ app_begin ] --START--
INFO: Run Behavior\ReadHtmlCacheBehavior [ RunTime:0.000719s ]
INFO: [ app_begin ] --END-- [ RunTime:0.000834s ]
SQL: SHOW COLUMNS FROM `sh_attribute` [ RunTime:0.0052s ]
SQL: SELECT * FROM `sh_attribute` WHERE ( type_id=6 )  [ RunTime:0.0003s ]

[ 2017-06-30T14:33:06+08:00 ] ::1 /shop/index.php/Goods/Brand/lst.html
INFO: [ app_init ] --START--
INFO: Run Behavior\BuildLiteBehavior [ RunTime:0.000023s ]
INFO: [ app_init ] --END-- [ RunTime:0.000468s ]
INFO: [ app_begin ] --START--
INFO: Run Behavior\ReadHtmlCacheBehavior [ RunTime:0.000503s ]
INFO: [ app_begin ] --END-- [ RunTime:0.000596s ]
SQL: SHOW COLUMNS FROM `sh_brand` [ RunTime:0.0045s ]
NOTIC: [2] Invalid argument supplied for foreach() F:\wamp\www\shop\ThinkPHP\Library\Think\Db\Driver.class.php 第 504 行.
SQL: SELECT * FROM `sh_brand`  [ RunTime:0.0004s ]
INFO: [ view_parse ] --START--
INFO: [ template_filter ] --START--
INFO: Run Behavior\ContentReplaceBehavior [ RunTime:0.000165s ]
INFO: [ template_filter ] --END-- [ RunTime:0.000296s ]
NOTIC: [8] Undefined index: brand_name F:\wamp\www\shop\Application\Runtime\Cache\Goods\2cbe25740f5ece0f2a733707ad618509.php 第 43 行.
NOTIC: [8] Undefined index: brand_add_time F:\wamp\www\shop\Application\Runtime\Cache\Goods\2cbe25740f5ece0f2a733707ad618509.php 第 44 行.
NOTIC: [8] Undefined index: brand_country F:\wamp\www\shop\Application\Runtime\Cache\Goods\2cbe25740f5ece0f2a733707ad618509.php 第 46 行.
NOTIC: [8] Undefined index: brand_country F:\wamp\www\shop\Application\Runtime\Cache\Goods\2cbe25740f5ece0f2a733707ad618509.php 第 47 行.
NOTIC: [8] Use of undefined constant id - assumed 'id' F:\wamp\www\shop\Application\Runtime\Cache\Goods\2cbe25740f5ece0f2a733707ad618509.php 第 92 行.
NOTIC: [8] Use of undefined constant id - assumed 'id' F:\wamp\www\shop\Application\Runtime\Cache\Goods\2cbe25740f5ece0f2a733707ad618509.php 第 106 行.
NOTIC: [8] Use of undefined constant id - assumed 'id' F:\wamp\www\shop\Application\Runtime\Cache\Goods\2cbe25740f5ece0f2a733707ad618509.php 第 111 行.
NOTIC: [8] Use of undefined constant id - assumed 'id' F:\wamp\www\shop\Application\Runtime\Cache\Goods\2cbe25740f5ece0f2a733707ad618509.php 第 92 行.
NOTIC: [8] Use of undefined constant id - assumed 'id' F:\wamp\www\shop\Application\Runtime\Cache\Goods\2cbe25740f5ece0f2a733707ad618509.php 第 106 行.
NOTIC: [8] Use of undefined constant id - assumed 'id' F:\wamp\www\shop\Application\Runtime\Cache\Goods\2cbe25740f5ece0f2a733707ad618509.php 第 111 行.
NOTIC: [8] Use of undefined constant id - assumed 'id' F:\wamp\www\shop\Application\Runtime\Cache\Goods\2cbe25740f5ece0f2a733707ad618509.php 第 92 行.
NOTIC: [8] Use of undefined constant id - assumed 'id' F:\wamp\www\shop\Application\Runtime\Cache\Goods\2cbe25740f5ece0f2a733707ad618509.php 第 106 行.
NOTIC: [8] Use of undefined constant id - assumed 'id' F:\wamp\www\shop\Application\Runtime\Cache\Goods\2cbe25740f5ece0f2a733707ad618509.php 第 111 行.
NOTIC: [8] Use of undefined constant id - assumed 'id' F:\wamp\www\shop\Application\Runtime\Cache\Goods\2cbe25740f5ece0f2a733707ad618509.php 第 92 行.
NOTIC: [8] Use of undefined constant id - assumed 'id' F:\wamp\www\shop\Application\Runtime\Cache\Goods\2cbe25740f5ece0f2a733707ad618509.php 第 106 行.
NOTIC: [8] Use of undefined constant id - assumed 'id' F:\wamp\www\shop\Application\Runtime\Cache\Goods\2cbe25740f5ece0f2a733707ad618509.php 第 111 行.
NOTIC: [8] Use of undefined constant id - assumed 'id' F:\wamp\www\shop\Application\Runtime\Cache\Goods\2cbe25740f5ece0f2a733707ad618509.php 第 92 行.
NOTIC: [8] Use of undefined constant id - assumed 'id' F:\wamp\www\shop\Application\Runtime\Cache\Goods\2cbe25740f5ece0f2a733707ad618509.php 第 106 行.
NOTIC: [8] Use of undefined constant id - assumed 'id' F:\wamp\www\shop\Application\Runtime\Cache\Goods\2cbe25740f5ece0f2a733707ad618509.php 第 111 行.
NOTIC: [8] Use of undefined constant id - assumed 'id' F:\wamp\www\shop\Application\Runtime\Cache\Goods\2cbe25740f5ece0f2a733707ad618509.php 第 92 行.
NOTIC: [8] Use of undefined constant id - assumed 'id' F:\wamp\www\shop\Application\Runtime\Cache\Goods\2cbe25740f5ece0f2a733707ad618509.php 第 106 行.
NOTIC: [8] Use of undefined constant id - assumed 'id' F:\wamp\www\shop\Application\Runtime\Cache\Goods\2cbe25740f5ece0f2a733707ad618509.php 第 111 行.
NOTIC: [8] Use of undefined constant id - assumed 'id' F:\wamp\www\shop\Application\Runtime\Cache\Goods\2cbe25740f5ece0f2a733707ad618509.php 第 92 行.
NOTIC: [8] Use of undefined constant id - assumed 'id' F:\wamp\www\shop\Application\Runtime\Cache\Goods\2cbe25740f5ece0f2a733707ad618509.php 第 106 行.
NOTIC: [8] Use of undefined constant id - assumed 'id' F:\wamp\www\shop\Application\Runtime\Cache\Goods\2cbe25740f5ece0f2a733707ad618509.php 第 111 行.
NOTIC: [8] Use of undefined constant id - assumed 'id' F:\wamp\www\shop\Application\Runtime\Cache\Goods\2cbe25740f5ece0f2a733707ad618509.php 第 92 行.
NOTIC: [8] Use of undefined constant id - assumed 'id' F:\wamp\www\shop\Application\Runtime\Cache\Goods\2cbe25740f5ece0f2a733707ad618509.php 第 106 行.
NOTIC: [8] Use of undefined constant id - assumed 'id' F:\wamp\www\shop\Application\Runtime\Cache\Goods\2cbe25740f5ece0f2a733707ad618509.php 第 111 行.
NOTIC: [8] Use of undefined constant id - assumed 'id' F:\wamp\www\shop\Application\Runtime\Cache\Goods\2cbe25740f5ece0f2a733707ad618509.php 第 92 行.
NOTIC: [8] Use of undefined constant id - assumed 'id' F:\wamp\www\shop\Application\Runtime\Cache\Goods\2cbe25740f5ece0f2a733707ad618509.php 第 106 行.
NOTIC: [8] Use of undefined constant id - assumed 'id' F:\wamp\www\shop\Application\Runtime\Cache\Goods\2cbe25740f5ece0f2a733707ad618509.php 第 111 行.
NOTIC: [8] Use of undefined constant id - assumed 'id' F:\wamp\www\shop\Application\Runtime\Cache\Goods\2cbe25740f5ece0f2a733707ad618509.php 第 92 行.
NOTIC: [8] Use of undefined constant id - assumed 'id' F:\wamp\www\shop\Application\Runtime\Cache\Goods\2cbe25740f5ece0f2a733707ad618509.php 第 106 行.
NOTIC: [8] Use of undefined constant id - assumed 'id' F:\wamp\www\shop\Application\Runtime\Cache\Goods\2cbe25740f5ece0f2a733707ad618509.php 第 111 行.
NOTIC: [8] Use of undefined constant id - assumed 'id' F:\wamp\www\shop\Application\Runtime\Cache\Goods\2cbe25740f5ece0f2a733707ad618509.php 第 92 行.
NOTIC: [8] Use of undefined constant id - assumed 'id' F:\wamp\www\shop\Application\Runtime\Cache\Goods\2cbe25740f5ece0f2a733707ad618509.php 第 106 行.
NOTIC: [8] Use of undefined constant id - assumed 'id' F:\wamp\www\shop\Application\Runtime\Cache\Goods\2cbe25740f5ece0f2a733707ad618509.php 第 111 行.
NOTIC: [8] Use of undefined constant id - assumed 'id' F:\wamp\www\shop\Application\Runtime\Cache\Goods\2cbe25740f5ece0f2a733707ad618509.php 第 92 行.
NOTIC: [8] Use of undefined constant id - assumed 'id' F:\wamp\www\shop\Application\Runtime\Cache\Goods\2cbe25740f5ece0f2a733707ad618509.php 第 106 行.
NOTIC: [8] Use of undefined constant id - assumed 'id' F:\wamp\www\shop\Application\Runtime\Cache\Goods\2cbe25740f5ece0f2a733707ad618509.php 第 111 行.
INFO: Run Behavior\ParseTemplateBehavior [ RunTime:0.078847s ]
INFO: [ view_parse ] --END-- [ RunTime:0.078951s ]
INFO: [ view_filter ] --START--
INFO: Run Behavior\WriteHtmlCacheBehavior [ RunTime:0.000472s ]
INFO: Run Behavior\TokenBuildBehavior [ RunTime:0.001309s ]
INFO: [ view_filter ] --END-- [ RunTime:0.001926s ]
INFO: [ app_end ] --START--
INFO: Run Behavior\ShowPageTraceBehavior [ RunTime:0.000685s ]
INFO: [ app_end ] --END-- [ RunTime:0.000790s ]

[ 2017-06-30T14:33:06+08:00 ] ::1 /shop/index.php/Goods/Brand/getCountryJson
INFO: [ app_init ] --START--
INFO: Run Behavior\BuildLiteBehavior [ RunTime:0.000025s ]
INFO: [ app_init ] --END-- [ RunTime:0.000575s ]
INFO: [ app_begin ] --START--
INFO: Run Behavior\ReadHtmlCacheBehavior [ RunTime:0.000660s ]
INFO: [ app_begin ] --END-- [ RunTime:0.000752s ]
SQL: SHOW COLUMNS FROM `sh_brand` [ RunTime:0.0047s ]
SQL: SELECT count(*) value,brand_country name FROM `sh_brand` GROUP BY brand_country  [ RunTime:0.0004s ]
INFO: [ app_end ] --START--
INFO: Run Behavior\ShowPageTraceBehavior [ RunTime:0.000790s ]
INFO: [ app_end ] --END-- [ RunTime:0.000888s ]

