[ 2016-05-23T14:09:02+08:00 ] ::1 /chem/
INFO: [ app_init ] --START--
INFO: Run Behavior\BuildLiteBehavior [ RunTime:0.000032s ]
INFO: [ app_init ] --END-- [ RunTime:0.007724s ]
INFO: [ app_begin ] --START--
INFO: Run Behavior\ReadHtmlCacheBehavior [ RunTime:0.012205s ]
INFO: [ app_begin ] --END-- [ RunTime:0.012334s ]
SQL: SHOW COLUMNS FROM `safety` [ RunTime:0.0634s ]
SQL: SELECT COUNT(*) AS tp_count FROM `safety` LIMIT 1   [ RunTime:0.0002s ]
SQL: SELECT * FROM `safety` ORDER BY time DESC LIMIT 0,10   [ RunTime:0.0083s ]
SQL: SHOW COLUMNS FROM `rules` [ RunTime:0.0338s ]
SQL: SELECT * FROM `rules` ORDER BY time DESC LIMIT 4   [ RunTime:0.0006s ]
SQL: SHOW COLUMNS FROM `notice` [ RunTime:0.0366s ]
SQL: SELECT * FROM `notice` ORDER BY time DESC LIMIT 4   [ RunTime:0.0003s ]
INFO: [ view_parse ] --START--
INFO: [ template_filter ] --START--
INFO: Run Behavior\ContentReplaceBehavior [ RunTime:0.000090s ]
INFO: [ template_filter ] --END-- [ RunTime:0.000217s ]
INFO: Run Behavior\ParseTemplateBehavior [ RunTime:0.055316s ]
INFO: [ view_parse ] --END-- [ RunTime:0.055474s ]
INFO: [ view_filter ] --START--
INFO: Run Behavior\WriteHtmlCacheBehavior [ RunTime:0.012260s ]
INFO: [ view_filter ] --END-- [ RunTime:0.012384s ]
INFO: [ app_end ] --START--
INFO: Run Behavior\ShowPageTraceBehavior [ RunTime:0.010544s ]
INFO: [ app_end ] --END-- [ RunTime:0.010673s ]

[ 2016-05-23T14:09:03+08:00 ] ::1 /chem/index.php/Home/Index/main/id/11.html
INFO: [ app_init ] --START--
INFO: Run Behavior\BuildLiteBehavior [ RunTime:0.000043s ]
INFO: [ app_init ] --END-- [ RunTime:0.000788s ]
INFO: [ app_begin ] --START--
INFO: Run Behavior\ReadHtmlCacheBehavior [ RunTime:0.000562s ]
INFO: [ app_begin ] --END-- [ RunTime:0.000685s ]
SQL: SHOW COLUMNS FROM `safety` [ RunTime:0.0071s ]
SQL: SELECT * FROM `safety` WHERE `id` = 11 LIMIT 1   [ RunTime:0.0003s ]
INFO: [ view_parse ] --START--
INFO: [ template_filter ] --START--
INFO: Run Behavior\ContentReplaceBehavior [ RunTime:0.000066s ]
INFO: [ template_filter ] --END-- [ RunTime:0.000195s ]
INFO: Run Behavior\ParseTemplateBehavior [ RunTime:0.011420s ]
INFO: [ view_parse ] --END-- [ RunTime:0.011540s ]
INFO: [ view_filter ] --START--
INFO: Run Behavior\WriteHtmlCacheBehavior [ RunTime:0.000336s ]
INFO: [ view_filter ] --END-- [ RunTime:0.000453s ]
INFO: [ app_end ] --START--
INFO: Run Behavior\ShowPageTraceBehavior [ RunTime:0.000453s ]
INFO: [ app_end ] --END-- [ RunTime:0.000540s ]

[ 2016-05-23T14:09:08+08:00 ] ::1 /chem/index.php/Home/Index/main2/id/6.html
INFO: [ app_init ] --START--
INFO: Run Behavior\BuildLiteBehavior [ RunTime:0.000024s ]
INFO: [ app_init ] --END-- [ RunTime:0.000422s ]
INFO: [ app_begin ] --START--
INFO: Run Behavior\ReadHtmlCacheBehavior [ RunTime:0.000637s ]
INFO: [ app_begin ] --END-- [ RunTime:0.000747s ]
SQL: SHOW COLUMNS FROM `notice` [ RunTime:0.0025s ]
SQL: SELECT * FROM `notice` WHERE `id` = 6 LIMIT 1   [ RunTime:0.0002s ]
INFO: [ view_parse ] --START--
INFO: [ template_filter ] --START--
INFO: Run Behavior\ContentReplaceBehavior [ RunTime:0.000069s ]
INFO: [ template_filter ] --END-- [ RunTime:0.000185s ]
INFO: Run Behavior\ParseTemplateBehavior [ RunTime:0.007662s ]
INFO: [ view_parse ] --END-- [ RunTime:0.007821s ]
INFO: [ view_filter ] --START--
INFO: Run Behavior\WriteHtmlCacheBehavior [ RunTime:0.000629s ]
INFO: [ view_filter ] --END-- [ RunTime:0.000792s ]
INFO: [ app_end ] --START--
INFO: Run Behavior\ShowPageTraceBehavior [ RunTime:0.000868s ]
INFO: [ app_end ] --END-- [ RunTime:0.000995s ]

[ 2016-05-23T14:10:17+08:00 ] ::1 /chem/index.php/Home/Login/login.html
INFO: [ app_init ] --START--
INFO: Run Behavior\BuildLiteBehavior [ RunTime:0.000025s ]
INFO: [ app_init ] --END-- [ RunTime:0.000409s ]
INFO: [ app_begin ] --START--
INFO: Run Behavior\ReadHtmlCacheBehavior [ RunTime:0.001653s ]
INFO: [ app_begin ] --END-- [ RunTime:0.001881s ]
INFO: [ view_parse ] --START--
INFO: [ template_filter ] --START--
INFO: Run Behavior\ContentReplaceBehavior [ RunTime:0.000083s ]
INFO: [ template_filter ] --END-- [ RunTime:0.000219s ]
INFO: Run Behavior\ParseTemplateBehavior [ RunTime:0.011729s ]
INFO: [ view_parse ] --END-- [ RunTime:0.011859s ]
INFO: [ view_filter ] --START--
INFO: Run Behavior\WriteHtmlCacheBehavior [ RunTime:0.000420s ]
INFO: [ view_filter ] --END-- [ RunTime:0.000523s ]
INFO: [ app_end ] --START--
INFO: Run Behavior\ShowPageTraceBehavior [ RunTime:0.000659s ]
INFO: [ app_end ] --END-- [ RunTime:0.000781s ]

[ 2016-05-23T14:10:17+08:00 ] ::1 /chem/index.php/Home/Login/verify.html
INFO: [ app_init ] --START--
INFO: Run Behavior\BuildLiteBehavior [ RunTime:0.000039s ]
INFO: [ app_init ] --END-- [ RunTime:0.000637s ]
INFO: [ app_begin ] --START--
INFO: Run Behavior\ReadHtmlCacheBehavior [ RunTime:0.000875s ]
INFO: [ app_begin ] --END-- [ RunTime:0.001067s ]
INFO: [ app_end ] --START--
INFO: Run Behavior\ShowPageTraceBehavior [ RunTime:0.000931s ]
INFO: [ app_end ] --END-- [ RunTime:0.001113s ]

[ 2016-05-23T14:10:19+08:00 ] ::1 /chem/
INFO: [ app_init ] --START--
INFO: Run Behavior\BuildLiteBehavior [ RunTime:0.000027s ]
INFO: [ app_init ] --END-- [ RunTime:0.000440s ]
INFO: [ app_begin ] --START--
INFO: Run Behavior\ReadHtmlCacheBehavior [ RunTime:0.000585s ]
INFO: [ app_begin ] --END-- [ RunTime:0.000687s ]
SQL: SHOW COLUMNS FROM `safety` [ RunTime:0.0028s ]
SQL: SELECT COUNT(*) AS tp_count FROM `safety` LIMIT 1   [ RunTime:0.0002s ]
SQL: SELECT * FROM `safety` ORDER BY time DESC LIMIT 0,10   [ RunTime:0.0003s ]
SQL: SHOW COLUMNS FROM `rules` [ RunTime:0.0031s ]
SQL: SELECT * FROM `rules` ORDER BY time DESC LIMIT 4   [ RunTime:0.0006s ]
SQL: SHOW COLUMNS FROM `notice` [ RunTime:0.0031s ]
SQL: SELECT * FROM `notice` ORDER BY time DESC LIMIT 4   [ RunTime:0.0003s ]
INFO: [ view_parse ] --START--
INFO: [ template_filter ] --START--
INFO: Run Behavior\ContentReplaceBehavior [ RunTime:0.000077s ]
INFO: [ template_filter ] --END-- [ RunTime:0.000197s ]
INFO: Run Behavior\ParseTemplateBehavior [ RunTime:0.008614s ]
INFO: [ view_parse ] --END-- [ RunTime:0.008726s ]
INFO: [ view_filter ] --START--
INFO: Run Behavior\WriteHtmlCacheBehavior [ RunTime:0.000408s ]
INFO: [ view_filter ] --END-- [ RunTime:0.000506s ]
INFO: [ app_end ] --START--
INFO: Run Behavior\ShowPageTraceBehavior [ RunTime:0.000513s ]
INFO: [ app_end ] --END-- [ RunTime:0.000608s ]

[ 2016-05-23T14:10:20+08:00 ] ::1 /chem/index.php/Home/Index/main/id/11.html
INFO: [ app_init ] --START--
INFO: Run Behavior\BuildLiteBehavior [ RunTime:0.000084s ]
INFO: [ app_init ] --END-- [ RunTime:0.000917s ]
INFO: [ app_begin ] --START--
INFO: Run Behavior\ReadHtmlCacheBehavior [ RunTime:0.000627s ]
INFO: [ app_begin ] --END-- [ RunTime:0.000749s ]
SQL: SHOW COLUMNS FROM `safety` [ RunTime:0.0047s ]
SQL: SELECT * FROM `safety` WHERE `id` = 11 LIMIT 1   [ RunTime:0.0004s ]
INFO: [ view_parse ] --START--
INFO: [ template_filter ] --START--
INFO: Run Behavior\ContentReplaceBehavior [ RunTime:0.000072s ]
INFO: [ template_filter ] --END-- [ RunTime:0.000199s ]
INFO: Run Behavior\ParseTemplateBehavior [ RunTime:0.008231s ]
INFO: [ view_parse ] --END-- [ RunTime:0.008385s ]
INFO: [ view_filter ] --START--
INFO: Run Behavior\WriteHtmlCacheBehavior [ RunTime:0.000374s ]
INFO: [ view_filter ] --END-- [ RunTime:0.000466s ]
INFO: [ app_end ] --START--
INFO: Run Behavior\ShowPageTraceBehavior [ RunTime:0.000503s ]
INFO: [ app_end ] --END-- [ RunTime:0.000594s ]

[ 2016-05-23T14:10:26+08:00 ] ::1 /chem/index.php/Home/Login/login.html
INFO: [ app_init ] --START--
INFO: Run Behavior\BuildLiteBehavior [ RunTime:0.000022s ]
INFO: [ app_init ] --END-- [ RunTime:0.000364s ]
INFO: [ app_begin ] --START--
INFO: Run Behavior\ReadHtmlCacheBehavior [ RunTime:0.000507s ]
INFO: [ app_begin ] --END-- [ RunTime:0.000606s ]
INFO: [ view_parse ] --START--
INFO: [ template_filter ] --START--
INFO: Run Behavior\ContentReplaceBehavior [ RunTime:0.000069s ]
INFO: [ template_filter ] --END-- [ RunTime:0.000180s ]
INFO: Run Behavior\ParseTemplateBehavior [ RunTime:0.005599s ]
INFO: [ view_parse ] --END-- [ RunTime:0.005699s ]
INFO: [ view_filter ] --START--
INFO: Run Behavior\WriteHtmlCacheBehavior [ RunTime:0.000355s ]
INFO: [ view_filter ] --END-- [ RunTime:0.000444s ]
INFO: [ app_end ] --START--
INFO: Run Behavior\ShowPageTraceBehavior [ RunTime:0.000490s ]
INFO: [ app_end ] --END-- [ RunTime:0.000583s ]

[ 2016-05-23T14:10:27+08:00 ] ::1 /chem/index.php/Home/Login/verify.html
INFO: [ app_init ] --START--
INFO: Run Behavior\BuildLiteBehavior [ RunTime:0.000023s ]
INFO: [ app_init ] --END-- [ RunTime:0.000359s ]
INFO: [ app_begin ] --START--
INFO: Run Behavior\ReadHtmlCacheBehavior [ RunTime:0.000582s ]
INFO: [ app_begin ] --END-- [ RunTime:0.000691s ]
INFO: [ app_end ] --START--
INFO: Run Behavior\ShowPageTraceBehavior [ RunTime:0.000642s ]
INFO: [ app_end ] --END-- [ RunTime:0.000764s ]

[ 2016-05-23T14:10:30+08:00 ] ::1 /chem/index.php/Home/Login/verify.html?Math.random();
INFO: [ app_init ] --START--
INFO: Run Behavior\BuildLiteBehavior [ RunTime:0.000025s ]
INFO: [ app_init ] --END-- [ RunTime:0.000399s ]
INFO: [ app_begin ] --START--
INFO: Run Behavior\ReadHtmlCacheBehavior [ RunTime:0.000667s ]
INFO: [ app_begin ] --END-- [ RunTime:0.000827s ]
INFO: [ app_end ] --START--
INFO: Run Behavior\ShowPageTraceBehavior [ RunTime:0.000666s ]
INFO: [ app_end ] --END-- [ RunTime:0.000794s ]

[ 2016-05-23T14:10:33+08:00 ] ::1 /chem/index.php/Home/Login/login.html
INFO: [ app_init ] --START--
INFO: Run Behavior\BuildLiteBehavior [ RunTime:0.000026s ]
INFO: [ app_init ] --END-- [ RunTime:0.000410s ]
INFO: [ app_begin ] --START--
INFO: Run Behavior\ReadHtmlCacheBehavior [ RunTime:0.000646s ]
INFO: [ app_begin ] --END-- [ RunTime:0.000765s ]
SQL: SHOW COLUMNS FROM `admin` [ RunTime:0.2560s ]
SQL: SELECT * FROM `admin` WHERE `username` = 'admin' AND `password` = 'admin' AND `level` = 0  [ RunTime:0.0003s ]
INFO: [ view_parse ] --START--
INFO: [ template_filter ] --START--
INFO: Run Behavior\ContentReplaceBehavior [ RunTime:0.000082s ]
INFO: [ template_filter ] --END-- [ RunTime:0.000211s ]
INFO: Run Behavior\ParseTemplateBehavior [ RunTime:0.024898s ]
INFO: [ view_parse ] --END-- [ RunTime:0.025073s ]
INFO: [ view_filter ] --START--
INFO: Run Behavior\WriteHtmlCacheBehavior [ RunTime:0.000624s ]
INFO: [ view_filter ] --END-- [ RunTime:0.000810s ]
INFO: [ app_end ] --START--
INFO: Run Behavior\ShowPageTraceBehavior [ RunTime:0.000750s ]
INFO: [ app_end ] --END-- [ RunTime:0.000923s ]

[ 2016-05-23T14:10:34+08:00 ] ::1 /chem/index.php/Home/Back/index.html
INFO: [ app_init ] --START--
INFO: Run Behavior\BuildLiteBehavior [ RunTime:0.000023s ]
INFO: [ app_init ] --END-- [ RunTime:0.000340s ]
INFO: [ app_begin ] --START--
INFO: Run Behavior\ReadHtmlCacheBehavior [ RunTime:0.000468s ]
INFO: [ app_begin ] --END-- [ RunTime:0.000564s ]
INFO: [ view_parse ] --START--
INFO: [ template_filter ] --START--
INFO: Run Behavior\ContentReplaceBehavior [ RunTime:0.000059s ]
INFO: [ template_filter ] --END-- [ RunTime:0.000181s ]
INFO: Run Behavior\ParseTemplateBehavior [ RunTime:0.097370s ]
INFO: [ view_parse ] --END-- [ RunTime:0.097492s ]
INFO: [ view_filter ] --START--
INFO: Run Behavior\WriteHtmlCacheBehavior [ RunTime:0.000411s ]
INFO: [ view_filter ] --END-- [ RunTime:0.000504s ]
INFO: [ app_end ] --START--
INFO: Run Behavior\ShowPageTraceBehavior [ RunTime:0.000510s ]
INFO: [ app_end ] --END-- [ RunTime:0.000603s ]

[ 2016-05-23T14:10:34+08:00 ] ::1 /chem/index.php/Home/Back/top.html
INFO: [ app_init ] --START--
INFO: Run Behavior\BuildLiteBehavior [ RunTime:0.000031s ]
INFO: [ app_init ] --END-- [ RunTime:0.000457s ]
INFO: [ app_begin ] --START--
INFO: Run Behavior\ReadHtmlCacheBehavior [ RunTime:0.000795s ]
INFO: [ app_begin ] --END-- [ RunTime:0.000959s ]
INFO: [ view_parse ] --START--
INFO: [ template_filter ] --START--
INFO: Run Behavior\ContentReplaceBehavior [ RunTime:0.000068s ]
INFO: [ template_filter ] --END-- [ RunTime:0.000178s ]
INFO: Run Behavior\ParseTemplateBehavior [ RunTime:0.014975s ]
INFO: [ view_parse ] --END-- [ RunTime:0.015139s ]
INFO: [ view_filter ] --START--
INFO: Run Behavior\WriteHtmlCacheBehavior [ RunTime:0.001499s ]
INFO: [ view_filter ] --END-- [ RunTime:0.001883s ]
INFO: [ app_end ] --START--
INFO: Run Behavior\ShowPageTraceBehavior [ RunTime:0.001027s ]
INFO: [ app_end ] --END-- [ RunTime:0.001448s ]

[ 2016-05-23T14:10:34+08:00 ] ::1 /chem/index.php/Home/Back/menu.html
INFO: [ app_init ] --START--
INFO: Run Behavior\BuildLiteBehavior [ RunTime:0.000049s ]
INFO: [ app_init ] --END-- [ RunTime:0.000603s ]
INFO: [ app_begin ] --START--
INFO: Run Behavior\ReadHtmlCacheBehavior [ RunTime:0.000705s ]
INFO: [ app_begin ] --END-- [ RunTime:0.000928s ]
INFO: [ view_parse ] --START--
INFO: [ template_filter ] --START--
INFO: Run Behavior\ContentReplaceBehavior [ RunTime:0.000285s ]
INFO: [ template_filter ] --END-- [ RunTime:0.000717s ]
INFO: Run Behavior\ParseTemplateBehavior [ RunTime:0.061853s ]
INFO: [ view_parse ] --END-- [ RunTime:0.061989s ]
INFO: [ view_filter ] --START--
INFO: Run Behavior\WriteHtmlCacheBehavior [ RunTime:0.000327s ]
INFO: [ view_filter ] --END-- [ RunTime:0.000425s ]
INFO: [ app_end ] --START--
INFO: Run Behavior\ShowPageTraceBehavior [ RunTime:0.000873s ]
INFO: [ app_end ] --END-- [ RunTime:0.001061s ]

[ 2016-05-23T14:10:34+08:00 ] ::1 /chem/index.php/Home/Back/main.html
INFO: [ app_init ] --START--
INFO: Run Behavior\BuildLiteBehavior [ RunTime:0.000040s ]
INFO: [ app_init ] --END-- [ RunTime:0.000647s ]
INFO: [ app_begin ] --START--
INFO: Run Behavior\ReadHtmlCacheBehavior [ RunTime:0.002224s ]
INFO: [ app_begin ] --END-- [ RunTime:0.003028s ]
INFO: [ view_parse ] --START--
INFO: [ template_filter ] --START--
INFO: Run Behavior\ContentReplaceBehavior [ RunTime:0.000191s ]
INFO: [ template_filter ] --END-- [ RunTime:0.000751s ]
INFO: Run Behavior\ParseTemplateBehavior [ RunTime:0.053334s ]
INFO: [ view_parse ] --END-- [ RunTime:0.053602s ]
INFO: [ view_filter ] --START--
INFO: Run Behavior\WriteHtmlCacheBehavior [ RunTime:0.000765s ]
INFO: [ view_filter ] --END-- [ RunTime:0.000944s ]
INFO: [ app_end ] --START--
INFO: Run Behavior\ShowPageTraceBehavior [ RunTime:0.000853s ]
INFO: [ app_end ] --END-- [ RunTime:0.001024s ]

[ 2016-05-23T14:10:37+08:00 ] ::1 /chem/index.php/Home/safety/lst
INFO: [ app_init ] --START--
INFO: Run Behavior\BuildLiteBehavior [ RunTime:0.000026s ]
INFO: [ app_init ] --END-- [ RunTime:0.000430s ]
INFO: [ app_begin ] --START--
INFO: Run Behavior\ReadHtmlCacheBehavior [ RunTime:0.000601s ]
INFO: [ app_begin ] --END-- [ RunTime:0.000719s ]
SQL: SHOW COLUMNS FROM `safety` [ RunTime:0.0078s ]
SQL: SELECT * FROM `safety`  [ RunTime:0.0007s ]
INFO: [ view_parse ] --START--
INFO: [ template_filter ] --START--
INFO: Run Behavior\ContentReplaceBehavior [ RunTime:0.000420s ]
INFO: [ template_filter ] --END-- [ RunTime:0.001373s ]
NOTIC: [8] Undefined index: role_id E:\wamp\wamp\www\chem\Application\Runtime\Cache\Home\821e2be669b73fa87e514a9a59091184.php 第 41 行.
NOTIC: [8] Undefined index: role_id E:\wamp\wamp\www\chem\Application\Runtime\Cache\Home\821e2be669b73fa87e514a9a59091184.php 第 41 行.
NOTIC: [8] Undefined index: role_id E:\wamp\wamp\www\chem\Application\Runtime\Cache\Home\821e2be669b73fa87e514a9a59091184.php 第 41 行.
NOTIC: [8] Undefined index: role_id E:\wamp\wamp\www\chem\Application\Runtime\Cache\Home\821e2be669b73fa87e514a9a59091184.php 第 41 行.
NOTIC: [8] Undefined index: role_id E:\wamp\wamp\www\chem\Application\Runtime\Cache\Home\821e2be669b73fa87e514a9a59091184.php 第 41 行.
NOTIC: [8] Undefined index: role_id E:\wamp\wamp\www\chem\Application\Runtime\Cache\Home\821e2be669b73fa87e514a9a59091184.php 第 41 行.
NOTIC: [8] Undefined index: role_id E:\wamp\wamp\www\chem\Application\Runtime\Cache\Home\821e2be669b73fa87e514a9a59091184.php 第 41 行.
NOTIC: [8] Undefined index: role_id E:\wamp\wamp\www\chem\Application\Runtime\Cache\Home\821e2be669b73fa87e514a9a59091184.php 第 41 行.
NOTIC: [8] Undefined index: role_id E:\wamp\wamp\www\chem\Application\Runtime\Cache\Home\821e2be669b73fa87e514a9a59091184.php 第 41 行.
NOTIC: [8] Undefined index: role_id E:\wamp\wamp\www\chem\Application\Runtime\Cache\Home\821e2be669b73fa87e514a9a59091184.php 第 41 行.
NOTIC: [8] Undefined index: role_id E:\wamp\wamp\www\chem\Application\Runtime\Cache\Home\821e2be669b73fa87e514a9a59091184.php 第 41 行.
INFO: Run Behavior\ParseTemplateBehavior [ RunTime:0.119566s ]
INFO: [ view_parse ] --END-- [ RunTime:0.119818s ]
INFO: [ view_filter ] --START--
INFO: Run Behavior\WriteHtmlCacheBehavior [ RunTime:0.000705s ]
INFO: [ view_filter ] --END-- [ RunTime:0.000860s ]
INFO: [ app_end ] --START--
INFO: Run Behavior\ShowPageTraceBehavior [ RunTime:0.001876s ]
INFO: [ app_end ] --END-- [ RunTime:0.002128s ]

[ 2016-05-23T14:10:38+08:00 ] ::1 /chem/index.php/Home/safety/add.html
INFO: [ app_init ] --START--
INFO: Run Behavior\BuildLiteBehavior [ RunTime:0.000028s ]
INFO: [ app_init ] --END-- [ RunTime:0.000428s ]
INFO: [ app_begin ] --START--
INFO: Run Behavior\ReadHtmlCacheBehavior [ RunTime:0.000779s ]
INFO: [ app_begin ] --END-- [ RunTime:0.000912s ]
INFO: [ view_parse ] --START--
INFO: [ template_filter ] --START--
INFO: Run Behavior\ContentReplaceBehavior [ RunTime:0.000122s ]
INFO: [ template_filter ] --END-- [ RunTime:0.000276s ]
INFO: Run Behavior\ParseTemplateBehavior [ RunTime:0.115362s ]
INFO: [ view_parse ] --END-- [ RunTime:0.115477s ]
INFO: [ view_filter ] --START--
INFO: Run Behavior\WriteHtmlCacheBehavior [ RunTime:0.000464s ]
INFO: [ view_filter ] --END-- [ RunTime:0.000566s ]
INFO: [ app_end ] --START--
INFO: Run Behavior\ShowPageTraceBehavior [ RunTime:0.000555s ]
INFO: [ app_end ] --END-- [ RunTime:0.000653s ]

[ 2016-05-23T14:11:09+08:00 ] ::1 /chem/index.php/Home/safety/add.html
INFO: [ app_init ] --START--
INFO: Run Behavior\BuildLiteBehavior [ RunTime:0.000033s ]
INFO: [ app_init ] --END-- [ RunTime:0.000486s ]
INFO: [ app_begin ] --START--
INFO: Run Behavior\ReadHtmlCacheBehavior [ RunTime:0.000579s ]
INFO: [ app_begin ] --END-- [ RunTime:0.000698s ]
SQL: SHOW COLUMNS FROM `safety` [ RunTime:0.0250s ]
SQL: INSERT INTO `safety` (`title`,`content`,`time`) VALUES ('111','<p>&lt;embed src=&quot;http://player.youku.com/player.php/sid/XMTU4MDM0NTczMg==/v.swf&quot; allowFullScreen=&quot;true&quot; quality=&quot;high&quot; width=&quot;480&quot; height=&quot;400&quot; align=&quot;middle&quot; allowScriptAccess=&quot;always&quot; type=&quot;application/x-shockwave-flash&quot;&gt;&lt;/embed&gt;</p>','1463983869') [ RunTime:0.0816s ]
INFO: [ view_parse ] --START--
INFO: [ template_filter ] --START--
INFO: Run Behavior\ContentReplaceBehavior [ RunTime:0.000064s ]
INFO: [ template_filter ] --END-- [ RunTime:0.000170s ]
INFO: Run Behavior\ParseTemplateBehavior [ RunTime:0.006263s ]
INFO: [ view_parse ] --END-- [ RunTime:0.006416s ]
INFO: [ view_filter ] --START--
INFO: Run Behavior\WriteHtmlCacheBehavior [ RunTime:0.000398s ]
INFO: [ view_filter ] --END-- [ RunTime:0.000490s ]
INFO: [ app_end ] --START--
INFO: Run Behavior\ShowPageTraceBehavior [ RunTime:0.000785s ]
INFO: [ app_end ] --END-- [ RunTime:0.000919s ]

[ 2016-05-23T14:11:10+08:00 ] ::1 /chem/index.php/Home/safety/lst.html
INFO: [ app_init ] --START--
INFO: Run Behavior\BuildLiteBehavior [ RunTime:0.000042s ]
INFO: [ app_init ] --END-- [ RunTime:0.000792s ]
INFO: [ app_begin ] --START--
INFO: Run Behavior\ReadHtmlCacheBehavior [ RunTime:0.001051s ]
INFO: [ app_begin ] --END-- [ RunTime:0.001308s ]
SQL: SHOW COLUMNS FROM `safety` [ RunTime:0.0030s ]
SQL: SELECT * FROM `safety`  [ RunTime:0.0003s ]
INFO: [ view_parse ] --START--
INFO: [ template_filter ] --START--
INFO: Run Behavior\ContentReplaceBehavior [ RunTime:0.000111s ]
INFO: [ template_filter ] --END-- [ RunTime:0.000270s ]
NOTIC: [8] Undefined index: role_id E:\wamp\wamp\www\chem\Application\Runtime\Cache\Home\821e2be669b73fa87e514a9a59091184.php 第 41 行.
NOTIC: [8] Undefined index: role_id E:\wamp\wamp\www\chem\Application\Runtime\Cache\Home\821e2be669b73fa87e514a9a59091184.php 第 41 行.
NOTIC: [8] Undefined index: role_id E:\wamp\wamp\www\chem\Application\Runtime\Cache\Home\821e2be669b73fa87e514a9a59091184.php 第 41 行.
NOTIC: [8] Undefined index: role_id E:\wamp\wamp\www\chem\Application\Runtime\Cache\Home\821e2be669b73fa87e514a9a59091184.php 第 41 行.
NOTIC: [8] Undefined index: role_id E:\wamp\wamp\www\chem\Application\Runtime\Cache\Home\821e2be669b73fa87e514a9a59091184.php 第 41 行.
NOTIC: [8] Undefined index: role_id E:\wamp\wamp\www\chem\Application\Runtime\Cache\Home\821e2be669b73fa87e514a9a59091184.php 第 41 行.
NOTIC: [8] Undefined index: role_id E:\wamp\wamp\www\chem\Application\Runtime\Cache\Home\821e2be669b73fa87e514a9a59091184.php 第 41 行.
NOTIC: [8] Undefined index: role_id E:\wamp\wamp\www\chem\Application\Runtime\Cache\Home\821e2be669b73fa87e514a9a59091184.php 第 41 行.
NOTIC: [8] Undefined index: role_id E:\wamp\wamp\www\chem\Application\Runtime\Cache\Home\821e2be669b73fa87e514a9a59091184.php 第 41 行.
NOTIC: [8] Undefined index: role_id E:\wamp\wamp\www\chem\Application\Runtime\Cache\Home\821e2be669b73fa87e514a9a59091184.php 第 41 行.
NOTIC: [8] Undefined index: role_id E:\wamp\wamp\www\chem\Application\Runtime\Cache\Home\821e2be669b73fa87e514a9a59091184.php 第 41 行.
NOTIC: [8] Undefined index: role_id E:\wamp\wamp\www\chem\Application\Runtime\Cache\Home\821e2be669b73fa87e514a9a59091184.php 第 41 行.
INFO: Run Behavior\ParseTemplateBehavior [ RunTime:0.010326s ]
INFO: [ view_parse ] --END-- [ RunTime:0.010458s ]
INFO: [ view_filter ] --START--
INFO: Run Behavior\WriteHtmlCacheBehavior [ RunTime:0.000490s ]
INFO: [ view_filter ] --END-- [ RunTime:0.000585s ]
INFO: [ app_end ] --START--
INFO: Run Behavior\ShowPageTraceBehavior [ RunTime:0.000999s ]
INFO: [ app_end ] --END-- [ RunTime:0.001133s ]

[ 2016-05-23T14:11:13+08:00 ] ::1 /chem/index.php/Home/Index/main/id/11.html
INFO: [ app_init ] --START--
INFO: Run Behavior\BuildLiteBehavior [ RunTime:0.000045s ]
INFO: [ app_init ] --END-- [ RunTime:0.000602s ]
INFO: [ app_begin ] --START--
INFO: Run Behavior\ReadHtmlCacheBehavior [ RunTime:0.001006s ]
INFO: [ app_begin ] --END-- [ RunTime:0.001236s ]
SQL: SHOW COLUMNS FROM `safety` [ RunTime:0.0041s ]
SQL: SELECT * FROM `safety` WHERE `id` = 11 LIMIT 1   [ RunTime:0.0003s ]
INFO: [ view_parse ] --START--
INFO: [ template_filter ] --START--
INFO: Run Behavior\ContentReplaceBehavior [ RunTime:0.000071s ]
INFO: [ template_filter ] --END-- [ RunTime:0.000215s ]
INFO: Run Behavior\ParseTemplateBehavior [ RunTime:0.005929s ]
INFO: [ view_parse ] --END-- [ RunTime:0.006036s ]
INFO: [ view_filter ] --START--
INFO: Run Behavior\WriteHtmlCacheBehavior [ RunTime:0.000384s ]
INFO: [ view_filter ] --END-- [ RunTime:0.000469s ]
INFO: [ app_end ] --START--
INFO: Run Behavior\ShowPageTraceBehavior [ RunTime:0.000703s ]
INFO: [ app_end ] --END-- [ RunTime:0.000800s ]

[ 2016-05-23T14:11:15+08:00 ] ::1 /chem/index.php/Home/Index/index.html
INFO: [ app_init ] --START--
INFO: Run Behavior\BuildLiteBehavior [ RunTime:0.000023s ]
INFO: [ app_init ] --END-- [ RunTime:0.000364s ]
INFO: [ app_begin ] --START--
INFO: Run Behavior\ReadHtmlCacheBehavior [ RunTime:0.000569s ]
INFO: [ app_begin ] --END-- [ RunTime:0.000680s ]
SQL: SHOW COLUMNS FROM `safety` [ RunTime:0.0048s ]
SQL: SELECT COUNT(*) AS tp_count FROM `safety` LIMIT 1   [ RunTime:0.0002s ]
SQL: SELECT * FROM `safety` ORDER BY time DESC LIMIT 0,10   [ RunTime:0.0002s ]
SQL: SHOW COLUMNS FROM `rules` [ RunTime:0.0027s ]
SQL: SELECT * FROM `rules` ORDER BY time DESC LIMIT 4   [ RunTime:0.0002s ]
SQL: SHOW COLUMNS FROM `notice` [ RunTime:0.0039s ]
SQL: SELECT * FROM `notice` ORDER BY time DESC LIMIT 4   [ RunTime:0.0002s ]
INFO: [ view_parse ] --START--
INFO: [ template_filter ] --START--
INFO: Run Behavior\ContentReplaceBehavior [ RunTime:0.000071s ]
INFO: [ template_filter ] --END-- [ RunTime:0.000177s ]
INFO: Run Behavior\ParseTemplateBehavior [ RunTime:0.008248s ]
INFO: [ view_parse ] --END-- [ RunTime:0.008362s ]
INFO: [ view_filter ] --START--
INFO: Run Behavior\WriteHtmlCacheBehavior [ RunTime:0.000391s ]
INFO: [ view_filter ] --END-- [ RunTime:0.000478s ]
INFO: [ app_end ] --START--
INFO: Run Behavior\ShowPageTraceBehavior [ RunTime:0.000504s ]
INFO: [ app_end ] --END-- [ RunTime:0.000593s ]

[ 2016-05-23T14:11:16+08:00 ] ::1 /chem/index.php/Home/Index/index.html
INFO: [ app_init ] --START--
INFO: Run Behavior\BuildLiteBehavior [ RunTime:0.000045s ]
INFO: [ app_init ] --END-- [ RunTime:0.001622s ]
INFO: [ app_begin ] --START--
INFO: Run Behavior\ReadHtmlCacheBehavior [ RunTime:0.000633s ]
INFO: [ app_begin ] --END-- [ RunTime:0.000744s ]
SQL: SHOW COLUMNS FROM `safety` [ RunTime:0.0031s ]
SQL: SELECT COUNT(*) AS tp_count FROM `safety` LIMIT 1   [ RunTime:0.0002s ]
SQL: SELECT * FROM `safety` ORDER BY time DESC LIMIT 0,10   [ RunTime:0.0002s ]
SQL: SHOW COLUMNS FROM `rules` [ RunTime:0.0035s ]
SQL: SELECT * FROM `rules` ORDER BY time DESC LIMIT 4   [ RunTime:0.0002s ]
SQL: SHOW COLUMNS FROM `notice` [ RunTime:0.0028s ]
SQL: SELECT * FROM `notice` ORDER BY time DESC LIMIT 4   [ RunTime:0.0003s ]
INFO: [ view_parse ] --START--
INFO: [ template_filter ] --START--
INFO: Run Behavior\ContentReplaceBehavior [ RunTime:0.000117s ]
INFO: [ template_filter ] --END-- [ RunTime:0.000284s ]
INFO: Run Behavior\ParseTemplateBehavior [ RunTime:0.009074s ]
INFO: [ view_parse ] --END-- [ RunTime:0.009546s ]
INFO: [ view_filter ] --START--
INFO: Run Behavior\WriteHtmlCacheBehavior [ RunTime:0.000573s ]
INFO: [ view_filter ] --END-- [ RunTime:0.000732s ]
INFO: [ app_end ] --START--
INFO: Run Behavior\ShowPageTraceBehavior [ RunTime:0.000508s ]
INFO: [ app_end ] --END-- [ RunTime:0.000599s ]

[ 2016-05-23T14:11:16+08:00 ] ::1 /chem/index.php/Home/Index/index.html
INFO: [ app_init ] --START--
INFO: Run Behavior\BuildLiteBehavior [ RunTime:0.000024s ]
INFO: [ app_init ] --END-- [ RunTime:0.000376s ]
INFO: [ app_begin ] --START--
INFO: Run Behavior\ReadHtmlCacheBehavior [ RunTime:0.000503s ]
INFO: [ app_begin ] --END-- [ RunTime:0.000600s ]
SQL: SHOW COLUMNS FROM `safety` [ RunTime:0.0028s ]
SQL: SELECT COUNT(*) AS tp_count FROM `safety` LIMIT 1   [ RunTime:0.0002s ]
SQL: SELECT * FROM `safety` ORDER BY time DESC LIMIT 0,10   [ RunTime:0.0004s ]
SQL: SHOW COLUMNS FROM `rules` [ RunTime:0.0042s ]
SQL: SELECT * FROM `rules` ORDER BY time DESC LIMIT 4   [ RunTime:0.0003s ]
SQL: SHOW COLUMNS FROM `notice` [ RunTime:0.0026s ]
SQL: SELECT * FROM `notice` ORDER BY time DESC LIMIT 4   [ RunTime:0.0002s ]
INFO: [ view_parse ] --START--
INFO: [ template_filter ] --START--
INFO: Run Behavior\ContentReplaceBehavior [ RunTime:0.000071s ]
INFO: [ template_filter ] --END-- [ RunTime:0.000176s ]
INFO: Run Behavior\ParseTemplateBehavior [ RunTime:0.009162s ]
INFO: [ view_parse ] --END-- [ RunTime:0.009319s ]
INFO: [ view_filter ] --START--
INFO: Run Behavior\WriteHtmlCacheBehavior [ RunTime:0.000452s ]
INFO: [ view_filter ] --END-- [ RunTime:0.000542s ]
INFO: [ app_end ] --START--
INFO: Run Behavior\ShowPageTraceBehavior [ RunTime:0.000588s ]
INFO: [ app_end ] --END-- [ RunTime:0.000679s ]

[ 2016-05-23T14:11:16+08:00 ] ::1 /chem/index.php/Home/Index/index.html
INFO: [ app_init ] --START--
INFO: Run Behavior\BuildLiteBehavior [ RunTime:0.000040s ]
INFO: [ app_init ] --END-- [ RunTime:0.000517s ]
INFO: [ app_begin ] --START--
INFO: Run Behavior\ReadHtmlCacheBehavior [ RunTime:0.000764s ]
INFO: [ app_begin ] --END-- [ RunTime:0.000939s ]
SQL: SHOW COLUMNS FROM `safety` [ RunTime:0.0031s ]
SQL: SELECT COUNT(*) AS tp_count FROM `safety` LIMIT 1   [ RunTime:0.0002s ]
SQL: SELECT * FROM `safety` ORDER BY time DESC LIMIT 0,10   [ RunTime:0.0007s ]
SQL: SHOW COLUMNS FROM `rules` [ RunTime:0.0030s ]
SQL: SELECT * FROM `rules` ORDER BY time DESC LIMIT 4   [ RunTime:0.0002s ]
SQL: SHOW COLUMNS FROM `notice` [ RunTime:0.0025s ]
SQL: SELECT * FROM `notice` ORDER BY time DESC LIMIT 4   [ RunTime:0.0002s ]
INFO: [ view_parse ] --START--
INFO: [ template_filter ] --START--
INFO: Run Behavior\ContentReplaceBehavior [ RunTime:0.000074s ]
INFO: [ template_filter ] --END-- [ RunTime:0.000188s ]
INFO: Run Behavior\ParseTemplateBehavior [ RunTime:0.009536s ]
INFO: [ view_parse ] --END-- [ RunTime:0.009659s ]
INFO: [ view_filter ] --START--
INFO: Run Behavior\WriteHtmlCacheBehavior [ RunTime:0.000489s ]
INFO: [ view_filter ] --END-- [ RunTime:0.000587s ]
INFO: [ app_end ] --START--
INFO: Run Behavior\ShowPageTraceBehavior [ RunTime:0.000455s ]
INFO: [ app_end ] --END-- [ RunTime:0.000548s ]

[ 2016-05-23T14:11:16+08:00 ] ::1 /chem/index.php/Home/Index/index.html
INFO: [ app_init ] --START--
INFO: Run Behavior\BuildLiteBehavior [ RunTime:0.000027s ]
INFO: [ app_init ] --END-- [ RunTime:0.000449s ]
INFO: [ app_begin ] --START--
INFO: Run Behavior\ReadHtmlCacheBehavior [ RunTime:0.000780s ]
INFO: [ app_begin ] --END-- [ RunTime:0.000931s ]
SQL: SHOW COLUMNS FROM `safety` [ RunTime:0.0191s ]
SQL: SELECT COUNT(*) AS tp_count FROM `safety` LIMIT 1   [ RunTime:0.0003s ]
SQL: SELECT * FROM `safety` ORDER BY time DESC LIMIT 0,10   [ RunTime:0.0003s ]
SQL: SHOW COLUMNS FROM `rules` [ RunTime:0.0032s ]
SQL: SELECT * FROM `rules` ORDER BY time DESC LIMIT 4   [ RunTime:0.0002s ]
SQL: SHOW COLUMNS FROM `notice` [ RunTime:0.0048s ]
SQL: SELECT * FROM `notice` ORDER BY time DESC LIMIT 4   [ RunTime:0.0005s ]
INFO: [ view_parse ] --START--
INFO: [ template_filter ] --START--
INFO: Run Behavior\ContentReplaceBehavior [ RunTime:0.000074s ]
INFO: [ template_filter ] --END-- [ RunTime:0.000183s ]
INFO: Run Behavior\ParseTemplateBehavior [ RunTime:0.008794s ]
INFO: [ view_parse ] --END-- [ RunTime:0.008921s ]
INFO: [ view_filter ] --START--
INFO: Run Behavior\WriteHtmlCacheBehavior [ RunTime:0.000918s ]
INFO: [ view_filter ] --END-- [ RunTime:0.001039s ]
INFO: [ app_end ] --START--
INFO: Run Behavior\ShowPageTraceBehavior [ RunTime:0.000815s ]
INFO: [ app_end ] --END-- [ RunTime:0.001043s ]

[ 2016-05-23T14:11:17+08:00 ] ::1 /chem/index.php/Home/Index/index/p/2.html
INFO: [ app_init ] --START--
INFO: Run Behavior\BuildLiteBehavior [ RunTime:0.000054s ]
INFO: [ app_init ] --END-- [ RunTime:0.000677s ]
INFO: [ app_begin ] --START--
INFO: Run Behavior\ReadHtmlCacheBehavior [ RunTime:0.000863s ]
INFO: [ app_begin ] --END-- [ RunTime:0.001037s ]
SQL: SHOW COLUMNS FROM `safety` [ RunTime:0.0038s ]
SQL: SELECT COUNT(*) AS tp_count FROM `safety` LIMIT 1   [ RunTime:0.0002s ]
SQL: SELECT * FROM `safety` ORDER BY time DESC LIMIT 10,10   [ RunTime:0.0003s ]
SQL: SHOW COLUMNS FROM `rules` [ RunTime:0.0031s ]
SQL: SELECT * FROM `rules` ORDER BY time DESC LIMIT 4   [ RunTime:0.0002s ]
SQL: SHOW COLUMNS FROM `notice` [ RunTime:0.0036s ]
SQL: SELECT * FROM `notice` ORDER BY time DESC LIMIT 4   [ RunTime:0.0003s ]
INFO: [ view_parse ] --START--
INFO: [ template_filter ] --START--
INFO: Run Behavior\ContentReplaceBehavior [ RunTime:0.000074s ]
INFO: [ template_filter ] --END-- [ RunTime:0.000180s ]
INFO: Run Behavior\ParseTemplateBehavior [ RunTime:0.008065s ]
INFO: [ view_parse ] --END-- [ RunTime:0.008178s ]
INFO: [ view_filter ] --START--
INFO: Run Behavior\WriteHtmlCacheBehavior [ RunTime:0.000412s ]
INFO: [ view_filter ] --END-- [ RunTime:0.000506s ]
INFO: [ app_end ] --START--
INFO: Run Behavior\ShowPageTraceBehavior [ RunTime:0.000665s ]
INFO: [ app_end ] --END-- [ RunTime:0.000761s ]

[ 2016-05-23T14:11:18+08:00 ] ::1 /chem/index.php/Home/Index/main/id/1.html
INFO: [ app_init ] --START--
INFO: Run Behavior\BuildLiteBehavior [ RunTime:0.000026s ]
INFO: [ app_init ] --END-- [ RunTime:0.000473s ]
INFO: [ app_begin ] --START--
INFO: Run Behavior\ReadHtmlCacheBehavior [ RunTime:0.000675s ]
INFO: [ app_begin ] --END-- [ RunTime:0.000872s ]
SQL: SHOW COLUMNS FROM `safety` [ RunTime:0.0029s ]
SQL: SELECT * FROM `safety` WHERE `id` = 1 LIMIT 1   [ RunTime:0.0014s ]
INFO: [ view_parse ] --START--
INFO: [ template_filter ] --START--
INFO: Run Behavior\ContentReplaceBehavior [ RunTime:0.000070s ]
INFO: [ template_filter ] --END-- [ RunTime:0.000190s ]
INFO: Run Behavior\ParseTemplateBehavior [ RunTime:0.006425s ]
INFO: [ view_parse ] --END-- [ RunTime:0.006601s ]
INFO: [ view_filter ] --START--
INFO: Run Behavior\WriteHtmlCacheBehavior [ RunTime:0.000295s ]
INFO: [ view_filter ] --END-- [ RunTime:0.000397s ]
INFO: [ app_end ] --START--
INFO: Run Behavior\ShowPageTraceBehavior [ RunTime:0.000503s ]
INFO: [ app_end ] --END-- [ RunTime:0.000622s ]

[ 2016-05-23T14:11:28+08:00 ] ::1 /chem/index.php/Home/Index/index/p/2.html
INFO: [ app_init ] --START--
INFO: Run Behavior\BuildLiteBehavior [ RunTime:0.000039s ]
INFO: [ app_init ] --END-- [ RunTime:0.000658s ]
INFO: [ app_begin ] --START--
INFO: Run Behavior\ReadHtmlCacheBehavior [ RunTime:0.000674s ]
INFO: [ app_begin ] --END-- [ RunTime:0.000865s ]
SQL: SHOW COLUMNS FROM `safety` [ RunTime:0.0032s ]
SQL: SELECT COUNT(*) AS tp_count FROM `safety` LIMIT 1   [ RunTime:0.0002s ]
SQL: SELECT * FROM `safety` ORDER BY time DESC LIMIT 10,10   [ RunTime:0.0003s ]
SQL: SHOW COLUMNS FROM `rules` [ RunTime:0.0035s ]
SQL: SELECT * FROM `rules` ORDER BY time DESC LIMIT 4   [ RunTime:0.0012s ]
SQL: SHOW COLUMNS FROM `notice` [ RunTime:0.0060s ]
SQL: SELECT * FROM `notice` ORDER BY time DESC LIMIT 4   [ RunTime:0.0004s ]
INFO: [ view_parse ] --START--
INFO: [ template_filter ] --START--
INFO: Run Behavior\ContentReplaceBehavior [ RunTime:0.000078s ]
INFO: [ template_filter ] --END-- [ RunTime:0.000200s ]
INFO: Run Behavior\ParseTemplateBehavior [ RunTime:0.010480s ]
INFO: [ view_parse ] --END-- [ RunTime:0.010671s ]
INFO: [ view_filter ] --START--
INFO: Run Behavior\WriteHtmlCacheBehavior [ RunTime:0.001359s ]
INFO: [ view_filter ] --END-- [ RunTime:0.001578s ]
INFO: [ app_end ] --START--
INFO: Run Behavior\ShowPageTraceBehavior [ RunTime:0.000534s ]
INFO: [ app_end ] --END-- [ RunTime:0.000634s ]

[ 2016-05-23T14:11:29+08:00 ] ::1 /chem/index.php/Home/Index/index/p/2.html
INFO: [ app_init ] --START--
INFO: Run Behavior\BuildLiteBehavior [ RunTime:0.000048s ]
INFO: [ app_init ] --END-- [ RunTime:0.000821s ]
INFO: [ app_begin ] --START--
INFO: Run Behavior\ReadHtmlCacheBehavior [ RunTime:0.000498s ]
INFO: [ app_begin ] --END-- [ RunTime:0.000632s ]
SQL: SHOW COLUMNS FROM `safety` [ RunTime:0.0035s ]
SQL: SELECT COUNT(*) AS tp_count FROM `safety` LIMIT 1   [ RunTime:0.0002s ]
SQL: SELECT * FROM `safety` ORDER BY time DESC LIMIT 10,10   [ RunTime:0.0002s ]
SQL: SHOW COLUMNS FROM `rules` [ RunTime:0.0043s ]
SQL: SELECT * FROM `rules` ORDER BY time DESC LIMIT 4   [ RunTime:0.0003s ]
SQL: SHOW COLUMNS FROM `notice` [ RunTime:0.0027s ]
SQL: SELECT * FROM `notice` ORDER BY time DESC LIMIT 4   [ RunTime:0.0007s ]
INFO: [ view_parse ] --START--
INFO: [ template_filter ] --START--
INFO: Run Behavior\ContentReplaceBehavior [ RunTime:0.000070s ]
INFO: [ template_filter ] --END-- [ RunTime:0.000173s ]
INFO: Run Behavior\ParseTemplateBehavior [ RunTime:0.007679s ]
INFO: [ view_parse ] --END-- [ RunTime:0.007794s ]
INFO: [ view_filter ] --START--
INFO: Run Behavior\WriteHtmlCacheBehavior [ RunTime:0.000361s ]
INFO: [ view_filter ] --END-- [ RunTime:0.000452s ]
INFO: [ app_end ] --START--
INFO: Run Behavior\ShowPageTraceBehavior [ RunTime:0.000461s ]
INFO: [ app_end ] --END-- [ RunTime:0.000554s ]

[ 2016-05-23T14:11:29+08:00 ] ::1 /chem/index.php/Home/Index/index/p/1.html
INFO: [ app_init ] --START--
INFO: Run Behavior\BuildLiteBehavior [ RunTime:0.000031s ]
INFO: [ app_init ] --END-- [ RunTime:0.000902s ]
INFO: [ app_begin ] --START--
INFO: Run Behavior\ReadHtmlCacheBehavior [ RunTime:0.000591s ]
INFO: [ app_begin ] --END-- [ RunTime:0.000730s ]
SQL: SHOW COLUMNS FROM `safety` [ RunTime:0.0058s ]
SQL: SELECT COUNT(*) AS tp_count FROM `safety` LIMIT 1   [ RunTime:0.0003s ]
SQL: SELECT * FROM `safety` ORDER BY time DESC LIMIT 0,10   [ RunTime:0.0003s ]
SQL: SHOW COLUMNS FROM `rules` [ RunTime:0.0031s ]
SQL: SELECT * FROM `rules` ORDER BY time DESC LIMIT 4   [ RunTime:0.0003s ]
SQL: SHOW COLUMNS FROM `notice` [ RunTime:0.0029s ]
SQL: SELECT * FROM `notice` ORDER BY time DESC LIMIT 4   [ RunTime:0.0002s ]
INFO: [ view_parse ] --START--
INFO: [ template_filter ] --START--
INFO: Run Behavior\ContentReplaceBehavior [ RunTime:0.000072s ]
INFO: [ template_filter ] --END-- [ RunTime:0.000178s ]
INFO: Run Behavior\ParseTemplateBehavior [ RunTime:0.010902s ]
INFO: [ view_parse ] --END-- [ RunTime:0.011018s ]
INFO: [ view_filter ] --START--
INFO: Run Behavior\WriteHtmlCacheBehavior [ RunTime:0.000452s ]
INFO: [ view_filter ] --END-- [ RunTime:0.000584s ]
INFO: [ app_end ] --START--
INFO: Run Behavior\ShowPageTraceBehavior [ RunTime:0.000603s ]
INFO: [ app_end ] --END-- [ RunTime:0.000732s ]

[ 2016-05-23T14:11:30+08:00 ] ::1 /chem/index.php/Home/Index/index/p/1.html
INFO: [ app_init ] --START--
INFO: Run Behavior\BuildLiteBehavior [ RunTime:0.000039s ]
INFO: [ app_init ] --END-- [ RunTime:0.000518s ]
INFO: [ app_begin ] --START--
INFO: Run Behavior\ReadHtmlCacheBehavior [ RunTime:0.000609s ]
INFO: [ app_begin ] --END-- [ RunTime:0.000753s ]
SQL: SHOW COLUMNS FROM `safety` [ RunTime:0.0064s ]
SQL: SELECT COUNT(*) AS tp_count FROM `safety` LIMIT 1   [ RunTime:0.0003s ]
SQL: SELECT * FROM `safety` ORDER BY time DESC LIMIT 0,10   [ RunTime:0.0004s ]
SQL: SHOW COLUMNS FROM `rules` [ RunTime:0.0034s ]
SQL: SELECT * FROM `rules` ORDER BY time DESC LIMIT 4   [ RunTime:0.0003s ]
SQL: SHOW COLUMNS FROM `notice` [ RunTime:0.0053s ]
SQL: SELECT * FROM `notice` ORDER BY time DESC LIMIT 4   [ RunTime:0.0005s ]
INFO: [ view_parse ] --START--
INFO: [ template_filter ] --START--
INFO: Run Behavior\ContentReplaceBehavior [ RunTime:0.000082s ]
INFO: [ template_filter ] --END-- [ RunTime:0.000200s ]
INFO: Run Behavior\ParseTemplateBehavior [ RunTime:0.011595s ]
INFO: [ view_parse ] --END-- [ RunTime:0.011718s ]
INFO: [ view_filter ] --START--
INFO: Run Behavior\WriteHtmlCacheBehavior [ RunTime:0.000474s ]
INFO: [ view_filter ] --END-- [ RunTime:0.000566s ]
INFO: [ app_end ] --START--
INFO: Run Behavior\ShowPageTraceBehavior [ RunTime:0.000775s ]
INFO: [ app_end ] --END-- [ RunTime:0.000975s ]

[ 2016-05-23T14:11:30+08:00 ] ::1 /chem/index.php/Home/Index/main/id/12.html
INFO: [ app_init ] --START--
INFO: Run Behavior\BuildLiteBehavior [ RunTime:0.000022s ]
INFO: [ app_init ] --END-- [ RunTime:0.000360s ]
INFO: [ app_begin ] --START--
INFO: Run Behavior\ReadHtmlCacheBehavior [ RunTime:0.000521s ]
INFO: [ app_begin ] --END-- [ RunTime:0.000659s ]
SQL: SHOW COLUMNS FROM `safety` [ RunTime:0.0066s ]
SQL: SELECT * FROM `safety` WHERE `id` = 12 LIMIT 1   [ RunTime:0.0004s ]
INFO: [ view_parse ] --START--
INFO: [ template_filter ] --START--
INFO: Run Behavior\ContentReplaceBehavior [ RunTime:0.000510s ]
INFO: [ template_filter ] --END-- [ RunTime:0.001598s ]
INFO: Run Behavior\ParseTemplateBehavior [ RunTime:0.029791s ]
INFO: [ view_parse ] --END-- [ RunTime:0.029979s ]
INFO: [ view_filter ] --START--
INFO: Run Behavior\WriteHtmlCacheBehavior [ RunTime:0.000597s ]
INFO: [ view_filter ] --END-- [ RunTime:0.000759s ]
INFO: [ app_end ] --START--
INFO: Run Behavior\ShowPageTraceBehavior [ RunTime:0.000500s ]
INFO: [ app_end ] --END-- [ RunTime:0.000593s ]

[ 2016-05-23T14:12:49+08:00 ] ::1 /chem/index.php/Home/safety/lst
INFO: [ app_init ] --START--
INFO: Run Behavior\BuildLiteBehavior [ RunTime:0.000021s ]
INFO: [ app_init ] --END-- [ RunTime:0.000318s ]
INFO: [ app_begin ] --START--
INFO: Run Behavior\ReadHtmlCacheBehavior [ RunTime:0.000470s ]
INFO: [ app_begin ] --END-- [ RunTime:0.000589s ]
SQL: SHOW COLUMNS FROM `safety` [ RunTime:0.0025s ]
SQL: SELECT * FROM `safety`  [ RunTime:0.0004s ]
INFO: [ view_parse ] --START--
INFO: [ template_filter ] --START--
INFO: Run Behavior\ContentReplaceBehavior [ RunTime:0.000137s ]
INFO: [ template_filter ] --END-- [ RunTime:0.000331s ]
NOTIC: [8] Undefined index: role_id E:\wamp\wamp\www\chem\Application\Runtime\Cache\Home\821e2be669b73fa87e514a9a59091184.php 第 41 行.
NOTIC: [8] Undefined index: role_id E:\wamp\wamp\www\chem\Application\Runtime\Cache\Home\821e2be669b73fa87e514a9a59091184.php 第 41 行.
NOTIC: [8] Undefined index: role_id E:\wamp\wamp\www\chem\Application\Runtime\Cache\Home\821e2be669b73fa87e514a9a59091184.php 第 41 行.
NOTIC: [8] Undefined index: role_id E:\wamp\wamp\www\chem\Application\Runtime\Cache\Home\821e2be669b73fa87e514a9a59091184.php 第 41 行.
NOTIC: [8] Undefined index: role_id E:\wamp\wamp\www\chem\Application\Runtime\Cache\Home\821e2be669b73fa87e514a9a59091184.php 第 41 行.
NOTIC: [8] Undefined index: role_id E:\wamp\wamp\www\chem\Application\Runtime\Cache\Home\821e2be669b73fa87e514a9a59091184.php 第 41 行.
NOTIC: [8] Undefined index: role_id E:\wamp\wamp\www\chem\Application\Runtime\Cache\Home\821e2be669b73fa87e514a9a59091184.php 第 41 行.
NOTIC: [8] Undefined index: role_id E:\wamp\wamp\www\chem\Application\Runtime\Cache\Home\821e2be669b73fa87e514a9a59091184.php 第 41 行.
NOTIC: [8] Undefined index: role_id E:\wamp\wamp\www\chem\Application\Runtime\Cache\Home\821e2be669b73fa87e514a9a59091184.php 第 41 行.
NOTIC: [8] Undefined index: role_id E:\wamp\wamp\www\chem\Application\Runtime\Cache\Home\821e2be669b73fa87e514a9a59091184.php 第 41 行.
NOTIC: [8] Undefined index: role_id E:\wamp\wamp\www\chem\Application\Runtime\Cache\Home\821e2be669b73fa87e514a9a59091184.php 第 41 行.
NOTIC: [8] Undefined index: role_id E:\wamp\wamp\www\chem\Application\Runtime\Cache\Home\821e2be669b73fa87e514a9a59091184.php 第 41 行.
INFO: Run Behavior\ParseTemplateBehavior [ RunTime:0.010199s ]
INFO: [ view_parse ] --END-- [ RunTime:0.010308s ]
INFO: [ view_filter ] --START--
INFO: Run Behavior\WriteHtmlCacheBehavior [ RunTime:0.000362s ]
INFO: [ view_filter ] --END-- [ RunTime:0.000451s ]
INFO: [ app_end ] --START--
INFO: Run Behavior\ShowPageTraceBehavior [ RunTime:0.000837s ]
INFO: [ app_end ] --END-- [ RunTime:0.000953s ]

[ 2016-05-23T14:12:50+08:00 ] ::1 /chem/index.php/Home/safety/add.html
INFO: [ app_init ] --START--
INFO: Run Behavior\BuildLiteBehavior [ RunTime:0.000024s ]
INFO: [ app_init ] --END-- [ RunTime:0.001099s ]
INFO: [ app_begin ] --START--
INFO: Run Behavior\ReadHtmlCacheBehavior [ RunTime:0.000453s ]
INFO: [ app_begin ] --END-- [ RunTime:0.000547s ]
INFO: [ view_parse ] --START--
INFO: [ template_filter ] --START--
INFO: Run Behavior\ContentReplaceBehavior [ RunTime:0.000067s ]
INFO: [ template_filter ] --END-- [ RunTime:0.000178s ]
INFO: Run Behavior\ParseTemplateBehavior [ RunTime:0.005803s ]
INFO: [ view_parse ] --END-- [ RunTime:0.005902s ]
INFO: [ view_filter ] --START--
INFO: Run Behavior\WriteHtmlCacheBehavior [ RunTime:0.000304s ]
INFO: [ view_filter ] --END-- [ RunTime:0.000414s ]
INFO: [ app_end ] --START--
INFO: Run Behavior\ShowPageTraceBehavior [ RunTime:0.000521s ]
INFO: [ app_end ] --END-- [ RunTime:0.000623s ]

[ 2016-05-23T14:13:15+08:00 ] ::1 /chem/index.php/Home/safety/lst
INFO: [ app_init ] --START--
INFO: Run Behavior\BuildLiteBehavior [ RunTime:0.000027s ]
INFO: [ app_init ] --END-- [ RunTime:0.000399s ]
INFO: [ app_begin ] --START--
INFO: Run Behavior\ReadHtmlCacheBehavior [ RunTime:0.000584s ]
INFO: [ app_begin ] --END-- [ RunTime:0.000750s ]
SQL: SHOW COLUMNS FROM `safety` [ RunTime:0.0042s ]
SQL: SELECT * FROM `safety`  [ RunTime:0.0004s ]
INFO: [ view_parse ] --START--
INFO: [ template_filter ] --START--
INFO: Run Behavior\ContentReplaceBehavior [ RunTime:0.000147s ]
INFO: [ template_filter ] --END-- [ RunTime:0.000289s ]
NOTIC: [8] Undefined index: role_id E:\wamp\wamp\www\chem\Application\Runtime\Cache\Home\821e2be669b73fa87e514a9a59091184.php 第 41 行.
NOTIC: [8] Undefined index: role_id E:\wamp\wamp\www\chem\Application\Runtime\Cache\Home\821e2be669b73fa87e514a9a59091184.php 第 41 行.
NOTIC: [8] Undefined index: role_id E:\wamp\wamp\www\chem\Application\Runtime\Cache\Home\821e2be669b73fa87e514a9a59091184.php 第 41 行.
NOTIC: [8] Undefined index: role_id E:\wamp\wamp\www\chem\Application\Runtime\Cache\Home\821e2be669b73fa87e514a9a59091184.php 第 41 行.
NOTIC: [8] Undefined index: role_id E:\wamp\wamp\www\chem\Application\Runtime\Cache\Home\821e2be669b73fa87e514a9a59091184.php 第 41 行.
NOTIC: [8] Undefined index: role_id E:\wamp\wamp\www\chem\Application\Runtime\Cache\Home\821e2be669b73fa87e514a9a59091184.php 第 41 行.
NOTIC: [8] Undefined index: role_id E:\wamp\wamp\www\chem\Application\Runtime\Cache\Home\821e2be669b73fa87e514a9a59091184.php 第 41 行.
NOTIC: [8] Undefined index: role_id E:\wamp\wamp\www\chem\Application\Runtime\Cache\Home\821e2be669b73fa87e514a9a59091184.php 第 41 行.
NOTIC: [8] Undefined index: role_id E:\wamp\wamp\www\chem\Application\Runtime\Cache\Home\821e2be669b73fa87e514a9a59091184.php 第 41 行.
NOTIC: [8] Undefined index: role_id E:\wamp\wamp\www\chem\Application\Runtime\Cache\Home\821e2be669b73fa87e514a9a59091184.php 第 41 行.
NOTIC: [8] Undefined index: role_id E:\wamp\wamp\www\chem\Application\Runtime\Cache\Home\821e2be669b73fa87e514a9a59091184.php 第 41 行.
NOTIC: [8] Undefined index: role_id E:\wamp\wamp\www\chem\Application\Runtime\Cache\Home\821e2be669b73fa87e514a9a59091184.php 第 41 行.
INFO: Run Behavior\ParseTemplateBehavior [ RunTime:0.014189s ]
INFO: [ view_parse ] --END-- [ RunTime:0.014354s ]
INFO: [ view_filter ] --START--
INFO: Run Behavior\WriteHtmlCacheBehavior [ RunTime:0.000493s ]
INFO: [ view_filter ] --END-- [ RunTime:0.000602s ]
INFO: [ app_end ] --START--
INFO: Run Behavior\ShowPageTraceBehavior [ RunTime:0.000989s ]
INFO: [ app_end ] --END-- [ RunTime:0.001141s ]

[ 2016-05-23T14:13:17+08:00 ] ::1 /chem/index.php/Home/safety/add.html
INFO: [ app_init ] --START--
INFO: Run Behavior\BuildLiteBehavior [ RunTime:0.000036s ]
INFO: [ app_init ] --END-- [ RunTime:0.000633s ]
INFO: [ app_begin ] --START--
INFO: Run Behavior\ReadHtmlCacheBehavior [ RunTime:0.000980s ]
INFO: [ app_begin ] --END-- [ RunTime:0.001207s ]
INFO: [ view_parse ] --START--
INFO: [ template_filter ] --START--
INFO: Run Behavior\ContentReplaceBehavior [ RunTime:0.000082s ]
INFO: [ template_filter ] --END-- [ RunTime:0.000243s ]
INFO: Run Behavior\ParseTemplateBehavior [ RunTime:0.008109s ]
INFO: [ view_parse ] --END-- [ RunTime:0.008221s ]
INFO: [ view_filter ] --START--
INFO: Run Behavior\WriteHtmlCacheBehavior [ RunTime:0.000331s ]
INFO: [ view_filter ] --END-- [ RunTime:0.000419s ]
INFO: [ app_end ] --START--
INFO: Run Behavior\ShowPageTraceBehavior [ RunTime:0.000475s ]
INFO: [ app_end ] --END-- [ RunTime:0.000609s ]

[ 2016-05-23T14:13:28+08:00 ] ::1 /chem/index.php/Home/safety/add.html
INFO: [ app_init ] --START--
INFO: Run Behavior\BuildLiteBehavior [ RunTime:0.000026s ]
INFO: [ app_init ] --END-- [ RunTime:0.000377s ]
INFO: [ app_begin ] --START--
INFO: Run Behavior\ReadHtmlCacheBehavior [ RunTime:0.000535s ]
INFO: [ app_begin ] --END-- [ RunTime:0.000650s ]
SQL: SHOW COLUMNS FROM `safety` [ RunTime:0.0032s ]
SQL: INSERT INTO `safety` (`title`,`content`,`time`) VALUES ('安全知识视频','<p>&lt;embed src=&quot;http://player.youku.com/player.php/sid/XMTU4MDM0NTczMg==/v.swf&quot; allowFullScreen=&quot;true&quot; quality=&quot;high&quot; width=&quot;480&quot; height=&quot;400&quot; align=&quot;middle&quot; allowScriptAccess=&quot;always&quot; type=&quot;application/x-shockwave-flash&quot;&gt;&lt;/embed&gt;</p>','1463984008') [ RunTime:0.0672s ]
INFO: [ view_parse ] --START--
INFO: [ template_filter ] --START--
INFO: Run Behavior\ContentReplaceBehavior [ RunTime:0.000135s ]
INFO: [ template_filter ] --END-- [ RunTime:0.000490s ]
INFO: Run Behavior\ParseTemplateBehavior [ RunTime:0.006955s ]
INFO: [ view_parse ] --END-- [ RunTime:0.007088s ]
INFO: [ view_filter ] --START--
INFO: Run Behavior\WriteHtmlCacheBehavior [ RunTime:0.000384s ]
INFO: [ view_filter ] --END-- [ RunTime:0.000488s ]
INFO: [ app_end ] --START--
INFO: Run Behavior\ShowPageTraceBehavior [ RunTime:0.000532s ]
INFO: [ app_end ] --END-- [ RunTime:0.000657s ]

[ 2016-05-23T14:13:29+08:00 ] ::1 /chem/index.php/Home/safety/lst.html
INFO: [ app_init ] --START--
INFO: Run Behavior\BuildLiteBehavior [ RunTime:0.000023s ]
INFO: [ app_init ] --END-- [ RunTime:0.000359s ]
INFO: [ app_begin ] --START--
INFO: Run Behavior\ReadHtmlCacheBehavior [ RunTime:0.000575s ]
INFO: [ app_begin ] --END-- [ RunTime:0.000696s ]
SQL: SHOW COLUMNS FROM `safety` [ RunTime:0.0882s ]
SQL: SELECT * FROM `safety`  [ RunTime:0.0339s ]
INFO: [ view_parse ] --START--
INFO: [ template_filter ] --START--
INFO: Run Behavior\ContentReplaceBehavior [ RunTime:0.000082s ]
INFO: [ template_filter ] --END-- [ RunTime:0.000213s ]
NOTIC: [8] Undefined index: role_id E:\wamp\wamp\www\chem\Application\Runtime\Cache\Home\821e2be669b73fa87e514a9a59091184.php 第 41 行.
NOTIC: [8] Undefined index: role_id E:\wamp\wamp\www\chem\Application\Runtime\Cache\Home\821e2be669b73fa87e514a9a59091184.php 第 41 行.
NOTIC: [8] Undefined index: role_id E:\wamp\wamp\www\chem\Application\Runtime\Cache\Home\821e2be669b73fa87e514a9a59091184.php 第 41 行.
NOTIC: [8] Undefined index: role_id E:\wamp\wamp\www\chem\Application\Runtime\Cache\Home\821e2be669b73fa87e514a9a59091184.php 第 41 行.
NOTIC: [8] Undefined index: role_id E:\wamp\wamp\www\chem\Application\Runtime\Cache\Home\821e2be669b73fa87e514a9a59091184.php 第 41 行.
NOTIC: [8] Undefined index: role_id E:\wamp\wamp\www\chem\Application\Runtime\Cache\Home\821e2be669b73fa87e514a9a59091184.php 第 41 行.
NOTIC: [8] Undefined index: role_id E:\wamp\wamp\www\chem\Application\Runtime\Cache\Home\821e2be669b73fa87e514a9a59091184.php 第 41 行.
NOTIC: [8] Undefined index: role_id E:\wamp\wamp\www\chem\Application\Runtime\Cache\Home\821e2be669b73fa87e514a9a59091184.php 第 41 行.
NOTIC: [8] Undefined index: role_id E:\wamp\wamp\www\chem\Application\Runtime\Cache\Home\821e2be669b73fa87e514a9a59091184.php 第 41 行.
NOTIC: [8] Undefined index: role_id E:\wamp\wamp\www\chem\Application\Runtime\Cache\Home\821e2be669b73fa87e514a9a59091184.php 第 41 行.
NOTIC: [8] Undefined index: role_id E:\wamp\wamp\www\chem\Application\Runtime\Cache\Home\821e2be669b73fa87e514a9a59091184.php 第 41 行.
NOTIC: [8] Undefined index: role_id E:\wamp\wamp\www\chem\Application\Runtime\Cache\Home\821e2be669b73fa87e514a9a59091184.php 第 41 行.
NOTIC: [8] Undefined index: role_id E:\wamp\wamp\www\chem\Application\Runtime\Cache\Home\821e2be669b73fa87e514a9a59091184.php 第 41 行.
INFO: Run Behavior\ParseTemplateBehavior [ RunTime:0.011707s ]
INFO: [ view_parse ] --END-- [ RunTime:0.011816s ]
INFO: [ view_filter ] --START--
INFO: Run Behavior\WriteHtmlCacheBehavior [ RunTime:0.000405s ]
INFO: [ view_filter ] --END-- [ RunTime:0.000492s ]
INFO: [ app_end ] --START--
INFO: Run Behavior\ShowPageTraceBehavior [ RunTime:0.000918s ]
INFO: [ app_end ] --END-- [ RunTime:0.001127s ]

[ 2016-05-23T14:13:33+08:00 ] ::1 /chem/index.php/Home/Index/index.html
INFO: [ app_init ] --START--
INFO: Run Behavior\BuildLiteBehavior [ RunTime:0.000027s ]
INFO: [ app_init ] --END-- [ RunTime:0.000396s ]
INFO: [ app_begin ] --START--
INFO: Run Behavior\ReadHtmlCacheBehavior [ RunTime:0.000579s ]
INFO: [ app_begin ] --END-- [ RunTime:0.000699s ]
SQL: SHOW COLUMNS FROM `safety` [ RunTime:0.0035s ]
SQL: SELECT COUNT(*) AS tp_count FROM `safety` LIMIT 1   [ RunTime:0.0003s ]
SQL: SELECT * FROM `safety` ORDER BY time DESC LIMIT 0,10   [ RunTime:0.0004s ]
SQL: SHOW COLUMNS FROM `rules` [ RunTime:0.0031s ]
SQL: SELECT * FROM `rules` ORDER BY time DESC LIMIT 4   [ RunTime:0.0003s ]
SQL: SHOW COLUMNS FROM `notice` [ RunTime:0.0032s ]
SQL: SELECT * FROM `notice` ORDER BY time DESC LIMIT 4   [ RunTime:0.0002s ]
INFO: [ view_parse ] --START--
INFO: [ template_filter ] --START--
INFO: Run Behavior\ContentReplaceBehavior [ RunTime:0.000081s ]
INFO: [ template_filter ] --END-- [ RunTime:0.000200s ]
INFO: Run Behavior\ParseTemplateBehavior [ RunTime:0.009036s ]
INFO: [ view_parse ] --END-- [ RunTime:0.009165s ]
INFO: [ view_filter ] --START--
INFO: Run Behavior\WriteHtmlCacheBehavior [ RunTime:0.000308s ]
INFO: [ view_filter ] --END-- [ RunTime:0.000394s ]
INFO: [ app_end ] --START--
INFO: Run Behavior\ShowPageTraceBehavior [ RunTime:0.000460s ]
INFO: [ app_end ] --END-- [ RunTime:0.000550s ]

[ 2016-05-23T14:13:35+08:00 ] ::1 /chem/index.php/Home/Index/main/id/13.html
INFO: [ app_init ] --START--
INFO: Run Behavior\BuildLiteBehavior [ RunTime:0.000031s ]
INFO: [ app_init ] --END-- [ RunTime:0.000581s ]
INFO: [ app_begin ] --START--
INFO: Run Behavior\ReadHtmlCacheBehavior [ RunTime:0.001188s ]
INFO: [ app_begin ] --END-- [ RunTime:0.001571s ]
SQL: SHOW COLUMNS FROM `safety` [ RunTime:0.0066s ]
SQL: SELECT * FROM `safety` WHERE `id` = 13 LIMIT 1   [ RunTime:0.0006s ]
INFO: [ view_parse ] --START--
INFO: [ template_filter ] --START--
INFO: Run Behavior\ContentReplaceBehavior [ RunTime:0.000075s ]
INFO: [ template_filter ] --END-- [ RunTime:0.000215s ]
INFO: Run Behavior\ParseTemplateBehavior [ RunTime:0.007505s ]
INFO: [ view_parse ] --END-- [ RunTime:0.007703s ]
INFO: [ view_filter ] --START--
INFO: Run Behavior\WriteHtmlCacheBehavior [ RunTime:0.001930s ]
INFO: [ view_filter ] --END-- [ RunTime:0.002806s ]
INFO: [ app_end ] --START--
INFO: Run Behavior\ShowPageTraceBehavior [ RunTime:0.000906s ]
INFO: [ app_end ] --END-- [ RunTime:0.001092s ]

[ 2016-05-23T14:20:38+08:00 ] ::1 /chem/index.php/Home/Login/login.html
INFO: [ app_init ] --START--
INFO: Run Behavior\BuildLiteBehavior [ RunTime:0.000027s ]
INFO: [ app_init ] --END-- [ RunTime:0.000500s ]
INFO: [ app_begin ] --START--
INFO: Run Behavior\ReadHtmlCacheBehavior [ RunTime:0.000598s ]
INFO: [ app_begin ] --END-- [ RunTime:0.000726s ]
INFO: [ view_parse ] --START--
INFO: [ template_filter ] --START--
INFO: Run Behavior\ContentReplaceBehavior [ RunTime:0.000082s ]
INFO: [ template_filter ] --END-- [ RunTime:0.000216s ]
INFO: Run Behavior\ParseTemplateBehavior [ RunTime:0.006542s ]
INFO: [ view_parse ] --END-- [ RunTime:0.006661s ]
INFO: [ view_filter ] --START--
INFO: Run Behavior\WriteHtmlCacheBehavior [ RunTime:0.000385s ]
INFO: [ view_filter ] --END-- [ RunTime:0.000489s ]
INFO: [ app_end ] --START--
INFO: Run Behavior\ShowPageTraceBehavior [ RunTime:0.000752s ]
INFO: [ app_end ] --END-- [ RunTime:0.000955s ]

[ 2016-05-23T14:20:39+08:00 ] ::1 /chem/index.php/Home/Login/verify.html
INFO: [ app_init ] --START--
INFO: Run Behavior\BuildLiteBehavior [ RunTime:0.000038s ]
INFO: [ app_init ] --END-- [ RunTime:0.000523s ]
INFO: [ app_begin ] --START--
INFO: Run Behavior\ReadHtmlCacheBehavior [ RunTime:0.000918s ]
INFO: [ app_begin ] --END-- [ RunTime:0.001121s ]
INFO: [ app_end ] --START--
INFO: Run Behavior\ShowPageTraceBehavior [ RunTime:0.000576s ]
INFO: [ app_end ] --END-- [ RunTime:0.000727s ]

[ 2016-05-23T14:20:41+08:00 ] ::1 /chem/index.php/Home/Login/verify.html?Math.random();
INFO: [ app_init ] --START--
INFO: Run Behavior\BuildLiteBehavior [ RunTime:0.000025s ]
INFO: [ app_init ] --END-- [ RunTime:0.000378s ]
INFO: [ app_begin ] --START--
INFO: Run Behavior\ReadHtmlCacheBehavior [ RunTime:0.000561s ]
INFO: [ app_begin ] --END-- [ RunTime:0.000680s ]
INFO: [ app_end ] --START--
INFO: Run Behavior\ShowPageTraceBehavior [ RunTime:0.000568s ]
INFO: [ app_end ] --END-- [ RunTime:0.000697s ]

[ 2016-05-23T14:20:43+08:00 ] ::1 /chem/index.php/Home/Login/login.html
INFO: [ app_init ] --START--
INFO: Run Behavior\BuildLiteBehavior [ RunTime:0.000025s ]
INFO: [ app_init ] --END-- [ RunTime:0.000388s ]
INFO: [ app_begin ] --START--
INFO: Run Behavior\ReadHtmlCacheBehavior [ RunTime:0.000521s ]
INFO: [ app_begin ] --END-- [ RunTime:0.000635s ]
INFO: [ view_parse ] --START--
INFO: [ template_filter ] --START--
INFO: Run Behavior\ContentReplaceBehavior [ RunTime:0.000073s ]
INFO: [ template_filter ] --END-- [ RunTime:0.000205s ]
INFO: Run Behavior\ParseTemplateBehavior [ RunTime:0.007188s ]
INFO: [ view_parse ] --END-- [ RunTime:0.007319s ]
INFO: [ view_filter ] --START--
INFO: Run Behavior\WriteHtmlCacheBehavior [ RunTime:0.000426s ]
INFO: [ view_filter ] --END-- [ RunTime:0.000535s ]

[ 2016-05-23T14:20:45+08:00 ] ::1 /chem/index.php/Home/Login/login.html
INFO: [ app_init ] --START--
INFO: Run Behavior\BuildLiteBehavior [ RunTime:0.000041s ]
INFO: [ app_init ] --END-- [ RunTime:0.000484s ]
INFO: [ app_begin ] --START--
INFO: Run Behavior\ReadHtmlCacheBehavior [ RunTime:0.000879s ]
INFO: [ app_begin ] --END-- [ RunTime:0.001046s ]
INFO: [ view_parse ] --START--
INFO: [ template_filter ] --START--
INFO: Run Behavior\ContentReplaceBehavior [ RunTime:0.000071s ]
INFO: [ template_filter ] --END-- [ RunTime:0.000192s ]
INFO: Run Behavior\ParseTemplateBehavior [ RunTime:0.006880s ]
INFO: [ view_parse ] --END-- [ RunTime:0.007006s ]
INFO: [ view_filter ] --START--
INFO: Run Behavior\WriteHtmlCacheBehavior [ RunTime:0.000324s ]
INFO: [ view_filter ] --END-- [ RunTime:0.000414s ]
INFO: [ app_end ] --START--
INFO: Run Behavior\ShowPageTraceBehavior [ RunTime:0.000580s ]
INFO: [ app_end ] --END-- [ RunTime:0.000685s ]

[ 2016-05-23T14:20:45+08:00 ] ::1 /chem/index.php/Home/Login/verify.html?Math.random();
INFO: [ app_init ] --START--
INFO: Run Behavior\BuildLiteBehavior [ RunTime:0.000025s ]
INFO: [ app_init ] --END-- [ RunTime:0.000378s ]
INFO: [ app_begin ] --START--
INFO: Run Behavior\ReadHtmlCacheBehavior [ RunTime:0.000544s ]
INFO: [ app_begin ] --END-- [ RunTime:0.000658s ]
INFO: [ app_end ] --START--
INFO: Run Behavior\ShowPageTraceBehavior [ RunTime:0.000579s ]
INFO: [ app_end ] --END-- [ RunTime:0.000707s ]

[ 2016-05-23T14:20:48+08:00 ] ::1 /chem/index.php/Home/Login/login.html
INFO: [ app_init ] --START--
INFO: Run Behavior\BuildLiteBehavior [ RunTime:0.000030s ]
INFO: [ app_init ] --END-- [ RunTime:0.000615s ]
INFO: [ app_begin ] --START--
INFO: Run Behavior\ReadHtmlCacheBehavior [ RunTime:0.001176s ]
INFO: [ app_begin ] --END-- [ RunTime:0.001320s ]
SQL: SHOW COLUMNS FROM `admin` [ RunTime:0.1360s ]
SQL: SELECT * FROM `admin` WHERE `username` = 'admin' AND `password` = 'admin' AND `level` = 0  [ RunTime:0.0006s ]
INFO: [ view_parse ] --START--
INFO: [ template_filter ] --START--
INFO: Run Behavior\ContentReplaceBehavior [ RunTime:0.000162s ]
INFO: [ template_filter ] --END-- [ RunTime:0.000485s ]
INFO: Run Behavior\ParseTemplateBehavior [ RunTime:0.012895s ]
INFO: [ view_parse ] --END-- [ RunTime:0.013132s ]
INFO: [ view_filter ] --START--
INFO: Run Behavior\WriteHtmlCacheBehavior [ RunTime:0.000523s ]
INFO: [ view_filter ] --END-- [ RunTime:0.000682s ]
INFO: [ app_end ] --START--
INFO: Run Behavior\ShowPageTraceBehavior [ RunTime:0.000996s ]
INFO: [ app_end ] --END-- [ RunTime:0.001165s ]

[ 2016-05-23T14:20:49+08:00 ] ::1 /chem/index.php/Home/Back/index.html
INFO: [ app_init ] --START--
INFO: Run Behavior\BuildLiteBehavior [ RunTime:0.000040s ]
INFO: [ app_init ] --END-- [ RunTime:0.000645s ]
INFO: [ app_begin ] --START--
INFO: Run Behavior\ReadHtmlCacheBehavior [ RunTime:0.000941s ]
INFO: [ app_begin ] --END-- [ RunTime:0.001145s ]
INFO: [ view_parse ] --START--
INFO: [ template_filter ] --START--
INFO: Run Behavior\ContentReplaceBehavior [ RunTime:0.000074s ]
INFO: [ template_filter ] --END-- [ RunTime:0.000194s ]
INFO: Run Behavior\ParseTemplateBehavior [ RunTime:0.008406s ]
INFO: [ view_parse ] --END-- [ RunTime:0.008553s ]
INFO: [ view_filter ] --START--
INFO: Run Behavior\WriteHtmlCacheBehavior [ RunTime:0.000327s ]
INFO: [ view_filter ] --END-- [ RunTime:0.000419s ]
INFO: [ app_end ] --START--
INFO: Run Behavior\ShowPageTraceBehavior [ RunTime:0.000521s ]
INFO: [ app_end ] --END-- [ RunTime:0.000614s ]

[ 2016-05-23T14:20:49+08:00 ] ::1 /chem/index.php/Home/Back/menu.html
INFO: [ app_init ] --START--
INFO: Run Behavior\BuildLiteBehavior [ RunTime:0.000037s ]
INFO: [ app_init ] --END-- [ RunTime:0.000642s ]
INFO: [ app_begin ] --START--
INFO: Run Behavior\ReadHtmlCacheBehavior [ RunTime:0.001019s ]
INFO: [ app_begin ] --END-- [ RunTime:0.001227s ]
INFO: [ view_parse ] --START--
INFO: [ template_filter ] --START--
INFO: Run Behavior\ContentReplaceBehavior [ RunTime:0.000128s ]
INFO: [ template_filter ] --END-- [ RunTime:0.000267s ]
INFO: Run Behavior\ParseTemplateBehavior [ RunTime:0.011419s ]
INFO: [ view_parse ] --END-- [ RunTime:0.011571s ]
INFO: [ view_filter ] --START--
INFO: Run Behavior\WriteHtmlCacheBehavior [ RunTime:0.001058s ]
INFO: [ view_filter ] --END-- [ RunTime:0.001548s ]
INFO: [ app_end ] --START--
INFO: Run Behavior\ShowPageTraceBehavior [ RunTime:0.001215s ]
INFO: [ app_end ] --END-- [ RunTime:0.001464s ]

[ 2016-05-23T14:20:49+08:00 ] ::1 /chem/index.php/Home/Back/top.html
INFO: [ app_init ] --START--
INFO: Run Behavior\BuildLiteBehavior [ RunTime:0.000046s ]
INFO: [ app_init ] --END-- [ RunTime:0.000761s ]
INFO: [ app_begin ] --START--
INFO: Run Behavior\ReadHtmlCacheBehavior [ RunTime:0.003662s ]
INFO: [ app_begin ] --END-- [ RunTime:0.003968s ]
INFO: [ view_parse ] --START--
INFO: [ template_filter ] --START--
INFO: Run Behavior\ContentReplaceBehavior [ RunTime:0.000419s ]
INFO: [ template_filter ] --END-- [ RunTime:0.001195s ]
INFO: Run Behavior\ParseTemplateBehavior [ RunTime:0.012487s ]
INFO: [ view_parse ] --END-- [ RunTime:0.012703s ]
INFO: [ view_filter ] --START--
INFO: Run Behavior\WriteHtmlCacheBehavior [ RunTime:0.000683s ]
INFO: [ view_filter ] --END-- [ RunTime:0.000841s ]
INFO: [ app_end ] --START--
INFO: Run Behavior\ShowPageTraceBehavior [ RunTime:0.000493s ]
INFO: [ app_end ] --END-- [ RunTime:0.000588s ]

[ 2016-05-23T14:20:49+08:00 ] ::1 /chem/index.php/Home/Back/main.html
INFO: [ app_init ] --START--
INFO: Run Behavior\BuildLiteBehavior [ RunTime:0.000044s ]
INFO: [ app_init ] --END-- [ RunTime:0.000869s ]
INFO: [ app_begin ] --START--
INFO: Run Behavior\ReadHtmlCacheBehavior [ RunTime:0.002380s ]
INFO: [ app_begin ] --END-- [ RunTime:0.002921s ]
INFO: [ view_parse ] --START--
INFO: [ template_filter ] --START--
INFO: Run Behavior\ContentReplaceBehavior [ RunTime:0.000104s ]
INFO: [ template_filter ] --END-- [ RunTime:0.000302s ]
INFO: Run Behavior\ParseTemplateBehavior [ RunTime:0.005044s ]
INFO: [ view_parse ] --END-- [ RunTime:0.005167s ]
INFO: [ view_filter ] --START--
INFO: Run Behavior\WriteHtmlCacheBehavior [ RunTime:0.000384s ]
INFO: [ view_filter ] --END-- [ RunTime:0.000482s ]
INFO: [ app_end ] --START--
INFO: Run Behavior\ShowPageTraceBehavior [ RunTime:0.000893s ]
INFO: [ app_end ] --END-- [ RunTime:0.001038s ]

[ 2016-05-23T14:20:52+08:00 ] ::1 /chem/index.php/Home/safety/lst
INFO: [ app_init ] --START--
INFO: Run Behavior\BuildLiteBehavior [ RunTime:0.000025s ]
INFO: [ app_init ] --END-- [ RunTime:0.000458s ]
INFO: [ app_begin ] --START--
INFO: Run Behavior\ReadHtmlCacheBehavior [ RunTime:0.000836s ]
INFO: [ app_begin ] --END-- [ RunTime:0.000958s ]
SQL: SHOW COLUMNS FROM `safety` [ RunTime:0.0035s ]
SQL: SELECT * FROM `safety`  [ RunTime:0.0003s ]
INFO: [ view_parse ] --START--
INFO: [ template_filter ] --START--
INFO: Run Behavior\ContentReplaceBehavior [ RunTime:0.000073s ]
INFO: [ template_filter ] --END-- [ RunTime:0.000187s ]
NOTIC: [8] Undefined index: role_id E:\wamp\wamp\www\chem\Application\Runtime\Cache\Home\821e2be669b73fa87e514a9a59091184.php 第 41 行.
NOTIC: [8] Undefined index: role_id E:\wamp\wamp\www\chem\Application\Runtime\Cache\Home\821e2be669b73fa87e514a9a59091184.php 第 41 行.
NOTIC: [8] Undefined index: role_id E:\wamp\wamp\www\chem\Application\Runtime\Cache\Home\821e2be669b73fa87e514a9a59091184.php 第 41 行.
NOTIC: [8] Undefined index: role_id E:\wamp\wamp\www\chem\Application\Runtime\Cache\Home\821e2be669b73fa87e514a9a59091184.php 第 41 行.
NOTIC: [8] Undefined index: role_id E:\wamp\wamp\www\chem\Application\Runtime\Cache\Home\821e2be669b73fa87e514a9a59091184.php 第 41 行.
NOTIC: [8] Undefined index: role_id E:\wamp\wamp\www\chem\Application\Runtime\Cache\Home\821e2be669b73fa87e514a9a59091184.php 第 41 行.
NOTIC: [8] Undefined index: role_id E:\wamp\wamp\www\chem\Application\Runtime\Cache\Home\821e2be669b73fa87e514a9a59091184.php 第 41 行.
NOTIC: [8] Undefined index: role_id E:\wamp\wamp\www\chem\Application\Runtime\Cache\Home\821e2be669b73fa87e514a9a59091184.php 第 41 行.
NOTIC: [8] Undefined index: role_id E:\wamp\wamp\www\chem\Application\Runtime\Cache\Home\821e2be669b73fa87e514a9a59091184.php 第 41 行.
NOTIC: [8] Undefined index: role_id E:\wamp\wamp\www\chem\Application\Runtime\Cache\Home\821e2be669b73fa87e514a9a59091184.php 第 41 行.
NOTIC: [8] Undefined index: role_id E:\wamp\wamp\www\chem\Application\Runtime\Cache\Home\821e2be669b73fa87e514a9a59091184.php 第 41 行.
NOTIC: [8] Undefined index: role_id E:\wamp\wamp\www\chem\Application\Runtime\Cache\Home\821e2be669b73fa87e514a9a59091184.php 第 41 行.
NOTIC: [8] Undefined index: role_id E:\wamp\wamp\www\chem\Application\Runtime\Cache\Home\821e2be669b73fa87e514a9a59091184.php 第 41 行.
INFO: Run Behavior\ParseTemplateBehavior [ RunTime:0.013377s ]
INFO: [ view_parse ] --END-- [ RunTime:0.013526s ]
INFO: [ view_filter ] --START--
INFO: Run Behavior\WriteHtmlCacheBehavior [ RunTime:0.000485s ]
INFO: [ view_filter ] --END-- [ RunTime:0.000577s ]
INFO: [ app_end ] --START--
INFO: Run Behavior\ShowPageTraceBehavior [ RunTime:0.000822s ]
INFO: [ app_end ] --END-- [ RunTime:0.000985s ]

[ 2016-05-23T14:20:53+08:00 ] ::1 /chem/index.php/Home/safety/add.html
INFO: [ app_init ] --START--
INFO: Run Behavior\BuildLiteBehavior [ RunTime:0.000027s ]
INFO: [ app_init ] --END-- [ RunTime:0.000437s ]
INFO: [ app_begin ] --START--
INFO: Run Behavior\ReadHtmlCacheBehavior [ RunTime:0.000569s ]
INFO: [ app_begin ] --END-- [ RunTime:0.000685s ]
INFO: [ view_parse ] --START--
INFO: [ template_filter ] --START--
INFO: Run Behavior\ContentReplaceBehavior [ RunTime:0.000073s ]
INFO: [ template_filter ] --END-- [ RunTime:0.000211s ]
INFO: Run Behavior\ParseTemplateBehavior [ RunTime:0.006444s ]
INFO: [ view_parse ] --END-- [ RunTime:0.006572s ]
INFO: [ view_filter ] --START--
INFO: Run Behavior\WriteHtmlCacheBehavior [ RunTime:0.000387s ]
INFO: [ view_filter ] --END-- [ RunTime:0.000492s ]
INFO: [ app_end ] --START--
INFO: Run Behavior\ShowPageTraceBehavior [ RunTime:0.000543s ]
INFO: [ app_end ] --END-- [ RunTime:0.000652s ]

[ 2016-05-23T14:21:06+08:00 ] ::1 /chem/index.php/Home/safety/add.html
INFO: [ app_init ] --START--
INFO: Run Behavior\BuildLiteBehavior [ RunTime:0.000022s ]
INFO: [ app_init ] --END-- [ RunTime:0.000375s ]
INFO: [ app_begin ] --START--
INFO: Run Behavior\ReadHtmlCacheBehavior [ RunTime:0.000498s ]
INFO: [ app_begin ] --END-- [ RunTime:0.000599s ]
SQL: SHOW COLUMNS FROM `safety` [ RunTime:0.0027s ]
SQL: INSERT INTO `safety` (`title`,`content`,`time`) VALUES ('anquanzhishi','<p>&lt;embed&nbsp;src=&quot;http://player.youku.com/player.php/sid/XNDA1NTQwMDg4/v.swf&quot;&nbsp;allowFullScreen=&quot;true&quot;&nbsp;quality=&quot;high&quot;&nbsp;width=&quot;480&quot;&nbsp;height=&quot;400&quot;&nbsp;align=&quot;middle&quot;&nbsp;allowScriptAccess=&quot;always&quot;&nbsp;type=&quot;application/x-shockwave-flash&quot;&gt;&lt;/embed&gt;<br/></p><p><br/></p>','1463984466') [ RunTime:0.1559s ]
INFO: [ view_parse ] --START--
INFO: [ template_filter ] --START--
INFO: Run Behavior\ContentReplaceBehavior [ RunTime:0.000060s ]
INFO: [ template_filter ] --END-- [ RunTime:0.000185s ]
INFO: Run Behavior\ParseTemplateBehavior [ RunTime:0.005276s ]
INFO: [ view_parse ] --END-- [ RunTime:0.005384s ]
INFO: [ view_filter ] --START--
INFO: Run Behavior\WriteHtmlCacheBehavior [ RunTime:0.000345s ]
INFO: [ view_filter ] --END-- [ RunTime:0.000449s ]
INFO: [ app_end ] --START--
INFO: Run Behavior\ShowPageTraceBehavior [ RunTime:0.000632s ]
INFO: [ app_end ] --END-- [ RunTime:0.000772s ]

[ 2016-05-23T14:21:08+08:00 ] ::1 /chem/index.php/Home/safety/lst.html
INFO: [ app_init ] --START--
INFO: Run Behavior\BuildLiteBehavior [ RunTime:0.000039s ]
INFO: [ app_init ] --END-- [ RunTime:0.000610s ]
INFO: [ app_begin ] --START--
INFO: Run Behavior\ReadHtmlCacheBehavior [ RunTime:0.000653s ]
INFO: [ app_begin ] --END-- [ RunTime:0.000823s ]
SQL: SHOW COLUMNS FROM `safety` [ RunTime:0.1200s ]
SQL: SELECT * FROM `safety`  [ RunTime:0.0003s ]
INFO: [ view_parse ] --START--
INFO: [ template_filter ] --START--
INFO: Run Behavior\ContentReplaceBehavior [ RunTime:0.000084s ]
INFO: [ template_filter ] --END-- [ RunTime:0.000215s ]
NOTIC: [8] Undefined index: role_id E:\wamp\wamp\www\chem\Application\Runtime\Cache\Home\821e2be669b73fa87e514a9a59091184.php 第 41 行.
NOTIC: [8] Undefined index: role_id E:\wamp\wamp\www\chem\Application\Runtime\Cache\Home\821e2be669b73fa87e514a9a59091184.php 第 41 行.
NOTIC: [8] Undefined index: role_id E:\wamp\wamp\www\chem\Application\Runtime\Cache\Home\821e2be669b73fa87e514a9a59091184.php 第 41 行.
NOTIC: [8] Undefined index: role_id E:\wamp\wamp\www\chem\Application\Runtime\Cache\Home\821e2be669b73fa87e514a9a59091184.php 第 41 行.
NOTIC: [8] Undefined index: role_id E:\wamp\wamp\www\chem\Application\Runtime\Cache\Home\821e2be669b73fa87e514a9a59091184.php 第 41 行.
NOTIC: [8] Undefined index: role_id E:\wamp\wamp\www\chem\Application\Runtime\Cache\Home\821e2be669b73fa87e514a9a59091184.php 第 41 行.
NOTIC: [8] Undefined index: role_id E:\wamp\wamp\www\chem\Application\Runtime\Cache\Home\821e2be669b73fa87e514a9a59091184.php 第 41 行.
NOTIC: [8] Undefined index: role_id E:\wamp\wamp\www\chem\Application\Runtime\Cache\Home\821e2be669b73fa87e514a9a59091184.php 第 41 行.
NOTIC: [8] Undefined index: role_id E:\wamp\wamp\www\chem\Application\Runtime\Cache\Home\821e2be669b73fa87e514a9a59091184.php 第 41 行.
NOTIC: [8] Undefined index: role_id E:\wamp\wamp\www\chem\Application\Runtime\Cache\Home\821e2be669b73fa87e514a9a59091184.php 第 41 行.
NOTIC: [8] Undefined index: role_id E:\wamp\wamp\www\chem\Application\Runtime\Cache\Home\821e2be669b73fa87e514a9a59091184.php 第 41 行.
NOTIC: [8] Undefined index: role_id E:\wamp\wamp\www\chem\Application\Runtime\Cache\Home\821e2be669b73fa87e514a9a59091184.php 第 41 行.
NOTIC: [8] Undefined index: role_id E:\wamp\wamp\www\chem\Application\Runtime\Cache\Home\821e2be669b73fa87e514a9a59091184.php 第 41 行.
NOTIC: [8] Undefined index: role_id E:\wamp\wamp\www\chem\Application\Runtime\Cache\Home\821e2be669b73fa87e514a9a59091184.php 第 41 行.
INFO: Run Behavior\ParseTemplateBehavior [ RunTime:0.014056s ]
INFO: [ view_parse ] --END-- [ RunTime:0.014187s ]
INFO: [ view_filter ] --START--
INFO: Run Behavior\WriteHtmlCacheBehavior [ RunTime:0.000558s ]
INFO: [ view_filter ] --END-- [ RunTime:0.000675s ]
INFO: [ app_end ] --START--
INFO: Run Behavior\ShowPageTraceBehavior [ RunTime:0.000909s ]
INFO: [ app_end ] --END-- [ RunTime:0.001094s ]

[ 2016-05-23T14:21:10+08:00 ] ::1 /chem/index.php/Home/Index/index.html
INFO: [ app_init ] --START--
INFO: Run Behavior\BuildLiteBehavior [ RunTime:0.000025s ]
INFO: [ app_init ] --END-- [ RunTime:0.000410s ]
INFO: [ app_begin ] --START--
INFO: Run Behavior\ReadHtmlCacheBehavior [ RunTime:0.000571s ]
INFO: [ app_begin ] --END-- [ RunTime:0.000686s ]
SQL: SHOW COLUMNS FROM `safety` [ RunTime:0.0055s ]
SQL: SELECT COUNT(*) AS tp_count FROM `safety` LIMIT 1   [ RunTime:0.0003s ]
SQL: SELECT * FROM `safety` ORDER BY time DESC LIMIT 0,10   [ RunTime:0.0003s ]
SQL: SHOW COLUMNS FROM `rules` [ RunTime:0.0034s ]
SQL: SELECT * FROM `rules` ORDER BY time DESC LIMIT 4   [ RunTime:0.0003s ]
SQL: SHOW COLUMNS FROM `notice` [ RunTime:0.0032s ]
SQL: SELECT * FROM `notice` ORDER BY time DESC LIMIT 4   [ RunTime:0.0003s ]
INFO: [ view_parse ] --START--
INFO: [ template_filter ] --START--
INFO: Run Behavior\ContentReplaceBehavior [ RunTime:0.000073s ]
INFO: [ template_filter ] --END-- [ RunTime:0.000189s ]
INFO: Run Behavior\ParseTemplateBehavior [ RunTime:0.010397s ]
INFO: [ view_parse ] --END-- [ RunTime:0.010537s ]
INFO: [ view_filter ] --START--
INFO: Run Behavior\WriteHtmlCacheBehavior [ RunTime:0.000552s ]
INFO: [ view_filter ] --END-- [ RunTime:0.000667s ]
INFO: [ app_end ] --START--
INFO: Run Behavior\ShowPageTraceBehavior [ RunTime:0.000513s ]
INFO: [ app_end ] --END-- [ RunTime:0.000602s ]

[ 2016-05-23T14:21:12+08:00 ] ::1 /chem/index.php/Home/Index/main/id/14.html
INFO: [ app_init ] --START--
INFO: Run Behavior\BuildLiteBehavior [ RunTime:0.000027s ]
INFO: [ app_init ] --END-- [ RunTime:0.000615s ]
INFO: [ app_begin ] --START--
INFO: Run Behavior\ReadHtmlCacheBehavior [ RunTime:0.000615s ]
INFO: [ app_begin ] --END-- [ RunTime:0.000731s ]
SQL: SHOW COLUMNS FROM `safety` [ RunTime:0.0062s ]
SQL: SELECT * FROM `safety` WHERE `id` = 14 LIMIT 1   [ RunTime:0.0002s ]
INFO: [ view_parse ] --START--
INFO: [ template_filter ] --START--
INFO: Run Behavior\ContentReplaceBehavior [ RunTime:0.000102s ]
INFO: [ template_filter ] --END-- [ RunTime:0.000287s ]
INFO: Run Behavior\ParseTemplateBehavior [ RunTime:0.105704s ]
INFO: [ view_parse ] --END-- [ RunTime:0.105860s ]
INFO: [ view_filter ] --START--
INFO: Run Behavior\WriteHtmlCacheBehavior [ RunTime:0.000532s ]
INFO: [ view_filter ] --END-- [ RunTime:0.000636s ]
INFO: [ app_end ] --START--
INFO: Run Behavior\ShowPageTraceBehavior [ RunTime:0.000830s ]
INFO: [ app_end ] --END-- [ RunTime:0.001039s ]

[ 2016-05-23T14:21:52+08:00 ] ::1 /chem/index.php/Home/safety/lst
INFO: [ app_init ] --START--
INFO: Run Behavior\BuildLiteBehavior [ RunTime:0.000025s ]
INFO: [ app_init ] --END-- [ RunTime:0.000424s ]
INFO: [ app_begin ] --START--
INFO: Run Behavior\ReadHtmlCacheBehavior [ RunTime:0.000652s ]
INFO: [ app_begin ] --END-- [ RunTime:0.000771s ]
SQL: SHOW COLUMNS FROM `safety` [ RunTime:0.0035s ]
SQL: SELECT * FROM `safety`  [ RunTime:0.0003s ]
INFO: [ view_parse ] --START--
INFO: [ template_filter ] --START--
INFO: Run Behavior\ContentReplaceBehavior [ RunTime:0.000087s ]
INFO: [ template_filter ] --END-- [ RunTime:0.000213s ]
NOTIC: [8] Undefined index: role_id E:\wamp\wamp\www\chem\Application\Runtime\Cache\Home\821e2be669b73fa87e514a9a59091184.php 第 41 行.
NOTIC: [8] Undefined index: role_id E:\wamp\wamp\www\chem\Application\Runtime\Cache\Home\821e2be669b73fa87e514a9a59091184.php 第 41 行.
NOTIC: [8] Undefined index: role_id E:\wamp\wamp\www\chem\Application\Runtime\Cache\Home\821e2be669b73fa87e514a9a59091184.php 第 41 行.
NOTIC: [8] Undefined index: role_id E:\wamp\wamp\www\chem\Application\Runtime\Cache\Home\821e2be669b73fa87e514a9a59091184.php 第 41 行.
NOTIC: [8] Undefined index: role_id E:\wamp\wamp\www\chem\Application\Runtime\Cache\Home\821e2be669b73fa87e514a9a59091184.php 第 41 行.
NOTIC: [8] Undefined index: role_id E:\wamp\wamp\www\chem\Application\Runtime\Cache\Home\821e2be669b73fa87e514a9a59091184.php 第 41 行.
NOTIC: [8] Undefined index: role_id E:\wamp\wamp\www\chem\Application\Runtime\Cache\Home\821e2be669b73fa87e514a9a59091184.php 第 41 行.
NOTIC: [8] Undefined index: role_id E:\wamp\wamp\www\chem\Application\Runtime\Cache\Home\821e2be669b73fa87e514a9a59091184.php 第 41 行.
NOTIC: [8] Undefined index: role_id E:\wamp\wamp\www\chem\Application\Runtime\Cache\Home\821e2be669b73fa87e514a9a59091184.php 第 41 行.
NOTIC: [8] Undefined index: role_id E:\wamp\wamp\www\chem\Application\Runtime\Cache\Home\821e2be669b73fa87e514a9a59091184.php 第 41 行.
NOTIC: [8] Undefined index: role_id E:\wamp\wamp\www\chem\Application\Runtime\Cache\Home\821e2be669b73fa87e514a9a59091184.php 第 41 行.
NOTIC: [8] Undefined index: role_id E:\wamp\wamp\www\chem\Application\Runtime\Cache\Home\821e2be669b73fa87e514a9a59091184.php 第 41 行.
NOTIC: [8] Undefined index: role_id E:\wamp\wamp\www\chem\Application\Runtime\Cache\Home\821e2be669b73fa87e514a9a59091184.php 第 41 行.
NOTIC: [8] Undefined index: role_id E:\wamp\wamp\www\chem\Application\Runtime\Cache\Home\821e2be669b73fa87e514a9a59091184.php 第 41 行.
INFO: Run Behavior\ParseTemplateBehavior [ RunTime:0.011110s ]
INFO: [ view_parse ] --END-- [ RunTime:0.011238s ]
INFO: [ view_filter ] --START--
INFO: Run Behavior\WriteHtmlCacheBehavior [ RunTime:0.000397s ]
INFO: [ view_filter ] --END-- [ RunTime:0.000501s ]
INFO: [ app_end ] --START--
INFO: Run Behavior\ShowPageTraceBehavior [ RunTime:0.000737s ]
INFO: [ app_end ] --END-- [ RunTime:0.000890s ]

[ 2016-05-23T14:21:53+08:00 ] ::1 /chem/index.php/Home/safety/add.html
INFO: [ app_init ] --START--
INFO: Run Behavior\BuildLiteBehavior [ RunTime:0.000040s ]
INFO: [ app_init ] --END-- [ RunTime:0.000550s ]
INFO: [ app_begin ] --START--
INFO: Run Behavior\ReadHtmlCacheBehavior [ RunTime:0.000968s ]
INFO: [ app_begin ] --END-- [ RunTime:0.001178s ]
INFO: [ view_parse ] --START--
INFO: [ template_filter ] --START--
INFO: Run Behavior\ContentReplaceBehavior [ RunTime:0.000079s ]
INFO: [ template_filter ] --END-- [ RunTime:0.000226s ]
INFO: Run Behavior\ParseTemplateBehavior [ RunTime:0.006668s ]
INFO: [ view_parse ] --END-- [ RunTime:0.006819s ]
INFO: [ view_filter ] --START--
INFO: Run Behavior\WriteHtmlCacheBehavior [ RunTime:0.000404s ]
INFO: [ view_filter ] --END-- [ RunTime:0.000551s ]
INFO: [ app_end ] --START--
INFO: Run Behavior\ShowPageTraceBehavior [ RunTime:0.000496s ]
INFO: [ app_end ] --END-- [ RunTime:0.000589s ]

[ 2016-05-23T14:22:31+08:00 ] ::1 /chem/index.php/Home/safety/add.html
INFO: [ app_init ] --START--
INFO: Run Behavior\BuildLiteBehavior [ RunTime:0.000044s ]
INFO: [ app_init ] --END-- [ RunTime:0.000649s ]
INFO: [ app_begin ] --START--
INFO: Run Behavior\ReadHtmlCacheBehavior [ RunTime:0.000835s ]
INFO: [ app_begin ] --END-- [ RunTime:0.001027s ]
SQL: SHOW COLUMNS FROM `safety` [ RunTime:0.0032s ]
SQL: INSERT INTO `safety` (`title`,`content`,`time`) VALUES ('[视频]安全','<p>&lt;embed src=&quot;http://player.youku.com/player.php/sid/XNDA1NTQwMDg4/v.swf&quot; allowFullScreen=&quot;true&quot; quality=&quot;high&quot; width=&quot;480&quot; height=&quot;400&quot; align=&quot;middle&quot; allowScriptAccess=&quot;always&quot; type=&quot;application/x-shockwave-flash&quot;&gt;&lt;/embed&gt;</p>','1463984551') [ RunTime:0.2183s ]
INFO: [ view_parse ] --START--
INFO: [ template_filter ] --START--
INFO: Run Behavior\ContentReplaceBehavior [ RunTime:0.000065s ]
INFO: [ template_filter ] --END-- [ RunTime:0.000172s ]
INFO: Run Behavior\ParseTemplateBehavior [ RunTime:0.005426s ]
INFO: [ view_parse ] --END-- [ RunTime:0.005534s ]
INFO: [ view_filter ] --START--
INFO: Run Behavior\WriteHtmlCacheBehavior [ RunTime:0.000340s ]
INFO: [ view_filter ] --END-- [ RunTime:0.000425s ]
INFO: [ app_end ] --START--
INFO: Run Behavior\ShowPageTraceBehavior [ RunTime:0.000492s ]
INFO: [ app_end ] --END-- [ RunTime:0.000580s ]

[ 2016-05-23T14:22:32+08:00 ] ::1 /chem/index.php/Home/safety/lst.html
INFO: [ app_init ] --START--
INFO: Run Behavior\BuildLiteBehavior [ RunTime:0.000033s ]
INFO: [ app_init ] --END-- [ RunTime:0.000533s ]
INFO: [ app_begin ] --START--
INFO: Run Behavior\ReadHtmlCacheBehavior [ RunTime:0.001419s ]
INFO: [ app_begin ] --END-- [ RunTime:0.002220s ]
SQL: SHOW COLUMNS FROM `safety` [ RunTime:0.0029s ]
SQL: SELECT * FROM `safety`  [ RunTime:0.0002s ]
INFO: [ view_parse ] --START--
INFO: [ template_filter ] --START--
INFO: Run Behavior\ContentReplaceBehavior [ RunTime:0.000073s ]
INFO: [ template_filter ] --END-- [ RunTime:0.000193s ]
NOTIC: [8] Undefined index: role_id E:\wamp\wamp\www\chem\Application\Runtime\Cache\Home\821e2be669b73fa87e514a9a59091184.php 第 41 行.
NOTIC: [8] Undefined index: role_id E:\wamp\wamp\www\chem\Application\Runtime\Cache\Home\821e2be669b73fa87e514a9a59091184.php 第 41 行.
NOTIC: [8] Undefined index: role_id E:\wamp\wamp\www\chem\Application\Runtime\Cache\Home\821e2be669b73fa87e514a9a59091184.php 第 41 行.
NOTIC: [8] Undefined index: role_id E:\wamp\wamp\www\chem\Application\Runtime\Cache\Home\821e2be669b73fa87e514a9a59091184.php 第 41 行.
NOTIC: [8] Undefined index: role_id E:\wamp\wamp\www\chem\Application\Runtime\Cache\Home\821e2be669b73fa87e514a9a59091184.php 第 41 行.
NOTIC: [8] Undefined index: role_id E:\wamp\wamp\www\chem\Application\Runtime\Cache\Home\821e2be669b73fa87e514a9a59091184.php 第 41 行.
NOTIC: [8] Undefined index: role_id E:\wamp\wamp\www\chem\Application\Runtime\Cache\Home\821e2be669b73fa87e514a9a59091184.php 第 41 行.
NOTIC: [8] Undefined index: role_id E:\wamp\wamp\www\chem\Application\Runtime\Cache\Home\821e2be669b73fa87e514a9a59091184.php 第 41 行.
NOTIC: [8] Undefined index: role_id E:\wamp\wamp\www\chem\Application\Runtime\Cache\Home\821e2be669b73fa87e514a9a59091184.php 第 41 行.
NOTIC: [8] Undefined index: role_id E:\wamp\wamp\www\chem\Application\Runtime\Cache\Home\821e2be669b73fa87e514a9a59091184.php 第 41 行.
NOTIC: [8] Undefined index: role_id E:\wamp\wamp\www\chem\Application\Runtime\Cache\Home\821e2be669b73fa87e514a9a59091184.php 第 41 行.
NOTIC: [8] Undefined index: role_id E:\wamp\wamp\www\chem\Application\Runtime\Cache\Home\821e2be669b73fa87e514a9a59091184.php 第 41 行.
NOTIC: [8] Undefined index: role_id E:\wamp\wamp\www\chem\Application\Runtime\Cache\Home\821e2be669b73fa87e514a9a59091184.php 第 41 行.
NOTIC: [8] Undefined index: role_id E:\wamp\wamp\www\chem\Application\Runtime\Cache\Home\821e2be669b73fa87e514a9a59091184.php 第 41 行.
NOTIC: [8] Undefined index: role_id E:\wamp\wamp\www\chem\Application\Runtime\Cache\Home\821e2be669b73fa87e514a9a59091184.php 第 41 行.
INFO: Run Behavior\ParseTemplateBehavior [ RunTime:0.012848s ]
INFO: [ view_parse ] --END-- [ RunTime:0.012957s ]
INFO: [ view_filter ] --START--
INFO: Run Behavior\WriteHtmlCacheBehavior [ RunTime:0.000405s ]
INFO: [ view_filter ] --END-- [ RunTime:0.000493s ]
INFO: [ app_end ] --START--
INFO: Run Behavior\ShowPageTraceBehavior [ RunTime:0.000715s ]
INFO: [ app_end ] --END-- [ RunTime:0.000880s ]

[ 2016-05-23T14:22:34+08:00 ] ::1 /chem/index.php/Home/Index/index.html
INFO: [ app_init ] --START--
INFO: Run Behavior\BuildLiteBehavior [ RunTime:0.000034s ]
INFO: [ app_init ] --END-- [ RunTime:0.000820s ]
INFO: [ app_begin ] --START--
INFO: Run Behavior\ReadHtmlCacheBehavior [ RunTime:0.000904s ]
INFO: [ app_begin ] --END-- [ RunTime:0.001070s ]
SQL: SHOW COLUMNS FROM `safety` [ RunTime:0.0047s ]
SQL: SELECT COUNT(*) AS tp_count FROM `safety` LIMIT 1   [ RunTime:0.0003s ]
SQL: SELECT * FROM `safety` ORDER BY time DESC LIMIT 0,10   [ RunTime:0.0005s ]
SQL: SHOW COLUMNS FROM `rules` [ RunTime:0.0044s ]
SQL: SELECT * FROM `rules` ORDER BY time DESC LIMIT 4   [ RunTime:0.0005s ]
SQL: SHOW COLUMNS FROM `notice` [ RunTime:0.0041s ]
SQL: SELECT * FROM `notice` ORDER BY time DESC LIMIT 4   [ RunTime:0.0004s ]
INFO: [ view_parse ] --START--
INFO: [ template_filter ] --START--
INFO: Run Behavior\ContentReplaceBehavior [ RunTime:0.000079s ]
INFO: [ template_filter ] --END-- [ RunTime:0.000201s ]
INFO: Run Behavior\ParseTemplateBehavior [ RunTime:0.009976s ]
INFO: [ view_parse ] --END-- [ RunTime:0.010123s ]
INFO: [ view_filter ] --START--
INFO: Run Behavior\WriteHtmlCacheBehavior [ RunTime:0.000452s ]
INFO: [ view_filter ] --END-- [ RunTime:0.000548s ]
INFO: [ app_end ] --START--
INFO: Run Behavior\ShowPageTraceBehavior [ RunTime:0.000708s ]
INFO: [ app_end ] --END-- [ RunTime:0.000852s ]

[ 2016-05-23T14:22:36+08:00 ] ::1 /chem/index.php/Home/Index/main/id/15.html
INFO: [ app_init ] --START--
INFO: Run Behavior\BuildLiteBehavior [ RunTime:0.000045s ]
INFO: [ app_init ] --END-- [ RunTime:0.000899s ]
INFO: [ app_begin ] --START--
INFO: Run Behavior\ReadHtmlCacheBehavior [ RunTime:0.001105s ]
INFO: [ app_begin ] --END-- [ RunTime:0.001435s ]
SQL: SHOW COLUMNS FROM `safety` [ RunTime:0.0071s ]
SQL: SELECT * FROM `safety` WHERE `id` = 15 LIMIT 1   [ RunTime:0.0014s ]
INFO: [ view_parse ] --START--
INFO: [ template_filter ] --START--
INFO: Run Behavior\ContentReplaceBehavior [ RunTime:0.000123s ]
INFO: [ template_filter ] --END-- [ RunTime:0.000375s ]
INFO: Run Behavior\ParseTemplateBehavior [ RunTime:0.009190s ]
INFO: [ view_parse ] --END-- [ RunTime:0.009304s ]
INFO: [ view_filter ] --START--
INFO: Run Behavior\WriteHtmlCacheBehavior [ RunTime:0.000378s ]
INFO: [ view_filter ] --END-- [ RunTime:0.000469s ]
INFO: [ app_end ] --START--
INFO: Run Behavior\ShowPageTraceBehavior [ RunTime:0.000575s ]
INFO: [ app_end ] --END-- [ RunTime:0.000696s ]

