[ 2017-07-07T12:47:58+08:00 ] ::1 /shop/index.php/Ad/Ad/lst.html
INFO: [ app_init ] --START--
INFO: Run Behavior\BuildLiteBehavior [ RunTime:0.000025s ]
INFO: [ app_init ] --END-- [ RunTime:0.000463s ]
INFO: [ app_begin ] --START--
INFO: Run Behavior\ReadHtmlCacheBehavior [ RunTime:0.001262s ]
INFO: [ app_begin ] --END-- [ RunTime:0.001410s ]

[ 2017-07-07T12:47:58+08:00 ] ::1 /shop/index.php/Ad/Login/login.html
INFO: [ app_init ] --START--
INFO: Run Behavior\BuildLiteBehavior [ RunTime:0.000025s ]
INFO: [ app_init ] --END-- [ RunTime:0.000450s ]
INFO: [ app_begin ] --START--
INFO: Run Behavior\ReadHtmlCacheBehavior [ RunTime:0.000830s ]
INFO: [ app_begin ] --END-- [ RunTime:0.001021s ]
ERR: 无法加载控制器:Login

[ 2017-07-07T12:48:04+08:00 ] ::1 /shop/index.php/Ad/Ad/lst
INFO: [ app_init ] --START--
INFO: Run Behavior\BuildLiteBehavior [ RunTime:0.000025s ]
INFO: [ app_init ] --END-- [ RunTime:0.000501s ]
INFO: [ app_begin ] --START--
INFO: Run Behavior\ReadHtmlCacheBehavior [ RunTime:0.000771s ]
INFO: [ app_begin ] --END-- [ RunTime:0.000883s ]

[ 2017-07-07T12:48:04+08:00 ] ::1 /shop/index.php/Ad/Login/login.html
INFO: [ app_init ] --START--
INFO: Run Behavior\BuildLiteBehavior [ RunTime:0.000024s ]
INFO: [ app_init ] --END-- [ RunTime:0.000441s ]
INFO: [ app_begin ] --START--
INFO: Run Behavior\ReadHtmlCacheBehavior [ RunTime:0.000795s ]
INFO: [ app_begin ] --END-- [ RunTime:0.000943s ]
ERR: 无法加载控制器:Login

[ 2017-07-07T12:48:16+08:00 ] ::1 /shop/index.php/Ad/Ad/lst.html
INFO: [ app_init ] --START--
INFO: Run Behavior\BuildLiteBehavior [ RunTime:0.000047s ]
INFO: [ app_init ] --END-- [ RunTime:0.000724s ]
INFO: [ app_begin ] --START--
INFO: Run Behavior\ReadHtmlCacheBehavior [ RunTime:0.000989s ]
INFO: [ app_begin ] --END-- [ RunTime:0.001148s ]
SQL: SHOW COLUMNS FROM `sh_ad_pos` [ RunTime:0.0048s ]
SQL: SELECT * FROM `sh_ad_pos`  [ RunTime:0.0003s ]
SQL: SHOW COLUMNS FROM `sh_ad` [ RunTime:0.0067s ]
SQL: SELECT a.*,b.ad_pos_name,b.ad_pos_width,b.ad_pos_height FROM sh_ad a left join sh_ad_pos b on a.ad_pos_id = b.id  WHERE ( 1 )  [ RunTime:0.0006s ]
INFO: [ view_parse ] --START--
INFO: [ template_filter ] --START--
INFO: Run Behavior\ContentReplaceBehavior [ RunTime:0.000428s ]
INFO: [ template_filter ] --END-- [ RunTime:0.000875s ]
NOTIC: [8] Undefined index: api F:\wamp\www\shop\Application\Runtime\Cache\Ad\dafde1406a6618d8bf094ff22966962d.php 第 41 行.
NOTIC: [8] Use of undefined constant id - assumed 'id' F:\wamp\www\shop\Application\Runtime\Cache\Ad\dafde1406a6618d8bf094ff22966962d.php 第 73 行.
NOTIC: [8] Use of undefined constant id - assumed 'id' F:\wamp\www\shop\Application\Runtime\Cache\Ad\dafde1406a6618d8bf094ff22966962d.php 第 87 行.
NOTIC: [8] Use of undefined constant id - assumed 'id' F:\wamp\www\shop\Application\Runtime\Cache\Ad\dafde1406a6618d8bf094ff22966962d.php 第 93 行.
NOTIC: [8] Use of undefined constant id - assumed 'id' F:\wamp\www\shop\Application\Runtime\Cache\Ad\dafde1406a6618d8bf094ff22966962d.php 第 73 行.
NOTIC: [8] Use of undefined constant id - assumed 'id' F:\wamp\www\shop\Application\Runtime\Cache\Ad\dafde1406a6618d8bf094ff22966962d.php 第 87 行.
NOTIC: [8] Use of undefined constant id - assumed 'id' F:\wamp\www\shop\Application\Runtime\Cache\Ad\dafde1406a6618d8bf094ff22966962d.php 第 93 行.
NOTIC: [8] Use of undefined constant id - assumed 'id' F:\wamp\www\shop\Application\Runtime\Cache\Ad\dafde1406a6618d8bf094ff22966962d.php 第 73 行.
NOTIC: [8] Use of undefined constant id - assumed 'id' F:\wamp\www\shop\Application\Runtime\Cache\Ad\dafde1406a6618d8bf094ff22966962d.php 第 87 行.
NOTIC: [8] Use of undefined constant id - assumed 'id' F:\wamp\www\shop\Application\Runtime\Cache\Ad\dafde1406a6618d8bf094ff22966962d.php 第 93 行.
INFO: Run Behavior\ParseTemplateBehavior [ RunTime:0.016742s ]
INFO: [ view_parse ] --END-- [ RunTime:0.016941s ]
INFO: [ view_filter ] --START--
INFO: Run Behavior\WriteHtmlCacheBehavior [ RunTime:0.001016s ]
INFO: Run Behavior\TokenBuildBehavior [ RunTime:0.001438s ]
INFO: [ view_filter ] --END-- [ RunTime:0.002743s ]
INFO: [ app_end ] --START--
INFO: Run Behavior\ShowPageTraceBehavior [ RunTime:0.001126s ]
INFO: [ app_end ] --END-- [ RunTime:0.001303s ]

[ 2017-07-07T12:48:19+08:00 ] ::1 /shop/index.php/Ad/Ad/lst.html
INFO: [ app_init ] --START--
INFO: Run Behavior\BuildLiteBehavior [ RunTime:0.000031s ]
INFO: [ app_init ] --END-- [ RunTime:0.000500s ]
INFO: [ app_begin ] --START--
INFO: Run Behavior\ReadHtmlCacheBehavior [ RunTime:0.000756s ]
INFO: [ app_begin ] --END-- [ RunTime:0.000897s ]
SQL: SHOW COLUMNS FROM `sh_ad_pos` [ RunTime:0.0043s ]
SQL: SELECT * FROM `sh_ad_pos`  [ RunTime:0.0002s ]
SQL: SHOW COLUMNS FROM `sh_ad` [ RunTime:0.0051s ]
SQL: SELECT a.*,b.ad_pos_name,b.ad_pos_width,b.ad_pos_height FROM sh_ad a left join sh_ad_pos b on a.ad_pos_id = b.id  WHERE ( 1 )  [ RunTime:0.0003s ]
INFO: [ view_parse ] --START--
INFO: [ template_filter ] --START--
INFO: Run Behavior\ContentReplaceBehavior [ RunTime:0.000164s ]
INFO: [ template_filter ] --END-- [ RunTime:0.000279s ]
NOTIC: [8] Undefined index: api F:\wamp\www\shop\Application\Runtime\Cache\Ad\dafde1406a6618d8bf094ff22966962d.php 第 41 行.
NOTIC: [8] Use of undefined constant id - assumed 'id' F:\wamp\www\shop\Application\Runtime\Cache\Ad\dafde1406a6618d8bf094ff22966962d.php 第 73 行.
NOTIC: [8] Use of undefined constant id - assumed 'id' F:\wamp\www\shop\Application\Runtime\Cache\Ad\dafde1406a6618d8bf094ff22966962d.php 第 87 行.
NOTIC: [8] Use of undefined constant id - assumed 'id' F:\wamp\www\shop\Application\Runtime\Cache\Ad\dafde1406a6618d8bf094ff22966962d.php 第 93 行.
NOTIC: [8] Use of undefined constant id - assumed 'id' F:\wamp\www\shop\Application\Runtime\Cache\Ad\dafde1406a6618d8bf094ff22966962d.php 第 73 行.
NOTIC: [8] Use of undefined constant id - assumed 'id' F:\wamp\www\shop\Application\Runtime\Cache\Ad\dafde1406a6618d8bf094ff22966962d.php 第 87 行.
NOTIC: [8] Use of undefined constant id - assumed 'id' F:\wamp\www\shop\Application\Runtime\Cache\Ad\dafde1406a6618d8bf094ff22966962d.php 第 93 行.
NOTIC: [8] Use of undefined constant id - assumed 'id' F:\wamp\www\shop\Application\Runtime\Cache\Ad\dafde1406a6618d8bf094ff22966962d.php 第 73 行.
NOTIC: [8] Use of undefined constant id - assumed 'id' F:\wamp\www\shop\Application\Runtime\Cache\Ad\dafde1406a6618d8bf094ff22966962d.php 第 87 行.
NOTIC: [8] Use of undefined constant id - assumed 'id' F:\wamp\www\shop\Application\Runtime\Cache\Ad\dafde1406a6618d8bf094ff22966962d.php 第 93 行.
INFO: Run Behavior\ParseTemplateBehavior [ RunTime:0.010626s ]
INFO: [ view_parse ] --END-- [ RunTime:0.010747s ]
INFO: [ view_filter ] --START--
INFO: Run Behavior\WriteHtmlCacheBehavior [ RunTime:0.000869s ]
INFO: Run Behavior\TokenBuildBehavior [ RunTime:0.002193s ]
INFO: [ view_filter ] --END-- [ RunTime:0.003315s ]
INFO: [ app_end ] --START--
INFO: Run Behavior\ShowPageTraceBehavior [ RunTime:0.001032s ]
INFO: [ app_end ] --END-- [ RunTime:0.001198s ]

[ 2017-07-07T12:48:20+08:00 ] ::1 /shop/index.php/Ad/Ad/lst.html
INFO: [ app_init ] --START--
INFO: Run Behavior\BuildLiteBehavior [ RunTime:0.000045s ]
INFO: [ app_init ] --END-- [ RunTime:0.000812s ]
INFO: [ app_begin ] --START--
INFO: Run Behavior\ReadHtmlCacheBehavior [ RunTime:0.001253s ]
INFO: [ app_begin ] --END-- [ RunTime:0.001472s ]
SQL: SHOW COLUMNS FROM `sh_ad_pos` [ RunTime:0.0786s ]
SQL: SELECT * FROM `sh_ad_pos`  [ RunTime:0.0002s ]
SQL: SHOW COLUMNS FROM `sh_ad` [ RunTime:0.0052s ]
SQL: SELECT a.*,b.ad_pos_name,b.ad_pos_width,b.ad_pos_height FROM sh_ad a left join sh_ad_pos b on a.ad_pos_id = b.id  WHERE ( 1 )  [ RunTime:0.0003s ]
INFO: [ view_parse ] --START--
INFO: [ template_filter ] --START--
INFO: Run Behavior\ContentReplaceBehavior [ RunTime:0.000174s ]
INFO: [ template_filter ] --END-- [ RunTime:0.000308s ]
NOTIC: [8] Undefined index: api F:\wamp\www\shop\Application\Runtime\Cache\Ad\dafde1406a6618d8bf094ff22966962d.php 第 41 行.
NOTIC: [8] Use of undefined constant id - assumed 'id' F:\wamp\www\shop\Application\Runtime\Cache\Ad\dafde1406a6618d8bf094ff22966962d.php 第 73 行.
NOTIC: [8] Use of undefined constant id - assumed 'id' F:\wamp\www\shop\Application\Runtime\Cache\Ad\dafde1406a6618d8bf094ff22966962d.php 第 87 行.
NOTIC: [8] Use of undefined constant id - assumed 'id' F:\wamp\www\shop\Application\Runtime\Cache\Ad\dafde1406a6618d8bf094ff22966962d.php 第 93 行.
NOTIC: [8] Use of undefined constant id - assumed 'id' F:\wamp\www\shop\Application\Runtime\Cache\Ad\dafde1406a6618d8bf094ff22966962d.php 第 73 行.
NOTIC: [8] Use of undefined constant id - assumed 'id' F:\wamp\www\shop\Application\Runtime\Cache\Ad\dafde1406a6618d8bf094ff22966962d.php 第 87 行.
NOTIC: [8] Use of undefined constant id - assumed 'id' F:\wamp\www\shop\Application\Runtime\Cache\Ad\dafde1406a6618d8bf094ff22966962d.php 第 93 行.
NOTIC: [8] Use of undefined constant id - assumed 'id' F:\wamp\www\shop\Application\Runtime\Cache\Ad\dafde1406a6618d8bf094ff22966962d.php 第 73 行.
NOTIC: [8] Use of undefined constant id - assumed 'id' F:\wamp\www\shop\Application\Runtime\Cache\Ad\dafde1406a6618d8bf094ff22966962d.php 第 87 行.
NOTIC: [8] Use of undefined constant id - assumed 'id' F:\wamp\www\shop\Application\Runtime\Cache\Ad\dafde1406a6618d8bf094ff22966962d.php 第 93 行.
INFO: Run Behavior\ParseTemplateBehavior [ RunTime:0.012930s ]
INFO: [ view_parse ] --END-- [ RunTime:0.013058s ]
INFO: [ view_filter ] --START--
INFO: Run Behavior\WriteHtmlCacheBehavior [ RunTime:0.000744s ]
INFO: Run Behavior\TokenBuildBehavior [ RunTime:0.001361s ]
INFO: [ view_filter ] --END-- [ RunTime:0.002306s ]
INFO: [ app_end ] --START--
INFO: Run Behavior\ShowPageTraceBehavior [ RunTime:0.001230s ]
INFO: [ app_end ] --END-- [ RunTime:0.001428s ]

